<?xml version="1.0" encoding="UTF-8"?>
<coverage generated="1758553104744" clover="3.2.0">
  <project timestamp="1758553104744" name="All files">
    <metrics statements="578" coveredstatements="272" conditionals="453" coveredconditionals="156" methods="204" coveredmethods="54" elements="1235" coveredelements="482" complexity="0" loc="578" ncloc="578" packages="4" files="12" classes="12"/>
    <package name="src">
      <metrics statements="54" coveredstatements="0" conditionals="49" coveredconditionals="0" methods="20" coveredmethods="0"/>
      <file name="App.tsx" path="/Users/daniel/GitRepository/ExamCraft/frontend/src/App.tsx">
        <metrics statements="52" coveredstatements="0" conditionals="49" coveredconditionals="0" methods="20" coveredmethods="0"/>
        <line num="34" count="0" type="stmt"/>
        <line num="42" count="0" type="stmt"/>
        <line num="43" count="0" type="stmt"/>
        <line num="44" count="0" type="stmt"/>
        <line num="45" count="0" type="stmt"/>
        <line num="46" count="0" type="stmt"/>
        <line num="47" count="0" type="stmt"/>
        <line num="48" count="0" type="stmt"/>
        <line num="49" count="0" type="stmt"/>
        <line num="51" count="0" type="stmt"/>
        <line num="52" count="0" type="cond" truecount="0" falsecount="2"/>
        <line num="53" count="0" type="stmt"/>
        <line num="54" count="0" type="stmt"/>
        <line num="57" count="0" type="stmt"/>
        <line num="58" count="0" type="stmt"/>
        <line num="60" count="0" type="stmt"/>
        <line num="61" count="0" type="stmt"/>
        <line num="62" count="0" type="stmt"/>
        <line num="64" count="0" type="cond" truecount="0" falsecount="2"/>
        <line num="66" count="0" type="stmt"/>
        <line num="70" count="0" type="stmt"/>
        <line num="71" count="0" type="stmt"/>
        <line num="72" count="0" type="stmt"/>
        <line num="73" count="0" type="stmt"/>
        <line num="74" count="0" type="stmt"/>
        <line num="83" count="0" type="stmt"/>
        <line num="84" count="0" type="stmt"/>
        <line num="85" count="0" type="stmt"/>
        <line num="88" count="0" type="stmt"/>
        <line num="89" count="0" type="stmt"/>
        <line num="90" count="0" type="stmt"/>
        <line num="93" count="0" type="stmt"/>
        <line num="94" count="0" type="stmt"/>
        <line num="95" count="0" type="stmt"/>
        <line num="98" count="0" type="stmt"/>
        <line num="99" count="0" type="stmt"/>
        <line num="100" count="0" type="stmt"/>
        <line num="103" count="0" type="stmt"/>
        <line num="104" count="0" type="stmt"/>
        <line num="105" count="0" type="stmt"/>
        <line num="108" count="0" type="stmt"/>
        <line num="132" count="0" type="stmt"/>
        <line num="160" count="0" type="stmt"/>
        <line num="172" count="0" type="stmt"/>
        <line num="187" count="0" type="stmt"/>
        <line num="201" count="0" type="stmt"/>
        <line num="215" count="0" type="stmt"/>
        <line num="220" count="0" type="cond" truecount="0" falsecount="2"/>
        <line num="221" count="0" type="stmt"/>
        <line num="223" count="0" type="stmt"/>
        <line num="271" count="0" type="stmt"/>
        <line num="346" count="0" type="stmt"/>
      </file>
      <file name="index.tsx" path="/Users/daniel/GitRepository/ExamCraft/frontend/src/index.tsx">
        <metrics statements="2" coveredstatements="0" conditionals="0" coveredconditionals="0" methods="0" coveredmethods="0"/>
        <line num="6" count="0" type="stmt"/>
        <line num="10" count="0" type="stmt"/>
      </file>
    </package>
    <package name="src.components">
      <metrics statements="306" coveredstatements="104" conditionals="262" coveredconditionals="53" methods="135" coveredmethods="25"/>
      <file name="DocumentLibrary.tsx" path="/Users/daniel/GitRepository/ExamCraft/frontend/src/components/DocumentLibrary.tsx">
        <metrics statements="93" coveredstatements="33" conditionals="80" coveredconditionals="2" methods="40" coveredmethods="3"/>
        <line num="50" count="1" type="stmt"/>
        <line num="54" count="106" type="stmt"/>
        <line num="55" count="106" type="stmt"/>
        <line num="56" count="106" type="stmt"/>
        <line num="57" count="106" type="stmt"/>
        <line num="58" count="106" type="stmt"/>
        <line num="59" count="106" type="stmt"/>
        <line num="63" count="106" type="stmt"/>
        <line num="68" count="106" type="stmt"/>
        <line num="69" count="22" type="stmt"/>
        <line num="72" count="106" type="stmt"/>
        <line num="73" count="22" type="stmt"/>
        <line num="74" count="22" type="stmt"/>
        <line num="75" count="22" type="stmt"/>
        <line num="76" count="22" type="stmt"/>
        <line num="77" count="22" type="stmt"/>
        <line num="79" count="0" type="cond" truecount="0" falsecount="5"/>
        <line num="81" count="22" type="stmt"/>
        <line num="85" count="106" type="stmt"/>
        <line num="86" count="0" type="cond" truecount="0" falsecount="2"/>
        <line num="87" count="0" type="cond" truecount="0" falsecount="2"/>
        <line num="88" count="0" type="cond" truecount="0" falsecount="4"/>
        <line num="89" count="0" type="cond" truecount="0" falsecount="2"/>
        <line num="90" count="0" type="stmt"/>
        <line num="93" count="106" type="stmt"/>
        <line num="94" count="0" type="cond" truecount="0" falsecount="5"/>
        <line num="96" count="0" type="stmt"/>
        <line num="98" count="0" type="stmt"/>
        <line num="100" count="0" type="stmt"/>
        <line num="102" count="0" type="stmt"/>
        <line num="104" count="0" type="stmt"/>
        <line num="108" count="106" type="stmt"/>
        <line num="109" count="0" type="cond" truecount="0" falsecount="2"/>
        <line num="110" count="0" type="stmt"/>
        <line num="111" count="0" type="stmt"/>
        <line num="112" count="0" type="stmt"/>
        <line num="113" count="0" type="stmt"/>
        <line num="116" count="106" type="stmt"/>
        <line num="117" count="0" type="stmt"/>
        <line num="126" count="106" type="stmt"/>
        <line num="127" count="0" type="stmt"/>
        <line num="128" count="0" type="cond" truecount="0" falsecount="2"/>
        <line num="129" count="0" type="stmt"/>
        <line num="134" count="106" type="stmt"/>
        <line num="135" count="0" type="stmt"/>
        <line num="138" count="106" type="stmt"/>
        <line num="139" count="0" type="stmt"/>
        <line num="142" count="106" type="stmt"/>
        <line num="143" count="0" type="stmt"/>
        <line num="144" count="0" type="stmt"/>
        <line num="147" count="106" type="stmt"/>
        <line num="148" count="0" type="stmt"/>
        <line num="149" count="0" type="stmt"/>
        <line num="152" count="106" type="stmt"/>
        <line num="153" count="0" type="cond" truecount="0" falsecount="2"/>
        <line num="155" count="0" type="stmt"/>
        <line num="156" count="0" type="stmt"/>
        <line num="157" count="0" type="stmt"/>
        <line num="158" count="0" type="stmt"/>
        <line num="159" count="0" type="stmt"/>
        <line num="161" count="0" type="cond" truecount="0" falsecount="5"/>
        <line num="165" count="106" type="stmt"/>
        <line num="166" count="0" type="stmt"/>
        <line num="167" count="0" type="stmt"/>
        <line num="168" count="0" type="stmt"/>
        <line num="170" count="0" type="cond" truecount="0" falsecount="5"/>
        <line num="174" count="106" type="stmt"/>
        <line num="175" count="0" type="cond" truecount="0" falsecount="4"/>
        <line num="176" count="0" type="stmt"/>
        <line num="180" count="106" type="stmt"/>
        <line num="181" count="22" type="cond" truecount="1" falsecount="1"/>
        <line num="183" count="0" type="stmt"/>
        <line num="184" count="0" type="cond" truecount="0" falsecount="2"/>
        <line num="187" count="22" type="cond" truecount="1" falsecount="1"/>
        <line num="188" count="22" type="stmt"/>
        <line num="195" count="0" type="stmt"/>
        <line num="223" count="0" type="stmt"/>
        <line num="259" count="0" type="stmt"/>
        <line num="271" count="0" type="stmt"/>
        <line num="298" count="0" type="stmt"/>
        <line num="309" count="0" type="stmt"/>
        <line num="325" count="0" type="stmt"/>
        <line num="326" count="0" type="stmt"/>
        <line num="386" count="0" type="stmt"/>
        <line num="387" count="0" type="cond" truecount="0" falsecount="2"/>
        <line num="396" count="0" type="stmt"/>
        <line num="397" count="0" type="cond" truecount="0" falsecount="2"/>
        <line num="409" count="0" type="stmt"/>
        <line num="410" count="0" type="cond" truecount="0" falsecount="2"/>
        <line num="424" count="0" type="stmt"/>
        <line num="434" count="0" type="stmt"/>
        <line num="446" count="0" type="stmt"/>
        <line num="496" count="0" type="stmt"/>
      </file>
      <file name="DocumentUpload.tsx" path="/Users/daniel/GitRepository/ExamCraft/frontend/src/components/DocumentUpload.tsx">
        <metrics statements="75" coveredstatements="35" conditionals="67" coveredconditionals="25" methods="35" coveredmethods="13"/>
        <line num="59" count="1" type="stmt"/>
        <line num="66" count="20" type="stmt"/>
        <line num="67" count="20" type="stmt"/>
        <line num="68" count="20" type="stmt"/>
        <line num="70" count="20" type="stmt"/>
        <line num="71" count="22" type="stmt"/>
        <line num="78" count="16" type="stmt"/>
        <line num="81" count="20" type="stmt"/>
        <line num="94" count="20" type="stmt"/>
        <line num="95" count="2" type="stmt"/>
        <line num="96" count="2" type="cond" truecount="3" falsecount="3"/>
        <line num="98" count="1" type="stmt"/>
        <line num="101" count="1" type="stmt"/>
        <line num="104" count="0" type="stmt"/>
        <line num="106" count="0" type="stmt"/>
        <line num="110" count="20" type="stmt"/>
        <line num="111" count="2" type="cond" truecount="1" falsecount="5"/>
        <line num="113" count="2" type="stmt"/>
        <line num="115" count="0" type="stmt"/>
        <line num="117" count="0" type="stmt"/>
        <line num="119" count="0" type="stmt"/>
        <line num="121" count="0" type="stmt"/>
        <line num="123" count="0" type="stmt"/>
        <line num="127" count="20" type="stmt"/>
        <line num="128" count="0" type="stmt"/>
        <line num="131" count="20" type="stmt"/>
        <line num="132" count="0" type="stmt"/>
        <line num="133" count="0" type="cond" truecount="0" falsecount="2"/>
        <line num="135" count="0" type="stmt"/>
        <line num="136" count="0" type="cond" truecount="0" falsecount="2"/>
        <line num="141" count="0" type="stmt"/>
        <line num="144" count="20" type="stmt"/>
        <line num="145" count="0" type="stmt"/>
        <line num="147" count="0" type="stmt"/>
        <line num="148" count="0" type="cond" truecount="0" falsecount="2"/>
        <line num="154" count="0" type="stmt"/>
        <line num="157" count="0" type="stmt"/>
        <line num="158" count="0" type="cond" truecount="0" falsecount="2"/>
        <line num="170" count="0" type="stmt"/>
        <line num="173" count="0" type="stmt"/>
        <line num="174" count="0" type="cond" truecount="0" falsecount="2"/>
        <line num="184" count="0" type="stmt"/>
        <line num="187" count="0" type="cond" truecount="0" falsecount="5"/>
        <line num="189" count="0" type="stmt"/>
        <line num="190" count="0" type="cond" truecount="0" falsecount="2"/>
        <line num="195" count="0" type="stmt"/>
        <line num="199" count="20" type="stmt"/>
        <line num="200" count="0" type="cond" truecount="0" falsecount="2"/>
        <line num="202" count="0" type="stmt"/>
        <line num="204" count="0" type="cond" truecount="0" falsecount="2"/>
        <line num="207" count="0" type="stmt"/>
        <line num="208" count="0" type="stmt"/>
        <line num="211" count="0" type="stmt"/>
        <line num="212" count="0" type="stmt"/>
        <line num="213" count="0" type="stmt"/>
        <line num="216" count="20" type="stmt"/>
        <line num="217" count="0" type="stmt"/>
        <line num="218" count="0" type="stmt"/>
        <line num="221" count="20" type="stmt"/>
        <line num="222" count="2" type="cond" truecount="1" falsecount="1"/>
        <line num="223" count="2" type="stmt"/>
        <line num="224" count="2" type="stmt"/>
        <line num="225" count="2" type="stmt"/>
        <line num="226" count="2" type="stmt"/>
        <line num="229" count="20" type="stmt"/>
        <line num="230" count="20" type="stmt"/>
        <line num="231" count="20" type="stmt"/>
        <line num="233" count="20" type="stmt"/>
        <line num="277" count="1" type="cond" truecount="2" falsecount="0"/>
        <line num="294" count="2" type="stmt"/>
        <line num="326" count="0" type="stmt"/>
        <line num="334" count="0" type="stmt"/>
        <line num="353" count="0" type="stmt"/>
        <line num="366" count="2" type="cond" truecount="1" falsecount="1"/>
        <line num="407" count="2" type="stmt"/>
      </file>
      <file name="DocumentUpload_simple.tsx" path="/Users/daniel/GitRepository/ExamCraft/frontend/src/components/DocumentUpload_simple.tsx">
        <metrics statements="2" coveredstatements="0" conditionals="0" coveredconditionals="0" methods="1" coveredmethods="0"/>
        <line num="15" count="0" type="stmt"/>
        <line num="16" count="0" type="stmt"/>
      </file>
      <file name="ExamDisplay.tsx" path="/Users/daniel/GitRepository/ExamCraft/frontend/src/components/ExamDisplay.tsx">
        <metrics statements="36" coveredstatements="0" conditionals="50" coveredconditionals="0" methods="19" coveredmethods="0"/>
        <line num="44" count="0" type="stmt"/>
        <line num="45" count="0" type="stmt"/>
        <line num="46" count="0" type="stmt"/>
        <line num="47" count="0" type="stmt"/>
        <line num="49" count="0" type="stmt"/>
        <line num="50" count="0" type="stmt"/>
        <line num="51" count="0" type="stmt"/>
        <line num="52" count="0" type="cond" truecount="0" falsecount="2"/>
        <line num="53" count="0" type="cond" truecount="0" falsecount="2"/>
        <line num="55" count="0" type="stmt"/>
        <line num="60" count="0" type="stmt"/>
        <line num="61" count="0" type="cond" truecount="0" falsecount="2"/>
        <line num="64" count="0" type="stmt"/>
        <line num="65" count="0" type="cond" truecount="0" falsecount="4"/>
        <line num="66" count="0" type="stmt"/>
        <line num="69" count="0" type="stmt"/>
        <line num="70" count="0" type="stmt"/>
        <line num="71" count="0" type="stmt"/>
        <line num="72" count="0" type="stmt"/>
        <line num="73" count="0" type="cond" truecount="0" falsecount="2"/>
        <line num="75" count="0" type="cond" truecount="0" falsecount="2"/>
        <line num="77" count="0" type="stmt"/>
        <line num="80" count="0" type="stmt"/>
        <line num="81" count="0" type="stmt"/>
        <line num="82" count="0" type="cond" truecount="0" falsecount="2"/>
        <line num="84" count="0" type="stmt"/>
        <line num="118" count="0" type="stmt"/>
        <line num="121" count="0" type="stmt"/>
        <line num="145" count="0" type="stmt"/>
        <line num="171" count="0" type="cond" truecount="0" falsecount="2"/>
        <line num="173" count="0" type="stmt"/>
        <line num="211" count="0" type="stmt"/>
        <line num="221" count="0" type="stmt"/>
        <line num="229" count="0" type="stmt"/>
        <line num="248" count="0" type="stmt"/>
        <line num="260" count="0" type="stmt"/>
      </file>
      <file name="RAGExamCreator.tsx" path="/Users/daniel/GitRepository/ExamCraft/frontend/src/components/RAGExamCreator.tsx">
        <metrics statements="100" coveredstatements="36" conditionals="65" coveredconditionals="26" methods="40" coveredmethods="9"/>
        <line num="63" count="1" type="stmt"/>
        <line num="68" count="82" type="stmt"/>
        <line num="69" count="82" type="stmt"/>
        <line num="70" count="82" type="stmt"/>
        <line num="73" count="82" type="stmt"/>
        <line num="74" count="82" type="stmt"/>
        <line num="77" count="82" type="stmt"/>
        <line num="88" count="82" type="stmt"/>
        <line num="91" count="82" type="stmt"/>
        <line num="98" count="82" type="stmt"/>
        <line num="100" count="82" type="stmt"/>
        <line num="101" count="28" type="stmt"/>
        <line num="104" count="82" type="stmt"/>
        <line num="105" count="28" type="stmt"/>
        <line num="108" count="82" type="stmt"/>
        <line num="109" count="28" type="stmt"/>
        <line num="110" count="28" type="stmt"/>
        <line num="113" count="28" type="stmt"/>
        <line num="114" count="27" type="stmt"/>
        <line num="117" count="27" type="stmt"/>
        <line num="118" count="27" type="stmt"/>
        <line num="121" count="1" type="cond" truecount="1" falsecount="1"/>
        <line num="123" count="28" type="stmt"/>
        <line num="127" count="82" type="stmt"/>
        <line num="128" count="0" type="stmt"/>
        <line num="129" count="0" type="cond" truecount="0" falsecount="2"/>
        <line num="130" count="0" type="stmt"/>
        <line num="135" count="82" type="stmt"/>
        <line num="136" count="0" type="cond" truecount="0" falsecount="4"/>
        <line num="137" count="0" type="stmt"/>
        <line num="138" count="0" type="stmt"/>
        <line num="141" count="0" type="stmt"/>
        <line num="142" count="0" type="stmt"/>
        <line num="143" count="0" type="stmt"/>
        <line num="145" count="0" type="stmt"/>
        <line num="146" count="0" type="stmt"/>
        <line num="149" count="0" type="cond" truecount="0" falsecount="2"/>
        <line num="150" count="0" type="stmt"/>
        <line num="157" count="0" type="cond" truecount="0" falsecount="2"/>
        <line num="159" count="0" type="stmt"/>
        <line num="163" count="82" type="stmt"/>
        <line num="165" count="0" type="stmt"/>
        <line num="166" count="0" type="cond" truecount="0" falsecount="2"/>
        <line num="167" count="0" type="stmt"/>
        <line num="168" count="0" type="stmt"/>
        <line num="171" count="0" type="stmt"/>
        <line num="172" count="0" type="stmt"/>
        <line num="173" count="0" type="stmt"/>
        <line num="175" count="0" type="stmt"/>
        <line num="176" count="0" type="stmt"/>
        <line num="178" count="0" type="cond" truecount="0" falsecount="2"/>
        <line num="179" count="0" type="stmt"/>
        <line num="182" count="0" type="stmt"/>
        <line num="185" count="0" type="cond" truecount="0" falsecount="2"/>
        <line num="187" count="0" type="stmt"/>
        <line num="191" count="82" type="stmt"/>
        <line num="192" count="0" type="cond" truecount="0" falsecount="2"/>
        <line num="194" count="0" type="stmt"/>
        <line num="195" count="0" type="cond" truecount="0" falsecount="2"/>
        <line num="196" count="0" type="stmt"/>
        <line num="198" count="0" type="stmt"/>
        <line num="199" count="0" type="stmt"/>
        <line num="200" count="0" type="stmt"/>
        <line num="201" count="0" type="stmt"/>
        <line num="202" count="0" type="stmt"/>
        <line num="203" count="0" type="stmt"/>
        <line num="204" count="0" type="stmt"/>
        <line num="207" count="82" type="stmt"/>
        <line num="208" count="0" type="cond" truecount="0" falsecount="2"/>
        <line num="210" count="0" type="stmt"/>
        <line num="217" count="82" type="stmt"/>
        <line num="224" count="82" type="cond" truecount="4" falsecount="0"/>
        <line num="225" count="28" type="stmt"/>
        <line num="232" count="54" type="stmt"/>
        <line num="251" count="0" type="stmt"/>
        <line num="275" count="48" type="stmt"/>
        <line num="282" count="0" type="stmt"/>
        <line num="304" count="0" type="stmt"/>
        <line num="323" count="0" type="stmt"/>
        <line num="335" count="0" type="stmt"/>
        <line num="349" count="0" type="stmt"/>
        <line num="352" count="75" type="stmt"/>
        <line num="366" count="0" type="stmt"/>
        <line num="369" count="50" type="stmt"/>
        <line num="383" count="50" type="stmt"/>
        <line num="388" count="0" type="cond" truecount="0" falsecount="2"/>
        <line num="389" count="0" type="stmt"/>
        <line num="391" count="0" type="stmt"/>
        <line num="401" count="0" type="stmt"/>
        <line num="406" count="0" type="stmt"/>
        <line num="450" count="0" type="stmt"/>
        <line num="451" count="0" type="cond" truecount="0" falsecount="2"/>
        <line num="477" count="0" type="stmt"/>
        <line num="497" count="0" type="stmt"/>
        <line num="574" count="0" type="stmt"/>
        <line num="581" count="0" type="stmt"/>
        <line num="588" count="0" type="stmt"/>
        <line num="595" count="0" type="stmt"/>
        <line num="596" count="0" type="stmt"/>
        <line num="597" count="0" type="stmt"/>
      </file>
    </package>
    <package name="src.services">
      <metrics statements="218" coveredstatements="168" conditionals="142" coveredconditionals="103" methods="49" coveredmethods="29"/>
      <file name="DocumentService.ts" path="/Users/daniel/GitRepository/ExamCraft/frontend/src/services/DocumentService.ts">
        <metrics statements="86" coveredstatements="72" conditionals="57" coveredconditionals="34" methods="22" coveredmethods="13"/>
        <line num="8" count="4" type="cond" truecount="1" falsecount="1"/>
        <line num="15" count="7" type="stmt"/>
        <line num="16" count="7" type="stmt"/>
        <line num="18" count="7" type="stmt"/>
        <line num="23" count="5" type="cond" truecount="2" falsecount="0"/>
        <line num="24" count="1" type="stmt"/>
        <line num="25" count="1" type="cond" truecount="1" falsecount="1"/>
        <line num="28" count="4" type="stmt"/>
        <line num="38" count="10" type="stmt"/>
        <line num="48" count="9" type="cond" truecount="2" falsecount="0"/>
        <line num="49" count="1" type="stmt"/>
        <line num="50" count="1" type="cond" truecount="1" falsecount="1"/>
        <line num="53" count="8" type="stmt"/>
        <line num="60" count="7" type="stmt"/>
        <line num="67" count="6" type="cond" truecount="2" falsecount="0"/>
        <line num="68" count="2" type="stmt"/>
        <line num="69" count="2" type="cond" truecount="2" falsecount="0"/>
        <line num="72" count="4" type="stmt"/>
        <line num="73" count="4" type="cond" truecount="2" falsecount="0"/>
        <line num="80" count="2" type="stmt"/>
        <line num="90" count="2" type="cond" truecount="1" falsecount="1"/>
        <line num="91" count="0" type="stmt"/>
        <line num="92" count="0" type="cond" truecount="0" falsecount="2"/>
        <line num="95" count="2" type="stmt"/>
        <line num="102" count="2" type="stmt"/>
        <line num="109" count="2" type="cond" truecount="2" falsecount="0"/>
        <line num="110" count="1" type="stmt"/>
        <line num="111" count="1" type="cond" truecount="1" falsecount="1"/>
        <line num="114" count="1" type="stmt"/>
        <line num="121" count="2" type="stmt"/>
        <line num="128" count="2" type="cond" truecount="2" falsecount="0"/>
        <line num="129" count="1" type="stmt"/>
        <line num="130" count="1" type="cond" truecount="1" falsecount="1"/>
        <line num="138" count="2" type="stmt"/>
        <line num="142" count="2" type="cond" truecount="2" falsecount="0"/>
        <line num="143" count="1" type="stmt"/>
        <line num="144" count="1" type="cond" truecount="1" falsecount="1"/>
        <line num="148" count="1" type="stmt"/>
        <line num="149" count="1" type="stmt"/>
        <line num="150" count="1" type="stmt"/>
        <line num="151" count="1" type="stmt"/>
        <line num="152" count="0" type="stmt"/>
        <line num="153" count="0" type="stmt"/>
        <line num="154" count="0" type="stmt"/>
        <line num="155" count="0" type="stmt"/>
        <line num="156" count="0" type="stmt"/>
        <line num="163" count="1" type="stmt"/>
        <line num="170" count="1" type="cond" truecount="1" falsecount="1"/>
        <line num="171" count="0" type="stmt"/>
        <line num="172" count="0" type="cond" truecount="0" falsecount="2"/>
        <line num="175" count="1" type="stmt"/>
        <line num="182" count="1" type="stmt"/>
        <line num="189" count="1" type="cond" truecount="1" falsecount="1"/>
        <line num="190" count="0" type="stmt"/>
        <line num="191" count="0" type="cond" truecount="0" falsecount="2"/>
        <line num="194" count="1" type="stmt"/>
        <line num="201" count="1" type="stmt"/>
        <line num="208" count="1" type="cond" truecount="1" falsecount="1"/>
        <line num="209" count="0" type="stmt"/>
        <line num="210" count="0" type="cond" truecount="0" falsecount="2"/>
        <line num="213" count="1" type="stmt"/>
        <line num="225" count="2" type="stmt"/>
        <line num="227" count="2" type="stmt"/>
        <line num="228" count="4" type="stmt"/>
        <line num="229" count="4" type="stmt"/>
        <line num="231" count="4" type="stmt"/>
        <line num="232" count="3" type="stmt"/>
        <line num="234" count="3" type="stmt"/>
        <line num="235" count="3" type="stmt"/>
        <line num="238" count="3" type="stmt"/>
        <line num="239" count="3" type="stmt"/>
        <line num="241" count="0" type="stmt"/>
        <line num="245" count="1" type="cond" truecount="4" falsecount="1"/>
        <line num="246" count="1" type="stmt"/>
        <line num="250" count="2" type="stmt"/>
        <line num="263" count="2" type="stmt"/>
        <line num="265" count="2" type="stmt"/>
        <line num="266" count="4" type="stmt"/>
        <line num="267" count="4" type="stmt"/>
        <line num="269" count="4" type="stmt"/>
        <line num="270" count="3" type="stmt"/>
        <line num="272" count="3" type="stmt"/>
        <line num="273" count="3" type="stmt"/>
        <line num="276" count="1" type="cond" truecount="4" falsecount="1"/>
        <line num="277" count="1" type="stmt"/>
        <line num="281" count="2" type="stmt"/>
      </file>
      <file name="ExamService.ts" path="/Users/daniel/GitRepository/ExamCraft/frontend/src/services/ExamService.ts">
        <metrics statements="36" coveredstatements="0" conditionals="9" coveredconditionals="0" methods="8" coveredmethods="0"/>
        <line num="4" count="0" type="cond" truecount="0" falsecount="2"/>
        <line num="7" count="0" type="stmt"/>
        <line num="16" count="0" type="stmt"/>
        <line num="18" count="0" type="stmt"/>
        <line num="19" count="0" type="stmt"/>
        <line num="22" count="0" type="stmt"/>
        <line num="23" count="0" type="stmt"/>
        <line num="28" count="0" type="stmt"/>
        <line num="30" count="0" type="stmt"/>
        <line num="33" count="0" type="stmt"/>
        <line num="35" count="0" type="cond" truecount="0" falsecount="2"/>
        <line num="37" count="0" type="cond" truecount="0" falsecount="3"/>
        <line num="38" count="0" type="stmt"/>
        <line num="39" count="0" type="cond" truecount="0" falsecount="2"/>
        <line num="41" count="0" type="stmt"/>
        <line num="44" count="0" type="stmt"/>
        <line num="54" count="0" type="stmt"/>
        <line num="55" count="0" type="stmt"/>
        <line num="56" count="0" type="stmt"/>
        <line num="58" count="0" type="stmt"/>
        <line num="59" count="0" type="stmt"/>
        <line num="67" count="0" type="stmt"/>
        <line num="68" count="0" type="stmt"/>
        <line num="69" count="0" type="stmt"/>
        <line num="71" count="0" type="stmt"/>
        <line num="72" count="0" type="stmt"/>
        <line num="80" count="0" type="stmt"/>
        <line num="81" count="0" type="stmt"/>
        <line num="82" count="0" type="stmt"/>
        <line num="84" count="0" type="stmt"/>
        <line num="85" count="0" type="stmt"/>
        <line num="93" count="0" type="stmt"/>
        <line num="94" count="0" type="stmt"/>
        <line num="95" count="0" type="stmt"/>
        <line num="97" count="0" type="stmt"/>
        <line num="98" count="0" type="stmt"/>
      </file>
      <file name="RAGService.ts" path="/Users/daniel/GitRepository/ExamCraft/frontend/src/services/RAGService.ts">
        <metrics statements="96" coveredstatements="96" conditionals="76" coveredconditionals="69" methods="19" coveredmethods="16"/>
        <line num="8" count="2" type="cond" truecount="1" falsecount="1"/>
        <line num="15" count="3" type="stmt"/>
        <line num="23" count="2" type="cond" truecount="2" falsecount="0"/>
        <line num="24" count="1" type="stmt"/>
        <line num="25" count="1" type="cond" truecount="1" falsecount="1"/>
        <line num="28" count="1" type="stmt"/>
        <line num="40" count="8" type="stmt"/>
        <line num="47" count="8" type="stmt"/>
        <line num="55" count="7" type="cond" truecount="2" falsecount="0"/>
        <line num="56" count="1" type="stmt"/>
        <line num="57" count="1" type="cond" truecount="1" falsecount="1"/>
        <line num="60" count="6" type="stmt"/>
        <line num="67" count="7" type="stmt"/>
        <line num="74" count="6" type="cond" truecount="2" falsecount="0"/>
        <line num="75" count="2" type="stmt"/>
        <line num="76" count="2" type="cond" truecount="2" falsecount="0"/>
        <line num="79" count="4" type="stmt"/>
        <line num="86" count="2" type="stmt"/>
        <line num="93" count="2" type="cond" truecount="2" falsecount="0"/>
        <line num="94" count="1" type="stmt"/>
        <line num="95" count="1" type="cond" truecount="1" falsecount="1"/>
        <line num="98" count="1" type="stmt"/>
        <line num="112" count="5" type="stmt"/>
        <line num="113" count="5" type="stmt"/>
        <line num="116" count="4" type="stmt"/>
        <line num="122" count="6" type="stmt"/>
        <line num="123" count="4" type="stmt"/>
        <line num="130" count="4" type="stmt"/>
        <line num="136" count="1" type="cond" truecount="4" falsecount="1"/>
        <line num="144" count="8" type="stmt"/>
        <line num="146" count="8" type="cond" truecount="4" falsecount="0"/>
        <line num="147" count="1" type="stmt"/>
        <line num="150" count="8" type="cond" truecount="4" falsecount="0"/>
        <line num="151" count="1" type="stmt"/>
        <line num="154" count="8" type="cond" truecount="4" falsecount="0"/>
        <line num="155" count="1" type="stmt"/>
        <line num="158" count="8" type="stmt"/>
        <line num="159" count="13" type="stmt"/>
        <line num="160" count="8" type="cond" truecount="2" falsecount="0"/>
        <line num="161" count="1" type="stmt"/>
        <line num="164" count="8" type="stmt"/>
        <line num="165" count="8" type="cond" truecount="2" falsecount="0"/>
        <line num="166" count="1" type="stmt"/>
        <line num="169" count="8" type="stmt"/>
        <line num="170" count="8" type="cond" truecount="2" falsecount="0"/>
        <line num="171" count="1" type="stmt"/>
        <line num="174" count="8" type="cond" truecount="4" falsecount="0"/>
        <line num="175" count="1" type="stmt"/>
        <line num="178" count="8" type="stmt"/>
        <line num="194" count="6" type="stmt"/>
        <line num="199" count="6" type="stmt"/>
        <line num="201" count="6" type="stmt"/>
        <line num="202" count="6" type="cond" truecount="2" falsecount="0"/>
        <line num="203" count="2" type="stmt"/>
        <line num="205" count="6" type="cond" truecount="2" falsecount="0"/>
        <line num="206" count="2" type="stmt"/>
        <line num="209" count="6" type="stmt"/>
        <line num="210" count="6" type="cond" truecount="2" falsecount="0"/>
        <line num="211" count="2" type="stmt"/>
        <line num="212" count="4" type="cond" truecount="2" falsecount="0"/>
        <line num="213" count="1" type="stmt"/>
        <line num="217" count="6" type="cond" truecount="2" falsecount="0"/>
        <line num="218" count="2" type="stmt"/>
        <line num="219" count="4" type="cond" truecount="2" falsecount="0"/>
        <line num="220" count="1" type="stmt"/>
        <line num="221" count="3" type="cond" truecount="4" falsecount="0"/>
        <line num="222" count="1" type="stmt"/>
        <line num="225" count="6" type="stmt"/>
        <line num="237" count="2" type="stmt"/>
        <line num="240" count="4" type="stmt"/>
        <line num="264" count="3" type="cond" truecount="2" falsecount="0"/>
        <line num="265" count="1" type="stmt"/>
        <line num="269" count="2" type="stmt"/>
        <line num="270" count="2" type="stmt"/>
        <line num="271" count="2" type="stmt"/>
        <line num="272" count="2" type="stmt"/>
        <line num="274" count="2" type="stmt"/>
        <line num="275" count="2" type="stmt"/>
        <line num="276" count="4" type="stmt"/>
        <line num="278" count="2" type="stmt"/>
        <line num="280" count="2" type="stmt"/>
        <line num="281" count="2" type="stmt"/>
        <line num="282" count="2" type="stmt"/>
        <line num="283" count="2" type="stmt"/>
        <line num="285" count="2" type="stmt"/>
        <line num="286" count="3" type="stmt"/>
        <line num="287" count="3" type="stmt"/>
        <line num="289" count="3" type="cond" truecount="2" falsecount="0"/>
        <line num="290" count="1" type="stmt"/>
        <line num="291" count="4" type="stmt"/>
        <line num="295" count="3" type="stmt"/>
        <line num="296" count="3" type="cond" truecount="1" falsecount="1"/>
        <line num="297" count="3" type="cond" truecount="2" falsecount="0"/>
        <line num="299" count="3" type="stmt"/>
        <line num="300" count="3" type="stmt"/>
        <line num="303" count="2" type="stmt"/>
      </file>
    </package>
    <package name="src.types">
      <metrics statements="0" coveredstatements="0" conditionals="0" coveredconditionals="0" methods="0" coveredmethods="0"/>
      <file name="document.ts" path="/Users/daniel/GitRepository/ExamCraft/frontend/src/types/document.ts">
        <metrics statements="0" coveredstatements="0" conditionals="0" coveredconditionals="0" methods="0" coveredmethods="0"/>
      </file>
      <file name="exam.ts" path="/Users/daniel/GitRepository/ExamCraft/frontend/src/types/exam.ts">
        <metrics statements="0" coveredstatements="0" conditionals="0" coveredconditionals="0" methods="0" coveredmethods="0"/>
      </file>
    </package>
  </project>
</coverage>
