{"/Users/daniel/GitRepository/ExamCraft/frontend/src/App.tsx": {"path":"/Users/daniel/GitRepository/ExamCraft/frontend/src/App.tsx","statementMap":{"0":{"start":{"line":34,"column":40},"end":{"line":40,"column":4}},"1":{"start":{"line":42,"column":26},"end":{"line":42,"column":61}},"2":{"start":{"line":43,"column":32},"end":{"line":43,"column":70}},"3":{"start":{"line":44,"column":32},"end":{"line":44,"column":47}},"4":{"start":{"line":45,"column":28},"end":{"line":45,"column":57}},"5":{"start":{"line":46,"column":36},"end":{"line":46,"column":47}},"6":{"start":{"line":47,"column":62},"end":{"line":47,"column":73}},"7":{"start":{"line":48,"column":52},"end":{"line":48,"column":74}},"8":{"start":{"line":49,"column":46},"end":{"line":49,"column":61}},"9":{"start":{"line":51,"column":29},"end":{"line":68,"column":3}},"10":{"start":{"line":52,"column":4},"end":{"line":55,"column":5}},"11":{"start":{"line":53,"column":6},"end":{"line":53,"column":49}},"12":{"start":{"line":54,"column":6},"end":{"line":54,"column":13}},"13":{"start":{"line":57,"column":4},"end":{"line":57,"column":21}},"14":{"start":{"line":58,"column":4},"end":{"line":58,"column":19}},"15":{"start":{"line":60,"column":4},"end":{"line":67,"column":5}},"16":{"start":{"line":61,"column":23},"end":{"line":61,"column":66}},"17":{"start":{"line":62,"column":6},"end":{"line":62,"column":24}},"18":{"start":{"line":64,"column":6},"end":{"line":64,"column":95}},"19":{"start":{"line":66,"column":6},"end":{"line":66,"column":24}},"20":{"start":{"line":70,"column":24},"end":{"line":81,"column":3}},"21":{"start":{"line":71,"column":4},"end":{"line":71,"column":18}},"22":{"start":{"line":72,"column":4},"end":{"line":72,"column":21}},"23":{"start":{"line":73,"column":4},"end":{"line":73,"column":29}},"24":{"start":{"line":74,"column":4},"end":{"line":80,"column":7}},"25":{"start":{"line":83,"column":39},"end":{"line":86,"column":3}},"26":{"start":{"line":84,"column":4},"end":{"line":84,"column":83}},"27":{"start":{"line":85,"column":4},"end":{"line":85,"column":48}},"28":{"start":{"line":85,"column":38},"end":{"line":85,"column":46}},"29":{"start":{"line":88,"column":36},"end":{"line":91,"column":3}},"30":{"start":{"line":89,"column":4},"end":{"line":89,"column":70}},"31":{"start":{"line":90,"column":4},"end":{"line":90,"column":56}},"32":{"start":{"line":93,"column":30},"end":{"line":96,"column":3}},"33":{"start":{"line":94,"column":4},"end":{"line":94,"column":38}},"34":{"start":{"line":95,"column":4},"end":{"line":95,"column":28}},"35":{"start":{"line":98,"column":33},"end":{"line":101,"column":3}},"36":{"start":{"line":99,"column":4},"end":{"line":99,"column":21}},"37":{"start":{"line":100,"column":4},"end":{"line":100,"column":29}},"38":{"start":{"line":103,"column":35},"end":{"line":106,"column":3}},"39":{"start":{"line":104,"column":4},"end":{"line":104,"column":29}},"40":{"start":{"line":105,"column":4},"end":{"line":105,"column":29}},"41":{"start":{"line":108,"column":2},"end":{"line":382,"column":4}},"42":{"start":{"line":132,"column":49},"end":{"line":132,"column":71}},"43":{"start":{"line":160,"column":68},"end":{"line":160,"column":125}},"44":{"start":{"line":172,"column":58},"end":{"line":172,"column":150}},"45":{"start":{"line":187,"column":68},"end":{"line":190,"column":22}},"46":{"start":{"line":201,"column":58},"end":{"line":201,"column":133}},"47":{"start":{"line":215,"column":22},"end":{"line":226,"column":24}},"48":{"start":{"line":220,"column":43},"end":{"line":222,"column":67}},"49":{"start":{"line":221,"column":69},"end":{"line":221,"column":79}},"50":{"start":{"line":223,"column":26},"end":{"line":223,"column":87}},"51":{"start":{"line":271,"column":44},"end":{"line":271,"column":87}},"52":{"start":{"line":271,"column":78},"end":{"line":271,"column":86}},"53":{"start":{"line":346,"column":62},"end":{"line":353,"column":15}}},"fnMap":{"0":{"name":"App","decl":{"start":{"line":33,"column":9},"end":{"line":33,"column":12}},"loc":{"start":{"line":33,"column":15},"end":{"line":383,"column":1}},"line":33},"1":{"name":"(anonymous_1)","decl":{"start":{"line":51,"column":29},"end":{"line":51,"column":30}},"loc":{"start":{"line":51,"column":41},"end":{"line":68,"column":3}},"line":51},"2":{"name":"(anonymous_2)","decl":{"start":{"line":70,"column":24},"end":{"line":70,"column":25}},"loc":{"start":{"line":70,"column":30},"end":{"line":81,"column":3}},"line":70},"3":{"name":"(anonymous_3)","decl":{"start":{"line":83,"column":39},"end":{"line":83,"column":40}},"loc":{"start":{"line":83,"column":81},"end":{"line":86,"column":3}},"line":83},"4":{"name":"(anonymous_4)","decl":{"start":{"line":85,"column":30},"end":{"line":85,"column":31}},"loc":{"start":{"line":85,"column":38},"end":{"line":85,"column":46}},"line":85},"5":{"name":"(anonymous_5)","decl":{"start":{"line":88,"column":36},"end":{"line":88,"column":37}},"loc":{"start":{"line":88,"column":73},"end":{"line":91,"column":3}},"line":88},"6":{"name":"(anonymous_6)","decl":{"start":{"line":93,"column":30},"end":{"line":93,"column":31}},"loc":{"start":{"line":93,"column":57},"end":{"line":96,"column":3}},"line":93},"7":{"name":"(anonymous_7)","decl":{"start":{"line":98,"column":33},"end":{"line":98,"column":34}},"loc":{"start":{"line":98,"column":60},"end":{"line":101,"column":3}},"line":98},"8":{"name":"(anonymous_8)","decl":{"start":{"line":103,"column":35},"end":{"line":103,"column":36}},"loc":{"start":{"line":103,"column":41},"end":{"line":106,"column":3}},"line":103},"9":{"name":"(anonymous_9)","decl":{"start":{"line":132,"column":24},"end":{"line":132,"column":25}},"loc":{"start":{"line":132,"column":49},"end":{"line":132,"column":71}},"line":132},"10":{"name":"(anonymous_10)","decl":{"start":{"line":160,"column":30},"end":{"line":160,"column":31}},"loc":{"start":{"line":160,"column":68},"end":{"line":160,"column":125}},"line":160},"11":{"name":"(anonymous_11)","decl":{"start":{"line":172,"column":32},"end":{"line":172,"column":33}},"loc":{"start":{"line":172,"column":58},"end":{"line":172,"column":150}},"line":172},"12":{"name":"(anonymous_12)","decl":{"start":{"line":187,"column":30},"end":{"line":187,"column":31}},"loc":{"start":{"line":187,"column":68},"end":{"line":190,"column":22}},"line":187},"13":{"name":"(anonymous_13)","decl":{"start":{"line":201,"column":32},"end":{"line":201,"column":33}},"loc":{"start":{"line":201,"column":58},"end":{"line":201,"column":133}},"line":201},"14":{"name":"(anonymous_14)","decl":{"start":{"line":214,"column":59},"end":{"line":214,"column":60}},"loc":{"start":{"line":215,"column":22},"end":{"line":226,"column":24}},"line":215},"15":{"name":"(anonymous_15)","decl":{"start":{"line":219,"column":33},"end":{"line":219,"column":34}},"loc":{"start":{"line":219,"column":39},"end":{"line":224,"column":25}},"line":219},"16":{"name":"(anonymous_16)","decl":{"start":{"line":221,"column":64},"end":{"line":221,"column":65}},"loc":{"start":{"line":221,"column":69},"end":{"line":221,"column":79}},"line":221},"17":{"name":"(anonymous_17)","decl":{"start":{"line":271,"column":38},"end":{"line":271,"column":39}},"loc":{"start":{"line":271,"column":44},"end":{"line":271,"column":87}},"line":271},"18":{"name":"(anonymous_18)","decl":{"start":{"line":271,"column":70},"end":{"line":271,"column":71}},"loc":{"start":{"line":271,"column":78},"end":{"line":271,"column":86}},"line":271},"19":{"name":"(anonymous_19)","decl":{"start":{"line":346,"column":47},"end":{"line":346,"column":48}},"loc":{"start":{"line":346,"column":62},"end":{"line":353,"column":15}},"line":346}},"branchMap":{"0":{"loc":{"start":{"line":52,"column":4},"end":{"line":55,"column":5}},"type":"if","locations":[{"start":{"line":52,"column":4},"end":{"line":55,"column":5}},{"start":{},"end":{}}],"line":52},"1":{"loc":{"start":{"line":64,"column":15},"end":{"line":64,"column":93}},"type":"cond-expr","locations":[{"start":{"line":64,"column":38},"end":{"line":64,"column":49}},{"start":{"line":64,"column":52},"end":{"line":64,"column":93}}],"line":64},"2":{"loc":{"start":{"line":126,"column":7},"end":{"line":366,"column":14}},"type":"cond-expr","locations":[{"start":{"line":127,"column":8},"end":{"line":326,"column":11}},{"start":{"line":327,"column":10},"end":{"line":366,"column":14}}],"line":126},"3":{"loc":{"start":{"line":126,"column":7},"end":{"line":126,"column":43}},"type":"binary-expr","locations":[{"start":{"line":126,"column":7},"end":{"line":126,"column":12}},{"start":{"line":126,"column":16},"end":{"line":126,"column":24}},{"start":{"line":126,"column":28},"end":{"line":126,"column":43}}],"line":126},"4":{"loc":{"start":{"line":144,"column":11},"end":{"line":251,"column":11}},"type":"binary-expr","locations":[{"start":{"line":144,"column":11},"end":{"line":144,"column":26}},{"start":{"line":146,"column":12},"end":{"line":250,"column":20}}],"line":144},"5":{"loc":{"start":{"line":189,"column":63},"end":{"line":189,"column":92}},"type":"binary-expr","locations":[{"start":{"line":189,"column":63},"end":{"line":189,"column":87}},{"start":{"line":189,"column":91},"end":{"line":189,"column":92}}],"line":189},"6":{"loc":{"start":{"line":217,"column":31},"end":{"line":217,"column":95}},"type":"cond-expr","locations":[{"start":{"line":217,"column":60},"end":{"line":217,"column":77}},{"start":{"line":217,"column":80},"end":{"line":217,"column":95}}],"line":217},"7":{"loc":{"start":{"line":218,"column":31},"end":{"line":218,"column":96}},"type":"cond-expr","locations":[{"start":{"line":218,"column":75},"end":{"line":218,"column":84}},{"start":{"line":218,"column":87},"end":{"line":218,"column":96}}],"line":218},"8":{"loc":{"start":{"line":220,"column":43},"end":{"line":222,"column":67}},"type":"cond-expr","locations":[{"start":{"line":221,"column":30},"end":{"line":221,"column":80}},{"start":{"line":222,"column":30},"end":{"line":222,"column":67}}],"line":220},"9":{"loc":{"start":{"line":232,"column":15},"end":{"line":236,"column":15}},"type":"binary-expr","locations":[{"start":{"line":232,"column":15},"end":{"line":232,"column":20}},{"start":{"line":233,"column":16},"end":{"line":235,"column":24}}],"line":232},"10":{"loc":{"start":{"line":243,"column":28},"end":{"line":243,"column":64}},"type":"binary-expr","locations":[{"start":{"line":243,"column":28},"end":{"line":243,"column":35}},{"start":{"line":243,"column":39},"end":{"line":243,"column":64}}],"line":243},"11":{"loc":{"start":{"line":244,"column":29},"end":{"line":244,"column":80}},"type":"cond-expr","locations":[{"start":{"line":244,"column":39},"end":{"line":244,"column":69}},{"start":{"line":244,"column":72},"end":{"line":244,"column":80}}],"line":244},"12":{"loc":{"start":{"line":247,"column":19},"end":{"line":247,"column":74}},"type":"cond-expr","locations":[{"start":{"line":247,"column":29},"end":{"line":247,"column":51}},{"start":{"line":247,"column":54},"end":{"line":247,"column":74}}],"line":247},"13":{"loc":{"start":{"line":253,"column":11},"end":{"line":283,"column":11}},"type":"binary-expr","locations":[{"start":{"line":253,"column":11},"end":{"line":253,"column":26}},{"start":{"line":255,"column":12},"end":{"line":282,"column":20}}],"line":253},"14":{"loc":{"start":{"line":285,"column":11},"end":{"line":304,"column":11}},"type":"binary-expr","locations":[{"start":{"line":285,"column":11},"end":{"line":285,"column":26}},{"start":{"line":287,"column":12},"end":{"line":303,"column":20}}],"line":285},"15":{"loc":{"start":{"line":306,"column":11},"end":{"line":325,"column":11}},"type":"binary-expr","locations":[{"start":{"line":306,"column":11},"end":{"line":306,"column":26}},{"start":{"line":308,"column":12},"end":{"line":324,"column":20}}],"line":306},"16":{"loc":{"start":{"line":327,"column":10},"end":{"line":366,"column":14}},"type":"cond-expr","locations":[{"start":{"line":329,"column":8},"end":{"line":333,"column":10}},{"start":{"line":334,"column":10},"end":{"line":366,"column":14}}],"line":327},"17":{"loc":{"start":{"line":334,"column":10},"end":{"line":366,"column":14}},"type":"cond-expr","locations":[{"start":{"line":336,"column":8},"end":{"line":338,"column":14}},{"start":{"line":339,"column":10},"end":{"line":366,"column":14}}],"line":334},"18":{"loc":{"start":{"line":339,"column":10},"end":{"line":366,"column":14}},"type":"cond-expr","locations":[{"start":{"line":341,"column":8},"end":{"line":365,"column":14}},{"start":{"line":366,"column":10},"end":{"line":366,"column":14}}],"line":339},"19":{"loc":{"start":{"line":350,"column":25},"end":{"line":350,"column":40}},"type":"binary-expr","locations":[{"start":{"line":350,"column":25},"end":{"line":350,"column":34}},{"start":{"line":350,"column":38},"end":{"line":350,"column":40}}],"line":350},"20":{"loc":{"start":{"line":351,"column":32},"end":{"line":351,"column":54}},"type":"binary-expr","locations":[{"start":{"line":351,"column":32},"end":{"line":351,"column":48}},{"start":{"line":351,"column":52},"end":{"line":351,"column":54}}],"line":351},"21":{"loc":{"start":{"line":352,"column":29},"end":{"line":352,"column":106}},"type":"cond-expr","locations":[{"start":{"line":352,"column":60},"end":{"line":352,"column":84}},{"start":{"line":352,"column":87},"end":{"line":352,"column":106}}],"line":352},"22":{"loc":{"start":{"line":352,"column":87},"end":{"line":352,"column":106}},"type":"binary-expr","locations":[{"start":{"line":352,"column":87},"end":{"line":352,"column":100}},{"start":{"line":352,"column":104},"end":{"line":352,"column":106}}],"line":352},"23":{"loc":{"start":{"line":354,"column":26},"end":{"line":354,"column":70}},"type":"binary-expr","locations":[{"start":{"line":354,"column":26},"end":{"line":354,"column":58}},{"start":{"line":354,"column":62},"end":{"line":354,"column":70}}],"line":354}},"s":{"0":0,"1":0,"2":0,"3":0,"4":0,"5":0,"6":0,"7":0,"8":0,"9":0,"10":0,"11":0,"12":0,"13":0,"14":0,"15":0,"16":0,"17":0,"18":0,"19":0,"20":0,"21":0,"22":0,"23":0,"24":0,"25":0,"26":0,"27":0,"28":0,"29":0,"30":0,"31":0,"32":0,"33":0,"34":0,"35":0,"36":0,"37":0,"38":0,"39":0,"40":0,"41":0,"42":0,"43":0,"44":0,"45":0,"46":0,"47":0,"48":0,"49":0,"50":0,"51":0,"52":0,"53":0},"f":{"0":0,"1":0,"2":0,"3":0,"4":0,"5":0,"6":0,"7":0,"8":0,"9":0,"10":0,"11":0,"12":0,"13":0,"14":0,"15":0,"16":0,"17":0,"18":0,"19":0},"b":{"0":[0,0],"1":[0,0],"2":[0,0],"3":[0,0,0],"4":[0,0],"5":[0,0],"6":[0,0],"7":[0,0],"8":[0,0],"9":[0,0],"10":[0,0],"11":[0,0],"12":[0,0],"13":[0,0],"14":[0,0],"15":[0,0],"16":[0,0],"17":[0,0],"18":[0,0],"19":[0,0],"20":[0,0],"21":[0,0],"22":[0,0],"23":[0,0]}}
,"/Users/daniel/GitRepository/ExamCraft/frontend/src/index.tsx": {"path":"/Users/daniel/GitRepository/ExamCraft/frontend/src/index.tsx","statementMap":{"0":{"start":{"line":6,"column":13},"end":{"line":8,"column":1}},"1":{"start":{"line":10,"column":0},"end":{"line":14,"column":2}}},"fnMap":{},"branchMap":{},"s":{"0":0,"1":0},"f":{},"b":{}}
,"/Users/daniel/GitRepository/ExamCraft/frontend/src/components/DocumentLibrary.tsx": {"path":"/Users/daniel/GitRepository/ExamCraft/frontend/src/components/DocumentLibrary.tsx","statementMap":{"0":{"start":{"line":50,"column":56},"end":{"line":503,"column":1}},"1":{"start":{"line":54,"column":36},"end":{"line":54,"column":60}},"2":{"start":{"line":55,"column":32},"end":{"line":55,"column":46}},"3":{"start":{"line":56,"column":28},"end":{"line":56,"column":57}},"4":{"start":{"line":57,"column":52},"end":{"line":57,"column":74}},"5":{"start":{"line":58,"column":38},"end":{"line":58,"column":105}},"6":{"start":{"line":59,"column":42},"end":{"line":62,"column":4}},"7":{"start":{"line":63,"column":44},"end":{"line":66,"column":4}},"8":{"start":{"line":68,"column":2},"end":{"line":70,"column":23}},"9":{"start":{"line":69,"column":4},"end":{"line":69,"column":20}},"10":{"start":{"line":72,"column":24},"end":{"line":83,"column":3}},"11":{"start":{"line":73,"column":4},"end":{"line":82,"column":5}},"12":{"start":{"line":74,"column":6},"end":{"line":74,"column":23}},"13":{"start":{"line":75,"column":6},"end":{"line":75,"column":21}},"14":{"start":{"line":76,"column":19},"end":{"line":76,"column":55}},"15":{"start":{"line":77,"column":6},"end":{"line":77,"column":25}},"16":{"start":{"line":79,"column":6},"end":{"line":79,"column":128}},"17":{"start":{"line":81,"column":6},"end":{"line":81,"column":24}},"18":{"start":{"line":85,"column":22},"end":{"line":91,"column":3}},"19":{"start":{"line":86,"column":4},"end":{"line":86,"column":72}},"20":{"start":{"line":86,"column":34},"end":{"line":86,"column":72}},"21":{"start":{"line":87,"column":4},"end":{"line":87,"column":71}},"22":{"start":{"line":87,"column":35},"end":{"line":87,"column":71}},"23":{"start":{"line":88,"column":4},"end":{"line":88,"column":107}},"24":{"start":{"line":88,"column":68},"end":{"line":88,"column":107}},"25":{"start":{"line":89,"column":4},"end":{"line":89,"column":71}},"26":{"start":{"line":89,"column":39},"end":{"line":89,"column":71}},"27":{"start":{"line":90,"column":4},"end":{"line":90,"column":27}},"28":{"start":{"line":93,"column":24},"end":{"line":106,"column":3}},"29":{"start":{"line":94,"column":4},"end":{"line":105,"column":5}},"30":{"start":{"line":96,"column":8},"end":{"line":96,"column":96}},"31":{"start":{"line":98,"column":8},"end":{"line":98,"column":97}},"32":{"start":{"line":100,"column":8},"end":{"line":100,"column":96}},"33":{"start":{"line":102,"column":8},"end":{"line":102,"column":83}},"34":{"start":{"line":104,"column":8},"end":{"line":104,"column":71}},"35":{"start":{"line":108,"column":25},"end":{"line":114,"column":3}},"36":{"start":{"line":109,"column":4},"end":{"line":109,"column":38}},"37":{"start":{"line":109,"column":21},"end":{"line":109,"column":38}},"38":{"start":{"line":110,"column":14},"end":{"line":110,"column":18}},"39":{"start":{"line":111,"column":18},"end":{"line":111,"column":45}},"40":{"start":{"line":112,"column":14},"end":{"line":112,"column":55}},"41":{"start":{"line":113,"column":4},"end":{"line":113,"column":76}},"42":{"start":{"line":116,"column":21},"end":{"line":124,"column":3}},"43":{"start":{"line":117,"column":4},"end":{"line":123,"column":7}},"44":{"start":{"line":126,"column":31},"end":{"line":132,"column":3}},"45":{"start":{"line":127,"column":4},"end":{"line":131,"column":6}},"46":{"start":{"line":128,"column":6},"end":{"line":130,"column":31}},"47":{"start":{"line":129,"column":28},"end":{"line":129,"column":45}},"48":{"start":{"line":134,"column":25},"end":{"line":136,"column":3}},"49":{"start":{"line":135,"column":4},"end":{"line":135,"column":64}},"50":{"start":{"line":138,"column":26},"end":{"line":140,"column":3}},"51":{"start":{"line":139,"column":4},"end":{"line":139,"column":24}},"52":{"start":{"line":142,"column":24},"end":{"line":145,"column":3}},"53":{"start":{"line":143,"column":4},"end":{"line":143,"column":47}},"54":{"start":{"line":144,"column":4},"end":{"line":144,"column":22}},"55":{"start":{"line":147,"column":23},"end":{"line":150,"column":3}},"56":{"start":{"line":148,"column":4},"end":{"line":148,"column":46}},"57":{"start":{"line":149,"column":4},"end":{"line":149,"column":22}},"58":{"start":{"line":152,"column":24},"end":{"line":163,"column":3}},"59":{"start":{"line":153,"column":4},"end":{"line":153,"column":39}},"60":{"start":{"line":153,"column":32},"end":{"line":153,"column":39}},"61":{"start":{"line":155,"column":4},"end":{"line":162,"column":5}},"62":{"start":{"line":156,"column":6},"end":{"line":156,"column":69}},"63":{"start":{"line":157,"column":6},"end":{"line":157,"column":85}},"64":{"start":{"line":157,"column":27},"end":{"line":157,"column":83}},"65":{"start":{"line":157,"column":46},"end":{"line":157,"column":82}},"66":{"start":{"line":158,"column":6},"end":{"line":158,"column":88}},"67":{"start":{"line":158,"column":35},"end":{"line":158,"column":86}},"68":{"start":{"line":158,"column":53},"end":{"line":158,"column":85}},"69":{"start":{"line":159,"column":6},"end":{"line":159,"column":55}},"70":{"start":{"line":161,"column":6},"end":{"line":161,"column":116}},"71":{"start":{"line":165,"column":25},"end":{"line":172,"column":3}},"72":{"start":{"line":166,"column":4},"end":{"line":171,"column":5}},"73":{"start":{"line":167,"column":6},"end":{"line":167,"column":77}},"74":{"start":{"line":168,"column":6},"end":{"line":168,"column":24}},"75":{"start":{"line":170,"column":6},"end":{"line":170,"column":117}},"76":{"start":{"line":174,"column":30},"end":{"line":178,"column":3}},"77":{"start":{"line":175,"column":4},"end":{"line":177,"column":5}},"78":{"start":{"line":176,"column":6},"end":{"line":176,"column":41}},"79":{"start":{"line":180,"column":29},"end":{"line":180,"column":93}},"80":{"start":{"line":180,"column":53},"end":{"line":180,"column":92}},"81":{"start":{"line":181,"column":27},"end":{"line":185,"column":6}},"82":{"start":{"line":183,"column":18},"end":{"line":183,"column":50}},"83":{"start":{"line":183,"column":38},"end":{"line":183,"column":49}},"84":{"start":{"line":184,"column":6},"end":{"line":184,"column":74}},"85":{"start":{"line":187,"column":2},"end":{"line":193,"column":3}},"86":{"start":{"line":188,"column":4},"end":{"line":192,"column":6}},"87":{"start":{"line":195,"column":2},"end":{"line":502,"column":4}},"88":{"start":{"line":223,"column":62},"end":{"line":223,"column":76}},"89":{"start":{"line":259,"column":43},"end":{"line":259,"column":58}},"90":{"start":{"line":271,"column":43},"end":{"line":271,"column":83}},"91":{"start":{"line":298,"column":12},"end":{"line":374,"column":19}},"92":{"start":{"line":309,"column":31},"end":{"line":309,"column":64}},"93":{"start":{"line":325,"column":24},"end":{"line":325,"column":44}},"94":{"start":{"line":326,"column":24},"end":{"line":326,"column":55}},"95":{"start":{"line":386,"column":22},"end":{"line":386,"column":74}},"96":{"start":{"line":386,"column":42},"end":{"line":386,"column":73}},"97":{"start":{"line":387,"column":10},"end":{"line":387,"column":38}},"98":{"start":{"line":387,"column":19},"end":{"line":387,"column":38}},"99":{"start":{"line":396,"column":22},"end":{"line":396,"column":74}},"100":{"start":{"line":396,"column":42},"end":{"line":396,"column":73}},"101":{"start":{"line":397,"column":10},"end":{"line":397,"column":39}},"102":{"start":{"line":397,"column":19},"end":{"line":397,"column":39}},"103":{"start":{"line":409,"column":24},"end":{"line":409,"column":76}},"104":{"start":{"line":409,"column":44},"end":{"line":409,"column":75}},"105":{"start":{"line":410,"column":12},"end":{"line":410,"column":39}},"106":{"start":{"line":410,"column":21},"end":{"line":410,"column":39}},"107":{"start":{"line":424,"column":23},"end":{"line":424,"column":71}},"108":{"start":{"line":434,"column":33},"end":{"line":434,"column":81}},"109":{"start":{"line":446,"column":23},"end":{"line":446,"column":72}},"110":{"start":{"line":496,"column":33},"end":{"line":496,"column":82}}},"fnMap":{"0":{"name":"(anonymous_0)","decl":{"start":{"line":50,"column":56},"end":{"line":50,"column":57}},"loc":{"start":{"line":53,"column":6},"end":{"line":503,"column":1}},"line":53},"1":{"name":"(anonymous_1)","decl":{"start":{"line":68,"column":12},"end":{"line":68,"column":13}},"loc":{"start":{"line":68,"column":18},"end":{"line":70,"column":3}},"line":68},"2":{"name":"(anonymous_2)","decl":{"start":{"line":72,"column":24},"end":{"line":72,"column":25}},"loc":{"start":{"line":72,"column":36},"end":{"line":83,"column":3}},"line":72},"3":{"name":"(anonymous_3)","decl":{"start":{"line":85,"column":22},"end":{"line":85,"column":23}},"loc":{"start":{"line":85,"column":44},"end":{"line":91,"column":3}},"line":85},"4":{"name":"(anonymous_4)","decl":{"start":{"line":93,"column":24},"end":{"line":93,"column":25}},"loc":{"start":{"line":93,"column":52},"end":{"line":106,"column":3}},"line":93},"5":{"name":"(anonymous_5)","decl":{"start":{"line":108,"column":25},"end":{"line":108,"column":26}},"loc":{"start":{"line":108,"column":52},"end":{"line":114,"column":3}},"line":108},"6":{"name":"(anonymous_6)","decl":{"start":{"line":116,"column":21},"end":{"line":116,"column":22}},"loc":{"start":{"line":116,"column":53},"end":{"line":124,"column":3}},"line":116},"7":{"name":"(anonymous_7)","decl":{"start":{"line":126,"column":31},"end":{"line":126,"column":32}},"loc":{"start":{"line":126,"column":55},"end":{"line":132,"column":3}},"line":126},"8":{"name":"(anonymous_8)","decl":{"start":{"line":127,"column":25},"end":{"line":127,"column":26}},"loc":{"start":{"line":128,"column":6},"end":{"line":130,"column":31}},"line":128},"9":{"name":"(anonymous_9)","decl":{"start":{"line":129,"column":22},"end":{"line":129,"column":23}},"loc":{"start":{"line":129,"column":28},"end":{"line":129,"column":45}},"line":129},"10":{"name":"(anonymous_10)","decl":{"start":{"line":134,"column":25},"end":{"line":134,"column":26}},"loc":{"start":{"line":134,"column":87},"end":{"line":136,"column":3}},"line":134},"11":{"name":"(anonymous_11)","decl":{"start":{"line":138,"column":26},"end":{"line":138,"column":27}},"loc":{"start":{"line":138,"column":32},"end":{"line":140,"column":3}},"line":138},"12":{"name":"(anonymous_12)","decl":{"start":{"line":142,"column":24},"end":{"line":142,"column":25}},"loc":{"start":{"line":142,"column":48},"end":{"line":145,"column":3}},"line":142},"13":{"name":"(anonymous_13)","decl":{"start":{"line":147,"column":23},"end":{"line":147,"column":24}},"loc":{"start":{"line":147,"column":47},"end":{"line":150,"column":3}},"line":147},"14":{"name":"(anonymous_14)","decl":{"start":{"line":152,"column":24},"end":{"line":152,"column":25}},"loc":{"start":{"line":152,"column":36},"end":{"line":163,"column":3}},"line":152},"15":{"name":"(anonymous_15)","decl":{"start":{"line":157,"column":19},"end":{"line":157,"column":20}},"loc":{"start":{"line":157,"column":27},"end":{"line":157,"column":83}},"line":157},"16":{"name":"(anonymous_16)","decl":{"start":{"line":157,"column":39},"end":{"line":157,"column":40}},"loc":{"start":{"line":157,"column":46},"end":{"line":157,"column":82}},"line":157},"17":{"name":"(anonymous_17)","decl":{"start":{"line":158,"column":27},"end":{"line":158,"column":28}},"loc":{"start":{"line":158,"column":35},"end":{"line":158,"column":86}},"line":158},"18":{"name":"(anonymous_18)","decl":{"start":{"line":158,"column":47},"end":{"line":158,"column":48}},"loc":{"start":{"line":158,"column":53},"end":{"line":158,"column":85}},"line":158},"19":{"name":"(anonymous_19)","decl":{"start":{"line":165,"column":25},"end":{"line":165,"column":26}},"loc":{"start":{"line":165,"column":55},"end":{"line":172,"column":3}},"line":165},"20":{"name":"(anonymous_20)","decl":{"start":{"line":174,"column":30},"end":{"line":174,"column":31}},"loc":{"start":{"line":174,"column":36},"end":{"line":178,"column":3}},"line":174},"21":{"name":"(anonymous_21)","decl":{"start":{"line":180,"column":46},"end":{"line":180,"column":47}},"loc":{"start":{"line":180,"column":53},"end":{"line":180,"column":92}},"line":180},"22":{"name":"(anonymous_22)","decl":{"start":{"line":182,"column":28},"end":{"line":182,"column":29}},"loc":{"start":{"line":182,"column":34},"end":{"line":185,"column":5}},"line":182},"23":{"name":"(anonymous_23)","decl":{"start":{"line":183,"column":33},"end":{"line":183,"column":34}},"loc":{"start":{"line":183,"column":38},"end":{"line":183,"column":49}},"line":183},"24":{"name":"(anonymous_24)","decl":{"start":{"line":223,"column":56},"end":{"line":223,"column":57}},"loc":{"start":{"line":223,"column":62},"end":{"line":223,"column":76}},"line":223},"25":{"name":"(anonymous_25)","decl":{"start":{"line":259,"column":36},"end":{"line":259,"column":37}},"loc":{"start":{"line":259,"column":43},"end":{"line":259,"column":58}},"line":259},"26":{"name":"(anonymous_26)","decl":{"start":{"line":271,"column":36},"end":{"line":271,"column":37}},"loc":{"start":{"line":271,"column":43},"end":{"line":271,"column":83}},"line":271},"27":{"name":"(anonymous_27)","decl":{"start":{"line":297,"column":25},"end":{"line":297,"column":26}},"loc":{"start":{"line":298,"column":12},"end":{"line":374,"column":19}},"line":298},"28":{"name":"(anonymous_28)","decl":{"start":{"line":309,"column":25},"end":{"line":309,"column":26}},"loc":{"start":{"line":309,"column":31},"end":{"line":309,"column":64}},"line":309},"29":{"name":"(anonymous_29)","decl":{"start":{"line":324,"column":31},"end":{"line":324,"column":32}},"loc":{"start":{"line":324,"column":38},"end":{"line":327,"column":23}},"line":324},"30":{"name":"(anonymous_30)","decl":{"start":{"line":385,"column":27},"end":{"line":385,"column":28}},"loc":{"start":{"line":385,"column":33},"end":{"line":388,"column":9}},"line":385},"31":{"name":"(anonymous_31)","decl":{"start":{"line":386,"column":37},"end":{"line":386,"column":38}},"loc":{"start":{"line":386,"column":42},"end":{"line":386,"column":73}},"line":386},"32":{"name":"(anonymous_32)","decl":{"start":{"line":395,"column":27},"end":{"line":395,"column":28}},"loc":{"start":{"line":395,"column":33},"end":{"line":398,"column":9}},"line":395},"33":{"name":"(anonymous_33)","decl":{"start":{"line":396,"column":37},"end":{"line":396,"column":38}},"loc":{"start":{"line":396,"column":42},"end":{"line":396,"column":73}},"line":396},"34":{"name":"(anonymous_34)","decl":{"start":{"line":408,"column":19},"end":{"line":408,"column":20}},"loc":{"start":{"line":408,"column":25},"end":{"line":411,"column":11}},"line":408},"35":{"name":"(anonymous_35)","decl":{"start":{"line":409,"column":39},"end":{"line":409,"column":40}},"loc":{"start":{"line":409,"column":44},"end":{"line":409,"column":75}},"line":409},"36":{"name":"(anonymous_36)","decl":{"start":{"line":424,"column":17},"end":{"line":424,"column":18}},"loc":{"start":{"line":424,"column":23},"end":{"line":424,"column":71}},"line":424},"37":{"name":"(anonymous_37)","decl":{"start":{"line":434,"column":27},"end":{"line":434,"column":28}},"loc":{"start":{"line":434,"column":33},"end":{"line":434,"column":81}},"line":434},"38":{"name":"(anonymous_38)","decl":{"start":{"line":446,"column":17},"end":{"line":446,"column":18}},"loc":{"start":{"line":446,"column":23},"end":{"line":446,"column":72}},"line":446},"39":{"name":"(anonymous_39)","decl":{"start":{"line":496,"column":27},"end":{"line":496,"column":28}},"loc":{"start":{"line":496,"column":33},"end":{"line":496,"column":82}},"line":496}},"branchMap":{"0":{"loc":{"start":{"line":79,"column":15},"end":{"line":79,"column":126}},"type":"cond-expr","locations":[{"start":{"line":79,"column":68},"end":{"line":79,"column":90}},{"start":{"line":79,"column":93},"end":{"line":79,"column":126}}],"line":79},"1":{"loc":{"start":{"line":79,"column":15},"end":{"line":79,"column":65}},"type":"binary-expr","locations":[{"start":{"line":79,"column":15},"end":{"line":79,"column":18}},{"start":{"line":79,"column":22},"end":{"line":79,"column":45}},{"start":{"line":79,"column":49},"end":{"line":79,"column":65}}],"line":79},"2":{"loc":{"start":{"line":86,"column":4},"end":{"line":86,"column":72}},"type":"if","locations":[{"start":{"line":86,"column":4},"end":{"line":86,"column":72}},{"start":{},"end":{}}],"line":86},"3":{"loc":{"start":{"line":87,"column":4},"end":{"line":87,"column":71}},"type":"if","locations":[{"start":{"line":87,"column":4},"end":{"line":87,"column":71}},{"start":{},"end":{}}],"line":87},"4":{"loc":{"start":{"line":88,"column":4},"end":{"line":88,"column":107}},"type":"if","locations":[{"start":{"line":88,"column":4},"end":{"line":88,"column":107}},{"start":{},"end":{}}],"line":88},"5":{"loc":{"start":{"line":88,"column":8},"end":{"line":88,"column":66}},"type":"binary-expr","locations":[{"start":{"line":88,"column":8},"end":{"line":88,"column":33}},{"start":{"line":88,"column":37},"end":{"line":88,"column":66}}],"line":88},"6":{"loc":{"start":{"line":89,"column":4},"end":{"line":89,"column":71}},"type":"if","locations":[{"start":{"line":89,"column":4},"end":{"line":89,"column":71}},{"start":{},"end":{}}],"line":89},"7":{"loc":{"start":{"line":94,"column":4},"end":{"line":105,"column":5}},"type":"switch","locations":[{"start":{"line":95,"column":6},"end":{"line":96,"column":96}},{"start":{"line":97,"column":6},"end":{"line":98,"column":97}},{"start":{"line":99,"column":6},"end":{"line":100,"column":96}},{"start":{"line":101,"column":6},"end":{"line":102,"column":83}},{"start":{"line":103,"column":6},"end":{"line":104,"column":71}}],"line":94},"8":{"loc":{"start":{"line":109,"column":4},"end":{"line":109,"column":38}},"type":"if","locations":[{"start":{"line":109,"column":4},"end":{"line":109,"column":38}},{"start":{},"end":{}}],"line":109},"9":{"loc":{"start":{"line":128,"column":6},"end":{"line":130,"column":31}},"type":"cond-expr","locations":[{"start":{"line":129,"column":10},"end":{"line":129,"column":46}},{"start":{"line":130,"column":10},"end":{"line":130,"column":31}}],"line":128},"10":{"loc":{"start":{"line":153,"column":4},"end":{"line":153,"column":39}},"type":"if","locations":[{"start":{"line":153,"column":4},"end":{"line":153,"column":39}},{"start":{},"end":{}}],"line":153},"11":{"loc":{"start":{"line":161,"column":15},"end":{"line":161,"column":114}},"type":"cond-expr","locations":[{"start":{"line":161,"column":68},"end":{"line":161,"column":90}},{"start":{"line":161,"column":93},"end":{"line":161,"column":114}}],"line":161},"12":{"loc":{"start":{"line":161,"column":15},"end":{"line":161,"column":65}},"type":"binary-expr","locations":[{"start":{"line":161,"column":15},"end":{"line":161,"column":18}},{"start":{"line":161,"column":22},"end":{"line":161,"column":45}},{"start":{"line":161,"column":49},"end":{"line":161,"column":65}}],"line":161},"13":{"loc":{"start":{"line":170,"column":15},"end":{"line":170,"column":115}},"type":"cond-expr","locations":[{"start":{"line":170,"column":68},"end":{"line":170,"column":90}},{"start":{"line":170,"column":93},"end":{"line":170,"column":115}}],"line":170},"14":{"loc":{"start":{"line":170,"column":15},"end":{"line":170,"column":65}},"type":"binary-expr","locations":[{"start":{"line":170,"column":15},"end":{"line":170,"column":18}},{"start":{"line":170,"column":22},"end":{"line":170,"column":45}},{"start":{"line":170,"column":49},"end":{"line":170,"column":65}}],"line":170},"15":{"loc":{"start":{"line":175,"column":4},"end":{"line":177,"column":5}},"type":"if","locations":[{"start":{"line":175,"column":4},"end":{"line":177,"column":5}},{"start":{},"end":{}}],"line":175},"16":{"loc":{"start":{"line":175,"column":8},"end":{"line":175,"column":55}},"type":"binary-expr","locations":[{"start":{"line":175,"column":8},"end":{"line":175,"column":23}},{"start":{"line":175,"column":27},"end":{"line":175,"column":55}}],"line":175},"17":{"loc":{"start":{"line":181,"column":27},"end":{"line":185,"column":6}},"type":"binary-expr","locations":[{"start":{"line":181,"column":27},"end":{"line":181,"column":55}},{"start":{"line":182,"column":4},"end":{"line":185,"column":6}}],"line":181},"18":{"loc":{"start":{"line":184,"column":13},"end":{"line":184,"column":73}},"type":"binary-expr","locations":[{"start":{"line":184,"column":13},"end":{"line":184,"column":53}},{"start":{"line":184,"column":57},"end":{"line":184,"column":73}}],"line":184},"19":{"loc":{"start":{"line":187,"column":2},"end":{"line":193,"column":3}},"type":"if","locations":[{"start":{"line":187,"column":2},"end":{"line":193,"column":3}},{"start":{},"end":{}}],"line":187},"20":{"loc":{"start":{"line":203,"column":9},"end":{"line":218,"column":9}},"type":"binary-expr","locations":[{"start":{"line":203,"column":9},"end":{"line":203,"column":37}},{"start":{"line":204,"column":10},"end":{"line":217,"column":16}}],"line":203},"21":{"loc":{"start":{"line":222,"column":7},"end":{"line":226,"column":7}},"type":"binary-expr","locations":[{"start":{"line":222,"column":7},"end":{"line":222,"column":12}},{"start":{"line":223,"column":8},"end":{"line":225,"column":16}}],"line":222},"22":{"loc":{"start":{"line":283,"column":7},"end":{"line":377,"column":7}},"type":"cond-expr","locations":[{"start":{"line":284,"column":8},"end":{"line":294,"column":15}},{"start":{"line":296,"column":8},"end":{"line":376,"column":15}}],"line":283},"23":{"loc":{"start":{"line":303,"column":26},"end":{"line":303,"column":73}},"type":"cond-expr","locations":[{"start":{"line":303,"column":68},"end":{"line":303,"column":69}},{"start":{"line":303,"column":72},"end":{"line":303,"column":73}}],"line":303},"24":{"loc":{"start":{"line":304,"column":31},"end":{"line":304,"column":99}},"type":"cond-expr","locations":[{"start":{"line":304,"column":73},"end":{"line":304,"column":87}},{"start":{"line":304,"column":90},"end":{"line":304,"column":99}}],"line":304},"25":{"loc":{"start":{"line":316,"column":23},"end":{"line":320,"column":23}},"type":"binary-expr","locations":[{"start":{"line":316,"column":23},"end":{"line":316,"column":43}},{"start":{"line":317,"column":24},"end":{"line":319,"column":34}}],"line":316},"26":{"loc":{"start":{"line":344,"column":19},"end":{"line":351,"column":19}},"type":"binary-expr","locations":[{"start":{"line":344,"column":19},"end":{"line":344,"column":64}},{"start":{"line":345,"column":20},"end":{"line":350,"column":26}}],"line":344},"27":{"loc":{"start":{"line":356,"column":45},"end":{"line":356,"column":68}},"type":"binary-expr","locations":[{"start":{"line":356,"column":45},"end":{"line":356,"column":63}},{"start":{"line":356,"column":67},"end":{"line":356,"column":68}}],"line":356},"28":{"loc":{"start":{"line":361,"column":21},"end":{"line":365,"column":21}},"type":"binary-expr","locations":[{"start":{"line":361,"column":21},"end":{"line":361,"column":42}},{"start":{"line":362,"column":22},"end":{"line":364,"column":35}}],"line":361},"29":{"loc":{"start":{"line":366,"column":21},"end":{"line":370,"column":21}},"type":"binary-expr","locations":[{"start":{"line":366,"column":21},"end":{"line":366,"column":52}},{"start":{"line":367,"column":22},"end":{"line":369,"column":35}}],"line":366},"30":{"loc":{"start":{"line":387,"column":10},"end":{"line":387,"column":38}},"type":"if","locations":[{"start":{"line":387,"column":10},"end":{"line":387,"column":38}},{"start":{},"end":{}}],"line":387},"31":{"loc":{"start":{"line":397,"column":10},"end":{"line":397,"column":39}},"type":"if","locations":[{"start":{"line":397,"column":10},"end":{"line":397,"column":39}},{"start":{},"end":{}}],"line":397},"32":{"loc":{"start":{"line":410,"column":12},"end":{"line":410,"column":39}},"type":"if","locations":[{"start":{"line":410,"column":12},"end":{"line":410,"column":39}},{"start":{},"end":{}}],"line":410},"33":{"loc":{"start":{"line":454,"column":11},"end":{"line":493,"column":11}},"type":"binary-expr","locations":[{"start":{"line":454,"column":11},"end":{"line":454,"column":33}},{"start":{"line":455,"column":12},"end":{"line":492,"column":18}}],"line":454},"34":{"loc":{"start":{"line":462,"column":65},"end":{"line":462,"column":102}},"type":"binary-expr","locations":[{"start":{"line":462,"column":65},"end":{"line":462,"column":97}},{"start":{"line":462,"column":101},"end":{"line":462,"column":102}}],"line":462},"35":{"loc":{"start":{"line":477,"column":48},"end":{"line":477,"column":98}},"type":"cond-expr","locations":[{"start":{"line":477,"column":85},"end":{"line":477,"column":89}},{"start":{"line":477,"column":92},"end":{"line":477,"column":98}}],"line":477},"36":{"loc":{"start":{"line":482,"column":15},"end":{"line":491,"column":15}},"type":"binary-expr","locations":[{"start":{"line":482,"column":15},"end":{"line":482,"column":46}},{"start":{"line":483,"column":16},"end":{"line":490,"column":22}}],"line":482}},"s":{"0":1,"1":106,"2":106,"3":106,"4":106,"5":106,"6":106,"7":106,"8":106,"9":22,"10":106,"11":22,"12":22,"13":22,"14":22,"15":22,"16":0,"17":22,"18":106,"19":0,"20":0,"21":0,"22":0,"23":0,"24":0,"25":0,"26":0,"27":0,"28":106,"29":0,"30":0,"31":0,"32":0,"33":0,"34":0,"35":106,"36":0,"37":0,"38":0,"39":0,"40":0,"41":0,"42":106,"43":0,"44":106,"45":0,"46":0,"47":0,"48":106,"49":0,"50":106,"51":0,"52":106,"53":0,"54":0,"55":106,"56":0,"57":0,"58":106,"59":0,"60":0,"61":0,"62":0,"63":0,"64":0,"65":0,"66":0,"67":0,"68":0,"69":0,"70":0,"71":106,"72":0,"73":0,"74":0,"75":0,"76":106,"77":0,"78":0,"79":106,"80":0,"81":22,"82":0,"83":0,"84":0,"85":22,"86":22,"87":0,"88":0,"89":0,"90":0,"91":0,"92":0,"93":0,"94":0,"95":0,"96":0,"97":0,"98":0,"99":0,"100":0,"101":0,"102":0,"103":0,"104":0,"105":0,"106":0,"107":0,"108":0,"109":0,"110":0},"f":{"0":106,"1":22,"2":22,"3":0,"4":0,"5":0,"6":0,"7":0,"8":0,"9":0,"10":0,"11":0,"12":0,"13":0,"14":0,"15":0,"16":0,"17":0,"18":0,"19":0,"20":0,"21":0,"22":0,"23":0,"24":0,"25":0,"26":0,"27":0,"28":0,"29":0,"30":0,"31":0,"32":0,"33":0,"34":0,"35":0,"36":0,"37":0,"38":0,"39":0},"b":{"0":[0,0],"1":[0,0,0],"2":[0,0],"3":[0,0],"4":[0,0],"5":[0,0],"6":[0,0],"7":[0,0,0,0,0],"8":[0,0],"9":[0,0],"10":[0,0],"11":[0,0],"12":[0,0,0],"13":[0,0],"14":[0,0,0],"15":[0,0],"16":[0,0],"17":[22,0],"18":[0,0],"19":[22,0],"20":[0,0],"21":[0,0],"22":[0,0],"23":[0,0],"24":[0,0],"25":[0,0],"26":[0,0],"27":[0,0],"28":[0,0],"29":[0,0],"30":[0,0],"31":[0,0],"32":[0,0],"33":[0,0],"34":[0,0],"35":[0,0],"36":[0,0]},"_coverageSchema":"1a1c01bbd47fc00a2c39e90264f33305004495a9","hash":"814b335c0ebf99bfdf8483cf90bdd97a48c9634d"}
,"/Users/daniel/GitRepository/ExamCraft/frontend/src/components/DocumentUpload.tsx": {"path":"/Users/daniel/GitRepository/ExamCraft/frontend/src/components/DocumentUpload.tsx","statementMap":{"0":{"start":{"line":59,"column":54},"end":{"line":430,"column":1}},"1":{"start":{"line":66,"column":40},"end":{"line":66,"column":66}},"2":{"start":{"line":67,"column":40},"end":{"line":67,"column":55}},"3":{"start":{"line":68,"column":40},"end":{"line":68,"column":55}},"4":{"start":{"line":70,"column":17},"end":{"line":79,"column":16}},"5":{"start":{"line":71,"column":35},"end":{"line":76,"column":7}},"6":{"start":{"line":71,"column":62},"end":{"line":76,"column":5}},"7":{"start":{"line":78,"column":4},"end":{"line":78,"column":70}},"8":{"start":{"line":78,"column":27},"end":{"line":78,"column":68}},"9":{"start":{"line":81,"column":56},"end":{"line":92,"column":4}},"10":{"start":{"line":94,"column":22},"end":{"line":108,"column":3}},"11":{"start":{"line":95,"column":16},"end":{"line":95,"column":55}},"12":{"start":{"line":96,"column":4},"end":{"line":107,"column":5}},"13":{"start":{"line":98,"column":8},"end":{"line":98,"column":46}},"14":{"start":{"line":101,"column":8},"end":{"line":101,"column":44}},"15":{"start":{"line":104,"column":8},"end":{"line":104,"column":47}},"16":{"start":{"line":106,"column":8},"end":{"line":106,"column":31}},"17":{"start":{"line":110,"column":24},"end":{"line":125,"column":3}},"18":{"start":{"line":111,"column":4},"end":{"line":124,"column":5}},"19":{"start":{"line":113,"column":8},"end":{"line":113,"column":69}},"20":{"start":{"line":115,"column":8},"end":{"line":115,"column":68}},"21":{"start":{"line":117,"column":8},"end":{"line":117,"column":77}},"22":{"start":{"line":119,"column":8},"end":{"line":119,"column":75}},"23":{"start":{"line":121,"column":8},"end":{"line":121,"column":66}},"24":{"start":{"line":123,"column":8},"end":{"line":123,"column":71}},"25":{"start":{"line":127,"column":21},"end":{"line":129,"column":3}},"26":{"start":{"line":128,"column":4},"end":{"line":128,"column":62}},"27":{"start":{"line":128,"column":27},"end":{"line":128,"column":60}},"28":{"start":{"line":128,"column":44},"end":{"line":128,"column":59}},"29":{"start":{"line":131,"column":20},"end":{"line":142,"column":3}},"30":{"start":{"line":132,"column":17},"end":{"line":132,"column":55}},"31":{"start":{"line":132,"column":39},"end":{"line":132,"column":54}},"32":{"start":{"line":133,"column":4},"end":{"line":133,"column":22}},"33":{"start":{"line":133,"column":15},"end":{"line":133,"column":22}},"34":{"start":{"line":135,"column":4},"end":{"line":139,"column":7}},"35":{"start":{"line":135,"column":27},"end":{"line":139,"column":5}},"36":{"start":{"line":136,"column":6},"end":{"line":138,"column":11}},"37":{"start":{"line":141,"column":4},"end":{"line":141,"column":46}},"38":{"start":{"line":144,"column":27},"end":{"line":197,"column":3}},"39":{"start":{"line":145,"column":4},"end":{"line":196,"column":5}},"40":{"start":{"line":147,"column":6},"end":{"line":151,"column":9}},"41":{"start":{"line":147,"column":29},"end":{"line":151,"column":7}},"42":{"start":{"line":148,"column":8},"end":{"line":150,"column":13}},"43":{"start":{"line":154,"column":27},"end":{"line":154,"column":69}},"44":{"start":{"line":157,"column":6},"end":{"line":167,"column":9}},"45":{"start":{"line":157,"column":29},"end":{"line":167,"column":7}},"46":{"start":{"line":158,"column":8},"end":{"line":166,"column":13}},"47":{"start":{"line":170,"column":31},"end":{"line":170,"column":100}},"48":{"start":{"line":173,"column":6},"end":{"line":182,"column":9}},"49":{"start":{"line":173,"column":29},"end":{"line":182,"column":7}},"50":{"start":{"line":174,"column":8},"end":{"line":181,"column":13}},"51":{"start":{"line":184,"column":6},"end":{"line":184,"column":62}},"52":{"start":{"line":187,"column":27},"end":{"line":187,"column":128}},"53":{"start":{"line":189,"column":6},"end":{"line":193,"column":9}},"54":{"start":{"line":189,"column":29},"end":{"line":193,"column":7}},"55":{"start":{"line":190,"column":8},"end":{"line":192,"column":13}},"56":{"start":{"line":195,"column":6},"end":{"line":195,"column":47}},"57":{"start":{"line":199,"column":22},"end":{"line":214,"column":3}},"58":{"start":{"line":200,"column":4},"end":{"line":200,"column":41}},"59":{"start":{"line":200,"column":34},"end":{"line":200,"column":41}},"60":{"start":{"line":202,"column":4},"end":{"line":202,"column":25}},"61":{"start":{"line":204,"column":25},"end":{"line":204,"column":96}},"62":{"start":{"line":204,"column":49},"end":{"line":204,"column":95}},"63":{"start":{"line":207,"column":4},"end":{"line":209,"column":5}},"64":{"start":{"line":208,"column":6},"end":{"line":208,"column":61}},"65":{"start":{"line":211,"column":4},"end":{"line":211,"column":26}},"66":{"start":{"line":212,"column":4},"end":{"line":212,"column":25}},"67":{"start":{"line":213,"column":4},"end":{"line":213,"column":29}},"68":{"start":{"line":216,"column":19},"end":{"line":219,"column":3}},"69":{"start":{"line":217,"column":4},"end":{"line":217,"column":23}},"70":{"start":{"line":218,"column":4},"end":{"line":218,"column":26}},"71":{"start":{"line":221,"column":25},"end":{"line":227,"column":3}},"72":{"start":{"line":222,"column":4},"end":{"line":222,"column":38}},"73":{"start":{"line":222,"column":21},"end":{"line":222,"column":38}},"74":{"start":{"line":223,"column":14},"end":{"line":223,"column":18}},"75":{"start":{"line":224,"column":18},"end":{"line":224,"column":45}},"76":{"start":{"line":225,"column":14},"end":{"line":225,"column":55}},"77":{"start":{"line":226,"column":4},"end":{"line":226,"column":76}},"78":{"start":{"line":229,"column":25},"end":{"line":229,"column":81}},"79":{"start":{"line":229,"column":49},"end":{"line":229,"column":73}},"80":{"start":{"line":230,"column":21},"end":{"line":230,"column":73}},"81":{"start":{"line":230,"column":45},"end":{"line":230,"column":65}},"82":{"start":{"line":231,"column":21},"end":{"line":231,"column":39}},"83":{"start":{"line":233,"column":2},"end":{"line":429,"column":4}},"84":{"start":{"line":277,"column":66},"end":{"line":277,"column":90}},"85":{"start":{"line":294,"column":16},"end":{"line":341,"column":27}},"86":{"start":{"line":326,"column":41},"end":{"line":326,"column":65}},"87":{"start":{"line":334,"column":39},"end":{"line":334,"column":64}},"88":{"start":{"line":353,"column":25},"end":{"line":353,"column":46}},"89":{"start":{"line":366,"column":29},"end":{"line":366,"column":54}},"90":{"start":{"line":407,"column":45},"end":{"line":407,"column":70}}},"fnMap":{"0":{"name":"(anonymous_0)","decl":{"start":{"line":59,"column":54},"end":{"line":59,"column":55}},"loc":{"start":{"line":65,"column":6},"end":{"line":430,"column":1}},"line":65},"1":{"name":"(anonymous_1)","decl":{"start":{"line":70,"column":29},"end":{"line":70,"column":30}},"loc":{"start":{"line":70,"column":56},"end":{"line":79,"column":3}},"line":70},"2":{"name":"(anonymous_2)","decl":{"start":{"line":71,"column":53},"end":{"line":71,"column":54}},"loc":{"start":{"line":71,"column":62},"end":{"line":76,"column":5}},"line":71},"3":{"name":"(anonymous_3)","decl":{"start":{"line":78,"column":19},"end":{"line":78,"column":20}},"loc":{"start":{"line":78,"column":27},"end":{"line":78,"column":68}},"line":78},"4":{"name":"(anonymous_4)","decl":{"start":{"line":94,"column":22},"end":{"line":94,"column":23}},"loc":{"start":{"line":94,"column":44},"end":{"line":108,"column":3}},"line":94},"5":{"name":"(anonymous_5)","decl":{"start":{"line":110,"column":24},"end":{"line":110,"column":25}},"loc":{"start":{"line":110,"column":46},"end":{"line":125,"column":3}},"line":110},"6":{"name":"(anonymous_6)","decl":{"start":{"line":127,"column":21},"end":{"line":127,"column":22}},"loc":{"start":{"line":127,"column":41},"end":{"line":129,"column":3}},"line":127},"7":{"name":"(anonymous_7)","decl":{"start":{"line":128,"column":19},"end":{"line":128,"column":20}},"loc":{"start":{"line":128,"column":27},"end":{"line":128,"column":60}},"line":128},"8":{"name":"(anonymous_8)","decl":{"start":{"line":128,"column":39},"end":{"line":128,"column":40}},"loc":{"start":{"line":128,"column":44},"end":{"line":128,"column":59}},"line":128},"9":{"name":"(anonymous_9)","decl":{"start":{"line":131,"column":20},"end":{"line":131,"column":21}},"loc":{"start":{"line":131,"column":46},"end":{"line":142,"column":3}},"line":131},"10":{"name":"(anonymous_10)","decl":{"start":{"line":132,"column":34},"end":{"line":132,"column":35}},"loc":{"start":{"line":132,"column":39},"end":{"line":132,"column":54}},"line":132},"11":{"name":"(anonymous_11)","decl":{"start":{"line":135,"column":19},"end":{"line":135,"column":20}},"loc":{"start":{"line":135,"column":27},"end":{"line":139,"column":5}},"line":135},"12":{"name":"(anonymous_12)","decl":{"start":{"line":135,"column":36},"end":{"line":135,"column":37}},"loc":{"start":{"line":136,"column":6},"end":{"line":138,"column":11}},"line":136},"13":{"name":"(anonymous_13)","decl":{"start":{"line":144,"column":27},"end":{"line":144,"column":28}},"loc":{"start":{"line":144,"column":65},"end":{"line":197,"column":3}},"line":144},"14":{"name":"(anonymous_14)","decl":{"start":{"line":147,"column":21},"end":{"line":147,"column":22}},"loc":{"start":{"line":147,"column":29},"end":{"line":151,"column":7}},"line":147},"15":{"name":"(anonymous_15)","decl":{"start":{"line":147,"column":38},"end":{"line":147,"column":39}},"loc":{"start":{"line":148,"column":8},"end":{"line":150,"column":13}},"line":148},"16":{"name":"(anonymous_16)","decl":{"start":{"line":157,"column":21},"end":{"line":157,"column":22}},"loc":{"start":{"line":157,"column":29},"end":{"line":167,"column":7}},"line":157},"17":{"name":"(anonymous_17)","decl":{"start":{"line":157,"column":38},"end":{"line":157,"column":39}},"loc":{"start":{"line":158,"column":8},"end":{"line":166,"column":13}},"line":158},"18":{"name":"(anonymous_18)","decl":{"start":{"line":173,"column":21},"end":{"line":173,"column":22}},"loc":{"start":{"line":173,"column":29},"end":{"line":182,"column":7}},"line":173},"19":{"name":"(anonymous_19)","decl":{"start":{"line":173,"column":38},"end":{"line":173,"column":39}},"loc":{"start":{"line":174,"column":8},"end":{"line":181,"column":13}},"line":174},"20":{"name":"(anonymous_20)","decl":{"start":{"line":189,"column":21},"end":{"line":189,"column":22}},"loc":{"start":{"line":189,"column":29},"end":{"line":193,"column":7}},"line":189},"21":{"name":"(anonymous_21)","decl":{"start":{"line":189,"column":38},"end":{"line":189,"column":39}},"loc":{"start":{"line":190,"column":8},"end":{"line":192,"column":13}},"line":190},"22":{"name":"(anonymous_22)","decl":{"start":{"line":199,"column":22},"end":{"line":199,"column":23}},"loc":{"start":{"line":199,"column":34},"end":{"line":214,"column":3}},"line":199},"23":{"name":"(anonymous_23)","decl":{"start":{"line":204,"column":44},"end":{"line":204,"column":45}},"loc":{"start":{"line":204,"column":49},"end":{"line":204,"column":95}},"line":204},"24":{"name":"(anonymous_24)","decl":{"start":{"line":216,"column":19},"end":{"line":216,"column":20}},"loc":{"start":{"line":216,"column":25},"end":{"line":219,"column":3}},"line":216},"25":{"name":"(anonymous_25)","decl":{"start":{"line":221,"column":25},"end":{"line":221,"column":26}},"loc":{"start":{"line":221,"column":52},"end":{"line":227,"column":3}},"line":221},"26":{"name":"(anonymous_26)","decl":{"start":{"line":229,"column":44},"end":{"line":229,"column":45}},"loc":{"start":{"line":229,"column":49},"end":{"line":229,"column":73}},"line":229},"27":{"name":"(anonymous_27)","decl":{"start":{"line":230,"column":40},"end":{"line":230,"column":41}},"loc":{"start":{"line":230,"column":45},"end":{"line":230,"column":65}},"line":230},"28":{"name":"(anonymous_28)","decl":{"start":{"line":277,"column":61},"end":{"line":277,"column":62}},"loc":{"start":{"line":277,"column":66},"end":{"line":277,"column":90}},"line":277},"29":{"name":"(anonymous_29)","decl":{"start":{"line":293,"column":31},"end":{"line":293,"column":32}},"loc":{"start":{"line":294,"column":16},"end":{"line":341,"column":27}},"line":294},"30":{"name":"(anonymous_30)","decl":{"start":{"line":326,"column":35},"end":{"line":326,"column":36}},"loc":{"start":{"line":326,"column":41},"end":{"line":326,"column":65}},"line":326},"31":{"name":"(anonymous_31)","decl":{"start":{"line":334,"column":33},"end":{"line":334,"column":34}},"loc":{"start":{"line":334,"column":39},"end":{"line":334,"column":64}},"line":334},"32":{"name":"(anonymous_32)","decl":{"start":{"line":353,"column":19},"end":{"line":353,"column":20}},"loc":{"start":{"line":353,"column":25},"end":{"line":353,"column":46}},"line":353},"33":{"name":"(anonymous_33)","decl":{"start":{"line":366,"column":24},"end":{"line":366,"column":25}},"loc":{"start":{"line":366,"column":29},"end":{"line":366,"column":54}},"line":366},"34":{"name":"(anonymous_34)","decl":{"start":{"line":407,"column":40},"end":{"line":407,"column":41}},"loc":{"start":{"line":407,"column":45},"end":{"line":407,"column":70}},"line":407}},"branchMap":{"0":{"loc":{"start":{"line":63,"column":2},"end":{"line":63,"column":15}},"type":"default-arg","locations":[{"start":{"line":63,"column":13},"end":{"line":63,"column":15}}],"line":63},"1":{"loc":{"start":{"line":64,"column":2},"end":{"line":64,"column":62}},"type":"default-arg","locations":[{"start":{"line":64,"column":22},"end":{"line":64,"column":62}}],"line":64},"2":{"loc":{"start":{"line":96,"column":4},"end":{"line":107,"column":5}},"type":"switch","locations":[{"start":{"line":97,"column":6},"end":{"line":98,"column":46}},{"start":{"line":99,"column":6},"end":{"line":99,"column":17}},{"start":{"line":100,"column":6},"end":{"line":101,"column":44}},{"start":{"line":102,"column":6},"end":{"line":102,"column":17}},{"start":{"line":103,"column":6},"end":{"line":104,"column":47}},{"start":{"line":105,"column":6},"end":{"line":106,"column":31}}],"line":96},"3":{"loc":{"start":{"line":111,"column":4},"end":{"line":124,"column":5}},"type":"switch","locations":[{"start":{"line":112,"column":6},"end":{"line":113,"column":69}},{"start":{"line":114,"column":6},"end":{"line":115,"column":68}},{"start":{"line":116,"column":6},"end":{"line":117,"column":77}},{"start":{"line":118,"column":6},"end":{"line":119,"column":75}},{"start":{"line":120,"column":6},"end":{"line":121,"column":66}},{"start":{"line":122,"column":6},"end":{"line":123,"column":71}}],"line":111},"4":{"loc":{"start":{"line":133,"column":4},"end":{"line":133,"column":22}},"type":"if","locations":[{"start":{"line":133,"column":4},"end":{"line":133,"column":22}},{"start":{},"end":{}}],"line":133},"5":{"loc":{"start":{"line":136,"column":6},"end":{"line":138,"column":11}},"type":"cond-expr","locations":[{"start":{"line":137,"column":10},"end":{"line":137,"column":68}},{"start":{"line":138,"column":10},"end":{"line":138,"column":11}}],"line":136},"6":{"loc":{"start":{"line":148,"column":8},"end":{"line":150,"column":13}},"type":"cond-expr","locations":[{"start":{"line":149,"column":12},"end":{"line":149,"column":55}},{"start":{"line":150,"column":12},"end":{"line":150,"column":13}}],"line":148},"7":{"loc":{"start":{"line":158,"column":8},"end":{"line":166,"column":13}},"type":"cond-expr","locations":[{"start":{"line":159,"column":12},"end":{"line":165,"column":13}},{"start":{"line":166,"column":12},"end":{"line":166,"column":13}}],"line":158},"8":{"loc":{"start":{"line":174,"column":8},"end":{"line":181,"column":13}},"type":"cond-expr","locations":[{"start":{"line":175,"column":12},"end":{"line":180,"column":13}},{"start":{"line":181,"column":12},"end":{"line":181,"column":13}}],"line":174},"9":{"loc":{"start":{"line":187,"column":27},"end":{"line":187,"column":128}},"type":"cond-expr","locations":[{"start":{"line":187,"column":86},"end":{"line":187,"column":110}},{"start":{"line":187,"column":113},"end":{"line":187,"column":128}}],"line":187},"10":{"loc":{"start":{"line":187,"column":27},"end":{"line":187,"column":83}},"type":"binary-expr","locations":[{"start":{"line":187,"column":27},"end":{"line":187,"column":32}},{"start":{"line":187,"column":36},"end":{"line":187,"column":61}},{"start":{"line":187,"column":65},"end":{"line":187,"column":83}}],"line":187},"11":{"loc":{"start":{"line":190,"column":8},"end":{"line":192,"column":13}},"type":"cond-expr","locations":[{"start":{"line":191,"column":12},"end":{"line":191,"column":58}},{"start":{"line":192,"column":12},"end":{"line":192,"column":13}}],"line":190},"12":{"loc":{"start":{"line":200,"column":4},"end":{"line":200,"column":41}},"type":"if","locations":[{"start":{"line":200,"column":4},"end":{"line":200,"column":41}},{"start":{},"end":{}}],"line":200},"13":{"loc":{"start":{"line":204,"column":49},"end":{"line":204,"column":95}},"type":"binary-expr","locations":[{"start":{"line":204,"column":49},"end":{"line":204,"column":71}},{"start":{"line":204,"column":75},"end":{"line":204,"column":95}}],"line":204},"14":{"loc":{"start":{"line":222,"column":4},"end":{"line":222,"column":38}},"type":"if","locations":[{"start":{"line":222,"column":4},"end":{"line":222,"column":38}},{"start":{},"end":{}}],"line":222},"15":{"loc":{"start":{"line":243,"column":23},"end":{"line":243,"column":65}},"type":"cond-expr","locations":[{"start":{"line":243,"column":38},"end":{"line":243,"column":52}},{"start":{"line":243,"column":55},"end":{"line":243,"column":65}}],"line":243},"16":{"loc":{"start":{"line":244,"column":19},"end":{"line":244,"column":70}},"type":"cond-expr","locations":[{"start":{"line":244,"column":34},"end":{"line":244,"column":49}},{"start":{"line":244,"column":52},"end":{"line":244,"column":70}}],"line":244},"17":{"loc":{"start":{"line":255,"column":11},"end":{"line":255,"column":75}},"type":"cond-expr","locations":[{"start":{"line":255,"column":26},"end":{"line":255,"column":51}},{"start":{"line":255,"column":54},"end":{"line":255,"column":75}}],"line":255},"18":{"loc":{"start":{"line":266,"column":7},"end":{"line":346,"column":7}},"type":"binary-expr","locations":[{"start":{"line":266,"column":7},"end":{"line":266,"column":29}},{"start":{"line":267,"column":8},"end":{"line":345,"column":15}}],"line":266},"19":{"loc":{"start":{"line":277,"column":28},"end":{"line":277,"column":91}},"type":"binary-expr","locations":[{"start":{"line":277,"column":28},"end":{"line":277,"column":39}},{"start":{"line":277,"column":43},"end":{"line":277,"column":91}}],"line":277},"20":{"loc":{"start":{"line":280,"column":19},"end":{"line":280,"column":66}},"type":"cond-expr","locations":[{"start":{"line":280,"column":33},"end":{"line":280,"column":47}},{"start":{"line":280,"column":50},"end":{"line":280,"column":66}}],"line":280},"21":{"loc":{"start":{"line":305,"column":25},"end":{"line":311,"column":25}},"type":"binary-expr","locations":[{"start":{"line":305,"column":25},"end":{"line":305,"column":48}},{"start":{"line":305,"column":52},"end":{"line":305,"column":85}},{"start":{"line":306,"column":26},"end":{"line":310,"column":28}}],"line":305},"22":{"loc":{"start":{"line":312,"column":25},"end":{"line":316,"column":25}},"type":"binary-expr","locations":[{"start":{"line":312,"column":25},"end":{"line":312,"column":41}},{"start":{"line":313,"column":26},"end":{"line":315,"column":39}}],"line":312},"23":{"loc":{"start":{"line":323,"column":23},"end":{"line":331,"column":23}},"type":"binary-expr","locations":[{"start":{"line":323,"column":23},"end":{"line":323,"column":52}},{"start":{"line":324,"column":24},"end":{"line":330,"column":37}}],"line":323},"24":{"loc":{"start":{"line":349,"column":7},"end":{"line":363,"column":7}},"type":"binary-expr","locations":[{"start":{"line":349,"column":7},"end":{"line":349,"column":18}},{"start":{"line":349,"column":22},"end":{"line":349,"column":36}},{"start":{"line":350,"column":8},"end":{"line":362,"column":16}}],"line":349},"25":{"loc":{"start":{"line":351,"column":20},"end":{"line":351,"column":58}},"type":"cond-expr","locations":[{"start":{"line":351,"column":37},"end":{"line":351,"column":46}},{"start":{"line":351,"column":49},"end":{"line":351,"column":58}}],"line":351},"26":{"loc":{"start":{"line":360,"column":13},"end":{"line":360,"column":56}},"type":"binary-expr","locations":[{"start":{"line":360,"column":13},"end":{"line":360,"column":27}},{"start":{"line":360,"column":31},"end":{"line":360,"column":56}}],"line":360},"27":{"loc":{"start":{"line":366,"column":7},"end":{"line":374,"column":7}},"type":"binary-expr","locations":[{"start":{"line":366,"column":7},"end":{"line":366,"column":55}},{"start":{"line":367,"column":8},"end":{"line":373,"column":16}}],"line":366},"28":{"loc":{"start":{"line":377,"column":7},"end":{"line":427,"column":7}},"type":"binary-expr","locations":[{"start":{"line":377,"column":7},"end":{"line":377,"column":21}},{"start":{"line":378,"column":8},"end":{"line":426,"column":15}}],"line":377}},"s":{"0":1,"1":20,"2":20,"3":20,"4":20,"5":16,"6":22,"7":16,"8":16,"9":20,"10":20,"11":2,"12":2,"13":1,"14":1,"15":0,"16":0,"17":20,"18":2,"19":2,"20":0,"21":0,"22":0,"23":0,"24":0,"25":20,"26":0,"27":0,"28":0,"29":20,"30":0,"31":0,"32":0,"33":0,"34":0,"35":0,"36":0,"37":0,"38":20,"39":0,"40":0,"41":0,"42":0,"43":0,"44":0,"45":0,"46":0,"47":0,"48":0,"49":0,"50":0,"51":0,"52":0,"53":0,"54":0,"55":0,"56":0,"57":20,"58":0,"59":0,"60":0,"61":0,"62":0,"63":0,"64":0,"65":0,"66":0,"67":0,"68":20,"69":0,"70":0,"71":20,"72":2,"73":0,"74":2,"75":2,"76":2,"77":2,"78":20,"79":2,"80":20,"81":2,"82":20,"83":20,"84":1,"85":2,"86":0,"87":0,"88":0,"89":2,"90":2},"f":{"0":20,"1":16,"2":22,"3":16,"4":2,"5":2,"6":0,"7":0,"8":0,"9":0,"10":0,"11":0,"12":0,"13":0,"14":0,"15":0,"16":0,"17":0,"18":0,"19":0,"20":0,"21":0,"22":0,"23":0,"24":0,"25":2,"26":2,"27":2,"28":1,"29":2,"30":0,"31":0,"32":0,"33":2,"34":2},"b":{"0":[19],"1":[19],"2":[1,1,1,0,0,0],"3":[2,0,0,0,0,0],"4":[0,0],"5":[0,0],"6":[0,0],"7":[0,0],"8":[0,0],"9":[0,0],"10":[0,0,0],"11":[0,0],"12":[0,0],"13":[0,0],"14":[0,2],"15":[1,19],"16":[1,19],"17":[1,19],"18":[20,1],"19":[1,1],"20":[0,1],"21":[2,0,0],"22":[2,0],"23":[2,0],"24":[20,0,0],"25":[0,0],"26":[0,0],"27":[20,0],"28":[20,1]},"_coverageSchema":"1a1c01bbd47fc00a2c39e90264f33305004495a9","hash":"bfbad347d7b4f54a2bbc65bcb8a46d9455b2417b"}
,"/Users/daniel/GitRepository/ExamCraft/frontend/src/components/DocumentUpload_simple.tsx": {"path":"/Users/daniel/GitRepository/ExamCraft/frontend/src/components/DocumentUpload_simple.tsx","statementMap":{"0":{"start":{"line":15,"column":61},"end":{"line":48,"column":1}},"1":{"start":{"line":16,"column":2},"end":{"line":47,"column":4}}},"fnMap":{"0":{"name":"(anonymous_0)","decl":{"start":{"line":15,"column":61},"end":{"line":15,"column":62}},"loc":{"start":{"line":15,"column":67},"end":{"line":48,"column":1}},"line":15}},"branchMap":{},"s":{"0":0,"1":0},"f":{"0":0},"b":{}}
,"/Users/daniel/GitRepository/ExamCraft/frontend/src/components/ExamDisplay.tsx": {"path":"/Users/daniel/GitRepository/ExamCraft/frontend/src/components/ExamDisplay.tsx","statementMap":{"0":{"start":{"line":44,"column":48},"end":{"line":270,"column":1}},"1":{"start":{"line":45,"column":40},"end":{"line":45,"column":66}},"2":{"start":{"line":46,"column":40},"end":{"line":46,"column":55}},"3":{"start":{"line":47,"column":58},"end":{"line":47,"column":69}},"4":{"start":{"line":49,"column":29},"end":{"line":58,"column":3}},"5":{"start":{"line":50,"column":4},"end":{"line":57,"column":7}},"6":{"start":{"line":51,"column":23},"end":{"line":51,"column":68}},"7":{"start":{"line":51,"column":39},"end":{"line":51,"column":67}},"8":{"start":{"line":52,"column":6},"end":{"line":56,"column":7}},"9":{"start":{"line":53,"column":8},"end":{"line":53,"column":85}},"10":{"start":{"line":53,"column":30},"end":{"line":53,"column":83}},"11":{"start":{"line":55,"column":8},"end":{"line":55,"column":49}},"12":{"start":{"line":60,"column":24},"end":{"line":62,"column":3}},"13":{"start":{"line":61,"column":4},"end":{"line":61,"column":78}},"14":{"start":{"line":61,"column":34},"end":{"line":61,"column":62}},"15":{"start":{"line":64,"column":26},"end":{"line":67,"column":3}},"16":{"start":{"line":65,"column":4},"end":{"line":65,"column":62}},"17":{"start":{"line":65,"column":49},"end":{"line":65,"column":62}},"18":{"start":{"line":66,"column":4},"end":{"line":66,"column":92}},"19":{"start":{"line":69,"column":25},"end":{"line":78,"column":3}},"20":{"start":{"line":70,"column":18},"end":{"line":70,"column":39}},"21":{"start":{"line":71,"column":20},"end":{"line":74,"column":9}},"22":{"start":{"line":72,"column":25},"end":{"line":72,"column":51}},"23":{"start":{"line":73,"column":6},"end":{"line":73,"column":71}},"24":{"start":{"line":75,"column":23},"end":{"line":75,"column":74}},"25":{"start":{"line":77,"column":4},"end":{"line":77,"column":42}},"26":{"start":{"line":80,"column":25},"end":{"line":169,"column":3}},"27":{"start":{"line":81,"column":23},"end":{"line":81,"column":49}},"28":{"start":{"line":82,"column":22},"end":{"line":82,"column":80}},"29":{"start":{"line":84,"column":4},"end":{"line":168,"column":6}},"30":{"start":{"line":118,"column":33},"end":{"line":118,"column":80}},"31":{"start":{"line":121,"column":18},"end":{"line":134,"column":20}},"32":{"start":{"line":145,"column":31},"end":{"line":145,"column":78}},"33":{"start":{"line":171,"column":16},"end":{"line":171,"column":53}},"34":{"start":{"line":173,"column":2},"end":{"line":269,"column":4}},"35":{"start":{"line":211,"column":29},"end":{"line":211,"column":49}},"36":{"start":{"line":221,"column":31},"end":{"line":221,"column":52}},"37":{"start":{"line":229,"column":31},"end":{"line":229,"column":45}},"38":{"start":{"line":248,"column":49},"end":{"line":248,"column":80}},"39":{"start":{"line":260,"column":27},"end":{"line":260,"column":47}}},"fnMap":{"0":{"name":"(anonymous_0)","decl":{"start":{"line":44,"column":48},"end":{"line":44,"column":49}},"loc":{"start":{"line":44,"column":73},"end":{"line":270,"column":1}},"line":44},"1":{"name":"(anonymous_1)","decl":{"start":{"line":49,"column":29},"end":{"line":49,"column":30}},"loc":{"start":{"line":49,"column":69},"end":{"line":58,"column":3}},"line":49},"2":{"name":"(anonymous_2)","decl":{"start":{"line":50,"column":19},"end":{"line":50,"column":20}},"loc":{"start":{"line":50,"column":27},"end":{"line":57,"column":5}},"line":50},"3":{"name":"(anonymous_3)","decl":{"start":{"line":51,"column":33},"end":{"line":51,"column":34}},"loc":{"start":{"line":51,"column":39},"end":{"line":51,"column":67}},"line":51},"4":{"name":"(anonymous_4)","decl":{"start":{"line":53,"column":24},"end":{"line":53,"column":25}},"loc":{"start":{"line":53,"column":30},"end":{"line":53,"column":83}},"line":53},"5":{"name":"(anonymous_5)","decl":{"start":{"line":60,"column":24},"end":{"line":60,"column":25}},"loc":{"start":{"line":60,"column":56},"end":{"line":62,"column":3}},"line":60},"6":{"name":"(anonymous_6)","decl":{"start":{"line":61,"column":28},"end":{"line":61,"column":29}},"loc":{"start":{"line":61,"column":34},"end":{"line":61,"column":62}},"line":61},"7":{"name":"(anonymous_7)","decl":{"start":{"line":64,"column":26},"end":{"line":64,"column":27}},"loc":{"start":{"line":64,"column":79},"end":{"line":67,"column":3}},"line":64},"8":{"name":"(anonymous_8)","decl":{"start":{"line":69,"column":25},"end":{"line":69,"column":26}},"loc":{"start":{"line":69,"column":87},"end":{"line":78,"column":3}},"line":69},"9":{"name":"(anonymous_9)","decl":{"start":{"line":71,"column":42},"end":{"line":71,"column":43}},"loc":{"start":{"line":71,"column":63},"end":{"line":74,"column":5}},"line":71},"10":{"name":"(anonymous_10)","decl":{"start":{"line":80,"column":25},"end":{"line":80,"column":26}},"loc":{"start":{"line":80,"column":64},"end":{"line":169,"column":3}},"line":80},"11":{"name":"(anonymous_11)","decl":{"start":{"line":118,"column":26},"end":{"line":118,"column":27}},"loc":{"start":{"line":118,"column":33},"end":{"line":118,"column":80}},"line":118},"12":{"name":"(anonymous_12)","decl":{"start":{"line":120,"column":38},"end":{"line":120,"column":39}},"loc":{"start":{"line":121,"column":18},"end":{"line":134,"column":20}},"line":121},"13":{"name":"(anonymous_13)","decl":{"start":{"line":145,"column":24},"end":{"line":145,"column":25}},"loc":{"start":{"line":145,"column":31},"end":{"line":145,"column":78}},"line":145},"14":{"name":"(anonymous_14)","decl":{"start":{"line":211,"column":23},"end":{"line":211,"column":24}},"loc":{"start":{"line":211,"column":29},"end":{"line":211,"column":49}},"line":211},"15":{"name":"(anonymous_15)","decl":{"start":{"line":221,"column":25},"end":{"line":221,"column":26}},"loc":{"start":{"line":221,"column":31},"end":{"line":221,"column":52}},"line":221},"16":{"name":"(anonymous_16)","decl":{"start":{"line":229,"column":25},"end":{"line":229,"column":26}},"loc":{"start":{"line":229,"column":31},"end":{"line":229,"column":45}},"line":229},"17":{"name":"(anonymous_17)","decl":{"start":{"line":248,"column":28},"end":{"line":248,"column":29}},"loc":{"start":{"line":248,"column":49},"end":{"line":248,"column":80}},"line":248},"18":{"name":"(anonymous_18)","decl":{"start":{"line":260,"column":21},"end":{"line":260,"column":22}},"loc":{"start":{"line":260,"column":27},"end":{"line":260,"column":47}},"line":260}},"branchMap":{"0":{"loc":{"start":{"line":52,"column":6},"end":{"line":56,"column":7}},"type":"if","locations":[{"start":{"line":52,"column":6},"end":{"line":56,"column":7}},{"start":{"line":54,"column":13},"end":{"line":56,"column":7}}],"line":52},"1":{"loc":{"start":{"line":53,"column":30},"end":{"line":53,"column":83}},"type":"cond-expr","locations":[{"start":{"line":53,"column":61},"end":{"line":53,"column":78}},{"start":{"line":53,"column":81},"end":{"line":53,"column":83}}],"line":53},"2":{"loc":{"start":{"line":61,"column":11},"end":{"line":61,"column":77}},"type":"binary-expr","locations":[{"start":{"line":61,"column":11},"end":{"line":61,"column":71}},{"start":{"line":61,"column":75},"end":{"line":61,"column":77}}],"line":61},"3":{"loc":{"start":{"line":65,"column":4},"end":{"line":65,"column":62}},"type":"if","locations":[{"start":{"line":65,"column":4},"end":{"line":65,"column":62}},{"start":{},"end":{}}],"line":65},"4":{"loc":{"start":{"line":65,"column":8},"end":{"line":65,"column":47}},"type":"binary-expr","locations":[{"start":{"line":65,"column":8},"end":{"line":65,"column":32}},{"start":{"line":65,"column":36},"end":{"line":65,"column":47}}],"line":65},"5":{"loc":{"start":{"line":73,"column":13},"end":{"line":73,"column":70}},"type":"cond-expr","locations":[{"start":{"line":73,"column":53},"end":{"line":73,"column":62}},{"start":{"line":73,"column":65},"end":{"line":73,"column":70}}],"line":73},"6":{"loc":{"start":{"line":75,"column":23},"end":{"line":75,"column":74}},"type":"cond-expr","locations":[{"start":{"line":75,"column":35},"end":{"line":75,"column":70}},{"start":{"line":75,"column":73},"end":{"line":75,"column":74}}],"line":75},"7":{"loc":{"start":{"line":82,"column":22},"end":{"line":82,"column":80}},"type":"cond-expr","locations":[{"start":{"line":82,"column":36},"end":{"line":82,"column":73}},{"start":{"line":82,"column":76},"end":{"line":82,"column":80}}],"line":82},"8":{"loc":{"start":{"line":85,"column":51},"end":{"line":85,"column":123}},"type":"cond-expr","locations":[{"start":{"line":85,"column":66},"end":{"line":85,"column":113}},{"start":{"line":85,"column":117},"end":{"line":85,"column":123}}],"line":85},"9":{"loc":{"start":{"line":85,"column":66},"end":{"line":85,"column":113}},"type":"cond-expr","locations":[{"start":{"line":85,"column":78},"end":{"line":85,"column":95}},{"start":{"line":85,"column":98},"end":{"line":85,"column":113}}],"line":85},"10":{"loc":{"start":{"line":99,"column":29},"end":{"line":99,"column":101}},"type":"cond-expr","locations":[{"start":{"line":99,"column":67},"end":{"line":99,"column":84}},{"start":{"line":99,"column":87},"end":{"line":99,"column":101}}],"line":99},"11":{"loc":{"start":{"line":103,"column":13},"end":{"line":111,"column":13}},"type":"binary-expr","locations":[{"start":{"line":103,"column":13},"end":{"line":103,"column":24}},{"start":{"line":104,"column":14},"end":{"line":110,"column":20}}],"line":103},"12":{"loc":{"start":{"line":105,"column":17},"end":{"line":109,"column":17}},"type":"cond-expr","locations":[{"start":{"line":106,"column":18},"end":{"line":106,"column":49}},{"start":{"line":108,"column":18},"end":{"line":108,"column":42}}],"line":105},"13":{"loc":{"start":{"line":114,"column":11},"end":{"line":149,"column":11}},"type":"cond-expr","locations":[{"start":{"line":115,"column":12},"end":{"line":137,"column":26}},{"start":{"line":139,"column":12},"end":{"line":148,"column":14}}],"line":114},"14":{"loc":{"start":{"line":114,"column":11},"end":{"line":114,"column":66}},"type":"binary-expr","locations":[{"start":{"line":114,"column":11},"end":{"line":114,"column":46}},{"start":{"line":114,"column":50},"end":{"line":114,"column":66}}],"line":114},"15":{"loc":{"start":{"line":128,"column":39},"end":{"line":128,"column":122}},"type":"cond-expr","locations":[{"start":{"line":128,"column":91},"end":{"line":128,"column":106}},{"start":{"line":128,"column":109},"end":{"line":128,"column":122}}],"line":128},"16":{"loc":{"start":{"line":128,"column":39},"end":{"line":128,"column":88}},"type":"binary-expr","locations":[{"start":{"line":128,"column":39},"end":{"line":128,"column":50}},{"start":{"line":128,"column":54},"end":{"line":128,"column":88}}],"line":128},"17":{"loc":{"start":{"line":151,"column":11},"end":{"line":165,"column":11}},"type":"binary-expr","locations":[{"start":{"line":151,"column":11},"end":{"line":151,"column":22}},{"start":{"line":151,"column":26},"end":{"line":151,"column":46}},{"start":{"line":152,"column":12},"end":{"line":164,"column":24}}],"line":151},"18":{"loc":{"start":{"line":171,"column":16},"end":{"line":171,"column":53}},"type":"cond-expr","locations":[{"start":{"line":171,"column":30},"end":{"line":171,"column":46}},{"start":{"line":171,"column":49},"end":{"line":171,"column":53}}],"line":171},"19":{"loc":{"start":{"line":196,"column":9},"end":{"line":205,"column":9}},"type":"binary-expr","locations":[{"start":{"line":196,"column":9},"end":{"line":196,"column":20}},{"start":{"line":196,"column":24},"end":{"line":196,"column":29}},{"start":{"line":197,"column":10},"end":{"line":204,"column":18}}],"line":196},"20":{"loc":{"start":{"line":198,"column":22},"end":{"line":198,"column":103}},"type":"cond-expr","locations":[{"start":{"line":198,"column":47},"end":{"line":198,"column":56}},{"start":{"line":198,"column":59},"end":{"line":198,"column":103}}],"line":198},"21":{"loc":{"start":{"line":198,"column":59},"end":{"line":198,"column":103}},"type":"cond-expr","locations":[{"start":{"line":198,"column":84},"end":{"line":198,"column":93}},{"start":{"line":198,"column":96},"end":{"line":198,"column":103}}],"line":198},"22":{"loc":{"start":{"line":208,"column":11},"end":{"line":234,"column":11}},"type":"cond-expr","locations":[{"start":{"line":209,"column":12},"end":{"line":216,"column":21}},{"start":{"line":218,"column":12},"end":{"line":233,"column":15}}],"line":208},"23":{"loc":{"start":{"line":252,"column":7},"end":{"line":267,"column":7}},"type":"binary-expr","locations":[{"start":{"line":252,"column":7},"end":{"line":252,"column":19}},{"start":{"line":253,"column":8},"end":{"line":266,"column":16}}],"line":252}},"s":{"0":0,"1":0,"2":0,"3":0,"4":0,"5":0,"6":0,"7":0,"8":0,"9":0,"10":0,"11":0,"12":0,"13":0,"14":0,"15":0,"16":0,"17":0,"18":0,"19":0,"20":0,"21":0,"22":0,"23":0,"24":0,"25":0,"26":0,"27":0,"28":0,"29":0,"30":0,"31":0,"32":0,"33":0,"34":0,"35":0,"36":0,"37":0,"38":0,"39":0},"f":{"0":0,"1":0,"2":0,"3":0,"4":0,"5":0,"6":0,"7":0,"8":0,"9":0,"10":0,"11":0,"12":0,"13":0,"14":0,"15":0,"16":0,"17":0,"18":0},"b":{"0":[0,0],"1":[0,0],"2":[0,0],"3":[0,0],"4":[0,0],"5":[0,0],"6":[0,0],"7":[0,0],"8":[0,0],"9":[0,0],"10":[0,0],"11":[0,0],"12":[0,0],"13":[0,0],"14":[0,0],"15":[0,0],"16":[0,0],"17":[0,0,0],"18":[0,0],"19":[0,0,0],"20":[0,0],"21":[0,0],"22":[0,0],"23":[0,0]}}
,"/Users/daniel/GitRepository/ExamCraft/frontend/src/components/RAGExamCreator.tsx": {"path":"/Users/daniel/GitRepository/ExamCraft/frontend/src/components/RAGExamCreator.tsx","statementMap":{"0":{"start":{"line":63,"column":54},"end":{"line":611,"column":1}},"1":{"start":{"line":68,"column":38},"end":{"line":68,"column":49}},"2":{"start":{"line":69,"column":32},"end":{"line":69,"column":47}},"3":{"start":{"line":70,"column":28},"end":{"line":70,"column":57}},"4":{"start":{"line":73,"column":54},"end":{"line":73,"column":78}},"5":{"start":{"line":74,"column":42},"end":{"line":74,"column":79}},"6":{"start":{"line":77,"column":38},"end":{"line":85,"column":4}},"7":{"start":{"line":88,"column":44},"end":{"line":88,"column":88}},"8":{"start":{"line":91,"column":46},"end":{"line":95,"column":17}},"9":{"start":{"line":98,"column":44},"end":{"line":98,"column":82}},"10":{"start":{"line":100,"column":2},"end":{"line":102,"column":9}},"11":{"start":{"line":101,"column":4},"end":{"line":101,"column":22}},"12":{"start":{"line":104,"column":2},"end":{"line":106,"column":21}},"13":{"start":{"line":105,"column":4},"end":{"line":105,"column":69}},"14":{"start":{"line":105,"column":27},"end":{"line":105,"column":66}},"15":{"start":{"line":108,"column":26},"end":{"line":125,"column":3}},"16":{"start":{"line":109,"column":4},"end":{"line":124,"column":5}},"17":{"start":{"line":110,"column":6},"end":{"line":110,"column":23}},"18":{"start":{"line":113,"column":27},"end":{"line":113,"column":76}},"19":{"start":{"line":114,"column":6},"end":{"line":114,"column":52}},"20":{"start":{"line":117,"column":28},"end":{"line":117,"column":63}},"21":{"start":{"line":118,"column":6},"end":{"line":118,"column":38}},"22":{"start":{"line":121,"column":6},"end":{"line":121,"column":83}},"23":{"start":{"line":123,"column":6},"end":{"line":123,"column":24}},"24":{"start":{"line":127,"column":34},"end":{"line":133,"column":3}},"25":{"start":{"line":128,"column":4},"end":{"line":132,"column":6}},"26":{"start":{"line":129,"column":6},"end":{"line":131,"column":31}},"27":{"start":{"line":130,"column":28},"end":{"line":130,"column":45}},"28":{"start":{"line":135,"column":31},"end":{"line":161,"column":3}},"29":{"start":{"line":136,"column":4},"end":{"line":139,"column":5}},"30":{"start":{"line":137,"column":6},"end":{"line":137,"column":92}},"31":{"start":{"line":138,"column":6},"end":{"line":138,"column":13}},"32":{"start":{"line":141,"column":4},"end":{"line":160,"column":5}},"33":{"start":{"line":142,"column":6},"end":{"line":142,"column":23}},"34":{"start":{"line":143,"column":6},"end":{"line":143,"column":21}},"35":{"start":{"line":145,"column":22},"end":{"line":145,"column":85}},"36":{"start":{"line":146,"column":6},"end":{"line":146,"column":33}},"37":{"start":{"line":149,"column":6},"end":{"line":154,"column":7}},"38":{"start":{"line":150,"column":8},"end":{"line":153,"column":12}},"39":{"start":{"line":150,"column":31},"end
[...]
art":{"line":76,"column":6},"end":{"line":76,"column":100}},"19":{"start":{"line":79,"column":4},"end":{"line":79,"column":27}},"20":{"start":{"line":86,"column":21},"end":{"line":91,"column":6}},"21":{"start":{"line":93,"column":4},"end":{"line":96,"column":5}},"22":{"start":{"line":94,"column":24},"end":{"line":94,"column":63}},"23":{"start":{"line":94,"column":59},"end":{"line":94,"column":61}},"24":{"start":{"line":95,"column":6},"end":{"line":95,"column":93}},"25":{"start":{"line":98,"column":4},"end":{"line":98,"column":27}},"26":{"start":{"line":112,"column":4},"end":{"line":137,"column":5}},"27":{"start":{"line":113,"column":22},"end":{"line":113,"column":77}},"28":{"start":{"line":116,"column":33},"end":{"line":119,"column":7}},"29":{"start":{"line":122,"column":26},"end":{"line":122,"column":86}},"30":{"start":{"line":122,"column":62},"end":{"line":122,"column":74}},"31":{"start":{"line":123,"column":26},"end":{"line":128,"column":14}},"32":{"start":{"line":130,"column":6},"end":{"line":134,"column":8}},"33":{"start":{"line":136,"column":6},"end":{"line":136,"column":154}},"34":{"start":{"line":144,"column":29},"end":{"line":144,"column":31}},"35":{"start":{"line":146,"column":4},"end":{"line":148,"column":5}},"36":{"start":{"line":147,"column":6},"end":{"line":147,"column":63}},"37":{"start":{"line":150,"column":4},"end":{"line":152,"column":5}},"38":{"start":{"line":151,"column":6},"end":{"line":151,"column":65}},"39":{"start":{"line":154,"column":4},"end":{"line":156,"column":5}},"40":{"start":{"line":155,"column":6},"end":{"line":155,"column":68}},"41":{"start":{"line":158,"column":31},"end":{"line":158,"column":78}},"42":{"start":{"line":159,"column":25},"end":{"line":159,"column":98}},"43":{"start":{"line":159,"column":63},"end":{"line":159,"column":97}},"44":{"start":{"line":160,"column":4},"end":{"line":162,"column":5}},"45":{"start":{"line":161,"column":6},"end":{"line":161,"column":70}},"46":{"start":{"line":164,"column":30},"end":{"line":164,"column":56}},"47":{"start":{"line":165,"column":4},"end":{"line":167,"column":5}},"48":{"start":{"line":166,"column":6},"end":{"line":166,"column":51}},"49":{"start":{"line":169,"column":27},"end":{"line":169,"column":39}},"50":{"start":{"line":170,"column":4},"end":{"line":172,"column":5}},"51":{"start":{"line":171,"column":6},"end":{"line":171,"column":39}},"52":{"start":{"line":174,"column":4},"end":{"line":176,"column":5}},"53":{"start":{"line":175,"column":6},"end":{"line":175,"column":68}},"54":{"start":{"line":178,"column":4},"end":{"line":178,"column":18}},"55":{"start":{"line":194,"column":35},"end":{"line":197,"column":5}},"56":{"start":{"line":199,"column":4},"end":{"line":199,"column":69}},"57":{"start":{"line":201,"column":47},"end":{"line":201,"column":66}},"58":{"start":{"line":202,"column":4},"end":{"line":204,"column":5}},"59":{"start":{"line":203,"column":6},"end":{"line":203,"column":50}},"60":{"start":{"line":205,"column":4},"end":{"line":207,"column":5}},"61":{"start":{"line":206,"column":6},"end":{"line":206,"column":50}},"62":{"start":{"line":209,"column":32},"end":{"line":209,"column":40}},"63":{"start":{"line":210,"column":4},"end":{"line":214,"column":5}},"64":{"start":{"line":211,"column":6},"end":{"line":211,"column":37}},"65":{"start":{"line":212,"column":11},"end":{"line":214,"column":5}},"66":{"start":{"line":213,"column":6},"end":{"line":213,"column":37}},"67":{"start":{"line":217,"column":4},"end":{"line":223,"column":5}},"68":{"start":{"line":218,"column":6},"end":{"line":218,"column":91}},"69":{"start":{"line":219,"column":11},"end":{"line":223,"column":5}},"70":{"start":{"line":220,"column":6},"end":{"line":220,"column":84}},"71":{"start":{"line":221,"column":11},"end":{"line":223,"column":5}},"72":{"start":{"line":222,"column":6},"end":{"line":222,"column":98}},"73":{"start":{"line":225,"column":4},"end":{"line":230,"column":6}},"74":{"start":{"line":237,"column":4},"end":{"line":257,"column":6}},"75":{"start":{"line":240,"column":54},"end":{"line":250,"column":7}},"76":{"start":{"line":264,"column":4},"end":{"line":266,"column":5}},"77":{"start":{"line":265,"column":6},"end":{"line":265,"column":46}},"78":{"start":{"line":269,"column":17},"end":{"line":269,"column":50}},"79":{"start":{"line":270,"column":4},"end":{"line":270,"column":70}},"80":{"start":{"line":271,"column":4},"end":{"line":271,"column":46}},"81":{"start":{"line":272,"column":4},"end":{"line":272,"column":77}},"82":{"start":{"line":274,"column":4},"end":{"line":274,"column":34}},"83":{"start":{"line":275,"column":4},"end":{"line":277,"column":7}},"84":{"start":{"line":276,"column":6},"end":{"line":276,"column":70}},"85":{"start":{"line":278,"column":4},"end":{"line":278,"column":19}},"86":{"start":{"line":280,"column":4},"end":{"line":280,"column":37}},"87":{"start":{"line":281,"column":4},"end":{"line":281,"column":106}},"88":{"start":{"line":282,"column":4},"end":{"line":282,"column":92}},"89":{"start":{"line":283,"column":4},"end":{"line":283,"column":96}},"90":{"start":{"line":285,"column":4},"end":{"line":301,"column":7}},"91":{"start":{"line":286,"column":6},"end":{"line":286,"column":92}},"92":{"start":{"line":287,"column":6},"end":{"line":287,"column":46}},"93":{"start":{"line":289,"column":6},"end":{"line":293,"column":7}},"94":{"start":{"line":290,"column":8},"end":{"line":292,"column":11}},"95":{"start":{"line":291,"column":10},"end":{"line":291,"column":34}},"96":{"start":{"line":295,"column":6},"end":{"line":295,"column":56}},"97":{"start":{"line":296,"column":6},"end":{"line":298,"column":7}},"98":{"start":{"line":297,"column":8},"end":{"line":297,"column":128}},"99":{"start":{"line":299,"column":6},"end":{"line":299,"column":71}},"100":{"start":{"line":300,"column":6},"end":{"line":300,"column":71}},"101":{"start":{"line":303,"column":4},"end":{"line":303,"column":18}}},"fnMap":{"0":{"name":"(anonymous_0)","decl":{"start":{"line":14,"column":2},"end":{"line":14,"column":3}},"loc":{"start":{"line":14,"column":82},"end":{"line":29,"column":3}},"line":14},"1":{"name":"(anonymous_1)","decl":{"start":{"line":24,"column":52},"end":{"line":24,"column":53}},"loc":{"start":{"line":24,"column":59},"end":{"line":24,"column":61}},"line":24},"2":{"name":"(anonymous_2)","decl":{"start":{"line":34,"column":2},"end":{"line":34,"column":3}},"loc":{"start":{"line":39,"column":32},"end":{"line":61,"column":3}},"line":39},"3":{"name":"(anonymous_3)","decl":{"start":{"line":56,"column":52},"end":{"line":56,"column":53}},"loc":{"start":{"line":56,"column":59},"end":{"line":56,"column":61}},"line":56},"4":{"name":"(anonymous_4)","decl":{"start":{"line":66,"column":2},"end":{"line":66,"column":3}},"loc":{"start":{"line":66,"column":66},"end":{"line":80,"column":3}},"line":66},"5":{"name":"(anonymous_5)","decl":{"start":{"line":75,"column":52},"end":{"line":75,"column":53}},"loc":{"start":{"line":75,"column":59},"end":{"line":75,"column":61}},"line":75},"6":{"name":"(anonymous_6)","decl":{"start":{"line":85,"column":2},"end":{"line":85,"column":3}},"loc":{"start":{"line":85,"column":43},"end":{"line":99,"column":3}},"line":85},"7":{"name":"(anonymous_7)","decl":{"start":{"line":94,"column":52},"end":{"line":94,"column":53}},"loc":{"start":{"line":94,"column":59},"end":{"line":94,"column":61}},"line":94},"8":{"name":"(anonymous_8)","decl":{"start":{"line":104,"column":2},"end":{"line":104,"column":3}},"loc":{"start":{"line":111,"column":5},"end":{"line":138,"column":3}},"line":111},"9":{"name":"(anonymous_9)","decl":{"start":{"line":122,"column":55},"end":{"line":122,"column":56}},"loc":{"start":{"line":122,"column":62},"end":{"line":122,"column":74}},"line":122},"10":{"name":"(anonymous_10)","decl":{"start":{"line":143,"column":2},"end":{"line":143,"column":3}},"loc":{"start":{"line":143,"column":63},"end":{"line":179,"column":3}},"line":143},"11":{"name":"(anonymous_11)","decl":{"start":{"line":159,"column":55},"end":{"line":159,"column":56}},"loc":{"start":{"line":159,"column":63},"end":{"line":159,"column":97}},"line":159},"12":{"name":"(anonymous_12)","decl":{"start":{"line":184,"column":2},"end":{"line":184,"column":3}},"loc":{"start":{"line":193,"column":4},"end":{"line":231,"column":3}},"line":193},"13":{"name":"(anonymous_13)","decl":{"start":{"line":236,"column":2},"end":{"line":236,"column":3}},"loc":{"start":{"line":236,"column":64},"end":{"line":258,"column":3}},"line":236},"14":{"name":"(anonymous_14)","decl":{"start":{"line":240,"column":39},"end":{"line":240,"column":40}},"loc":{"start":{"line":240,"column":54},"end":{"line":250,"column":7}},"line":240},"15":{"name":"(anonymous_15)","decl":{"start":{"line":263,"column":2},"end":{"line":263,"column":3}},"loc":{"start":{"line":263,"column":90},"end":{"line":304,"column":3}},"line":263},"16":{"name":"(anonymous_16)","decl":{"start":{"line":275,"column":53},"end":{"line":275,"column":54}},"loc":{"start":{"line":275,"column":60},"end":{"line":277,"column":5}},"line":275},"17":{"name":"(anonymous_17)","decl":{"start":{"line":285,"column":30},"end":{"line":285,"column":31}},"loc":{"start":{"line":285,"column":51},"end":{"line":301,"column":5}},"line":285},"18":{"name":"(anonymous_18)","decl":{"start":{"line":290,"column":33},"end":{"line":290,"column":34}},"loc":{"start":{"line":290,"column":43},"end":{"line":292,"column":9}},"line":290}},"branchMap":{"0":{"loc":{"start":{"line":8,"column":21},"end":{"line":8,"column":77}},"type":"binary-expr","locations":[{"start":{"line":8,"column":21},"end":{"line":8,"column":50}},{"start":{"line":8,"column":54},"end":{"line":8,"column":77}}],"line":8},"1":{"loc":{"start":{"line":23,"column":4},"end":{"line":26,"column":5}},"type":"if","locations":[{"start":{"line":23,"column":4},"end":{"line":26,"column":5}},{"start":{},"end":{}}],"line":23},"2":{"loc":{"start":{"line":25,"column":22},"end":{"line":25,"column":94}},"type":"binary-expr","locations":[{"start":{"line":25,"column":22},"end":{"line":25,"column":38}},{"start":{"line":25,"column":42},"end":{"line":25,"column":94}}],"line":25},"3":{"loc":{"start":{"line":37,"column":4},"end":{"line":37,"column":25}},"type":"default-arg","locations":[{"start":{"line":37,"column":24},"end":{"line":37,"column":25}}],"line":37},"4":{"loc":{"start":{"line":38,"column":4},"end":{"line":38,"column":31}},"type":"default-arg","locations":[{"start":{"line":38,"column":28},"end":{"line":38,"column":31}}],"line":38},"5":{"loc":{"start":{"line":55,"column":4},"end":{"line":58,"column":5}},"type":"if","locations":[{"start":{"line":55,"column":4},"end":{"line":58,"column":5}},{"start":{},"end":{}}],"line":55},"6":{"loc":{"start":{"line":57,"column":22},"end":{"line":57,"column":92}},"type":"binary-expr","locations":[{"start":{"line":57,"column":22},"end":{"line":57,"column":38}},{"start":{"line":57,"column":42},"end":{"line":57,"column":92}}],"line":57},"7":{"loc":{"start":{"line":74,"column":4},"end":{"line":77,"column":5}},"type":"if","locations":[{"start":{"line":74,"column":4},"end":{"line":77,"column":5}},{"start":{},"end":{}}],"line":74},"8":{"loc":{"start":{"line":76,"column":22},"end":{"line":76,"column":98}},"type":"binary-expr","locations":[{"start":{"line":76,"column":22},"end":{"line":76,"column":38}},{"start":{"line":76,"column":42},"end":{"line":76,"column":98}}],"line":76},"9":{"loc":{"start":{"line":93,"column":4},"end":{"line":96,"column":5}},"type":"if","locations":[{"start":{"line":93,"column":4},"end":{"line":96,"column":5}},{"start":{},"end":{}}],"line":93},"10":{"loc":{"start":{"line":95,"column":22},"end":{"line":95,"column":91}},"type":"binary-expr","locations":[{"start":{"line":95,"column":22},"end":{"line":95,"column":38}},{"start":{"line":95,"column":42},"end":{"line":95,"column":91}}],"line":95},"11":{"loc":{"start":{"line":136,"column":49},"end":{"line":136,"column":150}},"type":"cond-expr","locations":[{"start":{"line":136,"column":108},"end":{"line":136,"column":132}},{"start":{"line":136,"column":135},"end":{"line":136,"column":150}}],"line":136},"12":{"loc":{"start":{"line":136,"column":49},"end":{"line":136,"column":105}},"type":"binary-expr","locations":[{"start":{"line":136,"column":49},"end":{"line":136,"column":54}},{"start":{"line":136,"column":58},"end":{"line":136,"column":83}},{"start":{"line":136,"column":87},"end":{"line":136,"column":105}}],"line":136},"13":{"loc":{"start":{"line":146,"column":4},"end":{"line":148,"column":5}},"type":"if","locations":[{"start":{"line":146,"column":4},"end":{"line":148,"column":5}},{"start":{},"end":{}}],"line":146},"14":{"loc":{"start":{"line":146,"column":8},"end":{"line":146,"column":57}},"type":"binary-expr","locations":[{"start":{"line":146,"column":8},"end":{"line":146,"column":22}},{"start":{"line":146,"column":26},"end":{"line":146,"column":57}}],"line":146},"15":{"loc":{"start":{"line":150,"column":4},"end":{"line":152,"column":5}},"type":"if","locations":[{"start":{"line":150,"column":4},"end":{"line":152,"column":5}},{"start":{},"end":{}}],"line":150},"16":{"loc":{"start":{"line":150,"column":8},"end":{"line":150,"column":65}},"type":"binary-expr","locations":[{"start":{"line":150,"column":8},"end":{"line":150,"column":34}},{"start":{"line":150,"column":38},"end":{"line":150,"column":65}}],"line":150},"17":{"loc":{"start":{"line":154,"column":4},"end":{"line":156,"column":5}},"type":"if","locations":[{"start":{"line":154,"column":4},"end":{"line":156,"column":5}},{"start":{},"end":{}}],"line":154},"18":{"loc":{"start":{"line":154,"column":8},"end":{"line":154,"column":70}},"type":"binary-expr","locations":[{"start":{"line":154,"column":8},"end":{"line":154,"column":31}},{"start":{"line":154,"column":35},"end":{"line":154,"column":70}}],"line":154},"19":{"loc":{"start":{"line":160,"column":4},"end":{"line":162,"column":5}},"type":"if","locations":[{"start":{"line":160,"column":4},"end":{"line":162,"column":5}},{"start":{},"end":{}}],"line":160},"20":{"loc":{"start":{"line":165,"column":4},"end":{"line":167,"column":5}},"type":"if","locations":[{"start":{"line":165,"column":4},"end":{"line":167,"column":5}},{"start":{},"end":{}}],"line":165},"21":{"loc":{"start":{"line":170,"column":4},"end":{"line":172,"column":5}},"type":"if","locations":[{"start":{"line":170,"column":4},"end":{"line":172,"column":5}},{"start":{},"end":{}}],"line":170},"22":{"loc":{"start":{"line":174,"column":4},"end":{"line":176,"column":5}},"type":"if","locations":[{"start":{"line":174,"column":4},"end":{"line":176,"column":5}},{"start":{},"end":{}}],"line":174},"23":{"loc":{"start":{"line":174,"column":8},"end":{"line":174,"column":65}},"type":"binary-expr","locations":[{"start":{"line":174,"column":8},"end":{"line":174,"column":28}},{"start":{"line":174,"column":32},"end":{"line":174,"column":65}}],"line":174},"24":{"loc":{"start":{"line":202,"column":4},"end":{"line":204,"column":5}},"type":"if","locations":[{"start":{"line":202,"column":4},"end":{"line":204,"column":5}},{"start":{},"end":{}}],"line":202},"25":{"loc":{"start":{"line":205,"column":4},"end":{"line":207,"column":5}},"type":"if","locations":[{"start":{"line":205,"column":4},"end":{"line":207,"column":5}},{"start":{},"end":{}}],"line":205},"26":{"loc":{"start":{"line":210,"column":4},"end":{"line":214,"column":5}},"type":"if","locations":[{"start":{"line":210,"column":4},"end":{"line":214,"column":5}},{"start":{"line":212,"column":11},"end":{"line":214,"column":5}}],"line":210},"27":{"loc":{"start":{"line":212,"column":11},"end":{"line":214,"column":5}},"type":"if","locations":[{"start":{"line":212,"column":11},"end":{"line":214,"column":5}},{"start":{},"end":{}}],"line":212},"28":{"loc":{"start":{"line":217,"column":4},"end":{"line":223,"column":5}},"type":"if","locations":[{"start":{"line":217,"column":4},"end":{"line":223,"column":5}},{"start":{"line":219,"column":11},"end":{"line":223,"column":5}}],"line":217},"29":{"loc":{"start":{"line":219,"column":11},"end":{"line":223,"column":5}},"type":"if","locations":[{"start":{"line":219,"column":11},"end":{"line":223,"column":5}},{"start":{"line":221,"column":11},"end":{"line":223,"column":5}}],"line":219},"30":{"loc":{"start":{"line":221,"column":11},"end":{"line":223,"column":5}},"type":"if","locations":[{"start":{"line":221,"column":11},"end":{"line":223,"column":5}},{"start":{},"end":{}}],"line":221},"31":{"loc":{"start":{"line":221,"column":15},"end":{"line":221,"column":53}},"type":"binary-expr","locations":[{"start":{"line":221,"column":15},"end":{"line":221,"column":34}},{"start":{"line":221,"column":38},"end":{"line":221,"column":53}}],"line":221},"32":{"loc":{"start":{"line":244,"column":17},"end":{"line":244,"column":32}},"type":"binary-expr","locations":[{"start":{"line":244,"column":17},"end":{"line":244,"column":26}},{"start":{"line":244,"column":30},"end":{"line":244,"column":32}}],"line":244},"33":{"loc":{"start":{"line":246,"column":21},"end":{"line":246,"column":92}},"type":"cond-expr","locations":[{"start":{"line":246,"column":52},"end":{"line":246,"column":76}},{"start":{"line":246,"column":79},"end":{"line":246,"column":92}}],"line":246},"34":{"loc":{"start":{"line":263,"column":49},"end":{"line":263,"column":80}},"type":"default-arg","locations":[{"start":{"line":263,"column":74},"end":{"line":263,"column":80}}],"line":263},"35":{"loc":{"start":{"line":264,"column":4},"end":{"line":266,"column":5}},"type":"if","locations":[{"start":{"line":264,"column":4},"end":{"line":266,"column":5}},{"start":{},"end":{}}],"line":264},"36":{"loc":{"start":{"line":289,"column":6},"end":{"line":293,"column":7}},"type":"if","locations":[{"start":{"line":289,"column":6},"end":{"line":293,"column":7}},{"start":{},"end":{}}],"line":289},"37":{"loc":{"start":{"line":296,"column":6},"end":{"line":298,"column":7}},"type":"if","locations":[{"start":{"line":296,"column":6},"end":{"line":298,"column":7}},{"start":{},"end":{}}],"line":296},"38":{"loc":{"start":{"line":297,"column":32},"end":{"line":297,"column":123}},"type":"cond-expr","locations":[{"start":{"line":297,"column":70},"end":{"line":297,"column":100}},{"start":{"line":297,"column":103},"end":{"line":297,"column":123}}],"line":297}},"s":{"0":2,"1":3,"2":2,"3":1,"4":0,"5":1,"6":1,"7":8,"8":8,"9":7,"10":1,"11":0,"12":1,"13":6,"14":7,"15":6,"16":2,"17":1,"18":2,"19":4,"20":2,"21":2,"22":1,"23":0,"24":1,"25":1,"26":5,"27":5,"28":4,"29":4,"30":6,"31":4,"32":4,"33":1,"34":8,"35":8,"36":1,"37":8,"38":1,"39":8,"40":1,"41":8,"42":8,"43":13,"44":8,"45":1,"46":8,"47":8,"48":1,"49":8,"50":8,"51":1,"52":8,"53":1,"54":8,"55":6,"56":6,"57":6,"58":6,"59":2,"60":6,"61":2,"62":6,"63":6,"64":2,"65":4,"66":1,"67":6,"68":2,"69":4,"70":1,"71":3,"72":1,"73":6,"74":2,"75":4,"76":3,"77":1,"78":2,"79":2,"80":2,"81":2,"82":2,"83":2,"84":4,"85":2,"86":2,"87":2,"88":2,"89":2,"90":2,"91":3,"92":3,"93":3,"94":1,"95":4,"96":3,"97":3,"98":3,"99":3,"100":3,"101":2},"f":{"0":3,"1":0,"2":8,"3":0,"4":7,"5":1,"6":2,"7":0,"8":5,"9":6,"10":8,"11":13,"12":6,"13":2,"14":4,"15":3,"16":4,"17":3,"18":4},"b":{"0":[2,0],"1":[1,1],"2":[1,0],"3":[2],"4":[2],"5":[1,6],"6":[1,0],"7":[2,4],"8":[2,1],"9":[1,1],"10":[1,0],"11":[1,0],"12":[1,1,1],"13":[1,7],"14":[8,8],"15":[1,7],"16":[8,8],"17":[1,7],"18":[8,8],"19":[1,7],"20":[1,7],"21":[1,7],"22":[1,7],"23":[8,8],"24":[2,4],"25":[2,4],"26":[2,4],"27":[1,3],"28":[2,4],"29":[1,3],"30":[1,2],"31":[3,1],"32":[4,2],"33":[2,2],"34":[0],"35":[1,2],"36":[1,2],"37":[3,0],"38":[2,1]},"_coverageSchema":"1a1c01bbd47fc00a2c39e90264f33305004495a9","hash":"8d7bb89e1e3bf1488ef2391506d17663a6834e36"}
,"/Users/daniel/GitRepository/ExamCraft/frontend/src/types/document.ts": {"path":"/Users/daniel/GitRepository/ExamCraft/frontend/src/types/document.ts","statementMap":{},"fnMap":{},"branchMap":{},"s":{},"f":{},"b":{},"_coverageSchema":"1a1c01bbd47fc00a2c39e90264f33305004495a9","hash":"0002ba5f9057d80d5d7018dc06912212b612be23"}
,"/Users/daniel/GitRepository/ExamCraft/frontend/src/types/exam.ts": {"path":"/Users/daniel/GitRepository/ExamCraft/frontend/src/types/exam.ts","statementMap":{},"fnMap":{},"branchMap":{},"s":{},"f":{},"b":{}}
}
