TN:
SF:src/App.tsx
FN:33,App
FN:51,(anonymous_1)
FN:70,(anonymous_2)
FN:83,(anonymous_3)
FN:85,(anonymous_4)
FN:88,(anonymous_5)
FN:93,(anonymous_6)
FN:98,(anonymous_7)
FN:103,(anonymous_8)
FN:132,(anonymous_9)
FN:160,(anonymous_10)
FN:172,(anonymous_11)
FN:187,(anonymous_12)
FN:201,(anonymous_13)
FN:214,(anonymous_14)
FN:219,(anonymous_15)
FN:221,(anonymous_16)
FN:271,(anonymous_17)
FN:271,(anonymous_18)
FN:346,(anonymous_19)
FNF:20
FNH:0
FNDA:0,App
FNDA:0,(anonymous_1)
FNDA:0,(anonymous_2)
FNDA:0,(anonymous_3)
FNDA:0,(anonymous_4)
FNDA:0,(anonymous_5)
FNDA:0,(anonymous_6)
FNDA:0,(anonymous_7)
FNDA:0,(anonymous_8)
FNDA:0,(anonymous_9)
FNDA:0,(anonymous_10)
FNDA:0,(anonymous_11)
FNDA:0,(anonymous_12)
FNDA:0,(anonymous_13)
FNDA:0,(anonymous_14)
FNDA:0,(anonymous_15)
FNDA:0,(anonymous_16)
FNDA:0,(anonymous_17)
FNDA:0,(anonymous_18)
FNDA:0,(anonymous_19)
DA:34,0
DA:42,0
DA:43,0
DA:44,0
DA:45,0
DA:46,0
DA:47,0
DA:48,0
DA:49,0
DA:51,0
DA:52,0
DA:53,0
DA:54,0
DA:57,0
DA:58,0
DA:60,0
DA:61,0
DA:62,0
DA:64,0
DA:66,0
DA:70,0
DA:71,0
DA:72,0
DA:73,0
DA:74,0
DA:83,0
DA:84,0
DA:85,0
DA:88,0
DA:89,0
DA:90,0
DA:93,0
DA:94,0
DA:95,0
DA:98,0
DA:99,0
DA:100,0
DA:103,0
DA:104,0
DA:105,0
DA:108,0
DA:132,0
DA:160,0
DA:172,0
DA:187,0
DA:201,0
DA:215,0
DA:220,0
DA:221,0
DA:223,0
DA:271,0
DA:346,0
LF:52
LH:0
BRDA:52,0,0,0
BRDA:52,0,1,0
BRDA:64,1,0,0
BRDA:64,1,1,0
BRDA:126,2,0,0
BRDA:126,2,1,0
BRDA:126,3,0,0
BRDA:126,3,1,0
BRDA:126,3,2,0
BRDA:144,4,0,0
BRDA:144,4,1,0
BRDA:189,5,0,0
BRDA:189,5,1,0
BRDA:217,6,0,0
BRDA:217,6,1,0
BRDA:218,7,0,0
BRDA:218,7,1,0
BRDA:220,8,0,0
BRDA:220,8,1,0
BRDA:232,9,0,0
BRDA:232,9,1,0
BRDA:243,10,0,0
BRDA:243,10,1,0
BRDA:244,11,0,0
BRDA:244,11,1,0
BRDA:247,12,0,0
BRDA:247,12,1,0
BRDA:253,13,0,0
BRDA:253,13,1,0
BRDA:285,14,0,0
BRDA:285,14,1,0
BRDA:306,15,0,0
BRDA:306,15,1,0
BRDA:327,16,0,0
BRDA:327,16,1,0
BRDA:334,17,0,0
BRDA:334,17,1,0
BRDA:339,18,0,0
BRDA:339,18,1,0
BRDA:350,19,0,0
BRDA:350,19,1,0
BRDA:351,20,0,0
BRDA:351,20,1,0
BRDA:352,21,0,0
BRDA:352,21,1,0
BRDA:352,22,0,0
BRDA:352,22,1,0
BRDA:354,23,0,0
BRDA:354,23,1,0
BRF:49
BRH:0
end_of_record
TN:
SF:src/index.tsx
FNF:0
FNH:0
DA:6,0
DA:10,0
LF:2
LH:0
BRF:0
BRH:0
end_of_record
TN:
SF:src/components/DocumentLibrary.tsx
FN:50,(anonymous_0)
FN:68,(anonymous_1)
FN:72,(anonymous_2)
FN:85,(anonymous_3)
FN:93,(anonymous_4)
FN:108,(anonymous_5)
FN:116,(anonymous_6)
FN:126,(anonymous_7)
FN:127,(anonymous_8)
FN:129,(anonymous_9)
FN:134,(anonymous_10)
FN:138,(anonymous_11)
FN:142,(anonymous_12)
FN:147,(anonymous_13)
FN:152,(anonymous_14)
FN:157,(anonymous_15)
FN:157,(anonymous_16)
FN:158,(anonymous_17)
FN:158,(anonymous_18)
FN:165,(anonymous_19)
FN:174,(anonymous_20)
FN:180,(anonymous_21)
FN:182,(anonymous_22)
FN:183,(anonymous_23)
FN:223,(anonymous_24)
FN:259,(anonymous_25)
FN:271,(anonymous_26)
FN:297,(anonymous_27)
FN:309,(anonymous_28)
FN:324,(anonymous_29)
FN:385,(anonymous_30)
FN:386,(anonymous_31)
FN:395,(anonymous_32)
FN:396,(anonymous_33)
FN:408,(anonymous_34)
FN:409,(anonymous_35)
FN:424,(anonymous_36)
FN:434,(anonymous_37)
FN:446,(anonymous_38)
FN:496,(anonymous_39)
FNF:40
FNH:3
FNDA:106,(anonymous_0)
FNDA:22,(anonymous_1)
FNDA:22,(anonymous_2)
FNDA:0,(anonymous_3)
FNDA:0,(anonymous_4)
FNDA:0,(anonymous_5)
FNDA:0,(anonymous_6)
FNDA:0,(anonymous_7)
FNDA:0,(anonymous_8)
FNDA:0,(anonymous_9)
FNDA:0,(anonymous_10)
FNDA:0,(anonymous_11)
FNDA:0,(anonymous_12)
FNDA:0,(anonymous_13)
FNDA:0,(anonymous_14)
FNDA:0,(anonymous_15)
FNDA:0,(anonymous_16)
FNDA:0,(anonymous_17)
FNDA:0,(anonymous_18)
FNDA:0,(anonymous_19)
FNDA:0,(anonymous_20)
FNDA:0,(anonymous_21)
FNDA:0,(anonymous_22)
FNDA:0,(anonymous_23)
FNDA:0,(anonymous_24)
FNDA:0,(anonymous_25)
FNDA:0,(anonymous_26)
FNDA:0,(anonymous_27)
FNDA:0,(anonymous_28)
FNDA:0,(anonymous_29)
FNDA:0,(anonymous_30)
FNDA:0,(anonymous_31)
FNDA:0,(anonymous_32)
FNDA:0,(anonymous_33)
FNDA:0,(anonymous_34)
FNDA:0,(anonymous_35)
FNDA:0,(anonymous_36)
FNDA:0,(anonymous_37)
FNDA:0,(anonymous_38)
FNDA:0,(anonymous_39)
DA:50,1
DA:54,106
DA:55,106
DA:56,106
DA:57,106
DA:58,106
DA:59,106
DA:63,106
DA:68,106
DA:69,22
DA:72,106
DA:73,22
DA:74,22
DA:75,22
DA:76,22
DA:77,22
DA:79,0
DA:81,22
DA:85,106
DA:86,0
DA:87,0
DA:88,0
DA:89,0
DA:90,0
DA:93,106
DA:94,0
DA:96,0
DA:98,0
DA:100,0
DA:102,0
DA:104,0
DA:108,106
DA:109,0
DA:110,0
DA:111,0
DA:112,0
DA:113,0
DA:116,106
DA:117,0
DA:126,106
DA:127,0
DA:128,0
DA:129,0
DA:134,106
DA:135,0
DA:138,106
DA:139,0
DA:142,106
DA:143,0
DA:144,0
DA:147,106
DA:148,0
DA:149,0
DA:152,106
DA:153,0
DA:155,0
DA:156,0
DA:157,0
DA:158,0
DA:159,0
DA:161,0
DA:165,106
DA:166,0
DA:167,0
DA:168,0
DA:170,0
DA:174,106
DA:175,0
DA:176,0
DA:180,106
DA:181,22
DA:183,0
DA:184,0
DA:187,22
DA:188,22
DA:195,0
DA:223,0
DA:259,0
DA:271,0
DA:298,0
DA:309,0
DA:325,0
DA:326,0
DA:386,0
DA:387,0
DA:396,0
DA:397,0
DA:409,0
DA:410,0
DA:424,0
DA:434,0
DA:446,0
DA:496,0
LF:93
LH:33
BRDA:79,0,0,0
BRDA:79,0,1,0
BRDA:79,1,0,0
BRDA:79,1,1,0
BRDA:79,1,2,0
BRDA:86,2,0,0
BRDA:86,2,1,0
BRDA:87,3,0,0
BRDA:87,3,1,0
BRDA:88,4,0,0
BRDA:88,4,1,0
BRDA:88,5,0,0
BRDA:88,5,1,0
BRDA:89,6,0,0
BRDA:89,6,1,0
BRDA:94,7,0,0
BRDA:94,7,1,0
BRDA:94,7,2,0
BRDA:94,7,3,0
BRDA:94,7,4,0
BRDA:109,8,0,0
BRDA:109,8,1,0
BRDA:128,9,0,0
BRDA:128,9,1,0
BRDA:153,10,0,0
BRDA:153,10,1,0
BRDA:161,11,0,0
BRDA:161,11,1,0
BRDA:161,12,0,0
BRDA:161,12,1,0
BRDA:161,12,2,0
BRDA:170,13,0,0
BRDA:170,13,1,0
BRDA:170,14,0,0
BRDA:170,14,1,0
BRDA:170,14,2,0
BRDA:175,15,0,0
BRDA:175,15,1,0
BRDA:175,16,0,0
BRDA:175,16,1,0
BRDA:181,17,0,22
BRDA:181,17,1,0
BRDA:184,18,0,0
BRDA:184,18,1,0
BRDA:187,19,0,22
BRDA:187,19,1,0
BRDA:203,20,0,0
BRDA:203,20,1,0
BRDA:222,21,0,0
BRDA:222,21,1,0
BRDA:283,22,0,0
BRDA:283,22,1,0
BRDA:303,23,0,0
BRDA:303,23,1,0
BRDA:304,24,0,0
BRDA:304,24,1,0
BRDA:316,25,0,0
BRDA:316,25,1,0
BRDA:344,26,0,0
BRDA:344,26,1,0
BRDA:356,27,0,0
BRDA:356,27,1,0
BRDA:361,28,0,0
BRDA:361,28,1,0
BRDA:366,29,0,0
BRDA:366,29,1,0
BRDA:387,30,0,0
BRDA:387,30,1,0
BRDA:397,31,0,0
BRDA:397,31,1,0
BRDA:410,32,0,0
BRDA:410,32,1,0
BRDA:454,33,0,0
BRDA:454,33,1,0
BRDA:462,34,0,0
BRDA:462,34,1,0
BRDA:477,35,0,0
BRDA:477,35,1,0
BRDA:482,36,0,0
BRDA:482,36,1,0
BRF:80
BRH:2
end_of_record
TN:
SF:src/components/DocumentUpload.tsx
FN:59,(anonymous_0)
FN:70,(anonymous_1)
FN:71,(anonymous_2)
FN:78,(anonymous_3)
FN:94,(anonymous_4)
FN:110,(anonymous_5)
FN:127,(anonymous_6)
FN:128,(anonymous_7)
FN:128,(anonymous_8)
FN:131,(anonymous_9)
FN:132,(anonymous_10)
FN:135,(anonymous_11)
FN:135,(anonymous_12)
FN:144,(anonymous_13)
FN:147,(anonymous_14)
FN:147,(anonymous_15)
FN:157,(anonymous_16)
FN:157,(anonymous_17)
FN:173,(anonymous_18)
FN:173,(anonymous_19)
FN:189,(anonymous_20)
FN:189,(anonymous_21)
FN:199,(anonymous_22)
FN:204,(anonymous_23)
FN:216,(anonymous_24)
FN:221,(anonymous_25)
FN:229,(anonymous_26)
FN:230,(anonymous_27)
FN:277,(anonymous_28)
FN:293,(anonymous_29)
FN:326,(anonymous_30)
FN:334,(anonymous_31)
FN:353,(anonymous_32)
FN:366,(anonymous_33)
FN:407,(anonymous_34)
FNF:35
FNH:13
FNDA:20,(anonymous_0)
FNDA:16,(anonymous_1)
FNDA:22,(anonymous_2)
FNDA:16,(anonymous_3)
FNDA:2,(anonymous_4)
FNDA:2,(anonymous_5)
FNDA:0,(anonymous_6)
FNDA:0,(anonymous_7)
FNDA:0,(anonymous_8)
FNDA:0,(anonymous_9)
FNDA:0,(anonymous_10)
FNDA:0,(anonymous_11)
FNDA:0,(anonymous_12)
FNDA:0,(anonymous_13)
FNDA:0,(anonymous_14)
FNDA:0,(anonymous_15)
FNDA:0,(anonymous_16)
FNDA:0,(anonymous_17)
FNDA:0,(anonymous_18)
FNDA:0,(anonymous_19)
FNDA:0,(anonymous_20)
FNDA:0,(anonymous_21)
FNDA:0,(anonymous_22)
FNDA:0,(anonymous_23)
FNDA:0,(anonymous_24)
FNDA:2,(anonymous_25)
FNDA:2,(anonymous_26)
FNDA:2,(anonymous_27)
FNDA:1,(anonymous_28)
FNDA:2,(anonymous_29)
FNDA:0,(anonymous_30)
FNDA:0,(anonymous_31)
FNDA:0,(anonymous_32)
FNDA:2,(anonymous_33)
FNDA:2,(anonymous_34)
DA:59,1
DA:66,20
DA:67,20
DA:68,20
DA:70,20
DA:71,22
DA:78,16
DA:81,20
DA:94,20
DA:95,2
DA:96,2
DA:98,1
DA:101,1
DA:104,0
DA:106,0
DA:110,20
DA:111,2
DA:113,2
DA:115,0
DA:117,0
DA:119,0
DA:121,0
DA:123,0
DA:127,20
DA:128,0
DA:131,20
DA:132,0
DA:133,0
DA:135,0
DA:136,0
DA:141,0
DA:144,20
DA:145,0
DA:147,0
DA:148,0
DA:154,0
DA:157,0
DA:158,0
DA:170,0
DA:173,0
DA:174,0
DA:184,0
DA:187,0
DA:189,0
DA:190,0
DA:195,0
DA:199,20
DA:200,0
DA:202,0
DA:204,0
DA:207,0
DA:208,0
DA:211,0
DA:212,0
DA:213,0
DA:216,20
DA:217,0
DA:218,0
DA:221,20
DA:222,2
DA:223,2
DA:224,2
DA:225,2
DA:226,2
DA:229,20
DA:230,20
DA:231,20
DA:233,20
DA:277,1
DA:294,2
DA:326,0
DA:334,0
DA:353,0
DA:366,2
DA:407,2
LF:75
LH:35
BRDA:63,0,0,19
BRDA:64,1,0,19
BRDA:96,2,0,1
BRDA:96,2,1,1
BRDA:96,2,2,1
BRDA:96,2,3,0
BRDA:96,2,4,0
BRDA:96,2,5,0
BRDA:111,3,0,2
BRDA:111,3,1,0
BRDA:111,3,2,0
BRDA:111,3,3,0
BRDA:111,3,4,0
BRDA:111,3,5,0
BRDA:133,4,0,0
BRDA:133,4,1,0
BRDA:136,5,0,0
BRDA:136,5,1,0
BRDA:148,6,0,0
BRDA:148,6,1,0
BRDA:158,7,0,0
BRDA:158,7,1,0
BRDA:174,8,0,0
BRDA:174,8,1,0
BRDA:187,9,0,0
BRDA:187,9,1,0
BRDA:187,10,0,0
BRDA:187,10,1,0
BRDA:187,10,2,0
BRDA:190,11,0,0
BRDA:190,11,1,0
BRDA:200,12,0,0
BRDA:200,12,1,0
BRDA:204,13,0,0
BRDA:204,13,1,0
BRDA:222,14,0,0
BRDA:222,14,1,2
BRDA:243,15,0,1
BRDA:243,15,1,19
BRDA:244,16,0,1
BRDA:244,16,1,19
BRDA:255,17,0,1
BRDA:255,17,1,19
BRDA:266,18,0,20
BRDA:266,18,1,1
BRDA:277,19,0,1
BRDA:277,19,1,1
BRDA:280,20,0,0
BRDA:280,20,1,1
BRDA:305,21,0,2
BRDA:305,21,1,0
BRDA:305,21,2,0
BRDA:312,22,0,2
BRDA:312,22,1,0
BRDA:323,23,0,2
BRDA:323,23,1,0
BRDA:349,24,0,20
BRDA:349,24,1,0
BRDA:349,24,2,0
BRDA:351,25,0,0
BRDA:351,25,1,0
BRDA:360,26,0,0
BRDA:360,26,1,0
BRDA:366,27,0,20
BRDA:366,27,1,0
BRDA:377,28,0,20
BRDA:377,28,1,1
BRF:67
BRH:25
end_of_record
TN:
SF:src/components/DocumentUpload_simple.tsx
FN:15,(anonymous_0)
FNF:1
FNH:0
FNDA:0,(anonymous_0)
DA:15,0
DA:16,0
LF:2
LH:0
BRF:0
BRH:0
end_of_record
TN:
SF:src/components/ExamDisplay.tsx
FN:44,(anonymous_0)
FN:49,(anonymous_1)
FN:50,(anonymous_2)
FN:51,(anonymous_3)
FN:53,(anonymous_4)
FN:60,(anonymous_5)
FN:61,(anonymous_6)
FN:64,(anonymous_7)
FN:69,(anonymous_8)
FN:71,(anonymous_9)
FN:80,(anonymous_10)
FN:118,(anonymous_11)
FN:120,(anonymous_12)
FN:145,(anonymous_13)
FN:211,(anonymous_14)
FN:221,(anonymous_15)
FN:229,(anonymous_16)
FN:248,(anonymous_17)
FN:260,(anonymous_18)
FNF:19
FNH:0
FNDA:0,(anonymous_0)
FNDA:0,(anonymous_1)
FNDA:0,(anonymous_2)
FNDA:0,(anonymous_3)
FNDA:0,(anonymous_4)
FNDA:0,(anonymous_5)
FNDA:0,(anonymous_6)
FNDA:0,(anonymous_7)
FNDA:0,(anonymous_8)
FNDA:0,(anonymous_9)
FNDA:0,(anonymous_10)
FNDA:0,(anonymous_11)
FNDA:0,(anonymous_12)
FNDA:0,(anonymous_13)
FNDA:0,(anonymous_14)
FNDA:0,(anonymous_15)
FNDA:0,(anonymous_16)
FNDA:0,(anonymous_17)
FNDA:0,(anonymous_18)
DA:44,0
DA:45,0
DA:46,0
DA:47,0
DA:49,0
DA:50,0
DA:51,0
DA:52,0
DA:53,0
DA:55,0
DA:60,0
DA:61,0
DA:64,0
DA:65,0
DA:66,0
DA:69,0
DA:70,0
DA:71,0
DA:72,0
DA:73,0
DA:75,0
DA:77,0
DA:80,0
DA:81,0
DA:82,0
DA:84,0
DA:118,0
DA:121,0
DA:145,0
DA:171,0
DA:173,0
DA:211,0
DA:221,0
DA:229,0
DA:248,0
DA:260,0
LF:36
LH:0
BRDA:52,0,0,0
BRDA:52,0,1,0
BRDA:53,1,0,0
BRDA:53,1,1,0
BRDA:61,2,0,0
BRDA:61,2,1,0
BRDA:65,3,0,0
BRDA:65,3,1,0
BRDA:65,4,0,0
BRDA:65,4,1,0
BRDA:73,5,0,0
BRDA:73,5,1,0
BRDA:75,6,0,0
BRDA:75,6,1,0
BRDA:82,7,0,0
BRDA:82,7,1,0
BRDA:85,8,0,0
BRDA:85,8,1,0
BRDA:85,9,0,0
BRDA:85,9,1,0
BRDA:99,10,0,0
BRDA:99,10,1,0
BRDA:103,11,0,0
BRDA:103,11,1,0
BRDA:105,12,0,0
BRDA:105,12,1,0
BRDA:114,13,0,0
BRDA:114,13,1,0
BRDA:114,14,0,0
BRDA:114,14,1,0
BRDA:128,15,0,0
BRDA:128,15,1,0
BRDA:128,16,0,0
BRDA:128,16,1,0
BRDA:151,17,0,0
BRDA:151,17,1,0
BRDA:151,17,2,0
BRDA:171,18,0,0
BRDA:171,18,1,0
BRDA:196,19,0,0
BRDA:196,19,1,0
BRDA:196,19,2,0
BRDA:198,20,0,0
BRDA:198,20,1,0
BRDA:198,21,0,0
BRDA:198,21,1,0
BRDA:208,22,0,0
BRDA:208,22,1,0
BRDA:252,23,0,0
BRDA:252,23,1,0
BRF:50
BRH:0
end_of_record
TN:
SF:src/components/RAGExamCreator.tsx
FN:63,(anonymous_0)
FN:100,(anonymous_1)
FN:104,(anonymous_2)
FN:105,(anonymous_3)
FN:108,(anonymous_4)
FN:127,(anonymous_5)
FN:128,(anonymous_6)
FN:130,(anonymous_7)
FN:135,(anonymous_8)
FN:150,(anonymous_9)
FN:163,(anonymous_10)
FN:191,(anonymous_11)
FN:207,(anonymous_12)
FN:251,(anonymous_13)
FN:274,(anonymous_14)
FN:282,(anonymous_15)
FN:304,(anonymous_16)
FN:323,(anonymous_17)
FN:323,(anonymous_18)
FN:335,(anonymous_19)
FN:335,(anonymous_20)
FN:349,(anonymous_21)
FN:349,(anonymous_22)
FN:351,(anonymous_23)
FN:366,(anonymous_24)
FN:366,(anonymous_25)
FN:368,(anonymous_26)
FN:382,(anonymous_27)
FN:387,(anonymous_28)
FN:389,(anonymous_29)
FN:391,(anonymous_30)
FN:401,(anonymous_31)
FN:406,(anonymous_32)
FN:449,(anonymous_33)
FN:476,(anonymous_34)
FN:497,(anonymous_35)
FN:574,(anonymous_36)
FN:581,(anonymous_37)
FN:588,(anonymous_38)
FN:594,(anonymous_39)
FNF:40
FNH:9
FNDA:82,(anonymous_0)
FNDA:28,(anonymous_1)
FNDA:28,(anonymous_2)
FNDA:28,(anonymous_3)
FNDA:28,(anonymous_4)
FNDA:0,(anonymous_5)
FNDA:0,(anonymous_6)
FNDA:0,(anonymous_7)
FNDA:0,(anonymous_8)
FNDA:0,(anonymous_9)
FNDA:0,(anonymous_10)
FNDA:0,(anonymous_11)
FNDA:0,(anonymous_12)
FNDA:0,(anonymous_13)
FNDA:48,(anonymous_14)
FNDA:0,(anonymous_15)
FNDA:0,(anonymous_16)
FNDA:0,(anonymous_17)
FNDA:0,(anonymous_18)
FNDA:0,(anonymous_19)
FNDA:0,(anonymous_20)
FNDA:0,(anonymous_21)
FNDA:0,(anonymous_22)
FNDA:75,(anonymous_23)
FNDA:0,(anonymous_24)
FNDA:0,(anonymous_25)
FNDA:50,(anonymous_26)
FNDA:50,(anonymous_27)
FNDA:0,(anonymous_28)
FNDA:0,(anonymous_29)
FNDA:0,(anonymous_30)
FNDA:0,(anonymous_31)
FNDA:0,(anonymous_32)
FNDA:0,(anonymous_33)
FNDA:0,(anonymous_34)
FNDA:0,(anonymous_35)
FNDA:0,(anonymous_36)
FNDA:0,(anonymous_37)
FNDA:0,(anonymous_38)
FNDA:0,(anonymous_39)
DA:63,1
DA:68,82
DA:69,82
DA:70,82
DA:73,82
DA:74,82
DA:77,82
DA:88,82
DA:91,82
DA:98,82
DA:100,82
DA:101,28
DA:104,82
DA:105,28
DA:108,82
DA:109,28
DA:110,28
DA:113,28
DA:114,27
DA:117,27
DA:118,27
DA:121,1
DA:123,28
DA:127,82
DA:128,0
DA:129,0
DA:130,0
DA:135,82
DA:136,0
DA:137,0
DA:138,0
DA:141,0
DA:142,0
DA:143,0
DA:145,0
DA:146,0
DA:149,0
DA:150,0
DA:157,0
DA:159,0
DA:163,82
DA:165,0
DA:166,0
DA:167,0
DA:168,0
DA:171,0
DA:172,0
DA:173,0
DA:175,0
DA:176,0
DA:178,0
DA:179,0
DA:182,0
DA:185,0
DA:187,0
DA:191,82
DA:192,0
DA:194,0
DA:195,0
DA:196,0
DA:198,0
DA:199,0
DA:200,0
DA:201,0
DA:202,0
DA:203,0
DA:204,0
DA:207,82
DA:208,0
DA:210,0
DA:217,82
DA:224,82
DA:225,28
DA:232,54
DA:251,0
DA:275,48
DA:282,0
DA:304,0
DA:323,0
DA:335,0
DA:349,0
DA:352,75
DA:366,0
DA:369,50
DA:383,50
DA:388,0
DA:389,0
DA:391,0
DA:401,0
DA:406,0
DA:450,0
DA:451,0
DA:477,0
DA:497,0
DA:574,0
DA:581,0
DA:588,0
DA:595,0
DA:596,0
DA:597,0
LF:100
LH:36
BRDA:64,0,0,79
BRDA:121,1,0,1
BRDA:121,1,1,0
BRDA:129,2,0,0
BRDA:129,2,1,0
BRDA:136,3,0,0
BRDA:136,3,1,0
BRDA:136,4,0,0
BRDA:136,4,1,0
BRDA:149,5,0,0
BRDA:149,5,1,0
BRDA:157,6,0,0
BRDA:157,6,1,0
BRDA:166,7,0,0
BRDA:166,7,1,0
BRDA:178,8,0,0
BRDA:178,8,1,0
BRDA:185,9,0,0
BRDA:185,9,1,0
BRDA:192,10,0,0
BRDA:192,10,1,0
BRDA:195,11,0,0
BRDA:195,11,1,0
BRDA:208,12,0,0
BRDA:208,12,1,0
BRDA:224,13,0,28
BRDA:224,13,1,54
BRDA:224,14,0,82
BRDA:224,14,1,28
BRDA:242,15,0,54
BRDA:242,15,1,1
BRDA:250,16,0,54
BRDA:250,16,1,1
BRDA:268,17,0,30
BRDA:268,17,1,24
BRDA:279,18,0,1
BRDA:279,18,1,47
BRDA:280,19,0,1
BRDA:280,19,1,47
BRDA:292,20,0,48
BRDA:292,20,1,0
BRDA:337,21,0,0
BRDA:337,21,1,0
BRDA:386,22,0,25
BRDA:386,22,1,25
BRDA:388,23,0,0
BRDA:388,23,1,0
BRDA:428,24,0,0
BRDA:428,24,1,54
BRDA:430,25,0,0
BRDA:430,25,1,54
BRDA:434,26,0,54
BRDA:434,26,1,0
BRDA:451,27,0,0
BRDA:451,27,1,0
BRDA:481,28,0,0
BRDA:481,28,1,0
BRDA:503,29,0,54
BRDA:503,29,1,0
BRDA:504,30,0,0
BRDA:504,30,1,54
BRDA:506,31,0,0
BRDA:506,31,1,54
BRDA:516,32,0,54
BRDA:516,32,1,0
BRF:65
BRH:26
end_of_record
TN:
SF:src/services/DocumentService.ts
FN:14,(anonymous_0)
FN:24,(anonymous_1)
FN:34,(anonymous_2)
FN:49,(anonymous_3)
FN:59,(anonymous_4)
FN:68,(anonymous_5)
FN:79,(anonymous_6)
FN:91,(anonymous_7)
FN:101,(anonymous_8)
FN:110,(anonymous_9)
FN:120,(anonymous_10)
FN:129,(anonymous_11)
FN:137,(anonymous_12)
FN:143,(anonymous_13)
FN:162,(anonymous_14)
FN:171,(anonymous_15)
FN:181,(anonymous_16)
FN:190,(anonymous_17)
FN:200,(anonymous_18)
FN:209,(anonymous_19)
FN:219,(anonymous_20)
FN:256,(anonymous_21)
FNF:22
FNH:13
FNDA:7,(anonymous_0)
FNDA:0,(anonymous_1)
FNDA:10,(anonymous_2)
FNDA:0,(anonymous_3)
FNDA:7,(anonymous_4)
FNDA:1,(anonymous_5)
FNDA:2,(anonymous_6)
FNDA:0,(anonymous_7)
FNDA:2,(anonymous_8)
FNDA:0,(anonymous_9)
FNDA:2,(anonymous_10)
FNDA:0,(anonymous_11)
FNDA:2,(anonymous_12)
FNDA:0,(anonymous_13)
FNDA:1,(anonymous_14)
FNDA:0,(anonymous_15)
FNDA:1,(anonymous_16)
FNDA:0,(anonymous_17)
FNDA:1,(anonymous_18)
FNDA:0,(anonymous_19)
FNDA:2,(anonymous_20)
FNDA:2,(anonymous_21)
DA:8,4
DA:15,7
DA:16,7
DA:18,7
DA:23,5
DA:24,1
DA:25,1
DA:28,4
DA:38,10
DA:48,9
DA:49,1
DA:50,1
DA:53,8
DA:60,7
DA:67,6
DA:68,2
DA:69,2
DA:72,4
DA:73,4
DA:80,2
DA:90,2
DA:91,0
DA:92,0
DA:95,2
DA:102,2
DA:109,2
DA:110,1
DA:111,1
DA:114,1
DA:121,2
DA:128,2
DA:129,1
DA:130,1
DA:138,2
DA:142,2
DA:143,1
DA:144,1
DA:148,1
DA:149,1
DA:150,1
DA:151,1
DA:152,0
DA:153,0
DA:154,0
DA:155,0
DA:156,0
DA:163,1
DA:170,1
DA:171,0
DA:172,0
DA:175,1
DA:182,1
DA:189,1
DA:190,0
DA:191,0
DA:194,1
DA:201,1
DA:208,1
DA:209,0
DA:210,0
DA:213,1
DA:225,2
DA:227,2
DA:228,4
DA:229,4
DA:231,4
DA:232,3
DA:234,3
DA:235,3
DA:238,3
DA:239,3
DA:241,0
DA:245,1
DA:246,1
DA:250,2
DA:263,2
DA:265,2
DA:266,4
DA:267,4
DA:269,4
DA:270,3
DA:272,3
DA:273,3
DA:276,1
DA:277,1
DA:281,2
LF:86
LH:72
BRDA:8,0,0,4
BRDA:8,0,1,0
BRDA:23,1,0,1
BRDA:23,1,1,4
BRDA:25,2,0,1
BRDA:25,2,1,0
BRDA:36,3,0,0
BRDA:48,4,0,1
BRDA:48,4,1,8
BRDA:50,5,0,1
BRDA:50,5,1,0
BRDA:67,6,0,2
BRDA:67,6,1,4
BRDA:69,7,0,2
BRDA:69,7,1,1
BRDA:73,8,0,4
BRDA:73,8,1,1
BRDA:79,9,0,0
BRDA:90,10,0,0
BRDA:90,10,1,2
BRDA:92,11,0,0
BRDA:92,11,1,0
BRDA:109,12,0,1
BRDA:109,12,1,1
BRDA:111,13,0,1
BRDA:111,13,1,0
BRDA:128,14,0,1
BRDA:128,14,1,1
BRDA:130,15,0,1
BRDA:130,15,1,0
BRDA:142,16,0,1
BRDA:142,16,1,1
BRDA:144,17,0,1
BRDA:144,17,1,0
BRDA:170,18,0,0
BRDA:170,18,1,1
BRDA:172,19,0,0
BRDA:172,19,1,0
BRDA:189,20,0,0
BRDA:189,20,1,1
BRDA:191,21,0,0
BRDA:191,21,1,0
BRDA:208,22,0,0
BRDA:208,22,1,1
BRDA:210,23,0,0
BRDA:210,23,1,0
BRDA:245,24,0,1
BRDA:245,24,1,0
BRDA:245,25,0,1
BRDA:245,25,1,1
BRDA:245,25,2,1
BRDA:258,26,0,0
BRDA:276,27,0,1
BRDA:276,27,1,0
BRDA:276,28,0,1
BRDA:276,28,1,1
BRDA:276,28,2,1
BRF:57
BRH:34
end_of_record
TN:
SF:src/services/ExamService.ts
FN:17,(anonymous_0)
FN:21,(anonymous_1)
FN:29,(anonymous_2)
FN:32,(anonymous_3)
FN:53,(anonymous_4)
FN:66,(anonymous_5)
FN:79,(anonymous_6)
FN:92,(anonymous_7)
FNF:8
FNH:0
FNDA:0,(anonymous_0)
FNDA:0,(anonymous_1)
FNDA:0,(anonymous_2)
FNDA:0,(anonymous_3)
FNDA:0,(anonymous_4)
FNDA:0,(anonymous_5)
FNDA:0,(anonymous_6)
FNDA:0,(anonymous_7)
DA:4,0
DA:7,0
DA:16,0
DA:18,0
DA:19,0
DA:22,0
DA:23,0
DA:28,0
DA:30,0
DA:33,0
DA:35,0
DA:37,0
DA:38,0
DA:39,0
DA:41,0
DA:44,0
DA:54,0
DA:55,0
DA:56,0
DA:58,0
DA:59,0
DA:67,0
DA:68,0
DA:69,0
DA:71,0
DA:72,0
DA:80,0
DA:81,0
DA:82,0
DA:84,0
DA:85,0
DA:93,0
DA:94,0
DA:95,0
DA:97,0
DA:98,0
LF:36
LH:0
BRDA:4,0,0,0
BRDA:4,0,1,0
BRDA:35,1,0,0
BRDA:35,1,1,0
BRDA:37,2,0,0
BRDA:37,2,1,0
BRDA:37,2,2,0
BRDA:39,3,0,0
BRDA:39,3,1,0
BRF:9
BRH:0
end_of_record
TN:
SF:src/services/RAGService.ts
FN:14,(anonymous_0)
FN:24,(anonymous_1)
FN:34,(anonymous_2)
FN:56,(anonymous_3)
FN:66,(anonymous_4)
FN:75,(anonymous_5)
FN:85,(anonymous_6)
FN:94,(anonymous_7)
FN:104,(anonymous_8)
FN:122,(anonymous_9)
FN:143,(anonymous_10)
FN:159,(anonymous_11)
FN:184,(anonymous_12)
FN:236,(anonymous_13)
FN:240,(anonymous_14)
FN:263,(anonymous_15)
FN:275,(anonymous_16)
FN:285,(anonymous_17)
FN:290,(anonymous_18)
FNF:19
FNH:16
FNDA:3,(anonymous_0)
FNDA:0,(anonymous_1)
FNDA:8,(anonymous_2)
FNDA:0,(anonymous_3)
FNDA:7,(anonymous_4)
FNDA:1,(anonymous_5)
FNDA:2,(anonymous_6)
FNDA:0,(anonymous_7)
FNDA:5,(anonymous_8)
FNDA:6,(anonymous_9)
FNDA:8,(anonymous_10)
FNDA:13,(anonymous_11)
FNDA:6,(anonymous_12)
FNDA:2,(anonymous_13)
FNDA:4,(anonymous_14)
FNDA:3,(anonymous_15)
FNDA:4,(anonymous_16)
FNDA:3,(anonymous_17)
FNDA:4,(anonymous_18)
DA:8,2
DA:15,3
DA:23,2
DA:24,1
DA:25,1
DA:28,1
DA:40,8
DA:47,8
DA:55,7
DA:56,1
DA:57,1
DA:60,6
DA:67,7
DA:74,6
DA:75,2
DA:76,2
DA:79,4
DA:86,2
DA:93,2
DA:94,1
DA:95,1
DA:98,1
DA:112,5
DA:113,5
DA:116,4
DA:122,6
DA:123,4
DA:130,4
DA:136,1
DA:144,8
DA:146,8
DA:147,1
DA:150,8
DA:151,1
DA:154,8
DA:155,1
DA:158,8
DA:159,13
DA:160,8
DA:161,1
DA:164,8
DA:165,8
DA:166,1
DA:169,8
DA:170,8
DA:171,1
DA:174,8
DA:175,1
DA:178,8
DA:194,6
DA:199,6
DA:201,6
DA:202,6
DA:203,2
DA:205,6
DA:206,2
DA:209,6
DA:210,6
DA:211,2
DA:212,4
DA:213,1
DA:217,6
DA:218,2
DA:219,4
DA:220,1
DA:221,3
DA:222,1
DA:225,6
DA:237,2
DA:240,4
DA:264,3
DA:265,1
DA:269,2
DA:270,2
DA:271,2
DA:272,2
DA:274,2
DA:275,2
DA:276,4
DA:278,2
DA:280,2
DA:281,2
DA:282,2
DA:283,2
DA:285,2
DA:286,3
DA:287,3
DA:289,3
DA:290,1
DA:291,4
DA:295,3
DA:296,3
DA:297,3
DA:299,3
DA:300,3
DA:303,2
LF:96
LH:96
BRDA:8,0,0,2
BRDA:8,0,1,0
BRDA:23,1,0,1
BRDA:23,1,1,1
BRDA:25,2,0,1
BRDA:25,2,1,0
BRDA:37,3,0,2
BRDA:38,4,0,2
BRDA:55,5,0,1
BRDA:55,5,1,6
BRDA:57,6,0,1
BRDA:57,6,1,0
BRDA:74,7,0,2
BRDA:74,7,1,4
BRDA:76,8,0,2
BRDA:76,8,1,1
BRDA:93,9,0,1
BRDA:93,9,1,1
BRDA:95,10,0,1
BRDA:95,10,1,0
BRDA:136,11,0,1
BRDA:136,11,1,0
BRDA:136,12,0,1
BRDA:136,12,1,1
BRDA:136,12,2,1
BRDA:146,13,0,1
BRDA:146,13,1,7
BRDA:146,14,0,8
BRDA:146,14,1,8
BRDA:150,15,0,1
BRDA:150,15,1,7
BRDA:150,16,0,8
BRDA:150,16,1,8
BRDA:154,17,0,1
BRDA:154,17,1,7
BRDA:154,18,0,8
BRDA:154,18,1,8
BRDA:160,19,0,1
BRDA:160,19,1,7
BRDA:165,20,0,1
BRDA:165,20,1,7
BRDA:170,21,0,1
BRDA:170,21,1,7
BRDA:174,22,0,1
BRDA:174,22,1,7
BRDA:174,23,0,8
BRDA:174,23,1,8
BRDA:202,24,0,2
BRDA:202,24,1,4
BRDA:205,25,0,2
BRDA:205,25,1,4
BRDA:210,26,0,2
BRDA:210,26,1,4
BRDA:212,27,0,1
BRDA:212,27,1,3
BRDA:217,28,0,2
BRDA:217,28,1,4
BRDA:219,29,0,1
BRDA:219,29,1,3
BRDA:221,30,0,1
BRDA:221,30,1,2
BRDA:221,31,0,3
BRDA:221,31,1,1
BRDA:244,32,0,4
BRDA:244,32,1,2
BRDA:246,33,0,2
BRDA:246,33,1,2
BRDA:263,34,0,0
BRDA:264,35,0,1
BRDA:264,35,1,2
BRDA:289,36,0,1
BRDA:289,36,1,2
BRDA:296,37,0,3
BRDA:296,37,1,0
BRDA:297,38,0,2
BRDA:297,38,1,1
BRF:76
BRH:69
end_of_record
TN:
SF:src/types/document.ts
FNF:0
FNH:0
LF:0
LH:0
BRF:0
BRH:0
end_of_record
TN:
SF:src/types/exam.ts
FNF:0
FNH:0
LF:0
LH:0
BRF:0
BRH:0
end_of_record
