{"/app/src/App.tsx": {"path":"/app/src/App.tsx","statementMap":{"0":{"start":{"line":38,"column":20},"end":{"line":46,"column":2}},"1":{"start":{"line":49,"column":40},"end":{"line":55,"column":4}},"2":{"start":{"line":57,"column":26},"end":{"line":57,"column":61}},"3":{"start":{"line":58,"column":32},"end":{"line":58,"column":70}},"4":{"start":{"line":59,"column":32},"end":{"line":59,"column":47}},"5":{"start":{"line":60,"column":28},"end":{"line":60,"column":57}},"6":{"start":{"line":61,"column":36},"end":{"line":61,"column":47}},"7":{"start":{"line":62,"column":62},"end":{"line":62,"column":73}},"8":{"start":{"line":63,"column":52},"end":{"line":63,"column":74}},"9":{"start":{"line":64,"column":46},"end":{"line":64,"column":61}},"10":{"start":{"line":66,"column":29},"end":{"line":83,"column":3}},"11":{"start":{"line":67,"column":4},"end":{"line":70,"column":5}},"12":{"start":{"line":68,"column":6},"end":{"line":68,"column":49}},"13":{"start":{"line":69,"column":6},"end":{"line":69,"column":13}},"14":{"start":{"line":72,"column":4},"end":{"line":72,"column":21}},"15":{"start":{"line":73,"column":4},"end":{"line":73,"column":19}},"16":{"start":{"line":75,"column":4},"end":{"line":82,"column":5}},"17":{"start":{"line":76,"column":23},"end":{"line":76,"column":66}},"18":{"start":{"line":77,"column":6},"end":{"line":77,"column":24}},"19":{"start":{"line":79,"column":6},"end":{"line":79,"column":95}},"20":{"start":{"line":81,"column":6},"end":{"line":81,"column":24}},"21":{"start":{"line":85,"column":24},"end":{"line":96,"column":3}},"22":{"start":{"line":86,"column":4},"end":{"line":86,"column":18}},"23":{"start":{"line":87,"column":4},"end":{"line":87,"column":21}},"24":{"start":{"line":88,"column":4},"end":{"line":88,"column":29}},"25":{"start":{"line":89,"column":4},"end":{"line":95,"column":7}},"26":{"start":{"line":98,"column":39},"end":{"line":101,"column":3}},"27":{"start":{"line":99,"column":4},"end":{"line":99,"column":83}},"28":{"start":{"line":100,"column":4},"end":{"line":100,"column":48}},"29":{"start":{"line":100,"column":38},"end":{"line":100,"column":46}},"30":{"start":{"line":103,"column":36},"end":{"line":106,"column":3}},"31":{"start":{"line":104,"column":4},"end":{"line":104,"column":70}},"32":{"start":{"line":105,"column":4},"end":{"line":105,"column":56}},"33":{"start":{"line":108,"column":30},"end":{"line":111,"column":3}},"34":{"start":{"line":109,"column":4},"end":{"line":109,"column":38}},"35":{"start":{"line":110,"column":4},"end":{"line":110,"column":28}},"36":{"start":{"line":113,"column":33},"end":{"line":116,"column":3}},"37":{"start":{"line":114,"column":4},"end":{"line":114,"column":21}},"38":{"start":{"line":115,"column":4},"end":{"line":115,"column":29}},"39":{"start":{"line":118,"column":35},"end":{"line":121,"column":3}},"40":{"start":{"line":119,"column":4},"end":{"line":119,"column":29}},"41":{"start":{"line":120,"column":4},"end":{"line":120,"column":29}},"42":{"start":{"line":123,"column":2},"end":{"line":443,"column":4}},"43":{"start":{"line":148,"column":49},"end":{"line":148,"column":71}},"44":{"start":{"line":179,"column":68},"end":{"line":179,"column":125}},"45":{"start":{"line":191,"column":58},"end":{"line":191,"column":150}},"46":{"start":{"line":206,"column":68},"end":{"line":209,"column":22}},"47":{"start":{"line":220,"column":58},"end":{"line":220,"column":133}},"48":{"start":{"line":234,"column":22},"end":{"line":245,"column":24}},"49":{"start":{"line":239,"column":43},"end":{"line":241,"column":67}},"50":{"start":{"line":240,"column":69},"end":{"line":240,"column":79}},"51":{"start":{"line":242,"column":26},"end":{"line":242,"column":87}},"52":{"start":{"line":290,"column":44},"end":{"line":290,"column":87}},"53":{"start":{"line":290,"column":78},"end":{"line":290,"column":86}},"54":{"start":{"line":395,"column":62},"end":{"line":406,"column":15}}},"fnMap":{"0":{"name":"App","decl":{"start":{"line":48,"column":9},"end":{"line":48,"column":12}},"loc":{"start":{"line":48,"column":15},"end":{"line":444,"column":1}},"line":48},"1":{"name":"(anonymous_1)","decl":{"start":{"line":66,"column":29},"end":{"line":66,"column":30}},"loc":{"start":{"line":66,"column":41},"end":{"line":83,"column":3}},"line":66},"2":{"name":"(anonymous_2)","decl":{"start":{"line":85,"column":24},"end":{"line":85,"column":25}},"loc":{"start":{"line":85,"column":30},"end":{"line":96,"column":3}},"line":85},"3":{"name":"(anonymous_3)","decl":{"start":{"line":98,"column":39},"end":{"line":98,"column":40}},"loc":{"start":{"line":98,"column":81},"end":{"line":101,"column":3}},"line":98},"4":{"name":"(anonymous_4)","decl":{"start":{"line":100,"column":30},"end":{"line":100,"column":31}},"loc":{"start":{"line":100,"column":38},"end":{"line":100,"column":46}},"line":100},"5":{"name":"(anonymous_5)","decl":{"start":{"line":103,"column":36},"end":{"line":103,"column":37}},"loc":{"start":{"line":103,"column":73},"end":{"line":106,"column":3}},"line":103},"6":{"name":"(anonymous_6)","decl":{"start":{"line":108,"column":30},"end":{"line":108,"column":31}},"loc":{"start":{"line":108,"column":57},"end":{"line":111,"column":3}},"line":108},"7":{"name":"(anonymous_7)","decl":{"start":{"line":113,"column":33},"end":{"line":113,"column":34}},"loc":{"start":{"line":113,"column":60},"end":{"line":116,"column":3}},"line":113},"8":{"name":"(anonymous_8)","decl":{"start":{"line":118,"column":35},"end":{"line":118,"column":36}},"loc":{"start":{"line":118,"column":41},"end":{"line":121,"column":3}},"line":118},"9":{"name":"(anonymous_9)","decl":{"start":{"line":148,"column":24},"end":{"line":148,"column":25}},"loc":{"start":{"line":148,"column":49},"end":{"line":148,"column":71}},"line":148},"10":{"name":"(anonymous_10)","decl":{"start":{"line":179,"column":30},"end":{"line":179,"column":31}},"loc":{"start":{"line":179,"column":68},"end":{"line":179,"column":125}},"line":179},"11":{"name":"(anonymous_11)","decl":{"start":{"line":191,"column":32},"end":{"line":191,"column":33}},"loc":{"start":{"line":191,"column":58},"end":{"line":191,"column":150}},"line":191},"12":{"name":"(anonymous_12)","decl":{"start":{"line":206,"column":30},"end":{"line":206,"column":31}},"loc":{"start":{"line":206,"column":68},"end":{"line":209,"column":22}},"line":206},"13":{"name":"(anonymous_13)","decl":{"start":{"line":220,"column":32},"end":{"line":220,"column":33}},"loc":{"start":{"line":220,"column":58},"end":{"line":220,"column":133}},"line":220},"14":{"name":"(anonymous_14)","decl":{"start":{"line":233,"column":59},"end":{"line":233,"column":60}},"loc":{"start":{"line":234,"column":22},"end":{"line":245,"column":24}},"line":234},"15":{"name":"(anonymous_15)","decl":{"start":{"line":238,"column":33},"end":{"line":238,"column":34}},"loc":{"start":{"line":238,"column":39},"end":{"line":243,"column":25}},"line":238},"16":{"name":"(anonymous_16)","decl":{"start":{"line":240,"column":64},"end":{"line":240,"column":65}},"loc":{"start":{"line":240,"column":69},"end":{"line":240,"column":79}},"line":240},"17":{"name":"(anonymous_17)","decl":{"start":{"line":290,"column":38},"end":{"line":290,"column":39}},"loc":{"start":{"line":290,"column":44},"end":{"line":290,"column":87}},"line":290},"18":{"name":"(anonymous_18)","decl":{"start":{"line":290,"column":70},"end":{"line":290,"column":71}},"loc":{"start":{"line":290,"column":78},"end":{"line":290,"column":86}},"line":290},"19":{"name":"(anonymous_19)","decl":{"start":{"line":395,"column":47},"end":{"line":395,"column":48}},"loc":{"start":{"line":395,"column":62},"end":{"line":406,"column":15}},"line":395}},"branchMap":{"0":{"loc":{"start":{"line":67,"column":4},"end":{"line":70,"column":5}},"type":"if","locations":[{"start":{"line":67,"column":4},"end":{"line":70,"column":5}},{"start":{},"end":{}}],"line":67},"1":{"loc":{"start":{"line":79,"column":15},"end":{"line":79,"column":93}},"type":"cond-expr","locations":[{"start":{"line":79,"column":38},"end":{"line":79,"column":49}},{"start":{"line":79,"column":52},"end":{"line":79,"column":93}}],"line":79},"2":{"loc":{"start":{"line":142,"column":7},"end":{"line":424,"column":14}},"type":"cond-expr","locations":[{"start":{"line":143,"column":8},"end":{"line":374,"column":11}},{"start":{"line":375,"column":10},"end":{"line":424,"column":14}}],"line":142},"3":{"loc":{"start":{"line":142,"column":7},"end":{"line":142,"column":43}},"type":"binary-expr","locations":[{"start":{"line":142,"column":7},"end":{"line":142,"column":12}},{"start":{"line":142,"column":16},"end":{"line":142,"column":24}},{"start":{"line":142,"column":28},"end":{"line":142,"column":43}}],"line":142},"4":{"loc":{"start":{"line":163,"column":11},"end":{"line":270,"column":11}},"type":"binary-expr","locations":[{"start":{"line":163,"column":11},"end":{"line":163,"column":26}},{"start":{"line":165,"column":12},"end":{"line":269,"column":20}}],"line":163},"5":{"loc":{"start":{"line":208,"column":63},"end":{"line":208,"column":92}},"type":"binary-expr","locations":[{"start":{"line":208,"column":63},"end":{"line":208,"column":87}},{"start":{"line":208,"column":91},"end":{"line":208,"column":92}}],"line":208},"6":{"loc":{"start":{"line":236,"column":31},"end":{"line":236,"column":95}},"type":"cond-expr","locations":[{"start":{"line":236,"column":60},"end":{"line":236,"column":77}},{"start":{"line":236,"column":80},"end":{"line":236,"column":95}}],"line":236},"7":{"loc":{"start":{"line":237,"column":31},"end":{"line":237,"column":96}},"type":"cond-expr","locations":[{"start":{"line":237,"column":75},"end":{"line":237,"column":84}},{"start":{"line":237,"column":87},"end":{"line":237,"column":96}}],"line":237},"8":{"loc":{"start":{"line":239,"column":43},"end":{"line":241,"column":67}},"type":"cond-expr","locations":[{"start":{"line":240,"column":30},"end":{"line":240,"column":80}},{"start":{"line":241,"column":30},"end":{"line":241,"column":67}}],"line":239},"9":{"loc":{"start":{"line":251,"column":15},"end":{"line":255,"column":15}},"type":"binary-expr","locations":[{"start":{"line":251,"column":15},"end":{"line":251,"column":20}},{"start":{"line":252,"column":16},"end":{"line":254,"column":24}}],"line":251},"10":{"loc":{"start":{"line":262,"column":28},"end":{"line":262,"column":64}},"type":"binary-expr","locations":[{"start":{"line":262,"column":28},"end":{"line":262,"column":35}},{"start":{"line":262,"column":39},"end":{"line":262,"column":64}}],"line":262},"11":{"loc":{"start":{"line":263,"column":29},"end":{"line":263,"column":80}},"type":"cond-expr","locations":[{"start":{"line":263,"column":39},"end":{"line":263,"column":69}},{"start":{"line":263,"column":72},"end":{"line":263,"column":80}}],"line":263},"12":{"loc":{"start":{"line":266,"column":19},"end":{"line":266,"column":74}},"type":"cond-expr","locations":[{"start":{"line":266,"column":29},"end":{"line":266,"column":51}},{"start":{"line":266,"column":54},"end":{"line":266,"column":74}}],"line":266},"13":{"loc":{"start":{"line":272,"column":11},"end":{"line":302,"column":11}},"type":"binary-expr","locations":[{"start":{"line":272,"column":11},"end":{"line":272,"column":26}},{"start":{"line":274,"column":12},"end":{"line":301,"column":20}}],"line":272},"14":{"loc":{"start":{"line":304,"column":11},"end":{"line":323,"column":11}},"type":"binary-expr","locations":[{"start":{"line":304,"column":11},"end":{"line":304,"column":26}},{"start":{"line":306,"column":12},"end":{"line":322,"column":20}}],"line":304},"15":{"loc":{"start":{"line":325,"column":11},"end":{"line":344,"column":11}},"type":"binary-expr","locations":[{"start":{"line":325,"column":11},"end":{"line":325,"column":26}},{"start":{"line":327,"column":12},"end":{"line":343,"column":20}}],"line":325},"16":{"loc":{"start":{"line":346,"column":11},"end":{"line":363,"column":11}},"type":"binary-expr","locations":[{"start":{"line":346,"column":11},"end":{"line":346,"column":26}},{"start":{"line":348,"column":12},"end":{"line":362,"column":20}}],"line":346},"17":{"loc":{"start":{"line":365,"column":11},"end":{"line":368,"column":11}},"type":"binary-expr","locations":[{"start":{"line":365,"column":11},"end":{"line":365,"column":26}},{"start":{"line":367,"column":12},"end":{"line":367,"column":27}}],"line":365},"18":{"loc":{"start":{"line":370,"column":11},"end":{"line":373,"column":11}},"type":"binary-expr","locations":[{"start":{"line":370,"column":11},"end":{"line":370,"column":26}},{"start":{"line":372,"column":12},"end":{"line":372,"column":32}}],"line":370},"19":{"loc":{"start":{"line":375,"column":10},"end":{"line":424,"column":14}},"type":"cond-expr","locations":[{"start":{"line":377,"column":8},"end":{"line":381,"column":10}},{"start":{"line":382,"column":10},"end":{"line":424,"column":14}}],"line":375},"20":{"loc":{"start":{"line":382,"column":10},"end":{"line":424,"column":14}},"type":"cond-expr","locations":[{"start":{"line":384,"column":8},"end":{"line":386,"column":14}},{"start":{"line":387,"column":10},"end":{"line":424,"column":14}}],"line":382},"21":{"loc":{"start":{"line":387,"column":10},"end":{"line":424,"column":14}},"type":"cond-expr","locations":[{"start":{"line":389,"column":8},"end":{"line":423,"column":14}},{"start":{"line":424,"column":10},"end":{"line":424,"column":14}}],"line":387},"22":{"loc":{"start":{"line":399,"column":25},"end":{"line":399,"column":40}},"type":"binary-expr","locations":[{"start":{"line":399,"column":25},"end":{"line":399,"column":34}},{"start":{"line":399,"column":38},"end":{"line":399,"column":40}}],"line":399},"23":{"loc":{"start":{"line":400,"column":32},"end":{"line":400,"column":54}},"type":"binary-expr","locations":[{"start":{"line":400,"column":32},"end":{"line":400,"column":48}},{"start":{"line":400,"column":52},"end":{"line":400,"column":54}}],"line":400},"24":{"loc":{"start":{"line":401,"column":29},"end":{"line":401,"column":106}},"type":"cond-expr","locations":[{"start":{"line":401,"column":60},"end":{"line":401,"column":84}},{"start":{"line":401,"column":87},"end":{"line":401,"column":106}}],"line":401},"25":{"loc":{"start":{"line":401,"column":87},"end":{"line":401,"column":106}},"type":"binary-expr","locations":[{"start":{"line":401,"column":87},"end":{"line":401,"column":100}},{"start":{"line":401,"column":104},"end":{"line":401,"column":106}}],"line":401},"26":{"loc":{"start":{"line":402,"column":28},"end":{"line":402,"column":52}},"type":"binary-expr","locations":[{"start":{"line":402,"column":28},"end":{"line":402,"column":40}},{"start":{"line":402,"column":44},"end":{"line":402,"column":52}}],"line":402},"27":{"loc":{"start":{"line":407,"column":26},"end":{"line":407,"column":70}},"type":"binary-expr","locations":[{"start":{"line":407,"column":26},"end":{"line":407,"column":58}},{"start":{"line":407,"column":62},"end":{"line":407,"column":70}}],"line":407}},"s":{"0":0,"1":0,"2":0,"3":0,"4":0,"5":0,"6":0,"7":0,"8":0,"9":0,"10":0,"11":0,"12":0,"13":0,"14":0,"15":0,"16":0,"17":0,"18":0,"19":0,"20":0,"21":0,"22":0,"23":0,"24":0,"25":0,"26":0,"27":0,"28":0,"29":0,"30":0,"31":0,"32":0,"33":0,"34":0,"35":0,"36":0,"37":0,"38":0,"39":0,"40":0,"41":0,"42":0,"43":0,"44":0,"45":0,"46":0,"47":0,"48":0,"49":0,"50":0,"51":0,"52":0,"53":0,"54":0},"f":{"0":0,"1":0,"2":0,"3":0,"4":0,"5":0,"6":0,"7":0,"8":0,"9":0,"10":0,"11":0,"12":0,"13":0,"14":0,"15":0,"16":0,"17":0,"18":0,"19":0},"b":{"0":[0,0],"1":[0,0],"2":[0,0],"3":[0,0,0],"4":[0,0],"5":[0,0],"6":[0,0],"7":[0,0],"8":[0,0],"9":[0,0],"10":[0,0],"11":[0,0],"12":[0,0],"13":[0,0],"14":[0,0],"15":[0,0],"16":[0,0],"17":[0,0],"18":[0,0],"19":[0,0],"20":[0,0],"21":[0,0],"22":[0,0],"23":[0,0],"24":[0,0],"25":[0,0],"26":[0,0],"27":[0,0]}}
,"/app/src/index.tsx": {"path":"/app/src/index.tsx","statementMap":{"0":{"start":{"line":6,"column":13},"end":{"line":8,"column":1}},"1":{"start":{"line":10,"column":0},"end":{"line":14,"column":2}}},"fnMap":{},"branchMap":{},"s":{"0":0,"1":0},"f":{},"b":{}}
,"/app/src/api/promptsApi.ts": {"path":"/app/src/api/promptsApi.ts","statementMap":{"0":{"start":{"line":12,"column":21},"end":{"line":12,"column":82}},"1":{"start":{"line":50,"column":26},"end":{"line":170,"column":1}},"2":{"start":{"line":57,"column":21},"end":{"line":59,"column":6}},"3":{"start":{"line":60,"column":4},"end":{"line":60,"column":25}},"4":{"start":{"line":65,"column":21},"end":{"line":65,"column":76}},"5":{"start":{"line":66,"column":4},"end":{"line":66,"column":25}},"6":{"start":{"line":71,"column":21},"end":{"line":71,"column":77}},"7":{"start":{"line":72,"column":4},"end":{"line":72,"column":25}},"8":{"start":{"line":77,"column":21},"end":{"line":77,"column":82}},"9":{"start":{"line":78,"column":4},"end":{"line":78,"column":25}},"10":{"start":{"line":83,"column":21},"end":{"line":86,"column":6}},"11":{"start":{"line":87,"column":4},"end":{"line":87,"column":25}},"12":{"start":{"line":92,"column":4},"end":{"line":92,"column":63}},"13":{"start":{"line":97,"column":21},"end":{"line":97,"column":93}},"14":{"start":{"line":98,"column":4},"end":{"line":98,"column":25}},"15":{"start":{"line":103,"column":21},"end":{"line":105,"column":6}},"16":{"start":{"line":106,"column":4},"end":{"line":106,"column":25}},"17":{"start":{"line":111,"column":21},"end":{"line":111,"column":93}},"18":{"start":{"line":112,"column":4},"end":{"line":112,"column":25}},"19":{"start":{"line":117,"column":21},"end":{"line":119,"column":6}},"20":{"start":{"line":120,"column":4},"end":{"line":120,"column":25}},"21":{"start":{"line":125,"column":21},"end":{"line":125,"column":80}},"22":{"start":{"line":126,"column":4},"end":{"line":126,"column":25}},"23":{"start":{"line":131,"column":21},"end":{"line":131,"column":86}},"24":{"start":{"line":132,"column":4},"end":{"line":132,"column":25}},"25":{"start":{"line":142,"column":20},"end":{"line":142,"column":57}},"26":{"start":{"line":143,"column":21},"end":{"line":149,"column":6}},"27":{"start":{"line":150,"column":4},"end":{"line":150,"column":25}},"28":{"start":{"line":158,"column":21},"end":{"line":158,"column":92}},"29":{"start":{"line":159,"column":4},"end":{"line":159,"column":25}},"30":{"start":{"line":167,"column":21},"end":{"line":167,"column":95}},"31":{"start":{"line":168,"column":4},"end":{"line":168,"column":25}}},"fnMap":{"0":{"name":"(anonymous_0)","decl":{"start":{"line":52,"column":15},"end":{"line":52,"column":16}},"loc":{"start":{"line":56,"column":27},"end":{"line":61,"column":3}},"line":56},"1":{"name":"(anonymous_1)","decl":{"start":{"line":64,"column":13},"end":{"line":64,"column":14}},"loc":{"start":{"line":64,"column":52},"end":{"line":67,"column":3}},"line":64},"2":{"name":"(anonymous_2)","decl":{"start":{"line":70,"column":16},"end":{"line":70,"column":17}},"loc":{"start":{"line":70,"column":66},"end":{"line":73,"column":3}},"line":70},"3":{"name":"(anonymous_3)","decl":{"start":{"line":76,"column":16},"end":{"line":76,"column":17}},"loc":{"start":{"line":76,"column":78},"end":{"line":79,"column":3}},"line":76},"4":{"name":"(anonymous_4)","decl":{"start":{"line":82,"column":17},"end":{"line":82,"column":18}},"loc":{"start":{"line":82,"column":95},"end":{"line":88,"column":3}},"line":82},"5":{"name":"(anonymous_5)","decl":{"start":{"line":91,"column":16},"end":{"line":91,"column":17}},"loc":{"start":{"line":91,"column":53},"end":{"line":93,"column":3}},"line":91},"6":{"name":"(anonymous_6)","decl":{"start":{"line":96,"column":17},"end":{"line":96,"column":18}},"loc":{"start":{"line":96,"column":94},"end":{"line":99,"column":3}},"line":96},"7":{"name":"(anonymous_7)","decl":{"start":{"line":102,"column":16},"end":{"line":102,"column":17}},"loc":{"start":{"line":102,"column":84},"end":{"line":107,"column":3}},"line":102},"8":{"name":"(anonymous_8)","decl":{"start":{"line":110,"column":21},"end":{"line":110,"column":22}},"loc":{"start":{"line":110,"column":70},"end":{"line":113,"column":3}},"line":110},"9":{"name":"(anonymous_9)","decl":{"start":{"line":116,"column":16},"end":{"line":116,"column":17}},"loc":{"start":{"line":116,"column":75},"end":{"line":121,"column":3}},"line":116},"10":{"name":"(anonymous_10)","decl":{"start":{"line":124,"column":17},"end":{"line":124,"column":18}},"loc":{"start":{"line":124,"column":56},"end":{"line":127,"column":3}},"line":124},"11":{"name":"(anonymous_11)","decl":{"start":{"line":130,"column":15},"end":{"line":130,"column":16}},"loc":{"start":{"line":130,"column":62},"end":{"line":133,"column":3}},"line":130},"12":{"name":"(anonymous_12)","decl":{"start":{"line":141,"column":29},"end":{"line":141,"column":30}},"loc":{"start":{"line":141,"column":86},"end":{"line":151,"column":3}},"line":141},"13":{"name":"(anonymous_13)","decl":{"start":{"line":157,"column":28},"end":{"line":157,"column":29}},"loc":{"start":{"line":157,"column":92},"end":{"line":160,"column":3}},"line":157},"14":{"name":"(anonymous_14)","decl":{"start":{"line":166,"column":23},"end":{"line":166,"column":24}},"loc":{"start":{"line":166,"column":94},"end":{"line":169,"column":3}},"line":166}},"branchMap":{"0":{"loc":{"start":{"line":12,"column":21},"end":{"line":12,"column":82}},"type":"binary-expr","locations":[{"start":{"line":12,"column":21},"end":{"line":12,"column":55}},{"start":{"line":12,"column":59},"end":{"line":12,"column":82}}],"line":12},"1":{"loc":{"start":{"line":102,"column":41},"end":{"line":102,"column":52}},"type":"default-arg","locations":[{"start":{"line":102,"column":49},"end":{"line":102,"column":52}}],"line":102}},"s":{"0":0,"1":0,"2":0,"3":0,"4":0,"5":0,"6":0,"7":0,"8":0,"9":0,"10":0,"11":0,"12":0,"13":0,"14":0,"15":0,"16":0,"17":0,"18":0,"19":0,"20":0,"21":0,"22":0,"23":0,"24":0,"25":0,"26":0,"27":0,"28":0,"29":0,"30":0,"31":0},"f":{"0":0,"1":0,"2":0,"3":0,"4":0,"5":0,"6":0,"7":0,"8":0,"9":0,"10":0,"11":0,"12":0,"13":0,"14":0},"b":{"0":[0,0],"1":[0]}}
,"/app/src/components/DocumentLibrary.tsx": {"path":"/app/src/components/DocumentLibrary.tsx","statementMap":{"0":{"start":{"line":52,"column":56},"end":{"line":629,"column":1}},"1":{"start":{"line":56,"column":36},"end":{"line":56,"column":60}},"2":{"start":{"line":57,"column":32},"end":{"line":57,"column":46}},"3":{"start":{"line":58,"column":28},"end":{"line":58,"column":57}},"4":{"start":{"line":59,"column":52},"end":{"line":59,"column":74}},"5":{"start":{"line":60,"column":38},"end":{"line":60,"column":105}},"6":{"start":{"line":61,"column":42},"end":{"line":64,"column":4}},"7":{"start":{"line":65,"column":44},"end":{"line":68,"column":4}},"8":{"start":{"line":69,"column":38},"end":{"line":69,"column":49}},"9":{"start":{"line":70,"column":48},"end":{"line":70,"column":77}},"10":{"start":{"line":71,"column":46},"end":{"line":71,"column":61}},"11":{"start":{"line":73,"column":2},"end":{"line":75,"column":23}},"12":{"start":{"line":74,"column":4},"end":{"line":74,"column":20}},"13":{"start":{"line":77,"column":24},"end":{"line":88,"column":3}},"14":{"start":{"line":78,"column":4},"end":{"line":87,"column":5}},"15":{"start":{"line":79,"column":6},"end":{"line":79,"column":23}},"16":{"start":{"line":80,"column":6},"end":{"line":80,"column":21}},"17":{"start":{"line":81,"column":19},"end":{"line":81,"column":55}},"18":{"start":{"line":82,"column":6},"end":{"line":82,"column":25}},"19":{"start":{"line":84,"column":6},"end":{"line":84,"column":128}},"20":{"start":{"line":86,"column":6},"end":{"line":86,"column":24}},"21":{"start":{"line":90,"column":22},"end":{"line":96,"column":3}},"22":{"start":{"line":91,"column":4},"end":{"line":91,"column":72}},"23":{"start":{"line":91,"column":34},"end":{"line":91,"column":72}},"24":{"start":{"line":92,"column":4},"end":{"line":92,"column":71}},"25":{"start":{"line":92,"column":35},"end":{"line":92,"column":71}},"26":{"start":{"line":93,"column":4},"end":{"line":93,"column":107}},"27":{"start":{"line":93,"column":68},"end":{"line":93,"column":107}},"28":{"start":{"line":94,"column":4},"end":{"line":94,"column":71}},"29":{"start":{"line":94,"column":39},"end":{"line":94,"column":71}},"30":{"start":{"line":95,"column":4},"end":{"line":95,"column":27}},"31":{"start":{"line":98,"column":24},"end":{"line":111,"column":3}},"32":{"start":{"line":99,"column":4},"end":{"line":110,"column":5}},"33":{"start":{"line":101,"column":8},"end":{"line":101,"column":96}},"34":{"start":{"line":103,"column":8},"end":{"line":103,"column":97}},"35":{"start":{"line":105,"column":8},"end":{"line":105,"column":96}},"36":{"start":{"line":107,"column":8},"end":{"line":107,"column":83}},"37":{"start":{"line":109,"column":8},"end":{"line":109,"column":71}},"38":{"start":{"line":113,"column":25},"end":{"line":119,"column":3}},"39":{"start":{"line":114,"column":4},"end":{"line":114,"column":38}},"40":{"start":{"line":114,"column":21},"end":{"line":114,"column":38}},"41":{"start":{"line":115,"column":14},"end":{"line":115,"column":18}},"42":{"start":{"line":116,"column":18},"end":{"line":116,"column":45}},"43":{"start":{"line":117,"column":14},"end":{"line":117,"column":55}},"44":{"start":{"line":118,"column":4},"end":{"line":118,"column":76}},"45":{"start":{"line":121,"column":21},"end":{"line":129,"column":3}},"46":{"start":{"line":122,"column":4},"end":{"line":128,"column":7}},"47":{"start":{"line":131,"column":31},"end":{"line":137,"column":3}},"48":{"start":{"line":132,"column":4},"end":{"line":136,"column":6}},"49":{"start":{"line":133,"column":6},"end":{"line":135,"column":31}},"50":{"start":{"line":134,"column":28},"end":{"line":134,"column":45}},"51":{"start":{"line":139,"column":25},"end":{"line":141,"column":3}},"52":{"start":{"line":140,"column":4},"end":{"line":140,"column":64}},"53":{"start":{"line":143,"column":26},"end":{"line":145,"column":3}},"54":{"start":{"line":144,"column":4},"end":{"line":144,"column":24}},"55":{"start":{"line":147,"column":24},"end":{"line":166,"column":3}},"56":{"start":{"line":148,"column":4},"end":{"line":148,"column":47}},"57":{"start":{"line":149,"column":4},"end":{"line":149,"column":21}},"58":{"start":{"line":150,"column":4},"end":{"line":150,"column":29}},"59":{"start":{"line":151,"column":4},"end":{"line":151,"column":22}},"60":{"start":{"line":154,"column":4},"end":{"line":165,"column":5}},"61":{"start":{"line":155,"column":6},"end":{"line":155,"column":30}},"62":{"start":{"line":156,"column":6},"end":{"line":164,"column":7}},"63":{"start":{"line":157,"column":28},"end":{"line":157,"column":81}},"64":{"start":{"line":158,"column":8},"end":{"line":158,"column":48}},"65":{"start":{"line":160,"column":8},"end":{"line":160,"column":63}},"66":{"start":{"line":161,"column":8},"end":{"line":161,"column":69}},"67":{"start":{"line":163,"column":8},"end":{"line":163,"column":33}},"68":{"start":{"line":168,"column":23},"end":{"line":171,"column":3}},"69":{"start":{"line":169,"column":4},"end":{"line":169,"column":46}},"70":{"start":{"line":170,"column":4},"end":{"line":170,"column":22}},"71":{"start":{"line":173,"column":24},"end":{"line":184,"column":3}},"72":{"start":{"line":174,"column":4},"end":{"line":174,"column":39}},"73":{"start":{"line":174,"column":32},"end":{"line":174,"column":39}},"74":{"start":{"line":176,"column":4},"end":{"line":183,"column":5}},"75":{"start":{"line":177,"column":6},"end":{"line":177,"column":69}},"76":{"start":{"line":178,"column":6},"end":{"line":178,"column":85}},"77":{"start":{"line":178,"column":27},"end":{"line":178,"column":83}},"78":{"start":{"line":178,"column":46},"end":{"line":178,"column":82}},"79":{"start":{"line":179,"column":6},"end":{"line":179,"column":88}},"80":{"start":{"line":179,"column":35},"end":{"line":179,"column":86}},"81":{"start":{"line":179,"column":53},"end":{"line":179,"column":85}},"82":{"start":{"line":180,"column":6},"end":{"line":180,"column":55}},"83":{"start":{"line":182,"column":6},"end":{"line":182,"column":116}},"84":{"start":{"line":186,"column":25},"end":{"line":193,"column":3}},"85":{"start":{"line":187,"column":4},"end":{"line":192,"column":5}},"86":{"start":{"line":188,"column":6},"end":{"line":188,"column":77}},"87":{"start":{"line":189,"column":6},"end":{"line":189,"column":24}},"88":{"start":{"line":191,"column":6},"end":{"line":191,"column":117}},"89":{"start":{"line":195,"column":30},"end":{"line":199,"column":3}},"90":{"start":{"line":196,"column":4},"end":{"line":198,"column":5}},"91":{"start":{"line":197,"column":6},"end":{"line":197,"column":41}},"92":{"start":{"line":201,"column":29},"end":{"line":201,"column":93}},"93":{"start":{"line":201,"column":53},"end":{"line":201,"column":92}},"94":{"start":{"line":202,"column":27},"end":{"line":206,"column":6}},"95":{"start":{"line":204,"column":18},"end":{"line":204,"column":50}},"96":{"start":{"line":204,"column":38},"end":{"line":204,"column":49}},"97":{"start":{"line":205,"column":6},"end":{"line":205,"column":74}},"98":{"start":{"line":208,"column":2},"end":{"line":214,"column":3}},"99":{"start":{"line":209,"column":4},"end":{"line":213,"column":6}},"100":{"start":{"line":216,"column":2},"end":{"line":628,"column":4}},"101":{"start":{"line":244,"column":62},"end":{"line":244,"column":76}},"102":{"start":{"line":280,"column":43},"end":{"line":280,"column":58}},"103":{"start":{"line":292,"column":43},"end":{"line":292,"column":83}},"104":{"start":{"line":319,"column":12},"end":{"line":403,"column":19}},"105":{"start":{"line":330,"column":31},"end":{"line":330,"column":64}},"106":{"start":{"line":354,"column":24},"end":{"line":354,"column":44}},"107":{"start":{"line":355,"column":24},"end":{"line":355,"column":55}},"108":{"start":{"line":415,"column":22},"end":{"line":415,"column":74}},"109":{"start":{"line":415,"column":42},"end":{"line":415,"column":73}},"110":{"start":{"line":416,"column":10},"end":{"line":416,"column":38}},"111":{"start":{"line":416,"column":19},"end":{"line":416,"column":38}},"112":{"start":{"line":425,"column":22},"end":{"line":425,"column":74}},"113":{"start":{"line":425,"column":42},"end":{"line":425,"column":73}},"114":{"start":{"line":426,"column":10},"end":{"line":426,"column":39}},"115":{"start":{"line":426,"column":19},"end":{"line":426,"column":39}},"116":{"start":{"line":438,"column":24},"end":{"line":438,"column":76}},"117":{"start":{"line":438,"column":44},"end":{"line":438,"column":75}},"118":{"start":{"line":439,"column":12},"end":{"line":439,"column":39}},"119":{"start":{"line":439,"column":21},"end":{"line":439,"column":39}},"120":{"start":{"line":453,"column":23},"end":{"line":453,"column":71}},"121":{"start":{"line":463,"column":33},"end":{"line":463,"column":81}},"122":{"start":{"line":475,"column":23},"end":{"line":475,"column":72}},"123":{"start":{"line":488,"column":43},"end":{"line":488,"column":66}},"124":{"start":{"line":622,"column":33},"end":{"line":622,"column":82}}},"fnMap":{"0":{"name":"(anonymous_0)","decl":{"start":{"line":52,"column":56},"end":{"line":52,"column":57}},"loc":{"start":{"line":55,"column":6},"end":{"line":629,"column":1}},"line":55},"1":{"name":"(anonymous_1)","decl":{"start":{"line":73,"column":12},"end":{"line":73,"column":13}},"loc":{"start":{"line":73,"column":18},"end":{"line":75,"column":3}},"line":73},"2":{"name":"(anonymous_2)","decl":{"start":{"line":77,"column":24},"end":{"line":77,"column":25}},"loc":{"start":{"line":77,"column":36},"end":{"line":88,"column":3}},"line":77},"3":{"name":"(anonymous_3)","decl":{"start":{"line":90,"column":22},"end":{"line":90,"column":23}},"loc":{"start":{"line":90,"column":44},"end":{"line":96,"column":3}},"line":90},"4":{"name":"(anonymous_4)","decl":{"start":{"line":98,"column":24},"end":{"line":98,"column":25}},"loc":{"start":{"line":98,"column":52},"end":{"line":111,"column":3}},"line":98},"5":{"name":"(anonymous_5)","decl":{"start":{"line":113,"column":25},"end":{"line":113,"column":26}},"loc":{"start":{"line":113,"column":52},"end":{"line":119,"column":3}},"line":113},"6":{"name":"(anonymous_6)","decl":{"start":{"line":121,"column":21},"end":{"line":121,"column":22}},"loc":{"start":{"line":121,"column":53},"end":{"line":129,"column":3}},"line":121},"7":{"name":"(anonymous_7)","decl":{"start":{"line":131,"column":31},"end":{"line":131,"column":32}},"loc":{"start":{"line":131,"column":55},"end":{"line":137,"column":3}},"line":131},"8":{"name":"(anonymous_8)","decl":{"start":{"line":132,"column":25},"end":{"line":132,"column":26}},"loc":{"start":{"line":133,"column":6},"end":{"line":135,"column":31}},"line":133},"9":{"name":"(anonymous_9)","decl":{"start":{"line":134,"column":22},"end":{"line":134,"column":23}},"loc":{"start":{"line":134,"column":28},"end":{"line":134,"column":45}},"line":134},"10":{"name":"(anonymous_10)","decl":{"start":{"line":139,"column":25},"end":{"line":139,"column":26}},"loc":{"start":{"line":139,"column":87},"end":{"line":141,"column":3}},"line":139},"11":{"name":"(anonymous_11)","decl":{"start":{"line":143,"column":26},"end":{"line":143,"column":27}},"loc":{"start":{"line":143,"column":32},"end":{"line":145,"column":3}},"line":143},"12":{"name":"(anonymous_12)","decl":{"start":{"line":147,"column":24},"end":{"line":147,"column":25}},"loc":{"start":{"line":147,"column":54},"end":{"line":166,"column":3}},"line":147},"13":{"name":"(anonymous_13)","decl":{"start":{"line":168,"column":23},"end":{"line":168,"column":24}},"loc":{"start":{"line":168,"column":47},"end":{"line":171,"column":3}},"line":168},"14":{"name":"(anonymous_14)","decl":{"start":{"line":173,"column":24},"end":{"line":173,"column":25}},"loc":{"start":{"line":173,"column":36},"end":{"line":184,"column":3}},"line":173},"15":{"name":"(anonymous_15)","decl":{"start":{"line":178,"column":19},"end":{"line":178,"column":20}},"loc":{"start":{"line":178,"column":27},"end":{"line":178,"column":83}},"line":178},"16":{"name":"(anonymous_16)","decl":{"start":{"line":178,"column":39},"end":{"line":178,"column":40}},"loc":{"start":{"line":178,"column":46},"end":{"line":178,"column":82}},"line":178},"17":{"name":"(anonymous_17)","decl":{"start":{"line":179,"column":27},"end":{"line":179,"column":28}},"loc":{"start":{"line":179,"column":35},"end":{"line":179,"column":86}},"line":179},"18":{"name":"(anonymous_18)","decl":{"start":{"line":179,"column":47},"end":{"line":179,"column":48}},"loc":{"start":{"line":179,"column":53},"end":{"line":179,"column":85}},"line":179},"19":{"name":"(anonymous_19)","decl":{"start":{"line":186,"column":25},"end":{"line":186,"column":26}},"loc":{"start":{"line":186,"column":55},"end":{"line":193,"column":3}},"line":186},"20":{"name":"(anonymous_20)","decl":{"start":{"line":195,"column":30},"end":{"line":195,"column":31}},"loc":{"start":{"line":195,"column":36},"end":{"line":199,"column":3}},"line":195},"21":{"name":"(anonymous_21)","decl":{"start":{"line":201,"column":46},"end":{"line":201,"column":47}},"loc":{"start":{"line":201,"column":53},"end":{"line":201,"column":92}},"line":201},"22":{"name":"(anonymous_22)","decl":{"start":{"line":203,"column":28},"end":{"line":203,"column":29}},"loc":{"start":{"line":203,"column":34},"end":{"line":206,"column":5}},"line":203},"23":{"name":"(anonymous_23)","decl":{"start":{"line":204,"column":33},"end":{"line":204,"column":34}},"loc":{"start":{"line":204,"column":38},"end":{"line":204,"column":49}},"line":204},"24":{"name":"(anonymous_24)","decl":{"start":{"line":244,"column":56},"end":{"line":244,"column":57}},"loc":{"start":{"line":244,"column":62},"end":{"line":244,"column":76}},"line":244},"25":{"name":"(anonymous_25)","decl":{"start":{"line":280,"column":36},"end":{"line":280,"column":37}},"loc":{"start":{"line":280,"column":43},"end":{"line":280,"column":58}},"line":280},"26":{"name":"(anonymous_26)","decl":{"start":{"line":292,"column":36},"end":{"line":292,"column":37}},"loc":{"start":{"line":292,"column":43},"end":{"line":292,"column":83}},"line":292},"27":{"name":"(anonymous_27)","decl":{"start":{"line":318,"column":25},"end":{"line":318,"column":26}},"loc":{"start":{"line":319,"column":12},"end":{"line":403,"column":19}},"line":319},"28":{"name":"(anonymous_28)","decl":{"start":{"line":330,"column":25},"end":{"line":330,"column":26}},"loc":{"start":{"line":330,"column":31},"end":{"line":330,"column":64}},"line":330},"29":{"name":"(anonymous_29)","decl":{"start":{"line":353,"column":31},"end":{"line":353,"column":32}},"loc":{"start":{"line":353,"column":38},"end":{"line":356,"column":23}},"line":353},"30":{"name":"(anonymous_30)","decl":{"start":{"line":414,"column":27},"end":{"line":414,"column":28}},"loc":{"start":{"line":414,"column":33},"end":{"line":417,"column":9}},"line":414},"31":{"name":"(anonymous_31)","decl":{"start":{"line":415,"column":37},"end":{"line":415,"column":38}},"loc":{"start":{"line":415,"column":42},"end":{"line":415,"column":73}},"line":415},"32":{"name":"(anonymous_32)","decl":{"start":{"line":424,"column":27},"end":{"line":424,"column":28}},"loc":{"start":{"line":424,"column":33},"end":{"line":427,"column":9}},"line":424},"33":{"name":"(anonymous_33)","decl":{"start":{"line":425,"column":37},"end":{"line":425,"column":38}},"loc":{"start":{"line":425,"column":42},"end":{"line":425,"column":73}},"line":425},"34":{"name":"(anonymous_34)","decl":{"start":{"line":437,"column":19},"end":{"line":437,"column":20}},"loc":{"start":{"line":437,"column":25},"end":{"line":440,"column":11}},"line":437},"35":{"name":"(anonymous_35)","decl":{"start":{"line":438,"column":39},"end":{"line":438,"column":40}},"loc":{"start":{"line":438,"column":44},"end":{"line":438,"column":75}},"line":438},"36":{"name":"(anonymous_36)","decl":{"start":{"line":453,"column":17},"end":{"line":453,"column":18}},"loc":{"start":{"line":453,"column":23},"end":{"line":453,"column":71}},"line":453},"37":{"name":"(anonymous_37)","decl":{"start":{"line":463,"column":27},"end":{"line":463,"column":28}},"loc":{"start":{"line":463,"column":33},"end":{"line":463,"column":81}},"line":463},"38":{"name":"(anonymous_38)","decl":{"start":{"line":475,"column":17},"end":{"line":475,"column":18}},"loc":{"start":{"line":475,"column":23},"end":{"line":475,"column":72}},"line":475},"39":{"name":"(anonymous_39)","decl":{"start":{"line":488,"column":26},"end":{"line":488,"column":27}},"loc":{"start":{"line":488,"column":43},"end":{"line":488,"column":66}},"line":488},"40":{"name":"(anonymous_40)","decl":{"start":{"line":622,"column":27},"end":{"line":622,"column":28}},"loc":{"start":{"line":622,"column":33},"end":{"line":622,"column":82}},"line":622}},"branchMap":{"0":{"loc":{"start":{"line":84,"column":15},"end":{"line":84,"column":126}},"type":"cond-expr","locations":[{"start":{"line":84,"column":68},"end":{"line":84,"column":90}},{"start":{"line":84,"column":93},"end":{"line":84,"column":126}}],"line":84},"1":{"loc":{"start":{"line":84,"column":15},"end":{"line":84,"column":65}},"type":"binary-expr","locations":[{"start":{"line":84,"column":15},"end":{"line":84,"column":18}},{"start":{"line":84,"column":22},"end":{"line":84,"column":45}},{"start":{"line":84,"column":49},"end":{"line":84,"column":65}}],"line":84},"2":{"loc":{"start":{"line":91,"column":4},"end":{"line":91,"column":72}},"type":"if","locations":[{"start":{"line":91,"column":4},"end":{"line":91,"column":72}},{"start":{},"end":{}}],"line":91},"3":{"loc":{"start":{"line":92,"column":4},"end":{"line":92,"column":71}},"type":"if","locations":[{"start":{"line":92,"column":4},"end":{"line":92,"column":71}},{"start":{},"end":{}}],"line":92},"4":{"loc":{"start":{"line":93,"column":4},"end":{"line":93,"column":107}},"type":"if","locations":[{"start":{"line":93,"column":4},"end":{"line":93,"column":107}},{"start":{},"end":{}}],"line":93},"5":{"loc":{"start":{"line":93,"column":8},"end":{"line":93,"column":66}},"type":"binary-expr","locations":[{"start":{"line":93,"column":8},"end":{"line":93,"column":33}},{"start":{"line":93,"column":37},"end":{"line":93,"column":66}}],"line":93},"6":{"loc":{"start":{"line":94,"column":4},"end":{"line":94,"column":71}},"type":"if","locations":[{"start":{"line":94,"column":4},"end":{"line":94,"column":71}},{"start":{},"end":{}}],"line":94},"7":{"loc":{"start":{"line":99,"column":4},"end":{"line":110,"column":5}},"type":"switch","locations":[{"start":{"line":100,"column":6},"end":{"line":101,"column":96}},{"start":{"line":102,"column":6},"end":{"line":103,"column":97}},{"start":{"line":104,"column":6},"end":{"line":105,"column":96}},{"start":{"line":106,"column":6},"end":{"line":107,"column":83}},{"start":{"line":108,"column":6},"end":{"line":109,"column":71}}],"line":99},"8":{"loc":{"start":{"line":114,"column":4},"end":{"line":114,"column":38}},"type":"if","locations":[{"start":{"line":114,"column":4},"end":{"line":114,"column":38}},{"start":{},"end":{}}],"line":114},"9":{"loc":{"start":{"line":133,"column":6},"end":{"line":135,"column":31}},"type":"cond-expr","locations":[{"start":{"line":134,"column":10},"end":{"line":134,"column":46}},{"start":{"line":135,"column":10},"end":{"line":135,"column":31}}],"line":133},"10":{"loc":{"start":{"line":154,"column":4},"end":{"line":165,"column":5}},"type":"if","locations":[{"start":{"line":154,"column":4},"end":{"line":165,"column":5}},{"start":{},"end":{}}],"line":154},"11":{"loc":{"start":{"line":174,"column":4},"end":{"line":174,"column":39}},"type":"if","locations":[{"start":{"line":174,"column":4},"end":{"line":174,"column":39}},{"start":{},"end":{}}],"line":174},"12":{"loc":{"start":{"line":182,"column":15},"end":{"line":182,"column":114}},"type":"cond-expr","locations":[{"start":{"line":182,"column":68},"end":{"line":182,"column":90}},{"start":{"line":182,"column":93},"end":{"line":182,"column":114}}],"line":182},"13":{"loc":{"start":{"line":182,"column":15},"end":{"line":182,"column":65}},"type":"binary-expr","locations":[{"start":{"line":182,"column":15},"end":{"line":182,"column":18}},{"start":{"line":182,"column":22},"end":{"line":182,"column":45}},{"start":{"line":182,"column":49},"end":{"line":182,"column":65}}],"line":182},"14":{"loc":{"start":{"line":191,"column":15},"end":{"line":191,"column":115}},"type":"cond-expr","locations":[{"start":{"line":191,"column":68},"end":{"line":191,"column":90}},{"start":{"line":191,"column":93},"end":{"line":191,"column":115}}],"line":191},"15":{"loc":{"start":{"line":191,"column":15},"end":{"line":191,"column":65}},"type":"binary-expr","locations":[{"start":{"line":191,"column":15},"end":{"line":191,"column":18}},{"start":{"line":191,"column":22},"end":{"line":191,"column":45}},{"start":{"line":191,"column":49},"end":{"line":191,"column":65}}],"line":191},"16":{"loc":{"start":{"line":196,"column":4},"end":{"line":198,"column":5}},"type":"if","locations":[{"start":{"line":196,"column":4},"end":{"line":198,"column":5}},{"start":{},"end":{}}],"line":196},"17":{"loc":{"start":{"line":196,"column":8},"end":{"line":196,"column":55}},"type":"binary-expr","locations":[{"start":{"line":196,"column":8},"end":{"line":196,"column":23}},{"start":{"line":196,"column":27},"end":{"line":196,"column":55}}],"line":196},"18":{"loc":{"start":{"line":202,"column":27},"end":{"line":206,"column":6}},"type":"binary-expr","locations":[{"start":{"line":202,"column":27},"end":{"line":202,"column":55}},{"start":{"line":203,"column":4},"end":{"line":206,"column":6}}],"line":202},"19":{"loc":{"start":{"line":205,"column":13},"end":{"line":205,"column":73}},"type":"binary-expr","locations":[{"start":{"line":205,"column":13},"end":{"line":205,"column":53}},{"start":{"line":205,"column":57},"end":{"line":205,"column":73}}],"line":205},"20":{"loc":{"start":{"line":208,"column":2},"end":{"line":214,"column":3}},"type":"if","locations":[{"start":{"line":208,"column":2},"end":{"line":214,"column":3}},{"start":{},"end":{}}],"line":208},"21":{"loc":{"start":{"line":224,"column":9},"end":{"line":239,"column":9}},"type":"binary-expr","locations":[{"start":{"line":224,"column":9},"end":{"line":224,"column":37}},{"start":{"line":225,"column":10},"end":{"line":238,"column":16}}],"line":224},"22":{"loc":{"start":{"line":243,"column":7},"end":{"line":247,"column":7}},"type":"binary-expr","locations":[{"start":{"line":243,"column":7},"end":{"line":243,"column":12}},{"start":{"line":244,"column":8},"end":{"line":246,"column":16}}],"line":243},"23":{"loc":{"start":{"line":304,"column":7},"end":{"line":406,"column":7}},"type":"cond-expr","locations":[{"start":{"line":305,"column":8},"end":{"line":315,"column":15}},{"start":{"line":317,"column":8},"end":{"line":405,"column":15}}],"line":304},"24":{"loc":{"start":{"line":324,"column":26},"end":{"line":324,"column":73}},"type":"cond-expr","locations":[{"start":{"line":324,"column":68},"end":{"line":324,"column":69}},{"start":{"line":324,"column":72},"end":{"line":324,"column":73}}],"line":324},"25":{"loc":{"start":{"line":325,"column":31},"end":{"line":325,"column":99}},"type":"cond-expr","locations":[{"start":{"line":325,"column":73},"end":{"line":325,"column":87}},{"start":{"line":325,"column":90},"end":{"line":325,"column":99}}],"line":325},"26":{"loc":{"start":{"line":337,"column":23},"end":{"line":341,"column":23}},"type":"binary-expr","locations":[{"start":{"line":337,"column":23},"end":{"line":337,"column":43}},{"start":{"line":338,"column":24},"end":{"line":340,"column":34}}],"line":337},"27":{"loc":{"start":{"line":342,"column":23},"end":{"line":349,"column":23}},"type":"binary-expr","locations":[{"start":{"line":342,"column":23},"end":{"line":342,"column":66}},{"start":{"line":343,"column":24},"end":{"line":348,"column":26}}],"line":342},"28":{"loc":{"start":{"line":373,"column":19},"end":{"line":380,"column":19}},"type":"binary-expr","locations":[{"start":{"line":373,"column":19},"end":{"line":373,"column":64}},{"start":{"line":374,"column":20},"end":{"line":379,"column":26}}],"line":373},"29":{"loc":{"start":{"line":385,"column":45},"end":{"line":385,"column":68}},"type":"binary-expr","locations":[{"start":{"line":385,"column":45},"end":{"line":385,"column":63}},{"start":{"line":385,"column":67},"end":{"line":385,"column":68}}],"line":385},"30":{"loc":{"start":{"line":390,"column":21},"end":{"line":394,"column":21}},"type":"binary-expr","locations":[{"start":{"line":390,"column":21},"end":{"line":390,"column":42}},{"start":{"line":391,"column":22},"end":{"line":393,"column":35}}],"line":390},"31":{"loc":{"start":{"line":395,"column":21},"end":{"line":399,"column":21}},"type":"binary-expr","locations":[{"start":{"line":395,"column":21},"end":{"line":395,"column":52}},{"start":{"line":396,"column":22},"end":{"line":398,"column":35}}],"line":395},"32":{"loc":{"start":{"line":416,"column":10},"end":{"line":416,"column":38}},"type":"if","locations":[{"start":{"line":416,"column":10},"end":{"line":416,"column":38}},{"start":{},"end":{}}],"line":416},"33":{"loc":{"start":{"line":426,"column":10},"end":{"line":426,"column":39}},"type":"if","locations":[{"start":{"line":426,"column":10},"end":{"line":426,"column":39}},{"start":{},"end":{}}],"line":426},"34":{"loc":{"start":{"line":439,"column":12},"end":{"line":439,"column":39}},"type":"if","locations":[{"start":{"line":439,"column":12},"end":{"line":439,"column":39}},{"start":{},"end":{}}],"line":439},"35":{"loc":{"start":{"line":483,"column":11},"end":{"line":619,"column":11}},"type":"binary-expr","locations":[{"start":{"line":483,"column":11},"end":{"line":483,"column":33}},{"start":{"line":484,"column":12},"end":{"line":618,"column":18}}],"line":483},"36":{"loc":{"start":{"line":500,"column":17},"end":{"line":571,"column":17}},"type":"binary-expr","locations":[{"start":{"line":500,"column":17},"end":{"line":500,"column":33}},{"start":{"line":501,"column":18},"end":{"line":570,"column":24}}],"line":500},"37":{"loc":{"start":{"line":513,"column":71},"end":{"line":513,"column":108}},"type":"binary-expr","locations":[{"start":{"line":513,"column":71},"end":{"line":513,"column":103}},{"start":{"line":513,"column":107},"end":{"line":513,"column":108}}],"line":513},"38":{"loc":{"start":{"line":528,"column":54},"end":{"line":528,"column":104}},"type":"cond-expr","locations":[{"start":{"line":528,"column":91},"end":{"line":528,"column":95}},{"start":{"line":528,"column":98},"end":{"line":528,"column":104}}],"line":528},"39":{"loc":{"start":{"line":536,"column":23},"end":{"line":542,"column":23}},"type":"binary-expr","locations":[{"start":{"line":536,"column":23},"end":{"line":536,"column":58}},{"start":{"line":537,"column":24},"end":{"line":541,"column":31}}],"line":536},"40":{"loc":{"start":{"line":545,"column":21},"end":{"line":556,"column":21}},"type":"binary-expr","locations":[{"start":{"line":545,"column":21},"end":{"line":545,"column":59}},{"start":{"line":546,"column":22},"end":{"line":555,"column":28}}],"line":545},"41":{"loc":{"start":{"line":558,"column":21},"end":{"line":569,"column":21}},"type":"binary-expr","locations":[{"start":{"line":558,"column":21},"end":{"line":558,"column":52}},{"start":{"line":559,"column":22},"end":{"line":568,"column":28}}],"line":558},"42":{"loc":{"start":{"line":573,"column":17},"end":{"line":616,"column":17}},"type":"binary-expr","locations":[{"start":{"line":573,"column":17},"end":{"line":573,"column":33}},{"start":{"line":574,"column":18},"end":{"line":615,"column":24}}],"line":573},"43":{"loc":{"start":{"line":578,"column":21},"end":{"line":614,"column":21}},"type":"cond-expr","locations":[{"start":{"line":579,"column":22},"end":{"line":581,"column":28}},{"start":{"line":582,"column":24},"end":{"line":614,"column":21}}],"line":578},"44":{"loc":{"start":{"line":582,"column":24},"end":{"line":614,"column":21}},"type":"cond-expr","locations":[{"start":{"line":583,"column":22},"end":{"line":606,"column":30}},{"start":{"line":608,"column":22},"end":{"line":613,"column":30}}],"line":582},"45":{"loc":{"start":{"line":609,"column":25},"end":{"line":611,"column":52}},"type":"cond-expr","locations":[{"start":{"line":610,"column":28},"end":{"line":610,"column":94}},{"start":{"line":611,"column":28},"end":{"line":611,"column":52}}],"line":609}},"s":{"0":0,"1":0,"2":0,"3":0,"4":0,"5":0,"6":0,"7":0,"8":0,"9":0,"10":0,"11":0,"12":0,"13":0,"14":0,"15":0,"16":0,"17":0,"18":0,"19":0,"20":0,"21":0,"22":0,"23":0,"24":0,"25":0,"26":0,"27":0,"28":0,"29":0,"30":0,"31":0,"32":0,"33":0,"34":0,"35":0,"36":0,"37":0,"38":0,"39":0,"40":0,"41":0,"42":0,"43":0,"44":0,"45":0,"46":0,"47":0,"48":0,"49":0,"50":0,"51":0,"52":0,"53":0,"54":0,"55":0,"56":0,"57":0,"58":0,"59":0,"60":0,"61":0,"62":0,"63":0,"64":0,"65":0,"66":0,"67":0,"68":0,"69":0,"70":0,"71":0,"72":0,"73":0,"74":0,"75":0,"76":0,"77":0,"78":0,"79":0,"80":0,"81":0,"82":0,"83":0,"84":0,"85":0,"86":0,"87":0,"88":0,"89":0,"90":0,"91":0,"92":0,"93":0,"94":0,"95":0,"96":0,"97":0,"98":0,"99":0,"100":0,"101":0,"102":0,"103":0,"104":0,"105":0,"106":0,"107":0,"108":0,"109":0,"110":0,"111":0,"112":0,"113":0,"114":0,"115":0,"116":0,"117":0,"118":0,"119":0,"120":0,"121":0,"122":0,"123":0,"124":0},"f":{"0":0,"1":0,"2":0,"3":0,"4":0,"5":0,"6":0,"7":0,"8":0,"9":0,"10":0,"11":0,"12":0,"13":0,"14":0,"15":0,"16":0,"17":0,"18":0,"19":0,"20":0,"21":0,"22":0,"23":0,"24":0,"25":0,"26":0,"27":0,"28":0,"29":0,"30":0,"31":0,"32":0,"33":0,"34":0,"35":0,"36":0,"37":0,"38":0,"39":0,"40":0},"b":{"0":[0,0],"1":[0,0,0],"2":[0,0],"3":[0,0],"4":[0,0],"5":[0,0],"6":[0,0],"7":[0,0,0,0,0],"8":[0,0],"9":[0,0],"10":[0,0],"11":[0,0],"12":[0,0],"13":[0,0,0],"14":[0,0],"15":[0,0,0],"16":[0,0],"17":[0,0],"18":[0,0],"19":[0,0],"20":[0,0],"21":[0,0],"22":[0,0],"23":[0,0],"24":[0,0],"25":[0,0],"26":[0,0],"27":[0,0],"28":[0,0],"29":[0,0],"30":[0,0],"31":[0,0],"32":[0,0],"33":[0,0],"34":[0,0],"35":[0,0],"36":[0,0],"37":[0,0],"38":[0,0],"39":[0,0],"40":[0,0],"41":[0,0],"42":[0,0],"43":[0,0],"44":[0,0],"45":[0,0]}}
,"/app/src/components/DocumentUpload.tsx": {"path":"/app/src/components/DocumentUpload.tsx","statementMap":{"0":{"start":{"line":59,"column":54},"end":{"line":430,"column":1}},"1":{"start":{"line":66,"column":40},"end":{"line":66,"column":66}},"2":{"start":{"line":67,"column":40},"end":{"line":67,"column":55}},"3":{"start":{"line":68,"column":40},"end":{"line":68,"column":55}},"4":{"start":{"line":70,"column":17},"end":{"line":79,"column":16}},"5":{"start":{"line":71,"column":35},"end":{"line":76,"column":7}},"6":{"start":{"line":71,"column":62},"end":{"line":76,"column":5}},"7":{"start":{"line":78,"column":4},"end":{"line":78,"column":70}},"8":{"start":{"line":78,"column":27},"end":{"line":78,"column":68}},"9":{"start":{"line":81,"column":56},"end":{"line":92,"column":4}},"10":{"start":{"line":94,"column":22},"end":{"line":108,"column":3}},"11":{"start":{"line":95,"column":16},"end":{"line":95,"column":55}},"12":{"start":{"line":96,"column":4},"end":{"line":107,"column":5}},"13":{"start":{"line":98,"column":8},"end":{"line":98,"column":46}},"14":{"start":{"line":101,"column":8},"end":{"line":101,"column":44}},"15":{"start":{"line":104,"column":8},"end":{"line":104,"column":47}},"16":{"start":{"line":106,"column":8},"end":{"line":106,"column":31}},"17":{"start":{"line":110,"column":24},"end":{"line":125,"column":3}},"18":{"start":{"line":111,"column":4},"end":{"line":124,"column":5}},"19":{"start":{"line":113,"column":8},"end":{"line":113,"column":69}},"20":{"start":{"line":115,"column":8},"end":{"line":115,"column":68}},"21":{"start":{"line":117,"column":8},"end":{"line":117,"column":77}},"22":{"start":{"line":119,"column":8},"end":{"line":119,"column":75}},"23":{"start":{"line":121,"column":8},"end":{"line":121,"column":66}},"24":{"start":{"line":123,"column":8},"end":{"line":123,"column":71}},"25":{"start":{"line":127,"column":21},"end":{"line":129,"column":3}},"26":{"start":{"line":128,"column":4},"end":{"line":128,"column":62}},"27":{"start":{"line":128,"column":27},"end":{"line":128,"column":60}},"28":{"start":{"line":128,"column":44},"end":{"line":128,"column":59}},"29":{"start":{"line":131,"column":20},"end":{"line":142,"column":3}},"30":{"start":{"line":132,"column":17},"end":{"line":132,"column":55}},"31":{"start":{"line":132,"column":39},"end":{"line":132,"column":54}},"32":{"start":{"line":133,"column":4},"end":{"line":133,"column":22}},"33":{"start":{"line":133,"column":15},"end":{"line":133,"column":22}},"34":{"start":{"line":135,"column":4},"end":{"line":139,"column":7}},"35":{"start":{"line":135,"column":27},"end":{"line":139,"column":5}},"36":{"start":{"line":136,"column":6},"end":{"line":138,"column":11}},"37":{"start":{"line":141,"column":4},"end":{"line":141,"column":46}},"38":{"start":{"line":144,"column":27},"end":{"line":197,"column":3}},"39":{"start":{"line":145,"column":4},"end":{"line":196,"column":5}},"40":{"start":{"line":147,"column":6},"end":{"line":151,"column":9}},"41":{"start":{"line":147,"column":29},"end":{"line":151,"column":7}},"42":{"start":{"line":148,"column":8},"end":{"line":150,"column":13}},"43":{"start":{"line":154,"column":27},"end":{"line":154,"column":69}},"44":{"start":{"line":157,"column":6},"end":{"line":167,"column":9}},"45":{"start":{"line":157,"column":29},"end":{"line":167,"column":7}},"46":{"start":{"line":158,"column":8},"end":{"line":166,"column":13}},"47":{"start":{"line":170,"column":31},"end":{"line":170,"column":100}},"48":{"start":{"line":173,"column":6},"end":{"line":182,"column":9}},"49":{"start":{"line":173,"column":29},"end":{"line":182,"column":7}},"50":{"start":{"line":174,"column":8},"end":{"line":181,"column":13}},"51":{"start":{"line":184,"column":6},"end":{"line":184,"column":62}},"52":{"start":{"line":187,"column":27},"end":{"line":187,"column":128}},"53":{"start":{"line":189,"column":6},"end":{"line":193,"column":9}},"54":{"start":{"line":189,"column":29},"end":{"line":193,"column":7}},"55":{"start":{"line":190,"column":8},"end":{"line":192,"column":13}},"56":{"start":{"line":195,"column":6},"end":{"line":195,"column":47}},"57":{"start":{"line":199,"column":22},"end":{"line":214,"column":3}},"58":{"start":{"line":200,"column":4},"end":{"line":200,"column":41}},"59":{"start":{"line":200,"column":34},"end":{"line":200,"column":41}},"60":{"start":{"line":202,"column":4},"end":{"line":202,"column":25}},"61":{"start":{"line":204,"column":25},"end":{"line":204,"column":96}},"62":{"start":{"line":204,"column":49},"end":{"line":204,"column":95}},"63":{"start":{"line":207,"column":4},"end":{"line":209,"column":5}},"64":{"start":{"line":208,"column":6},"end":{"line":208,"column":61}},"65":{"start":{"line":211,"column":4},"end":{"line":211,"column":26}},"66":{"start":{"line":212,"column":4},"end":{"line":212,"column":25}},"67":{"start":{"line":213,"column":4},"end":{"line":213,"column":29}},"68":{"start":{"line":216,"column":19},"end":{"line":219,"column":3}},"69":{"start":{"line":217,"column":4},"end":{"line":217,"column":23}},"70":{"start":{"line":218,"column":4},"end":{"line":218,"column":26}},"71":{"start":{"line":221,"column":25},"end":{"line":227,"column":3}},"72":{"start":{"line":222,"column":4},"end":{"line":222,"column":38}},"73":{"start":{"line":222,"column":21},"end":{"line":222,"column":38}},"74":{"start":{"line":223,"column":14},"end":{"line":223,"column":18}},"75":{"start":{"line":224,"column":18},"end":{"line":224,"column":45}},"76":{"start":{"line":225,"column":14},"end":{"line":225,"column":55}},"77":{"start":{"line":226,"column":4},"end":{"line":226,"column":76}},"78":{"start":{"line":229,"column":25},"end":{"line":229,"column":81}},"79":{"start":{"line":229,"column":49},"end":{"line":229,"column":73}},"80":{"start":{"line":230,"column":21},"end":{"line":230,"column":73}},"81":{"start":{"line":230,"column":45},"end":{"line":230,"column":65}},"82":{"start":{"line":231,"column":21},"end":{"line":231,"column":39}},"83":{"start":{"line":233,"column":2},"end":{"line":429,"column":4}},"84":{"start":{"line":277,"column":66},"end":{"line":277,"column":90}},"85":{"start":{"line":294,"column":16},"end":{"line":341,"column":27}},"86":{"start":{"line":326,"column":41},"end":{"line":326,"column":65}},"87":{"start":{"line":334,"column":39},"end":{"line":334,"column":64}},"88":{"start":{"line":353,"column":25},"end":{"line":353,"column":46}},"89":{"start":{"line":366,"column":29},"end":{"line":366,"column":54}},"90":{"start":{"line":407,"column":45},"end":{"line":407,"column":70}}},"fnMap":{"0":{"name":"(anonymous_0)","decl":{"start":{"line":59,"column":54},"end":{"line":59,"column":55}},"loc":{"start":{"line":65,"column":6},"end":{"line":430,"column":1}},"line":65},"1":{"name":"(anonymous_1)","decl":{"start":{"line":70,"column":29},"end":{"line":70,"column":30}},"loc":{"start":{"line":70,"column":56},"end":{"line":79,"column":3}},"line":70},"2":{"name":"(anonymous_2)","decl":{"start":{"line":71,"column":53},"end":{"line":71,"column":54}},"loc":{"start":{"line":71,"column":62},"end":{"line":76,"column":5}},"line":71},"3":{"name":"(anonymous_3)","decl":{"start":{"line":78,"column":19},"end":{"line":78,"column":20}},"loc":{"start":{"line":78,"column":27},"end":{"line":78,"column":68}},"line":78},"4":{"name":"(anonymous_4)","decl":{"start":{"line":94,"column":22},"end":{"line":94,"column":23}},"loc":{"start":{"line":94,"column":44},"end":{"line":108,"column":3}},"line":94},"5":{"name":"(anonymous_5)","decl":{"start":{"line":110,"column":24},"end":{"line":110,"column":25}},"loc":{"start":{"line":110,"column":46},"end":{"line":125,"column":3}},"line":110},"6":{"name":"(anonymous_6)","decl":{"start":{"line":127,"column":21},"end":{"line":127,"column":22}},"loc":{"start":{"line":127,"column":41},"end":{"line":129,"column":3}},"line":127},"7":{"name":"(anonymous_7)","decl":{"start":{"line":128,"column":19},"end":{"line":128,"column":20}},"loc":{"start":{"line":128,"column":27},"end":{"line":128,"column":60}},"line":128},"8":{"name":"(anonymous_8)","decl":{"start":{"line":128,"column":39},"end":{"line":128,"column":40}},"loc":{"start":{"line":128,"column":44},"end":{"line":128,"column":59}},"line":128},"9":{"name":"(anonymous_9)","decl":{"start":{"line":131,"column":20},"end":{"line":131,"column":21}},"loc":{"start":{"line":131,"column":46},"end":{"line":142,"column":3}},"line":131},"10":{"name":"(anonymous_10)","decl":{"start":{"line":132,"column":34},"end":{"line":132,"column":35}},"loc":{"start":{"line":132,"column":39},"end":{"line":132,"column":54}},"line":132},"11":{"name":"(anonymous_11)","decl":{"start":{"line":135,"column":19},"end":{"line":135,"column":20}},"loc":{"start":{"line":135,"column":27},"end":{"line":139,"column":5}},"line":135},"12":{"name":"(anonymous_12)","decl":{"start":{"line":135,"column":36},"end":{"line":135,"column":37}},"loc":{"start":{"line":136,"column":6},"end":{"line":138,"column":11}},"line":136},"13":{"name":"(anonymous_13)","decl":{"start":{"line":144,"column":27},"end":{"line":144,"column":28}},"loc":{"start":{"line":144,"column":65},"end":{"line":197,"column":3}},"line":144},"14":{"name":"(anonymous_14)","decl":{"start":{"line":147,"column":21},"end":{"line":147,"column":22}},"loc":{"start":{"line":147,"column":29},"end":{"line":151,"column":7}},"line":147},"15":{"name":"(anonymous_15)","decl":{"start":{"line":147,"column":38},"end":{"line":147,"column":39}},"loc":{"start":{"line":148,"column":8},"end":{"line":150,"column":13}},"line":148},"16":{"name":"(anonymous_16)","decl":{"start":{"line":157,"column":21},"end":{"line":157,"column":22}},"loc":{"start":{"line":157,"column":29},"end":{"line":167,"column":7}},"line":157},"17":{"name":"(anonymous_17)","decl":{"start":{"line":157,"column":38},"end":{"line":157,"column":39}},"loc":{"start":{"line":158,"column":8},"end":{"line":166,"column":13}},"line":158},"18":{"name":"(anonymous_18)","decl":{"start":{"line":173,"column":21},"end":{"line":173,"column":22}},"loc":{"start":{"line":173,"column":29},"end":{"line":182,"column":7}},"line":173},"19":{"name":"(anonymous_19)","decl":{"start":{"line":173,"column":38},"end":{"line":173,"column":39}},"loc":{"start":{"line":174,"column":8},"end":{"line":181,"column":13}},"line":174},"20":{"name":"(anonymous_20)","decl":{"start":{"line":189,"column":21},"end":{"line":189,"column":22}},"loc":{"start":{"line":189,"column":29},"end":{"line":193,"column":7}},"line":189},"21":{"name":"(anonymous_21)","decl":{"start":{"line":189,"column":38},"end":{"line":189,"column":39}},"loc":{"start":{"line":190,"column":8},"end":{"line":192,"column":13}},"line":190},"22":{"name":"(anonymous_22)","decl":{"start":{"line":199,"column":22},"end":{"line":199,"column":23}},"loc":{"start":{"line":199,"column":34},"end":{"line":214,"column":3}},"line":199},"23":{"name":"(anonymous_23)","decl":{"start":{"line":204,"column":44},"end":{"line":204,"column":45}},"loc":{"start":{"line":204,"column":49},"end":{"line":204,"column":95}},"line":204},"24":{"name":"(anonymous_24)","decl":{"start":{"line":216,"column":19},"end":{"line":216,"column":20}},"loc":{"start":{"line":216,"column":25},"end":{"line":219,"column":3}},"line":216},"25":{"name":"(anonymous_25)","decl":{"start":{"line":221,"column":25},"end":{"line":221,"column":26}},"loc":{"start":{"line":221,"column":52},"end":{"line":227,"column":3}},"line":221},"26":{"name":"(anonymous_26)","decl":{"start":{"line":229,"column":44},"end":{"line":229,"column":45}},"loc":{"start":{"line":229,"column":49},"end":{"line":229,"column":73}},"line":229},"27":{"name":"(anonymous_27)","decl":{"start":{"line":230,"column":40},"end":{"line":230,"column":41}},"loc":{"start":{"line":230,"column":45},"end":{"line":230,"column":65}},"line":230},"28":{"name":"(anonymous_28)","decl":{"start":{"line":277,"column":61},"end":{"line":277,"column":62}},"loc":{"start":{"line":277,"column":66},"end":{"line":277,"column":90}},"line":277},"29":{"name":"(anonymous_29)","decl":{"start":{"line":293,"column":31},"end":{"line":293,"column":32}},"loc":{"start":{"line":294,"column":16},"end":{"line":341,"column":27}},"line":294},"30":{"name":"(anonymous_30)","decl":{"start":{"line":326,"column":35},"end":{"line":326,"column":36}},"loc":{"start":{"line":326,"column":41},"end":{"line":326,"column":65}},"line":326},"31":{"name":"(anonymous_31)","decl":{"start":{"line":334,"column":33},"end":{"line":334,"column":34}},"loc":{"start":{"line":334,"column":39},"end":{"line":334,"column":64}},"line":334},"32":{"name":"(anonymous_32)","decl":{"start":{"line":353,"column":19},"end":{"line":353,"column":20}},"loc":{"start":{"line":353,"column":25},"end":{"line":353,"column":46}},"line":353},"33":{"name":"(anonymous_33)","decl":{"start":{"line":366,"column":24},"end":{"line":366,"column":25}},"loc":{"start":{"line":366,"column":29},"end":{"line":366,"column":54}},"line":366},"34":{"name":"(anonymous_34)","decl":{"start":{"line":407,"column":40},"end":{"line":407,"column":41}},"loc":{"start":{"line":407,"column":45},"end":{"line":407,"column":70}},"line":407}},"branchMap":{"0":{"loc":{"start":{"line":63,"column":2},"end":{"line":63,"column":15}},"type":"default-arg","locations":[{"start":{"line":63,"column":13},"end":{"line":63,"column":15}}],"line":63},"1":{"loc":{"start":{"line":64,"column":2},"end":{"line":64,"column":62}},"type":"default-arg","locations":[{"start":{"line":64,"column":22},"end":{"line":64,"column":62}}],"line":64},"2":{"loc":{"start":{"line":96,"column":4},"end":{"line":107,"column":5}},"type":"switch","locations":[{"start":{"line":97,"column":6},"end":{"line":98,"column":46}},{"start":{"line":99,"column":6},"end":{"line":99,"column":17}},{"start":{"line":100,"column":6},"end":{"line":101,"column":44}},{"start":{"line":102,"column":6},"end":{"line":102,"column":17}},{"start":{"line":103,"column":6},"end":{"line":104,"column":47}},{"start":{"line":105,"column":6},"end":{"line":106,"column":31}}],"line":96},"3":{"loc":{"start":{"line":111,"column":4},"end":{"line":124,"column":5}},"type":"switch","locations":[{"start":{"line":112,"column":6},"end":{"line":113,"column":69}},{"start":{"line":114,"column":6},"end":{"line":115,"column":68}},{"start":{"line":116,"column":6},"end":{"line":117,"column":77}},{"start":{"line":118,"column":6},"end":{"line":119,"column":75}},{"start":{"line":120,"column":6},"end":{"line":121,"column":66}},{"start":{"line":122,"column":6},"end":{"line":123,"column":71}}],"line":111},"4":{"loc":{"start":{"line":133,"column":4},"end":{"line":133,"column":22}},"type":"if","locations":[{"start":{"line":133,"column":4},"end":{"line":133,"column":22}},{"start":{},"end":{}}],"line":133},"5":{"loc":{"start":{"line":136,"column":6},"end":{"line":138,"column":11}},"type":"cond-expr","locations":[{"start":{"line":137,"column":10},"end":{"line":137,"column":68}},{"start":{"line":138,"column":10},"end":{"line":138,"column":11}}],"line":136},"6":{"loc":{"start":{"line":148,"column":8},"end":{"line":150,"column":13}},"type":"cond-expr","locations":[{"start":{"line":149,"column":12},"end":{"line":149,"column":55}},{"start":{"line":150,"column":12},"end":{"line":150,"column":13}}],"line":148},"7":{"loc":{"start":{"line":158,"column":8},"end":{"line":166,"column":13}},"type":"cond-expr","locations":[{"start":{"line":159,"column":12},"end":{"line":165,"column":13}},{"start":{"line":166,"column":12},"end":{"line":166,"column":13}}],"line":158},"8":{"loc":{"start":{"line":174,"column":8},"end":{"line":181,"column":13}},"type":"cond-expr","locations":[{"start":{"line":175,"column":12},"end":{"line":180,"column":13}},{"start":{"line":181,"column":12},"end":{"line":181,"column":13}}],"line":174},"9":{"loc":{"start":{"line":187,"column":27},"end":{"line":187,"column":128}},"type":"cond-expr","locations":[{"start":{"line":187,"column":86},"end":{"line":187,"column":110}},{"start":{"line":187,"column":113},"end":{"line":187,"column":128}}],"line":187},"10":{"loc":{"start":{"line":187,"column":27},"end":{"line":187,"column":83}},"type":"binary-expr","locations":[{"start":{"line":187,"column":27},"end":{"line":187,"column":32}},{"start":{"line":187,"column":36},"end":{"line":187,"column":61}},{"start":{"line":187,"column":65},"end":{"line":187,"column":83}}],"line":187},"11":{"loc":{"start":{"line":190,"column":8},"end":{"line":192,"column":13}},"type":"cond-expr","locations":[{"start":{"line":191,"column":12},"end":{"line":191,"column":58}},{"start":{"line":192,"column":12},"end":{"line":192,"column":13}}],"line":190},"12":{"loc":{"start":{"line":200,"column":4},"end":{"line":200,"column":41}},"type":"if","locations":[{"start":{"line":200,"column":4},"end":{"line":200,"column":41}},{"start":{},"end":{}}],"line":200},"13":{"loc":{"start":{"line":204,"column":49},"end":{"line":204,"column":95}},"type":"binary-expr","locations":[{"start":{"line":204,"column":49},"end":{"line":204,"column":71}},{"start":{"line":204,"column":75},"end":{"line":204,"column":95}}],"line":204},"14":{"loc":{"start":{"line":222,"column":4},"end":{"line":222,"column":38}},"type":"if","locations":[{"start":{"line":222,"column":4},"end":{"line":222,"column":38}},{"start":{},"end":{}}],"line":222},"15":{"loc":{"start":{"line":243,"column":23},"end":{"line":243,"column":65}},"type":"cond-expr","locations":[{"start":{"line":243,"column":38},"end":{"line":243,"column":52}},{"start":{"line":243,"column":55},"end":{"line":243,"column":65}}],"line":243},"16":{"loc":{"start":{"line":244,"column":19},"end":{"line":244,"column":70}},"type":"cond-expr","locations":[{"start":{"line":244,"column":34},"end":{"line":244,"column":49}},{"start":{"line":244,"column":52},"end":{"line":244,"column":70}}],"line":244},"17":{"loc":{"start":{"line":255,"column":11},"end":{"line":255,"column":75}},"type":"cond-expr","locations":[{"start":{"line":255,"column":26},"end":{"line":255,"column":51}},{"start":{"line":255,"column":54},"end":{"line":255,"column":75}}],"line":255},"18":{"loc":{"start":{"line":266,"column":7},"end":{"line":346,"column":7}},"type":"binary-expr","locations":[{"start":{"line":266,"column":7},"end":{"line":266,"column":29}},{"start":{"line":267,"column":8},"end":{"line":345,"column":15}}],"line":266},"19":{"loc":{"start":{"line":277,"column":28},"end":{"line":277,"column":91}},"type":"binary-expr","locations":[{"start":{"line":277,"column":28},"end":{"line":277,"column":39}},{"start":{"line":277,"column":43},"end":{"line":277,"column":91}}],"line":277},"20":{"loc":{"start":{"line":280,"column":19},"end":{"line":280,"column":66}},"type":"cond-expr","locations":[{"start":{"line":280,"column":33},"end":{"line":280,"column":47}},{"start":{"line":280,"column":50},"end":{"line":280,"column":66}}],"line":280},"21":{"loc":{"start":{"line":305,"column":25},"end":{"line":311,"column":25}},"type":"binary-expr","locations":[{"start":{"line":305,"column":25},"end":{"line":305,"column":48}},{"start":{"line":305,"column":52},"end":{"line":305,"column":85}},{"start":{"line":306,"column":26},"end":{"line":310,"column":28}}],"line":305},"22":{"loc":{"start":{"line":312,"column":25},"end":{"line":316,"column":25}},"type":"binary-expr","locations":[{"start":{"line":312,"column":25},"end":{"line":312,"column":41}},{"start":{"line":313,"column":26},"end":{"line":315,"column":39}}],"line":312},"23":{"loc":{"start":{"line":323,"column":23},"end":{"line":331,"column":23}},"type":"binary-expr","locations":[{"start":{"line":323,"column":23},"end":{"line":323,"column":52}},{"start":{"line":324,"column":24},"end":{"line":330,"column":37}}],"line":323},"24":{"loc":{"start":{"line":349,"column":7},"end":{"line":363,"column":7}},"type":"binary-expr","locations":[{"start":{"line":349,"column":7},"end":{"line":349,"column":18}},{"start":{"line":349,"column":22},"end":{"line":349,"column":36}},{"start":{"line":350,"column":8},"end":{"line":362,"column":16}}],"line":349},"25":{"loc":{"start":{"line":351,"column":20},"end":{"line":351,"column":58}},"type":"cond-expr","locations":[{"start":{"line":351,"column":37},"end":{"line":351,"column":46}},{"start":{"line":351,"column":49},"end":{"line":351,"column":58}}],"line":351},"26":{"loc":{"start":{"line":360,"column":13},"end":{"line":360,"column":56}},"type":"binary-expr","locations":[{"start":{"line":360,"column":13},"end":{"line":360,"column":27}},{"start":{"line":360,"column":31},"end":{"line":360,"column":56}}],"line":360},"27":{"loc":{"start":{"line":366,"column":7},"end":{"line":374,"column":7}},"type":"binary-expr","locations":[{"start":{"line":366,"column":7},"end":{"line":366,"column":55}},{"start":{"line":367,"column":8},"end":{"line":373,"column":16}}],"line":366},"28":{"loc":{"start":{"line":377,"column":7},"end":{"line":427,"column":7}},"type":"binary-expr","locations":[{"start":{"line":377,"column":7},"end":{"line":377,"column":21}},{"start":{"line":378,"column":8},"end":{"line":426,"column":15}}],"line":377}},"s":{"0":0,"1":0,"2":0,"3":0,"4":0,"5":0,"6":0,"7":0,"8":0,"9":0,"10":0,"11":0,"12":0,"13":0,"14":0,"15":0,"16":0,"17":0,"18":0,"19":0,"20":0,"21":0,"22":0,"23":0,"24":0,"25":0,"26":0,"27":0,"28":0,"29":0,"30":0,"31":0,"32":0,"33":0,"34":0,"35":0,"36":0,"37":0,"38":0,"39":0,"40":0,"41":0,"42":0,"43":0,"44":0,"45":0,"46":0,"47":0,"48":0,"49":0,"50":0,"51":0,"52":0,"53":0,"54":0,"55":0,"56":0,"57":0,"58":0,"59":0,"60":0,"61":0,"62":0,"63":0,"64":0,"65":0,"66":0,"67":0,"68":0,"69":0,"70":0,"71":0,"72":0,"73":0,"74":0,"75":0,"76":0,"77":0,"78":0,"79":0,"80":0,"81":0,"82":0,"83":0,"84":0,"85":0,"86":0,"87":0,"88":0,"89":0,"90":0},"f":{"0":0,"1":0,"2":0,"3":0,"4":0,"5":0,"6":0,"7":0,"8":0,"9":0,"10":0,"11":0,"12":0,"13":0,"14":0,"15":0,"16":0,"17":0,"18":0,"19":0,"20":0,"21":0,"22":0,"23":0,"24":0,"25":0,"26":0,"27":0,"28":0,"29":0,"30":0,"31":0,"32":0,"33":0,"34":0},"b":{"0":[0],"1":[0],"2":[0,0,0,0,0,0],"3":[0,0,0,0,0,0],"4":[0,0],"5":[0,0],"6":[0,0],"7":[0,0],"8":[0,0],"9":[0,0],"10":[0,0,0],"11":[0,0],"12":[0,0],"13":[0,0],"14":[0,0],"15":[0,0],"16":[0,0],"17":[0,0],"18":[0,0],"19":[0,0],"20":[0,0],"21":[0,0,0],"22":[0,0],"23":[0,0],"24":[0,0,0],"25":[0,0],"26":[0,0],"27":[0,0],"28":[0,0]}}
,"/app/src/components/DocumentUpload_simple.tsx": {"path":"/app/src/components/DocumentUpload_simple.tsx","statementMap":{"0":{"start":{"line":15,"column":61},"end":{"line":48,"column":1}},"1":{"start":{"line":16,"column":2},"end":{"line":47,"column":4}}},"fnMap":{"0":{"name":"(anonymous_0)","decl":{"start":{"line":15,"column":61},"end":{"line":15,"column":62}},"loc":{"start":{"line":15,"column":67},"end":{"line":48,"column":1}},"line":15}},"branchMap":{},"s":{"0":0,"1":0},"f":{"0":0},"b":{}}
,"/app/src/components/ExamDisplay.tsx": {"path":"/app/src/components/ExamDisplay.tsx","statementMap":{"0":{"start":{"line":45,"column":48},"end":{"line":281,"column":1}},"1":{"start":{"line":46,"column":40},"end":{"line":46,"column":66}},"2":{"start":{"line":47,"column":40},"end":{"line":47,"column":55}},"3":{"start":{"line":48,"column":58},"end":{"line":48,"column":69}},"4":{"start":{"line":50,"column":29},"end":{"line":59,"column":3}},"5":{"start":{"line":51,"column":4},"end":{"line":58,"column":7}},"6":{"start":{"line":52,"column":23},"end":{"line":52,"column":68}},"7":{"start":{"line":52,"column":39},"end":{"line":52,"column":67}},"8":{"start":{"line":53,"column":6},"end":{"line":57,"column":7}},"9":{"start":{"line":54,"column":8},"end":{"line":54,"column":85}},"10":{"start":{"line":54,"column":30},"end":{"line":54,"column":83}},"11":{"start":{"line":56,"column":8},"end":{"line":56,"column":49}},"12":{"start":{"line":61,"column":24},"end":{"line":63,"column":3}},"13":{"start":{"line":62,"column":4},"end":{"line":62,"column":78}},"14":{"start":{"line":62,"column":34},"end":{"line":62,"column":62}},"15":{"start":{"line":65,"column":26},"end":{"line":68,"column":3}},"16":{"start":{"line":66,"column":4},"end":{"line":66,"column":62}},"17":{"start":{"line":66,"column":49},"end":{"line":66,"column":62}},"18":{"start":{"line":67,"column":4},"end":{"line":67,"column":92}},"19":{"start":{"line":70,"column":25},"end":{"line":79,"column":3}},"20":{"start":{"line":71,"column":18},"end":{"line":71,"column":39}},"21":{"start":{"line":72,"column":20},"end":{"line":75,"column":9}},"22":{"start":{"line":73,"column":25},"end":{"line":73,"column":59}},"23":{"start":{"line":74,"column":6},"end":{"line":74,"column":71}},"24":{"start":{"line":76,"column":23},"end":{"line":76,"column":74}},"25":{"start":{"line":78,"column":4},"end":{"line":78,"column":42}},"26":{"start":{"line":81,"column":25},"end":{"line":180,"column":3}},"27":{"start":{"line":82,"column":23},"end":{"line":82,"column":57}},"28":{"start":{"line":83,"column":22},"end":{"line":83,"column":80}},"29":{"start":{"line":85,"column":4},"end":{"line":179,"column":6}},"30":{"start":{"line":119,"column":33},"end":{"line":119,"column":88}},"31":{"start":{"line":122,"column":18},"end":{"line":147,"column":20}},"32":{"start":{"line":158,"column":31},"end":{"line":158,"column":86}},"33":{"start":{"line":182,"column":16},"end":{"line":182,"column":53}},"34":{"start":{"line":184,"column":2},"end":{"line":280,"column":4}},"35":{"start":{"line":222,"column":29},"end":{"line":222,"column":49}},"36":{"start":{"line":232,"column":31},"end":{"line":232,"column":52}},"37":{"start":{"line":240,"column":31},"end":{"line":240,"column":45}},"38":{"start":{"line":259,"column":49},"end":{"line":259,"column":80}},"39":{"start":{"line":271,"column":27},"end":{"line":271,"column":47}}},"fnMap":{"0":{"name":"(anonymous_0)","decl":{"start":{"line":45,"column":48},"end":{"line":45,"column":49}},"loc":{"start":{"line":45,"column":73},"end":{"line":281,"column":1}},"line":45},"1":{"name":"(anonymous_1)","decl":{"start":{"line":50,"column":29},"end":{"line":50,"column":30}},"loc":{"start":{"line":50,"column":69},"end":{"line":59,"column":3}},"line":50},"2":{"name":"(anonymous_2)","decl":{"start":{"line":51,"column":19},"end":{"line":51,"column":20}},"loc":{"start":{"line":51,"column":27},"end":{"line":58,"column":5}},"line":51},"3":{"name":"(anonymous_3)","decl":{"start":{"line":52,"column":33},"end":{"line":52,"column":34}},"loc":{"start":{"line":52,"column":39},"end":{"line":52,"column":67}},"line":52},"4":{"name":"(anonymous_4)","decl":{"start":{"line":54,"column":24},"end":{"line":54,"column":25}},"loc":{"start":{"line":54,"column":30},"end":{"line":54,"column":83}},"line":54},"5":{"name":"(anonymous_5)","decl":{"start":{"line":61,"column":24},"end":{"line":61,"column":25}},"loc":{"start":{"line":61,"column":56},"end":{"line":63,"column":3}},"line":61},"6":{"name":"(anonymous_6)","decl":{"start":{"line":62,"column":28},"end":{"line":62,"column":29}},"loc":{"start":{"line":62,"column":34},"end":{"line":62,"column":62}},"line":62},"7":{"name":"(anonymous_7)","decl":{"start":{"line":65,"column":26},"end":{"line":65,"column":27}},"loc":{"start":{"line":65,"column":79},"end":{"line":68,"column":3}},"line":65},"8":{"name":"(anonymous_8)","decl":{"start":{"line":70,"column":25},"end":{"line":70,"column":26}},"loc":{"start":{"line":70,"column":87},"end":{"line":79,"column":3}},"line":70},"9":{"name":"(anonymous_9)","decl":{"start":{"line":72,"column":42},"end":{"line":72,"column":43}},"loc":{"start":{"line":72,"column":63},"end":{"line":75,"column":5}},"line":72},"10":{"name":"(anonymous_10)","decl":{"start":{"line":81,"column":25},"end":{"line":81,"column":26}},"loc":{"start":{"line":81,"column":64},"end":{"line":180,"column":3}},"line":81},"11":{"name":"(anonymous_11)","decl":{"start":{"line":119,"column":26},"end":{"line":119,"column":27}},"loc":{"start":{"line":119,"column":33},"end":{"line":119,"column":88}},"line":119},"12":{"name":"(anonymous_12)","decl":{"start":{"line":121,"column":38},"end":{"line":121,"column":39}},"loc":{"start":{"line":122,"column":18},"end":{"line":147,"column":20}},"line":122},"13":{"name":"(anonymous_13)","decl":{"start":{"line":158,"column":24},"end":{"line":158,"column":25}},"loc":{"start":{"line":158,"column":31},"end":{"line":158,"column":86}},"line":158},"14":{"name":"(anonymous_14)","decl":{"start":{"line":222,"column":23},"end":{"line":222,"column":24}},"loc":{"start":{"line":222,"column":29},"end":{"line":222,"column":49}},"line":222},"15":{"name":"(anonymous_15)","decl":{"start":{"line":232,"column":25},"end":{"line":232,"column":26}},"loc":{"start":{"line":232,"column":31},"end":{"line":232,"column":52}},"line":232},"16":{"name":"(anonymous_16)","decl":{"start":{"line":240,"column":25},"end":{"line":240,"column":26}},"loc":{"start":{"line":240,"column":31},"end":{"line":240,"column":45}},"line":240},"17":{"name":"(anonymous_17)","decl":{"start":{"line":259,"column":28},"end":{"line":259,"column":29}},"loc":{"start":{"line":259,"column":49},"end":{"line":259,"column":80}},"line":259},"18":{"name":"(anonymous_18)","decl":{"start":{"line":271,"column":21},"en
[...]
c":{"start":{"line":263,"column":49},"end":{"line":263,"column":80}},"type":"default-arg","locations":[{"start":{"line":263,"column":74},"end":{"line":263,"column":80}}],"line":263},"35":{"loc":{"start":{"line":264,"column":4},"end":{"line":266,"column":5}},"type":"if","locations":[{"start":{"line":264,"column":4},"end":{"line":266,"column":5}},{"start":{},"end":{}}],"line":264},"36":{"loc":{"start":{"line":289,"column":6},"end":{"line":293,"column":7}},"type":"if","locations":[{"start":{"line":289,"column":6},"end":{"line":293,"column":7}},{"start":{},"end":{}}],"line":289},"37":{"loc":{"start":{"line":296,"column":6},"end":{"line":298,"column":7}},"type":"if","locations":[{"start":{"line":296,"column":6},"end":{"line":298,"column":7}},{"start":{},"end":{}}],"line":296},"38":{"loc":{"start":{"line":297,"column":32},"end":{"line":297,"column":123}},"type":"cond-expr","locations":[{"start":{"line":297,"column":70},"end":{"line":297,"column":100}},{"start":{"line":297,"column":103},"end":{"line":297,"column":123}}],"line":297}},"s":{"0":0,"1":0,"2":0,"3":0,"4":0,"5":0,"6":0,"7":0,"8":0,"9":0,"10":0,"11":0,"12":0,"13":0,"14":0,"15":0,"16":0,"17":0,"18":0,"19":0,"20":0,"21":0,"22":0,"23":0,"24":0,"25":0,"26":0,"27":0,"28":0,"29":0,"30":0,"31":0,"32":0,"33":0,"34":0,"35":0,"36":0,"37":0,"38":0,"39":0,"40":0,"41":0,"42":0,"43":0,"44":0,"45":0,"46":0,"47":0,"48":0,"49":0,"50":0,"51":0,"52":0,"53":0,"54":0,"55":0,"56":0,"57":0,"58":0,"59":0,"60":0,"61":0,"62":0,"63":0,"64":0,"65":0,"66":0,"67":0,"68":0,"69":0,"70":0,"71":0,"72":0,"73":0,"74":0,"75":0,"76":0,"77":0,"78":0,"79":0,"80":0,"81":0,"82":0,"83":0,"84":0,"85":0,"86":0,"87":0,"88":0,"89":0,"90":0,"91":0,"92":0,"93":0,"94":0,"95":0,"96":0,"97":0,"98":0,"99":0,"100":0,"101":0},"f":{"0":0,"1":0,"2":0,"3":0,"4":0,"5":0,"6":0,"7":0,"8":0,"9":0,"10":0,"11":0,"12":0,"13":0,"14":0,"15":0,"16":0,"17":0,"18":0},"b":{"0":[0,0],"1":[0,0],"2":[0,0],"3":[0],"4":[0],"5":[0,0],"6":[0,0],"7":[0,0],"8":[0,0],"9":[0,0],"10":[0,0],"11":[0,0],"12":[0,0,0],"13":[0,0],"14":[0,0],"15":[0,0],"16":[0,0],"17":[0,0],"18":[0,0],"19":[0,0],"20":[0,0],"21":[0,0],"22":[0,0],"23":[0,0],"24":[0,0],"25":[0,0],"26":[0,0],"27":[0,0],"28":[0,0],"29":[0,0],"30":[0,0],"31":[0,0],"32":[0,0],"33":[0,0],"34":[0],"35":[0,0],"36":[0,0],"37":[0,0],"38":[0,0]}}
,"/app/src/services/ReviewService.ts": {"path":"/app/src/services/ReviewService.ts","statementMap":{"0":{"start":{"line":20,"column":21},"end":{"line":20,"column":77}},"1":{"start":{"line":27,"column":19},"end":{"line":27,"column":40}},"2":{"start":{"line":29,"column":4},"end":{"line":29,"column":65}},"3":{"start":{"line":29,"column":25},"end":{"line":29,"column":65}},"4":{"start":{"line":30,"column":4},"end":{"line":30,"column":77}},"5":{"start":{"line":30,"column":29},"end":{"line":30,"column":77}},"6":{"start":{"line":31,"column":4},"end":{"line":31,"column":86}},"7":{"start":{"line":31,"column":32},"end":{"line":31,"column":86}},"8":{"start":{"line":32,"column":4},"end":{"line":32,"column":68}},"9":{"start":{"line":32,"column":26},"end":{"line":32,"column":68}},"10":{"start":{"line":33,"column":4},"end":{"line":33,"column":73}},"11":{"start":{"line":33,"column":24},"end":{"line":33,"column":73}},"12":{"start":{"line":34,"column":4},"end":{"line":34,"column":76}},"13":{"start":{"line":34,"column":25},"end":{"line":34,"column":76}},"14":{"start":{"line":36,"column":21},"end":{"line":44,"column":5}},"15":{"start":{"line":46,"column":4},"end":{"line":49,"column":5}},"16":{"start":{"line":47,"column":24},"end":{"line":47,"column":63}},"17":{"start":{"line":47,"column":59},"end":{"line":47,"column":61}},"18":{"start":{"line":48,"column":6},"end":{"line":48,"column":98}},"19":{"start":{"line":51,"column":4},"end":{"line":51,"column":27}},"20":{"start":{"line":58,"column":21},"end":{"line":66,"column":5}},"21":{"start":{"line":68,"column":4},"end":{"line":71,"column":5}},"22":{"start":{"line":69,"column":24},"end":{"line":69,"column":63}},"23":{"start":{"line":69,"column":59},"end":{"line":69,"column":61}},"24":{"start":{"line":70,"column":6},"end":{"line":70,"column":101}},"25":{"start":{"line":73,"column":4},"end":{"line":73,"column":27}},"26":{"start":{"line":82,"column":21},"end":{"line":91,"column":5}},"27":{"start":{"line":93,"column":4},"end":{"line":96,"column":5}},"28":{"start":{"line":94,"column":24},"end":{"line":94,"column":63}},"29":{"start":{"line":94,"column":59},"end":{"line":94,"column":61}},"30":{"start":{"line":95,"column":6},"end":{"line":95,"column":102}},"31":{"start":{"line":98,"column":4},"end":{"line":98,"column":27}},"32":{"start":{"line":108,"column":21},"end":{"line":117,"column":5}},"33":{"start":{"line":119,"column":4},"end":{"line":122,"column":5}},"34":{"start":{"line":120,"column":24},"end":{"line":120,"column":63}},"35":{"start":{"line":120,"column":59},"end":{"line":120,"column":61}},"36":{"start":{"line":121,"column":6},"end":{"line":121,"column":96}},"37":{"start":{"line":124,"column":4},"end":{"line":124,"column":27}},"38":{"start":{"line":134,"column":21},"end":{"line":143,"column":5}},"39":{"start":{"line":145,"column":4},"end":{"line":148,"column":5}},"40":{"start":{"line":146,"column":24},"end":{"line":146,"column":63}},"41":{"start":{"line":146,"column":59},"end":{"line":146,"column":61}},"42":{"start":{"line":147,"column":6},"end":{"line":147,"column":95}},"43":{"start":{"line":150,"column":4},"end":{"line":150,"column":27}},"44":{"start":{"line":161,"column":21},"end":{"line":170,"column":5}},"45":{"start":{"line":172,"column":4},"end":{"line":175,"column":5}},"46":{"start":{"line":173,"column":24},"end":{"line":173,"column":63}},"47":{"start":{"line":173,"column":59},"end":{"line":173,"column":61}},"48":{"start":{"line":174,"column":6},"end":{"line":174,"column":93}},"49":{"start":{"line":177,"column":4},"end":{"line":177,"column":27}},"50":{"start":{"line":187,"column":21},"end":{"line":196,"column":5}},"51":{"start":{"line":198,"column":4},"end":{"line":201,"column":5}},"52":{"start":{"line":199,"column":24},"end":{"line":199,"column":63}},"53":{"start":{"line":199,"column":59},"end":{"line":199,"column":61}},"54":{"start":{"line":200,"column":6},"end":{"line":200,"column":91}},"55":{"start":{"line":203,"column":4},"end":{"line":203,"column":27}},"56":{"start":{"line":210,"column":21},"end":{"line":218,"column":5}},"57":{"start":{"line":220,"column":4},"end":{"line":223,"column":5}},"58":{"start":{"line":221,"column":24},"end":{"line":221,"column":63}},"59":{"start":{"line":221,"column":59},"end":{"line":221,"column":61}},"60":{"start":{"line":222,"column":6},"end":{"line":222,"column":102}},"61":{"start":{"line":225,"column":4},"end":{"line":225,"column":27}},"62":{"start":{"line":232,"column":21},"end":{"line":240,"column":5}},"63":{"start":{"line":242,"column":4},"end":{"line":245,"column":5}},"64":{"start":{"line":243,"column":24},"end":{"line":243,"column":63}},"65":{"start":{"line":243,"column":59},"end":{"line":243,"column":61}},"66":{"start":{"line":244,"column":6},"end":{"line":244,"column":103}},"67":{"start":{"line":247,"column":38},"end":{"line":247,"column":59}},"68":{"start":{"line":249,"column":4},"end":{"line":256,"column":6}},"69":{"start":{"line":266,"column":21},"end":{"line":268,"column":5}},"70":{"start":{"line":267,"column":6},"end":{"line":267,"column":59}},"71":{"start":{"line":270,"column":4},"end":{"line":270,"column":33}},"72":{"start":{"line":281,"column":21},"end":{"line":283,"column":5}},"73":{"start":{"line":282,"column":6},"end":{"line":282,"column":66}},"74":{"start":{"line":285,"column":4},"end":{"line":285,"column":33}}},"fnMap":{"0":{"name":"(anonymous_0)","decl":{"start":{"line":26,"column":2},"end":{"line":26,"column":3}},"loc":{"start":{"line":26,"column":85},"end":{"line":52,"column":3}},"line":26},"1":{"name":"(anonymous_1)","decl":{"start":{"line":47,"column":52},"end":{"line":47,"column":53}},"loc":{"start":{"line":47,"column":59},"end":{"line":47,"column":61}},"line":47},"2":{"name":"(anonymous_2)","decl":{"start":{"line":57,"column":2},"end":{"line":57,"column":3}},"loc":{"start":{"line":57,"column":84},"end":{"line":74,"column":3}},"line":57},"3":{"name":"(anonymous_3)","decl":{"start":{"line":69,"column":52},"end":{"line":69,"column":53}},"loc":{"start":{"line":69,"column":59},"end":{"line":69,"column":61}},"line":69},"4":{"name":"(anonymous_4)","decl":{"start":{"line":79,"column":2},"end":{"line":79,"column":3}},"loc":{"start":{"line":81,"column":29},"end":{"line":99,"column":3}},"line":81},"5":{"name":"(anonymous_5)","decl":{"start":{"line":94,"column":52},"end":{"line":94,"column":53}},"loc":{"start":{"line":94,"column":59},"end":{"line":94,"column":61}},"line":94},"6":{"name":"(anonymous_6)","decl":{"start":{"line":104,"column":2},"end":{"line":104,"column":3}},"loc":{"start":{"line":107,"column":29},"end":{"line":125,"column":3}},"line":107},"7":{"name":"(anonymous_7)","decl":{"start":{"line":120,"column":52},"end":{"line":120,"column":53}},"loc":{"start":{"line":120,"column":59},"end":{"line":120,"column":61}},"line":120},"8":{"name":"(anonymous_8)","decl":{"start":{"line":130,"column":2},"end":{"line":130,"column":3}},"loc":{"start":{"line":133,"column":29},"end":{"line":151,"column":3}},"line":133},"9":{"name":"(anonymous_9)","decl":{"start":{"line":146,"column":52},"end":{"line":146,"column":53}},"loc":{"start":{"line":146,"column":59},"end":{"line":146,"column":61}},"line":146},"10":{"name":"(anonymous_10)","decl":{"start":{"line":156,"column":2},"end":{"line":156,"column":3}},"loc":{"start":{"line":160,"column":29},"end":{"line":178,"column":3}},"line":160},"11":{"name":"(anonymous_11)","decl":{"start":{"line":173,"column":52},"end":{"line":173,"column":53}},"loc":{"start":{"line":173,"column":59},"end":{"line":173,"column":61}},"line":173},"12":{"name":"(anonymous_12)","decl":{"start":{"line":183,"column":2},"end":{"line":183,"column":3}},"loc":{"start":{"line":186,"column":28},"end":{"line":204,"column":3}},"line":186},"13":{"name":"(anonymous_13)","decl":{"start":{"line":199,"column":52},"end":{"line":199,"column":53}},"loc":{"start":{"line":199,"column":59},"end":{"line":199,"column":61}},"line":199},"14":{"name":"(anonymous_14)","decl":{"start":{"line":209,"column":2},"end":{"line":209,"column":3}},"loc":{"start":{"line":209,"column":80},"end":{"line":226,"column":3}},"line":209},"15":{"name":"(anonymous_15)","decl":{"start":{"line":221,"column":52},"end":{"line":221,"column":53}},"loc":{"start":{"line":221,"column":59},"end":{"line":221,"column":61}},"line":221},"16":{"name":"(anonymous_16)","decl":{"start":{"line":231,"column":2},"end":{"line":231,"column":3}},"loc":{"start":{"line":231,"column":59},"end":{"line":257,"column":3}},"line":231},"17":{"name":"(anonymous_17)","decl":{"start":{"line":243,"column":52},"end":{"line":243,"column":53}},"loc":{"start":{"line":243,"column":59},"end":{"line":243,"column":61}},"line":243},"18":{"name":"(anonymous_18)","decl":{"start":{"line":262,"column":2},"end":{"line":262,"column":3}},"loc":{"start":{"line":265,"column":31},"end":{"line":271,"column":3}},"line":265},"19":{"name":"(anonymous_19)","decl":{"start":{"line":266,"column":37},"end":{"line":266,"column":38}},"loc":{"start":{"line":267,"column":6},"end":{"line":267,"column":59}},"line":267},"20":{"name":"(anonymous_20)","decl":{"start":{"line":276,"column":2},"end":{"line":276,"column":3}},"loc":{"start":{"line":280,"column":31},"end":{"line":286,"column":3}},"line":280},"21":{"name":"(anonymous_21)","decl":{"start":{"line":281,"column":37},"end":{"line":281,"column":38}},"loc":{"start":{"line":282,"column":6},"end":{"line":282,"column":66}},"line":282}},"branchMap":{"0":{"loc":{"start":{"line":20,"column":21},"end":{"line":20,"column":77}},"type":"binary-expr","locations":[{"start":{"line":20,"column":21},"end":{"line":20,"column":50}},{"start":{"line":20,"column":54},"end":{"line":20,"column":77}}],"line":20},"1":{"loc":{"start":{"line":29,"column":4},"end":{"line":29,"column":65}},"type":"if","locations":[{"start":{"line":29,"column":4},"end":{"line":29,"column":65}},{"start":{},"end":{}}],"line":29},"2":{"loc":{"start":{"line":30,"column":4},"end":{"line":30,"column":77}},"type":"if","locations":[{"start":{"line":30,"column":4},"end":{"line":30,"column":77}},{"start":{},"end":{}}],"line":30},"3":{"loc":{"start":{"line":31,"column":4},"end":{"line":31,"column":86}},"type":"if","locations":[{"start":{"line":31,"column":4},"end":{"line":31,"column":86}},{"start":{},"end":{}}],"line":31},"4":{"loc":{"start":{"line":32,"column":4},"end":{"line":32,"column":68}},"type":"if","locations":[{"start":{"line":32,"column":4},"end":{"line":32,"column":68}},{"start":{},"end":{}}],"line":32},"5":{"loc":{"start":{"line":33,"column":4},"end":{"line":33,"column":73}},"type":"if","locations":[{"start":{"line":33,"column":4},"end":{"line":33,"column":73}},{"start":{},"end":{}}],"line":33},"6":{"loc":{"start":{"line":34,"column":4},"end":{"line":34,"column":76}},"type":"if","locations":[{"start":{"line":34,"column":4},"end":{"line":34,"column":76}},{"start":{},"end":{}}],"line":34},"7":{"loc":{"start":{"line":46,"column":4},"end":{"line":49,"column":5}},"type":"if","locations":[{"start":{"line":46,"column":4},"end":{"line":49,"column":5}},{"start":{},"end":{}}],"line":46},"8":{"loc":{"start":{"line":48,"column":22},"end":{"line":48,"column":96}},"type":"binary-expr","locations":[{"start":{"line":48,"column":22},"end":{"line":48,"column":38}},{"start":{"line":48,"column":42},"end":{"line":48,"column":96}}],"line":48},"9":{"loc":{"start":{"line":68,"column":4},"end":{"line":71,"column":5}},"type":"if","locations":[{"start":{"line":68,"column":4},"end":{"line":71,"column":5}},{"start":{},"end":{}}],"line":68},"10":{"loc":{"start":{"line":70,"column":22},"end":{"line":70,"column":99}},"type":"binary-expr","locations":[{"start":{"line":70,"column":22},"end":{"line":70,"column":38}},{"start":{"line":70,"column":42},"end":{"line":70,"column":99}}],"line":70},"11":{"loc":{"start":{"line":93,"column":4},"end":{"line":96,"column":5}},"type":"if","locations":[{"start":{"line":93,"column":4},"end":{"line":96,"column":5}},{"start":{},"end":{}}],"line":93},"12":{"loc":{"start":{"line":95,"column":22},"end":{"line":95,"column":100}},"type":"binary-expr","locations":[{"start":{"line":95,"column":22},"end":{"line":95,"column":38}},{"start":{"line":95,"column":42},"end":{"line":95,"column":100}}],"line":95},"13":{"loc":{"start":{"line":119,"column":4},"end":{"line":122,"column":5}},"type":"if","locations":[{"start":{"line":119,"column":4},"end":{"line":122,"column":5}},{"start":{},"end":{}}],"line":119},"14":{"loc":{"start":{"line":121,"column":22},"end":{"line":121,"column":94}},"type":"binary-expr","locations":[{"start":{"line":121,"column":22},"end":{"line":121,"column":38}},{"start":{"line":121,"column":42},"end":{"line":121,"column":94}}],"line":121},"15":{"loc":{"start":{"line":145,"column":4},"end":{"line":148,"column":5}},"type":"if","locations":[{"start":{"line":145,"column":4},"end":{"line":148,"column":5}},{"start":{},"end":{}}],"line":145},"16":{"loc":{"start":{"line":147,"column":22},"end":{"line":147,"column":93}},"type":"binary-expr","locations":[{"start":{"line":147,"column":22},"end":{"line":147,"column":38}},{"start":{"line":147,"column":42},"end":{"line":147,"column":93}}],"line":147},"17":{"loc":{"start":{"line":172,"column":4},"end":{"line":175,"column":5}},"type":"if","locations":[{"start":{"line":172,"column":4},"end":{"line":175,"column":5}},{"start":{},"end":{}}],"line":172},"18":{"loc":{"start":{"line":174,"column":22},"end":{"line":174,"column":91}},"type":"binary-expr","locations":[{"start":{"line":174,"column":22},"end":{"line":174,"column":38}},{"start":{"line":174,"column":42},"end":{"line":174,"column":91}}],"line":174},"19":{"loc":{"start":{"line":198,"column":4},"end":{"line":201,"column":5}},"type":"if","locations":[{"start":{"line":198,"column":4},"end":{"line":201,"column":5}},{"start":{},"end":{}}],"line":198},"20":{"loc":{"start":{"line":200,"column":22},"end":{"line":200,"column":89}},"type":"binary-expr","locations":[{"start":{"line":200,"column":22},"end":{"line":200,"column":38}},{"start":{"line":200,"column":42},"end":{"line":200,"column":89}}],"line":200},"21":{"loc":{"start":{"line":220,"column":4},"end":{"line":223,"column":5}},"type":"if","locations":[{"start":{"line":220,"column":4},"end":{"line":223,"column":5}},{"start":{},"end":{}}],"line":220},"22":{"loc":{"start":{"line":222,"column":22},"end":{"line":222,"column":100}},"type":"binary-expr","locations":[{"start":{"line":222,"column":22},"end":{"line":222,"column":38}},{"start":{"line":222,"column":42},"end":{"line":222,"column":100}}],"line":222},"23":{"loc":{"start":{"line":242,"column":4},"end":{"line":245,"column":5}},"type":"if","locations":[{"start":{"line":242,"column":4},"end":{"line":245,"column":5}},{"start":{},"end":{}}],"line":242},"24":{"loc":{"start":{"line":244,"column":22},"end":{"line":244,"column":101}},"type":"binary-expr","locations":[{"start":{"line":244,"column":22},"end":{"line":244,"column":38}},{"start":{"line":244,"column":42},"end":{"line":244,"column":101}}],"line":244}},"s":{"0":1,"1":0,"2":0,"3":0,"4":0,"5":0,"6":0,"7":0,"8":0,"9":0,"10":0,"11":0,"12":0,"13":0,"14":0,"15":0,"16":0,"17":0,"18":0,"19":0,"20":0,"21":0,"22":0,"23":0,"24":0,"25":0,"26":0,"27":0,"28":0,"29":0,"30":0,"31":0,"32":0,"33":0,"34":0,"35":0,"36":0,"37":0,"38":0,"39":0,"40":0,"41":0,"42":0,"43":0,"44":0,"45":0,"46":0,"47":0,"48":0,"49":0,"50":0,"51":0,"52":0,"53":0,"54":0,"55":0,"56":0,"57":0,"58":0,"59":0,"60":0,"61":0,"62":0,"63":0,"64":0,"65":0,"66":0,"67":0,"68":0,"69":0,"70":0,"71":0,"72":0,"73":0,"74":0},"f":{"0":0,"1":0,"2":0,"3":0,"4":0,"5":0,"6":0,"7":0,"8":0,"9":0,"10":0,"11":0,"12":0,"13":0,"14":0,"15":0,"16":0,"17":0,"18":0,"19":0,"20":0,"21":0},"b":{"0":[1,0],"1":[0,0],"2":[0,0],"3":[0,0],"4":[0,0],"5":[0,0],"6":[0,0],"7":[0,0],"8":[0,0],"9":[0,0],"10":[0,0],"11":[0,0],"12":[0,0],"13":[0,0],"14":[0,0],"15":[0,0],"16":[0,0],"17":[0,0],"18":[0,0],"19":[0,0],"20":[0,0],"21":[0,0],"22":[0,0],"23":[0,0],"24":[0,0]},"_coverageSchema":"1a1c01bbd47fc00a2c39e90264f33305004495a9","hash":"abff494ddde89547d2f9e1cf0fb02b081c27ffb8"}
,"/app/src/types/document.ts": {"path":"/app/src/types/document.ts","statementMap":{},"fnMap":{},"branchMap":{},"s":{},"f":{},"b":{}}
,"/app/src/types/exam.ts": {"path":"/app/src/types/exam.ts","statementMap":{},"fnMap":{},"branchMap":{},"s":{},"f":{},"b":{}}
,"/app/src/types/prompt.ts": {"path":"/app/src/types/prompt.ts","statementMap":{"0":{"start":{"line":225,"column":2},"end":{"line":235,"column":4}},"1":{"start":{"line":242,"column":2},"end":{"line":242,"column":47}},"2":{"start":{"line":249,"column":26},"end":{"line":249,"column":65}},"3":{"start":{"line":250,"column":2},"end":{"line":250,"column":65}}},"fnMap":{"0":{"name":"formatPromptMetadata","decl":{"start":{"line":224,"column":16},"end":{"line":224,"column":36}},"loc":{"start":{"line":224,"column":69},"end":{"line":236,"column":1}},"line":224},"1":{"name":"getUseCaseForQuestionType","decl":{"start":{"line":241,"column":16},"end":{"line":241,"column":41}},"loc":{"start":{"line":241,"column":78},"end":{"line":243,"column":1}},"line":241},"2":{"name":"isPromptCompatible","decl":{"start":{"line":248,"column":16},"end":{"line":248,"column":34}},"loc":{"start":{"line":248,"column":88},"end":{"line":251,"column":1}},"line":248}},"branchMap":{"0":{"loc":{"start":{"line":250,"column":9},"end":{"line":250,"column":64}},"type":"binary-expr","locations":[{"start":{"line":250,"column":9},"end":{"line":250,"column":44}},{"start":{"line":250,"column":48},"end":{"line":250,"column":64}}],"line":250}},"s":{"0":0,"1":0,"2":0,"3":0},"f":{"0":0,"1":0,"2":0},"b":{"0":[0,0]}}
,"/app/src/types/review.ts": {"path":"/app/src/types/review.ts","statementMap":{},"fnMap":{},"branchMap":{},"s":{},"f":{},"b":{},"_coverageSchema":"1a1c01bbd47fc00a2c39e90264f33305004495a9","hash":"3e6d4e46a103cf25c67c1169b5d45fafc9f38fbc"}
}
