TN:
SF:src/App.tsx
FN:48,App
FN:66,(anonymous_1)
FN:85,(anonymous_2)
FN:98,(anonymous_3)
FN:100,(anonymous_4)
FN:103,(anonymous_5)
FN:108,(anonymous_6)
FN:113,(anonymous_7)
FN:118,(anonymous_8)
FN:148,(anonymous_9)
FN:179,(anonymous_10)
FN:191,(anonymous_11)
FN:206,(anonymous_12)
FN:220,(anonymous_13)
FN:233,(anonymous_14)
FN:238,(anonymous_15)
FN:240,(anonymous_16)
FN:290,(anonymous_17)
FN:290,(anonymous_18)
FN:395,(anonymous_19)
FNF:20
FNH:0
FNDA:0,App
FNDA:0,(anonymous_1)
FNDA:0,(anonymous_2)
FNDA:0,(anonymous_3)
FNDA:0,(anonymous_4)
FNDA:0,(anonymous_5)
FNDA:0,(anonymous_6)
FNDA:0,(anonymous_7)
FNDA:0,(anonymous_8)
FNDA:0,(anonymous_9)
FNDA:0,(anonymous_10)
FNDA:0,(anonymous_11)
FNDA:0,(anonymous_12)
FNDA:0,(anonymous_13)
FNDA:0,(anonymous_14)
FNDA:0,(anonymous_15)
FNDA:0,(anonymous_16)
FNDA:0,(anonymous_17)
FNDA:0,(anonymous_18)
FNDA:0,(anonymous_19)
DA:38,0
DA:49,0
DA:57,0
DA:58,0
DA:59,0
DA:60,0
DA:61,0
DA:62,0
DA:63,0
DA:64,0
DA:66,0
DA:67,0
DA:68,0
DA:69,0
DA:72,0
DA:73,0
DA:75,0
DA:76,0
DA:77,0
DA:79,0
DA:81,0
DA:85,0
DA:86,0
DA:87,0
DA:88,0
DA:89,0
DA:98,0
DA:99,0
DA:100,0
DA:103,0
DA:104,0
DA:105,0
DA:108,0
DA:109,0
DA:110,0
DA:113,0
DA:114,0
DA:115,0
DA:118,0
DA:119,0
DA:120,0
DA:123,0
DA:148,0
DA:179,0
DA:191,0
DA:206,0
DA:220,0
DA:234,0
DA:239,0
DA:240,0
DA:242,0
DA:290,0
DA:395,0
LF:53
LH:0
BRDA:67,0,0,0
BRDA:67,0,1,0
BRDA:79,1,0,0
BRDA:79,1,1,0
BRDA:142,2,0,0
BRDA:142,2,1,0
BRDA:142,3,0,0
BRDA:142,3,1,0
BRDA:142,3,2,0
BRDA:163,4,0,0
BRDA:163,4,1,0
BRDA:208,5,0,0
BRDA:208,5,1,0
BRDA:236,6,0,0
BRDA:236,6,1,0
BRDA:237,7,0,0
BRDA:237,7,1,0
BRDA:239,8,0,0
BRDA:239,8,1,0
BRDA:251,9,0,0
BRDA:251,9,1,0
BRDA:262,10,0,0
BRDA:262,10,1,0
BRDA:263,11,0,0
BRDA:263,11,1,0
BRDA:266,12,0,0
BRDA:266,12,1,0
BRDA:272,13,0,0
BRDA:272,13,1,0
BRDA:304,14,0,0
BRDA:304,14,1,0
BRDA:325,15,0,0
BRDA:325,15,1,0
BRDA:346,16,0,0
BRDA:346,16,1,0
BRDA:365,17,0,0
BRDA:365,17,1,0
BRDA:370,18,0,0
BRDA:370,18,1,0
BRDA:375,19,0,0
BRDA:375,19,1,0
BRDA:382,20,0,0
BRDA:382,20,1,0
BRDA:387,21,0,0
BRDA:387,21,1,0
BRDA:399,22,0,0
BRDA:399,22,1,0
BRDA:400,23,0,0
BRDA:400,23,1,0
BRDA:401,24,0,0
BRDA:401,24,1,0
BRDA:401,25,0,0
BRDA:401,25,1,0
BRDA:402,26,0,0
BRDA:402,26,1,0
BRDA:407,27,0,0
BRDA:407,27,1,0
BRF:57
BRH:0
end_of_record
TN:
SF:src/index.tsx
FNF:0
FNH:0
DA:6,0
DA:10,0
LF:2
LH:0
BRF:0
BRH:0
end_of_record
TN:
SF:src/api/promptsApi.ts
FN:52,(anonymous_0)
FN:64,(anonymous_1)
FN:70,(anonymous_2)
FN:76,(anonymous_3)
FN:82,(anonymous_4)
FN:91,(anonymous_5)
FN:96,(anonymous_6)
FN:102,(anonymous_7)
FN:110,(anonymous_8)
FN:116,(anonymous_9)
FN:124,(anonymous_10)
FN:130,(anonymous_11)
FN:141,(anonymous_12)
FN:157,(anonymous_13)
FN:166,(anonymous_14)
FNF:15
FNH:0
FNDA:0,(anonymous_0)
FNDA:0,(anonymous_1)
FNDA:0,(anonymous_2)
FNDA:0,(anonymous_3)
FNDA:0,(anonymous_4)
FNDA:0,(anonymous_5)
FNDA:0,(anonymous_6)
FNDA:0,(anonymous_7)
FNDA:0,(anonymous_8)
FNDA:0,(anonymous_9)
FNDA:0,(anonymous_10)
FNDA:0,(anonymous_11)
FNDA:0,(anonymous_12)
FNDA:0,(anonymous_13)
FNDA:0,(anonymous_14)
DA:12,0
DA:50,0
DA:57,0
DA:60,0
DA:65,0
DA:66,0
DA:71,0
DA:72,0
DA:77,0
DA:78,0
DA:83,0
DA:87,0
DA:92,0
DA:97,0
DA:98,0
DA:103,0
DA:106,0
DA:111,0
DA:112,0
DA:117,0
DA:120,0
DA:125,0
DA:126,0
DA:131,0
DA:132,0
DA:142,0
DA:143,0
DA:150,0
DA:158,0
DA:159,0
DA:167,0
DA:168,0
LF:32
LH:0
BRDA:12,0,0,0
BRDA:12,0,1,0
BRDA:102,1,0,0
BRF:3
BRH:0
end_of_record
TN:
SF:src/components/DocumentLibrary.tsx
FN:52,(anonymous_0)
FN:73,(anonymous_1)
FN:77,(anonymous_2)
FN:90,(anonymous_3)
FN:98,(anonymous_4)
FN:113,(anonymous_5)
FN:121,(anonymous_6)
FN:131,(anonymous_7)
FN:132,(anonymous_8)
FN:134,(anonymous_9)
FN:139,(anonymous_10)
FN:143,(anonymous_11)
FN:147,(anonymous_12)
FN:168,(anonymous_13)
FN:173,(anonymous_14)
FN:178,(anonymous_15)
FN:178,(anonymous_16)
FN:179,(anonymous_17)
FN:179,(anonymous_18)
FN:186,(anonymous_19)
FN:195,(anonymous_20)
FN:201,(anonymous_21)
FN:203,(anonymous_22)
FN:204,(anonymous_23)
FN:244,(anonymous_24)
FN:280,(anonymous_25)
FN:292,(anonymous_26)
FN:318,(anonymous_27)
FN:330,(anonymous_28)
FN:353,(anonymous_29)
FN:414,(anonymous_30)
FN:415,(anonymous_31)
FN:424,(anonymous_32)
FN:425,(anonymous_33)
FN:437,(anonymous_34)
FN:438,(anonymous_35)
FN:453,(anonymous_36)
FN:463,(anonymous_37)
FN:475,(anonymous_38)
FN:488,(anonymous_39)
FN:622,(anonymous_40)
FNF:41
FNH:0
FNDA:0,(anonymous_0)
FNDA:0,(anonymous_1)
FNDA:0,(anonymous_2)
FNDA:0,(anonymous_3)
FNDA:0,(anonymous_4)
FNDA:0,(anonymous_5)
FNDA:0,(anonymous_6)
FNDA:0,(anonymous_7)
FNDA:0,(anonymous_8)
FNDA:0,(anonymous_9)
FNDA:0,(anonymous_10)
FNDA:0,(anonymous_11)
FNDA:0,(anonymous_12)
FNDA:0,(anonymous_13)
FNDA:0,(anonymous_14)
FNDA:0,(anonymous_15)
FNDA:0,(anonymous_16)
FNDA:0,(anonymous_17)
FNDA:0,(anonymous_18)
FNDA:0,(anonymous_19)
FNDA:0,(anonymous_20)
FNDA:0,(anonymous_21)
FNDA:0,(anonymous_22)
FNDA:0,(anonymous_23)
FNDA:0,(anonymous_24)
FNDA:0,(anonymous_25)
FNDA:0,(anonymous_26)
FNDA:0,(anonymous_27)
FNDA:0,(anonymous_28)
FNDA:0,(anonymous_29)
FNDA:0,(anonymous_30)
FNDA:0,(anonymous_31)
FNDA:0,(anonymous_32)
FNDA:0,(anonymous_33)
FNDA:0,(anonymous_34)
FNDA:0,(anonymous_35)
FNDA:0,(anonymous_36)
FNDA:0,(anonymous_37)
FNDA:0,(anonymous_38)
FNDA:0,(anonymous_39)
FNDA:0,(anonymous_40)
DA:52,0
DA:56,0
DA:57,0
DA:58,0
DA:59,0
DA:60,0
DA:61,0
DA:65,0
DA:69,0
DA:70,0
DA:71,0
DA:73,0
DA:74,0
DA:77,0
DA:78,0
DA:79,0
DA:80,0
DA:81,0
DA:82,0
DA:84,0
DA:86,0
DA:90,0
DA:91,0
DA:92,0
DA:93,0
DA:94,0
DA:95,0
DA:98,0
DA:99,0
DA:101,0
DA:103,0
DA:105,0
DA:107,0
DA:109,0
DA:113,0
DA:114,0
DA:115,0
DA:116,0
DA:117,0
DA:118,0
DA:121,0
DA:122,0
DA:131,0
DA:132,0
DA:133,0
DA:134,0
DA:139,0
DA:140,0
DA:143,0
DA:144,0
DA:147,0
DA:148,0
DA:149,0
DA:150,0
DA:151,0
DA:154,0
DA:155,0
DA:156,0
DA:157,0
DA:158,0
DA:160,0
DA:161,0
DA:163,0
DA:168,0
DA:169,0
DA:170,0
DA:173,0
DA:174,0
DA:176,0
DA:177,0
DA:178,0
DA:179,0
DA:180,0
DA:182,0
DA:186,0
DA:187,0
DA:188,0
DA:189,0
DA:191,0
DA:195,0
DA:196,0
DA:197,0
DA:201,0
DA:202,0
DA:204,0
DA:205,0
DA:208,0
DA:209,0
DA:216,0
DA:244,0
DA:280,0
DA:292,0
DA:319,0
DA:330,0
DA:354,0
DA:355,0
DA:415,0
DA:416,0
DA:425,0
DA:426,0
DA:438,0
DA:439,0
DA:453,0
DA:463,0
DA:475,0
DA:488,0
DA:622,0
LF:107
LH:0
BRDA:84,0,0,0
BRDA:84,0,1,0
BRDA:84,1,0,0
BRDA:84,1,1,0
BRDA:84,1,2,0
BRDA:91,2,0,0
BRDA:91,2,1,0
BRDA:92,3,0,0
BRDA:92,3,1,0
BRDA:93,4,0,0
BRDA:93,4,1,0
BRDA:93,5,0,0
BRDA:93,5,1,0
BRDA:94,6,0,0
BRDA:94,6,1,0
BRDA:99,7,0,0
BRDA:99,7,1,0
BRDA:99,7,2,0
BRDA:99,7,3,0
BRDA:99,7,4,0
BRDA:114,8,0,0
BRDA:114,8,1,0
BRDA:133,9,0,0
BRDA:133,9,1,0
BRDA:154,10,0,0
BRDA:154,10,1,0
BRDA:174,11,0,0
BRDA:174,11,1,0
BRDA:182,12,0,0
BRDA:182,12,1,0
BRDA:182,13,0,0
BRDA:182,13,1,0
BRDA:182,13,2,0
BRDA:191,14,0,0
BRDA:191,14,1,0
BRDA:191,15,0,0
BRDA:191,15,1,0
BRDA:191,15,2,0
BRDA:196,16,0,0
BRDA:196,16,1,0
BRDA:196,17,0,0
BRDA:196,17,1,0
BRDA:202,18,0,0
BRDA:202,18,1,0
BRDA:205,19,0,0
BRDA:205,19,1,0
BRDA:208,20,0,0
BRDA:208,20,1,0
BRDA:224,21,0,0
BRDA:224,21,1,0
BRDA:243,22,0,0
BRDA:243,22,1,0
BRDA:304,23,0,0
BRDA:304,23,1,0
BRDA:324,24,0,0
BRDA:324,24,1,0
BRDA:325,25,0,0
BRDA:325,25,1,0
BRDA:337,26,0,0
BRDA:337,26,1,0
BRDA:342,27,0,0
BRDA:342,27,1,0
BRDA:373,28,0,0
BRDA:373,28,1,0
BRDA:385,29,0,0
BRDA:385,29,1,0
BRDA:390,30,0,0
BRDA:390,30,1,0
BRDA:395,31,0,0
BRDA:395,31,1,0
BRDA:416,32,0,0
BRDA:416,32,1,0
BRDA:426,33,0,0
BRDA:426,33,1,0
BRDA:439,34,0,0
BRDA:439,34,1,0
BRDA:483,35,0,0
BRDA:483,35,1,0
BRDA:500,36,0,0
BRDA:500,36,1,0
BRDA:513,37,0,0
BRDA:513,37,1,0
BRDA:528,38,0,0
BRDA:528,38,1,0
BRDA:536,39,0,0
BRDA:536,39,1,0
BRDA:545,40,0,0
BRDA:545,40,1,0
BRDA:558,41,0,0
BRDA:558,41,1,0
BRDA:573,42,0,0
BRDA:573,42,1,0
BRDA:578,43,0,0
BRDA:578,43,1,0
BRDA:582,44,0,0
BRDA:582,44,1,0
BRDA:609,45,0,0
BRDA:609,45,1,0
BRF:98
BRH:0
end_of_record
TN:
SF:src/components/DocumentUpload.tsx
FN:59,(anonymous_0)
FN:70,(anonymous_1)
FN:71,(anonymous_2)
FN:78,(anonymous_3)
FN:94,(anonymous_4)
FN:110,(anonymous_5)
FN:127,(anonymous_6)
FN:128,(anonymous_7)
FN:128,(anonymous_8)
FN:131,(anonymous_9)
FN:132,(anonymous_10)
FN:135,(anonymous_11)
FN:135,(anonymous_12)
FN:144,(anonymous_13)
FN:147,(anonymous_14)
FN:147,(anonymous_15)
FN:157,(anonymous_16)
FN:157,(anonymous_17)
FN:173,(anonymous_18)
FN:173,(anonymous_19)
FN:189,(anonymous_20)
FN:189,(anonymous_21)
FN:199,(anonymous_22)
FN:204,(anonymous_23)
FN:216,(anonymous_24)
FN:221,(anonymous_25)
FN:229,(anonymous_26)
FN:230,(anonymous_27)
FN:277,(anonymous_28)
FN:293,(anonymous_29)
FN:326,(anonymous_30)
FN:334,(anonymous_31)
FN:353,(anonymous_32)
FN:366,(anonymous_33)
FN:407,(anonymous_34)
FNF:35
FNH:0
FNDA:0,(anonymous_0)
FNDA:0,(anonymous_1)
FNDA:0,(anonymous_2)
FNDA:0,(anonymous_3)
FNDA:0,(anonymous_4)
FNDA:0,(anonymous_5)
FNDA:0,(anonymous_6)
FNDA:0,(anonymous_7)
FNDA:0,(anonymous_8)
FNDA:0,(anonymous_9)
FNDA:0,(anonymous_10)
FNDA:0,(anonymous_11)
FNDA:0,(anonymous_12)
FNDA:0,(anonymous_13)
FNDA:0,(anonymous_14)
FNDA:0,(anonymous_15)
FNDA:0,(anonymous_16)
FNDA:0,(anonymous_17)
FNDA:0,(anonymous_18)
FNDA:0,(anonymous_19)
FNDA:0,(anonymous_20)
FNDA:0,(anonymous_21)
FNDA:0,(anonymous_22)
FNDA:0,(anonymous_23)
FNDA:0,(anonymous_24)
FNDA:0,(anonymous_25)
FNDA:0,(anonymous_26)
FNDA:0,(anonymous_27)
FNDA:0,(anonymous_28)
FNDA:0,(anonymous_29)
FNDA:0,(anonymous_30)
FNDA:0,(anonymous_31)
FNDA:0,(anonymous_32)
FNDA:0,(anonymous_33)
FNDA:0,(anonymous_34)
DA:59,0
DA:66,0
DA:67,0
DA:68,0
DA:70,0
DA:71,0
DA:78,0
DA:81,0
DA:94,0
DA:95,0
DA:96,0
DA:98,0
DA:101,0
DA:104,0
DA:106,0
DA:110,0
DA:111,0
DA:113,0
DA:115,0
DA:117,0
DA:119,0
DA:121,0
DA:123,0
DA:127,0
DA:128,0
DA:131,0
DA:132,0
DA:133,0
DA:135,0
DA:136,0
DA:141,0
DA:144,0
DA:145,0
DA:147,0
DA:148,0
DA:154,0
DA:157,0
DA:158,0
DA:170,0
DA:173,0
DA:174,0
DA:184,0
DA:187,0
DA:189,0
DA:190,0
DA:195,0
DA:199,0
DA:200,0
DA:202,0
DA:204,0
DA:207,0
DA:208,0
DA:211,0
DA:212,0
DA:213,0
DA:216,0
DA:217,0
DA:218,0
DA:221,0
DA:222,0
DA:223,0
DA:224,0
DA:225,0
DA:226,0
DA:229,0
DA:230,0
DA:231,0
DA:233,0
DA:277,0
DA:294,0
DA:326,0
DA:334,0
DA:353,0
DA:366,0
DA:407,0
LF:75
LH:0
BRDA:63,0,0,0
BRDA:64,1,0,0
BRDA:96,2,0,0
BRDA:96,2,1,0
BRDA:96,2,2,0
BRDA:96,2,3,0
BRDA:96,2,4,0
BRDA:96,2,5,0
BRDA:111,3,0,0
BRDA:111,3,1,0
BRDA:111,3,2,0
BRDA:111,3,3,0
BRDA:111,3,4,0
BRDA:111,3,5,0
BRDA:133,4,0,0
BRDA:133,4,1,0
BRDA:136,5,0,0
BRDA:136,5,1,0
BRDA:148,6,0,0
BRDA:148,6,1,0
BRDA:158,7,0,0
BRDA:158,7,1,0
BRDA:174,8,0,0
BRDA:174,8,1,0
BRDA:187,9,0,0
BRDA:187,9,1,0
BRDA:187,10,0,0
BRDA:187,10,1,0
BRDA:187,10,2,0
BRDA:190,11,0,0
BRDA:190,11,1,0
BRDA:200,12,0,0
BRDA:200,12,1,0
BRDA:204,13,0,0
BRDA:204,13,1,0
BRDA:222,14,0,0
BRDA:222,14,1,0
BRDA:243,15,0,0
BRDA:243,15,1,0
BRDA:244,16,0,0
BRDA:244,16,1,0
BRDA:255,17,0,0
BRDA:255,17,1,0
BRDA:266,18,0,0
BRDA:266,18,1,0
BRDA:277,19,0,0
BRDA:277,19,1,0
BRDA:280,20,0,0
BRDA:280,20,1,0
BRDA:305,21,0,0
BRDA:305,21,1,0
BRDA:305,21,2,0
BRDA:312,22,0,0
BRDA:312,22,1,0
BRDA:323,23,0,0
BRDA:323,23,1,0
BRDA:349,24,0,0
BRDA:349,24,1,0
BRDA:349,24,2,0
BRDA:351,25,0,0
BRDA:351,25,1,0
BRDA:360,26,0,0
BRDA:360,26,1,0
BRDA:366,27,0,0
BRDA:366,27,1,0
BRDA:377,28,0,0
BRDA:377,28,1,0
BRF:67
BRH:0
end_of_record
TN:
SF:src/components/DocumentUpload_simple.tsx
FN:15,(anonymous_0)
FNF:1
FNH:0
FNDA:0,(anonymous_0)
DA:15,0
DA:16,0
LF:2
LH:0
BRF:0
BRH:0
end_of_record
TN:
SF:src/components/ExamDisplay.tsx
FN:45,(anonymous_0)
FN:50,(anonymous_1)
FN:51,(anonymous_2)
FN:52,(anonymous_3)
FN:54,(anonymous_4)
FN:61,(anonymous_5)
FN:62,(anonymous_6)
FN:65,(anonymous_7)
FN:70,(anonymous_8)
FN:72,(anonymous_9)
FN:81,(anonymous_10)
FN:119,(anonymous_11)
FN:121,(anonymous_12)
FN:158,(anonymous_13)
FN:222,(anonymous_14)
FN:232,(anonymous_15)
FN:240,(anonymous_16)
FN:259,(anonymous_17)
FN:271,(anonymous_18)
FNF:19
FNH:0
FNDA:0,(anonymous_0)
FNDA:0,(anonymous_1)
FNDA:0,(anonymous_2)
FNDA:0,(anonymous_3)
FNDA:0,(anonymous_4)
FNDA:0,(anonymous_5)
FNDA:0,(anonymous_6)
FNDA:0,(anonymous_7)
FNDA:0,(anonymous_8)
FNDA:0,(anonymous_9)
FNDA:0,(anonymous_10)
FNDA:0,(anonymous_11)
FNDA:0,(anonymous_12)
FNDA:0,(anonymous_13)
FNDA:0,(anonymous_14)
FNDA:0,(anonymous_15)
FNDA:0,(anonymous_16)
FNDA:0,(anonymous_17)
FNDA:0,(anonymous_18)
DA:45,0
DA:46,0
DA:47,0
DA:48,0
DA:50,0
DA:51,0
DA:52,0
DA:53,0
DA:54,0
DA:56,0
DA:61,0
DA:62,0
DA:65,0
DA:66,0
DA:67,0
DA:70,0
DA:71,0
DA:72,0
DA:73,0
DA:74,0
DA:76,0
DA:78,0
DA:81,0
DA:82,0
DA:83,0
DA:85,0
DA:119,0
DA:122,0
DA:158,0
DA:182,0
DA:184,0
DA:222,0
DA:232,0
DA:240,0
DA:259,0
DA:271,0
LF:36
LH:0
BRDA:53,0,0,0
BRDA:53,0,1,0
BRDA:54,1,0,0
BRDA:54,1,1,0
BRDA:62,2,0,0
BRDA:62,2,1,0
BRDA:66,3,0,0
BRDA:66,3,1,0
BRDA:66,4,0,0
BRDA:66,4,1,0
BRDA:74,5,0,0
BRDA:74,5,1,0
BRDA:76,6,0,0
BRDA:76,6,1,0
BRDA:83,7,0,0
BRDA:83,7,1,0
BRDA:86,8,0,0
BRDA:86,8,1,0
BRDA:86,9,0,0
BRDA:86,9,1,0
BRDA:100,10,0,0
BRDA:100,10,1,0
BRDA:104,11,0,0
BRDA:104,11,1,0
BRDA:106,12,0,0
BRDA:106,12,1,0
BRDA:115,13,0,0
BRDA:115,13,1,0
BRDA:115,14,0,0
BRDA:115,14,1,0
BRDA:140,15,0,0
BRDA:140,15,1,0
BRDA:140,16,0,0
BRDA:140,16,1,0
BRDA:164,17,0,0
BRDA:164,17,1,0
BRDA:164,17,2,0
BRDA:182,18,0,0
BRDA:182,18,1,0
BRDA:207,19,0,0
BRDA:207,19,1,0
BRDA:207,19,2,0
BRDA:209,20,0,0
BRDA:209,20,1,0
BRDA:209,21,0,0
BRDA:209,21,1,0
BRDA:219,22,0,0
BRDA:219,22,1,0
BRDA:263,23,0,0
BRDA:263,23,1,0
BRF:50
BRH:0
end_of_record
TN:
SF:src/components/MarkdownRenderer.tsx
FN:23,(anonymous_0)
FN:117,(anonymous_1)
FNF:2
FNH:0
FNDA:0,(anonymous_0)
FNDA:0,(anonymous_1)
DA:23,0
DA:27,0
DA:118,0
DA:119,0
DA:120,0
DA:122,0
DA:123,0
DA:139,0
LF:8
LH:0
BRDA:25,0,0,0
BRDA:31,1,0,0
BRDA:31,1,1,0
BRDA:32,2,0,0
BRDA:32,2,1,0
BRDA:119,3,0,0
BRDA:119,3,1,0
BRDA:120,4,0,0
BRDA:120,4,1,0
BRDA:122,5,0,0
BRDA:122,5,1,0
BRDA:122,6,0,0
BRDA:122,6,1,0
BRF:13
BRH:0
end_of_record
TN:
SF:src/components/QuestionEditor.tsx
FN:46,(anonymous_0)
FN:60,(anonymous_1)
FN:77,(anonymous_2)
FN:78,(anonymous_3)
FN:82,(anonymous_4)
FN:90,(anonymous_5)
FN:99,(anonymous_6)
FN:100,(anonymous_7)
FN:105,(anonymous_8)
FN:109,(anonymous_9)
FN:132,(anonymous_10)
FN:170,(anonymous_11)
FN:205,(anonymous_12)
FN:219,(anonymous_13)
FN:232,(anonymous_14)
FN:249,(anonymous_15)
FN:250,(anonymous_16)
FN:279,(anonymous_17)
FN:283,(anonymous_18)
FN:302,(anonymous_19)
FN:314,(anonymous_20)
FN:324,(anonymous_21)
FN:339,(anonymous_22)
FN:359,(anonymous_23)
FNF:24
FNH:15
FNDA:48,(anonymous_0)
FNDA:19,(anonymous_1)
FNDA:7,(anonymous_2)
FNDA:7,(anonymous_3)
FNDA:0,(anonymous_4)
FNDA:1,(anonymous_5)
FNDA:1,(anonymous_6)
FNDA:3,(anonymous_7)
FNDA:0,(anonymous_8)
FNDA:2,(anonymous_9)
FNDA:2,(anonymous_10)
FNDA:2,(anonymous_11)
FNDA:5,(anonymous_12)
FNDA:84,(anonymous_13)
FNDA:1,(anonymous_14)
FNDA:1,(anonymous_15)
FNDA:0,(anonymous_16)
FNDA:0,(anonymous_17)
FNDA:84,(anonymous_18)
FNDA:0,(anonymous_19)
FNDA:0,(anonymous_20)
FNDA:0,(anonymous_21)
FNDA:0,(anonymous_22)
FNDA:0,(anonymous_23)
DA:46,2
DA:53,48
DA:54,48
DA:55,48
DA:56,48
DA:57,48
DA:60,48
DA:61,19
DA:62,19
DA:71,19
DA:72,19
DA:73,19
DA:77,48
DA:78,7
DA:79,7
DA:81,7
DA:82,0
DA:83,0
DA:84,0
DA:85,0
DA:90,48
DA:91,1
DA:92,1
DA:93,1
DA:94,1
DA:95,1
DA:99,48
DA:100,3
DA:101,1
DA:102,1
DA:105,48
DA:106,0
DA:109,48
DA:110,2
DA:112,2
DA:113,1
DA:116,2
DA:117,2
DA:118,0
DA:120,2
DA:121,0
DA:123,2
DA:124,0
DA:128,2
DA:129,2
DA:132,48
DA:133,2
DA:134,1
DA:137,1
DA:139,1
DA:141,1
DA:142,1
DA:144,1
DA:145,0
DA:147,1
DA:148,0
DA:150,1
DA:151,0
DA:153,1
DA:154,0
DA:156,1
DA:157,0
DA:159,1
DA:160,0
DA:163,1
DA:164,1
DA:166,0
DA:170,48
DA:171,2
DA:172,1
DA:173,0
DA:176,1
DA:180,48
DA:205,5
DA:220,84
DA:232,1
DA:249,1
DA:251,0
DA:252,0
DA:253,0
DA:279,0
DA:284,84
DA:302,0
DA:314,0
DA:324,0
DA:339,0
DA:359,0
LF:87
LH:62
BRDA:51,0,0,44
BRDA:61,1,0,19
BRDA:61,1,1,0
BRDA:71,2,0,19
BRDA:71,2,1,0
BRDA:81,3,0,0
BRDA:81,3,1,7
BRDA:91,4,0,1
BRDA:91,4,1,0
BRDA:112,5,0,1
BRDA:112,5,1,1
BRDA:112,6,0,2
BRDA:112,6,1,1
BRDA:116,7,0,2
BRDA:116,7,1,0
BRDA:117,8,0,0
BRDA:117,8,1,2
BRDA:117,9,0,2
BRDA:117,9,1,2
BRDA:120,10,0,0
BRDA:120,10,1,2
BRDA:123,11,0,0
BRDA:123,11,1,2
BRDA:123,12,0,2
BRDA:123,12,1,2
BRDA:133,13,0,1
BRDA:133,13,1,1
BRDA:141,14,0,1
BRDA:141,14,1,0
BRDA:144,15,0,0
BRDA:144,15,1,1
BRDA:147,16,0,0
BRDA:147,16,1,1
BRDA:150,17,0,0
BRDA:150,17,1,1
BRDA:153,18,0,0
BRDA:153,18,1,1
BRDA:156,19,0,0
BRDA:156,19,1,1
BRDA:159,20,0,0
BRDA:159,20,1,1
BRDA:171,21,0,1
BRDA:171,21,1,1
BRDA:172,22,0,0
BRDA:172,22,1,1
BRDA:204,23,0,48
BRDA:204,23,1,21
BRDA:213,24,0,48
BRDA:213,24,1,48
BRDA:223,25,0,27
BRDA:223,25,1,57
BRDA:251,26,0,0
BRDA:251,26,1,0
BRDA:262,27,0,48
BRDA:262,27,1,46
BRDA:267,28,0,48
BRDA:267,28,1,0
BRDA:274,29,0,48
BRDA:274,29,1,0
BRDA:278,30,0,48
BRDA:278,30,1,19
BRDA:289,31,0,48
BRDA:289,31,1,0
BRDA:301,32,0,0
BRDA:301,32,1,0
BRDA:313,33,0,48
BRDA:313,33,1,19
BRDA:323,34,0,48
BRDA:323,34,1,19
BRDA:338,35,0,48
BRDA:338,35,1,19
BRDA:339,36,0,0
BRDA:339,36,1,0
BRDA:358,37,0,48
BRDA:358,37,1,19
BRDA:359,38,0,0
BRDA:359,38,1,0
BRDA:365,39,0,48
BRDA:365,39,1,9
BRDA:385,40,0,48
BRDA:385,40,1,46
BRF:81
BRH:54
end_of_record
TN:
SF:src/components/QuestionReviewCard.tsx
FN:50,(anonymous_0)
FN:61,(anonymous_1)
FN:76,(anonymous_2)
FN:89,(anonymous_3)
FN:95,(anonymous_4)
FN:96,(anonymous_5)
FN:136,(anonymous_6)
FN:257,(anonymous_7)
FN:268,(anonymous_8)
FN:301,(anonymous_9)
FN:315,(anonymous_10)
FN:328,(anonymous_11)
FN:337,(anonymous_12)
FNF:13
FNH:12
FNDA:53,(anonymous_0)
FNDA:53,(anonymous_1)
FNDA:53,(anonymous_2)
FNDA:53,(anonymous_3)
FNDA:53,(anonymous_4)
FNDA:106,(anonymous_5)
FNDA:100,(anonymous_6)
FNDA:0,(anonymous_7)
FNDA:34,(anonymous_8)
FNDA:3,(anonymous_9)
FNDA:3,(anonymous_10)
FNDA:2,(anonymous_11)
FNDA:2,(anonymous_12)
DA:50,2
DA:58,53
DA:59,53
DA:61,53
DA:62,53
DA:64,1
DA:66,1
DA:68,0
DA:70,0
DA:72,51
DA:76,53
DA:77,53
DA:79,0
DA:81,35
DA:83,18
DA:85,0
DA:89,53
DA:90,53
DA:91,53
DA:92,53
DA:95,53
DA:96,53
DA:97,106
DA:101,53
DA:137,100
DA:257,0
DA:269,34
DA:301,3
DA:315,3
DA:328,2
DA:337,2
LF:31
LH:26
BRDA:56,0,0,16
BRDA:62,1,0,1
BRDA:62,1,1,1
BRDA:62,1,2,0
BRDA:62,1,3,0
BRDA:62,1,4,51
BRDA:77,2,0,0
BRDA:77,2,1,35
BRDA:77,2,2,18
BRDA:77,2,3,0
BRDA:90,3,0,0
BRDA:90,3,1,53
BRDA:92,4,0,53
BRDA:92,4,1,0
BRDA:105,5,0,51
BRDA:105,5,1,2
BRDA:106,6,0,5
BRDA:106,6,1,48
BRDA:109,7,0,53
BRDA:109,7,1,5
BRDA:130,8,0,53
BRDA:130,8,1,34
BRDA:130,8,2,34
BRDA:141,9,0,34
BRDA:141,9,1,66
BRDA:149,10,0,34
BRDA:149,10,1,66
BRDA:152,11,0,100
BRDA:152,11,1,34
BRDA:162,12,0,53
BRDA:162,12,1,53
BRDA:162,12,2,19
BRDA:174,13,0,53
BRDA:174,13,1,35
BRDA:205,14,0,35
BRDA:205,14,1,18
BRDA:209,15,0,53
BRDA:209,15,1,53
BRDA:220,16,0,53
BRDA:220,16,1,53
BRDA:231,17,0,53
BRDA:231,17,1,53
BRDA:237,18,0,35
BRDA:237,18,1,18
BRDA:252,19,0,53
BRDA:252,19,1,17
BRDA:252,19,2,17
BRDA:256,20,0,0
BRDA:256,20,1,17
BRDA:260,21,0,0
BRDA:260,21,1,17
BRDA:283,22,0,53
BRDA:283,22,1,1
BRDA:302,23,0,53
BRDA:302,23,1,48
BRDA:316,24,0,53
BRDA:316,24,1,48
BRF:57
BRH:49
end_of_record
TN:
SF:src/components/RAGExamCreator.tsx
FN:65,(anonymous_0)
FN:120,(anonymous_1)
FN:124,(anonymous_2)
FN:125,(anonymous_3)
FN:129,(anonymous_4)
FN:151,(anonymous_5)
FN:170,(anonymous_6)
FN:171,(anonymous_7)
FN:173,(anonymous_8)
FN:178,(anonymous_9)
FN:193,(anonymous_10)
FN:206,(anonymous_11)
FN:279,(anonymous_12)
FN:295,(anonymous_13)
FN:339,(anonymous_14)
FN:362,(anonymous_15)
FN:370,(anonymous_16)
FN:392,(anonymous_17)
FN:411,(anonymous_18)
FN:411,(anonymous_19)
FN:423,(anonymous_20)
FN:423,(anonymous_21)
FN:437,(anonymous_22)
FN:437,(anonymous_23)
FN:439,(anonymous_24)
FN:454,(anonymous_25)
FN:454,(anonymous_26)
FN:456,(anonymous_27)
FN:470,(anonymous_28)
FN:475,(anonymous_29)
FN:477,(anonymous_30)
FN:479,(anonymous_31)
FN:505,(anonymous_32)
FN:506,(anonymous_33)
FN:508,(anonymous_34)
FN:509,(anonymous_35)
FN:523,(anonymous_36)
FN:524,(anonymous_37)
FN:526,(anonymous_38)
FN:527,(anonymous_39)
FN:541,(anonymous_40)
FN:542,(anonymous_41)
FN:544,(anonymous_42)
FN:545,(anonymous_43)
FN:555,(anonymous_44)
FN:560,(anonymous_45)
FN:603,(anonymous_46)
FN:630,(anonymous_47)
FN:651,(anonymous_48)
FN:728,(anonymous_49)
FN:735,(anonymous_50)
FN:742,(anonymous_51)
FN:748,(anonymous_52)
FNF:53
FNH:0
FNDA:0,(anonymous_0)
FNDA:0,(anonymous_1)
FNDA:0,(anonymous_2)
FNDA:0,(anonymous_3)
FNDA:0,(anonymous_4)
FNDA:0,(anonymous_5)
FNDA:0,(anonymous_6)
FNDA:0,(anonymous_7)
FNDA:0,(anonymous_8)
FNDA:0,(anonymous_9)
FNDA:0,(anonymous_10)
FNDA:0,(anonymous_11)
FNDA:0,(anonymous_12)
FNDA:0,(anonymous_13)
FNDA:0,(anonymous_14)
FNDA:0,(anonymous_15)
FNDA:0,(anonymous_16)
FNDA:0,(anonymous_17)
FNDA:0,(anonymous_18)
FNDA:0,(anonymous_19)
FNDA:0,(anonymous_20)
FNDA:0,(anonymous_21)
FNDA:0,(anonymous_22)
FNDA:0,(anonymous_23)
FNDA:0,(anonymous_24)
FNDA:0,(anonymous_25)
FNDA:0,(anonymous_26)
FNDA:0,(anonymous_27)
FNDA:0,(anonymous_28)
FNDA:0,(anonymous_29)
FNDA:0,(anonymous_30)
FNDA:0,(anonymous_31)
FNDA:0,(anonymous_32)
FNDA:0,(anonymous_33)
FNDA:0,(anonymous_34)
FNDA:0,(anonymous_35)
FNDA:0,(anonymous_36)
FNDA:0,(anonymous_37)
FNDA:0,(anonymous_38)
FNDA:0,(anonymous_39)
FNDA:0,(anonymous_40)
FNDA:0,(anonymous_41)
FNDA:0,(anonymous_42)
FNDA:0,(anonymous_43)
FNDA:0,(anonymous_44)
FNDA:0,(anonymous_45)
FNDA:0,(anonymous_46)
FNDA:0,(anonymous_47)
FNDA:0,(anonymous_48)
FNDA:0,(anonymous_49)
FNDA:0,(anonymous_50)
FNDA:0,(anonymous_51)
FNDA:0,(anonymous_52)
DA:65,0
DA:70,0
DA:71,0
DA:72,0
DA:75,0
DA:76,0
DA:79,0
DA:90,0
DA:93,0
DA:100,0
DA:111,0
DA:118,0
DA:120,0
DA:121,0
DA:124,0
DA:125,0
DA:129,0
DA:131,0
DA:138,0
DA:143,0
DA:151,0
DA:152,0
DA:153,0
DA:156,0
DA:157,0
DA:160,0
DA:161,0
DA:164,0
DA:166,0
DA:170,0
DA:171,0
DA:172,0
DA:173,0
DA:178,0
DA:179,0
DA:180,0
DA:181,0
DA:184,0
DA:185,0
DA:186,0
DA:188,0
DA:189,0
DA:192,0
DA:193,0
DA:200,0
DA:202,0
DA:206,0
DA:208,0
DA:209,0
DA:210,0
DA:211,0
DA:214,0
DA:215,0
DA:216,0
DA:219,0
DA:222,0
DA:225,0
DA:226,0
DA:236,0
DA:237,0
DA:247,0
DA:248,0
DA:258,0
DA:263,0
DA:264,0
DA:266,0
DA:267,0
DA:270,0
DA:273,0
DA:275,0
DA:279,0
DA:280,0
DA:282,0
DA:283,0
DA:284,0
DA:286,0
DA:287,0
DA:288,0
DA:289,0
DA:290,0
DA:291,0
DA:292,0
DA:295,0
DA:296,0
DA:298,0
DA:305,0
DA:312,0
DA:313,0
DA:320,0
DA:339,0
DA:363,0
DA:370,0
DA:392,0
DA:411,0
DA:423,0
DA:437,0
DA:440,0
DA:454,0
DA:457,0
DA:471,0
DA:476,0
DA:477,0
DA:479,0
DA:506,0
DA:509,0
DA:524,0
DA:527,0
DA:542,0
DA:545,0
DA:555,0
DA:560,0
DA:604,0
DA:605,0
DA:631,0
DA:651,0
DA:728,0
DA:735,0
DA:742,0
DA:749,0
DA:750,0
DA:751,0
LF:121
LH:0
BRDA:66,0,0,0
BRDA:145,1,0,0
BRDA:145,1,1,0
BRDA:146,2,0,0
BRDA:146,2,1,0
BRDA:164,3,0,0
BRDA:164,3,1,0
BRDA:172,4,0,0
BRDA:172,4,1,0
BRDA:179,5,0,0
BRDA:179,5,1,0
BRDA:179,6,0,0
BRDA:179,6,1,0
BRDA:192,7,0,0
BRDA:192,7,1,0
BRDA:200,8,0,0
BRDA:200,8,1,0
BRDA:209,9,0,0
BRDA:209,9,1,0
BRDA:225,10,0,0
BRDA:225,10,1,0
BRDA:236,11,0,0
BRDA:236,11,1,0
BRDA:247,12,0,0
BRDA:247,12,1,0
BRDA:260,13,0,0
BRDA:260,13,1,0
BRDA:266,14,0,0
BRDA:266,14,1,0
BRDA:273,15,0,0
BRDA:273,15,1,0
BRDA:280,16,0,0
BRDA:280,16,1,0
BRDA:283,17,0,0
BRDA:283,17,1,0
BRDA:296,18,0,0
BRDA:296,18,1,0
BRDA:312,19,0,0
BRDA:312,19,1,0
BRDA:312,20,0,0
BRDA:312,20,1,0
BRDA:330,21,0,0
BRDA:330,21,1,0
BRDA:338,22,0,0
BRDA:338,22,1,0
BRDA:356,23,0,0
BRDA:356,23,1,0
BRDA:367,24,0,0
BRDA:367,24,1,0
BRDA:368,25,0,0
BRDA:368,25,1,0
BRDA:380,26,0,0
BRDA:380,26,1,0
BRDA:425,27,0,0
BRDA:425,27,1,0
BRDA:474,28,0,0
BRDA:474,28,1,0
BRDA:476,29,0,0
BRDA:476,29,1,0
BRDA:500,30,0,0
BRDA:500,30,1,0
BRDA:518,31,0,0
BRDA:518,31,1,0
BRDA:536,32,0,0
BRDA:536,32,1,0
BRDA:582,33,0,0
BRDA:582,33,1,0
BRDA:584,34,0,0
BRDA:584,34,1,0
BRDA:588,35,0,0
BRDA:588,35,1,0
BRDA:605,36,0,0
BRDA:605,36,1,0
BRDA:635,37,0,0
BRDA:635,37,1,0
BRDA:657,38,0,0
BRDA:657,38,1,0
BRDA:658,39,0,0
BRDA:658,39,1,0
BRDA:660,40,0,0
BRDA:660,40,1,0
BRDA:670,41,0,0
BRDA:670,41,1,0
BRF:83
BRH:0
end_of_record
TN:
SF:src/components/ReviewQueue.tsx
FN:54,(anonymous_0)
FN:97,(anonymous_1)
FN:118,(anonymous_2)
FN:122,(anonymous_3)
FN:123,(anonymous_4)
FN:127,(anonymous_5)
FN:129,(anonymous_6)
FN:132,(anonymous_7)
FN:138,(anonymous_8)
FN:144,(anonymous_9)
FN:145,(anonymous_10)
FN:152,(anonymous_11)
FN:157,(anonymous_12)
FN:183,(anonymous_13)
FN:197,(anonymous_14)
FN:285,(anonymous_15)
FN:301,(anonymous_16)
FN:315,(anonymous_17)
FN:337,(anonymous_18)
FN:356,(anonymous_19)
FN:386,(anonymous_20)
FN:393,(anonymous_21)
FN:403,(anonymous_22)
FN:408,(anonymous_23)
FN:416,(anonymous_24)
FN:428,(anonymous_25)
FN:433,(anonymous_26)
FNF:27
FNH:11
FNDA:55,(anonymous_0)
FNDA:19,(anonymous_1)
FNDA:17,(anonymous_2)
FNDA:0,(anonymous_3)
FNDA:0,(anonymous_4)
FNDA:0,(anonymous_5)
FNDA:0,(anonymous_6)
FNDA:2,(anonymous_7)
FNDA:2,(anonymous_8)
FNDA:1,(anonymous_9)
FNDA:1,(anonymous_10)
FNDA:1,(anonymous_11)
FNDA:2,(anonymous_12)
FNDA:0,(anonymous_13)
FNDA:0,(anonymous_14)
FNDA:0,(anonymous_15)
FNDA:0,(anonymous_16)
FNDA:0,(anonymous_17)
FNDA:0,(anonymous_18)
FNDA:36,(anonymous_19)
FNDA:0,(anonymous_20)
FNDA:0,(anonymous_21)
FNDA:0,(anonymous_22)
FNDA:0,(anonymous_23)
FNDA:0,(anonymous_24)
FNDA:1,(anonymous_25)
FNDA:0,(anonymous_26)
DA:54,1
DA:55,55
DA:56,54
DA:57,54
DA:60,54
DA:69,54
DA:78,54
DA:79,54
DA:82,54
DA:83,54
DA:86,54
DA:87,54
DA:88,54
DA:91,54
DA:92,54
DA:93,54
DA:94,54
DA:97,54
DA:98,19
DA:99,19
DA:101,19
DA:102,19
DA:103,18
DA:104,18
DA:112,1
DA:114,19
DA:118,54
DA:119,17
DA:122,54
DA:123,0
DA:124,0
DA:127,54
DA:128,0
DA:129,0
DA:132,54
DA:133,2
DA:134,2
DA:135,2
DA:138,54
DA:139,2
DA:140,2
DA:141,2
DA:144,54
DA:145,1
DA:146,1
DA:147,1
DA:148,1
DA:152,54
DA:153,1
DA:154,1
DA:157,54
DA:158,2
DA:160,2
DA:161,2
DA:162,2
DA:167,2
DA:168,1
DA:170,1
DA:173,2
DA:174,2
DA:175,2
DA:177,0
DA:179,2
DA:183,54
DA:184,0
DA:185,0
DA:186,0
DA:187,0
DA:188,0
DA:190,0
DA:191,0
DA:193,0
DA:197,54
DA:198,0
DA:200,0
DA:201,0
DA:202,0
DA:208,0
DA:209,0
DA:210,0
DA:211,0
DA:213,0
DA:215,0
DA:219,54
DA:221,54
DA:285,0
DA:301,0
DA:315,0
DA:337,0
DA:357,36
DA:386,0
DA:393,0
DA:403,0
DA:408,0
DA:416,0
DA:428,1
DA:433,0
LF:97
LH:64
BRDA:112,0,0,1
BRDA:112,0,1,0
BRDA:146,1,0,1
BRDA:146,1,1,0
BRDA:158,2,0,0
BRDA:158,2,1,2
BRDA:158,3,0,2
BRDA:158,3,1,2
BRDA:164,4,0,2
BRDA:164,4,1,1
BRDA:167,5,0,1
BRDA:167,5,1,1
BRDA:177,6,0,0
BRDA:177,6,1,0
BRDA:190,7,0,0
BRDA:190,7,1,0
BRDA:198,8,0,0
BRDA:198,8,1,0
BRDA:198,9,0,0
BRDA:198,9,1,0
BRDA:213,10,0,0
BRDA:213,10,1,0
BRDA:284,11,0,54
BRDA:284,11,1,54
BRDA:285,12,0,0
BRDA:285,12,1,0
BRDA:300,13,0,54
BRDA:300,13,1,54
BRDA:301,14,0,0
BRDA:301,14,1,0
BRDA:314,15,0,54
BRDA:314,15,1,54
BRDA:315,16,0,0
BRDA:315,16,1,0
BRDA:336,17,0,54
BRDA:336,17,1,1
BRDA:343,18,0,54
BRDA:343,18,1,19
BRDA:343,18,2,17
BRDA:350,19,0,54
BRDA:350,19,1,35
BRDA:350,19,2,19
BRDA:369,20,0,54
BRDA:369,20,1,0
BRDA:382,21,0,54
BRDA:382,21,1,1
BRDA:409,22,0,54
BRDA:409,22,1,0
BRDA:418,23,0,3
BRDA:418,23,1,51
BRDA:437,24,0,3
BRDA:437,24,1,51
BRDA:440,25,0,3
BRDA:440,25,1,51
BRF:54
BRH:33
end_of_record
TN:
SF:src/components/DocumentChat/ChatInterface.tsx
FN:27,(anonymous_0)
FN:38,(anonymous_1)
FN:45,(anonymous_2)
FN:49,(anonymous_3)
FN:59,(anonymous_4)
FN:68,(anonymous_5)
FN:87,(anonymous_6)
FN:91,(anonymous_7)
FN:101,(anonymous_8)
FN:127,(anonymous_9)
FN:159,(anonymous_10)
FN:173,(anonymous_11)
FN:191,(anonymous_12)
FN:192,(anonymous_13)
FN:214,(anonymous_14)
FN:281,(anonymous_15)
FNF:16
FNH:0
FNDA:0,(anonymous_0)
FNDA:0,(anonymous_1)
FNDA:0,(anonymous_2)
FNDA:0,(anonymous_3)
FNDA:0,(anonymous_4)
FNDA:0,(anonymous_5)
FNDA:0,(anonymous_6)
FNDA:0,(anonymous_7)
FNDA:0,(anonymous_8)
FNDA:0,(anonymous_9)
FNDA:0,(anonymous_10)
FNDA:0,(anonymous_11)
FNDA:0,(anonymous_12)
FNDA:0,(anonymous_13)
FNDA:0,(anonymous_14)
FNDA:0,(anonymous_15)
DA:27,0
DA:32,0
DA:33,0
DA:34,0
DA:35,0
DA:38,0
DA:39,0
DA:40,0
DA:45,0
DA:46,0
DA:49,0
DA:50,0
DA:51,0
DA:52,0
DA:53,0
DA:55,0
DA:59,0
DA:60,0
DA:62,0
DA:68,0
DA:69,0
DA:70,0
DA:72,0
DA:73,0
DA:82,0
DA:83,0
DA:86,0
DA:87,0
DA:89,0
DA:91,0
DA:97,0
DA:101,0
DA:102,0
DA:103,0
DA:107,0
DA:109,0
DA:112,0
DA:115,0
DA:116,0
DA:117,0
DA:118,0
DA:119,0
DA:120,0
DA:122,0
DA:123,0
DA:127,0
DA:128,0
DA:129,0
DA:133,0
DA:135,0
DA:136,0
DA:138,0
DA:139,0
DA:143,0
DA:159,0
DA:174,0
DA:191,0
DA:192,0
DA:214,0
DA:215,0
DA:217,0
DA:282,0
LF:62
LH:0
BRDA:39,0,0,0
BRDA:39,0,1,0
BRDA:53,1,0,0
BRDA:53,1,1,0
BRDA:60,2,0,0
BRDA:60,2,1,0
BRDA:60,3,0,0
BRDA:60,3,1,0
BRDA:82,4,0,0
BRDA:82,4,1,0
BRDA:107,5,0,0
BRDA:107,5,1,0
BRDA:113,6,0,0
BRDA:113,6,1,0
BRDA:133,7,0,0
BRDA:133,7,1,0
BRDA:176,8,0,0
BRDA:176,8,1,0
BRDA:192,9,0,0
BRDA:192,9,1,0
BRDA:192,9,2,0
BRDA:201,10,0,0
BRDA:201,10,1,0
BRDA:218,11,0,0
BRDA:218,11,1,0
BRDA:224,12,0,0
BRDA:224,12,1,0
BRDA:225,13,0,0
BRDA:225,13,1,0
BRDA:241,14,0,0
BRDA:241,14,1,0
BRDA:249,15,0,0
BRDA:249,15,1,0
BRDA:261,16,0,0
BRDA:261,16,1,0
BRDA:267,17,0,0
BRDA:267,17,1,0
BRDA:275,18,0,0
BRDA:275,18,1,0
BRDA:275,18,2,0
BRDA:284,19,0,0
BRDA:284,19,1,0
BRDA:294,20,0,0
BRDA:294,20,1,0
BRDA:294,20,2,0
BRF:45
BRH:0
end_of_record
TN:
SF:src/components/DocumentChat/DocumentChatPage.tsx
FN:23,(anonymous_0)
FN:30,(anonymous_1)
FN:35,(anonymous_2)
FN:41,(anonymous_3)
FN:47,(anonymous_4)
FN:57,(anonymous_5)
FN:85,(anonymous_6)
FN:89,(anonymous_7)
FN:94,(anonymous_8)
FN:120,(anonymous_9)
FN:138,(anonymous_10)
FN:190,(anonymous_11)
FN:205,(anonymous_12)
FN:219,(anonymous_13)
FN:235,(anonymous_14)
FN:242,(anonymous_15)
FNF:16
FNH:0
FNDA:0,(anonymous_0)
FNDA:0,(anonymous_1)
FNDA:0,(anonymous_2)
FNDA:0,(anonymous_3)
FNDA:0,(anonymous_4)
FNDA:0,(anonymous_5)
FNDA:0,(anonymous_6)
FNDA:0,(anonymous_7)
FNDA:0,(anonymous_8)
FNDA:0,(anonymous_9)
FNDA:0,(anonymous_10)
FNDA:0,(anonymous_11)
FNDA:0,(anonymous_12)
FNDA:0,(anonymous_13)
FNDA:0,(anonymous_14)
FNDA:0,(anonymous_15)
DA:23,0
DA:24,0
DA:25,0
DA:26,0
DA:27,0
DA:28,0
DA:30,0
DA:31,0
DA:32,0
DA:35,0
DA:36,0
DA:37,0
DA:38,0
DA:40,0
DA:41,0
DA:43,0
DA:47,0
DA:48,0
DA:49,0
DA:50,0
DA:51,0
DA:53,0
DA:57,0
DA:58,0
DA:59,0
DA:60,0
DA:69,0
DA:70,0
DA:73,0
DA:74,0
DA:75,0
DA:76,0
DA:78,0
DA:79,0
DA:81,0
DA:85,0
DA:86,0
DA:89,0
DA:90,0
DA:91,0
DA:94,0
DA:95,0
DA:97,0
DA:98,0
DA:101,0
DA:102,0
DA:106,0
DA:109,0
DA:110,0
DA:113,0
DA:115,0
DA:116,0
DA:120,0
DA:122,0
DA:138,0
DA:191,0
DA:205,0
DA:219,0
DA:235,0
DA:242,0
LF:60
LH:0
BRDA:40,0,0,0
BRDA:40,0,1,0
BRDA:41,1,0,0
BRDA:41,1,1,0
BRDA:69,2,0,0
BRDA:69,2,1,0
BRDA:97,3,0,0
BRDA:97,3,1,0
BRDA:106,4,0,0
BRDA:106,4,1,0
BRDA:109,5,0,0
BRDA:109,5,1,0
BRDA:146,6,0,0
BRDA:146,6,1,0
BRDA:146,6,2,0
BRDA:163,7,0,0
BRDA:163,7,1,0
BRDA:169,8,0,0
BRDA:169,8,1,0
BRF:19
BRH:0
end_of_record
TN:
SF:src/components/DocumentChat/DocumentSelector.tsx
FN:26,(anonymous_0)
FN:33,(anonymous_1)
FN:34,(anonymous_2)
FN:45,(anonymous_3)
FN:60,(anonymous_4)
FN:66,(anonymous_5)
FN:75,(anonymous_6)
FN:82,(anonymous_7)
FN:83,(anonymous_8)
FNF:9
FNH:0
FNDA:0,(anonymous_0)
FNDA:0,(anonymous_1)
FNDA:0,(anonymous_2)
FNDA:0,(anonymous_3)
FNDA:0,(anonymous_4)
FNDA:0,(anonymous_5)
FNDA:0,(anonymous_6)
FNDA:0,(anonymous_7)
FNDA:0,(anonymous_8)
DA:26,0
DA:30,0
DA:31,0
DA:33,0
DA:34,0
DA:35,0
DA:36,0
DA:37,0
DA:39,0
DA:41,0
DA:45,0
DA:46,0
DA:47,0
DA:48,0
DA:52,0
DA:60,0
DA:67,0
DA:75,0
DA:82,0
DA:83,0
LF:20
LH:0
BRDA:36,0,0,0
BRDA:36,0,1,0
BRDA:46,1,0,0
BRDA:46,1,1,0
BRDA:47,2,0,0
BRDA:47,2,1,0
BRDA:47,3,0,0
BRDA:47,3,1,0
BRDA:73,4,0,0
BRDA:73,4,1,0
BRDA:109,5,0,0
BRDA:109,5,1,0
BRF:12
BRH:0
end_of_record
TN:
SF:src/components/admin/PromptEditor.tsx
FN:34,(anonymous_0)
FN:56,(anonymous_1)
FN:62,(anonymous_2)
FN:77,(anonymous_3)
FN:96,(anonymous_4)
FN:106,(anonymous_5)
FN:116,(anonymous_6)
FN:119,(anonymous_7)
FN:123,(anonymous_8)
FN:167,(anonymous_9)
FN:172,(anonymous_10)
FN:190,(anonymous_11)
FN:201,(anonymous_12)
FN:208,(anonymous_13)
FN:220,(anonymous_14)
FN:268,(anonymous_15)
FN:284,(anonymous_16)
FN:298,(anonymous_17)
FN:308,(anonymous_18)
FN:312,(anonymous_19)
FN:326,(anonymous_20)
FN:346,(anonymous_21)
FNF:22
FNH:0
FNDA:0,(anonymous_0)
FNDA:0,(anonymous_1)
FNDA:0,(anonymous_2)
FNDA:0,(anonymous_3)
FNDA:0,(anonymous_4)
FNDA:0,(anonymous_5)
FNDA:0,(anonymous_6)
FNDA:0,(anonymous_7)
FNDA:0,(anonymous_8)
FNDA:0,(anonymous_9)
FNDA:0,(anonymous_10)
FNDA:0,(anonymous_11)
FNDA:0,(anonymous_12)
FNDA:0,(anonymous_13)
FNDA:0,(anonymous_14)
FNDA:0,(anonymous_15)
FNDA:0,(anonymous_16)
FNDA:0,(anonymous_17)
FNDA:0,(anonymous_18)
FNDA:0,(anonymous_19)
FNDA:0,(anonymous_20)
FNDA:0,(anonymous_21)
DA:34,0
DA:39,0
DA:40,0
DA:41,0
DA:42,0
DA:43,0
DA:44,0
DA:46,0
DA:56,0
DA:57,0
DA:58,0
DA:62,0
DA:63,0
DA:65,0
DA:66,0
DA:67,0
DA:68,0
DA:69,0
DA:71,0
DA:73,0
DA:77,0
DA:78,0
DA:79,0
DA:80,0
DA:83,0
DA:84,0
DA:85,0
DA:86,0
DA:88,0
DA:89,0
DA:90,0
DA:92,0
DA:93,0
DA:96,0
DA:97,0
DA:100,0
DA:102,0
DA:106,0
DA:107,0
DA:108,0
DA:112,0
DA:116,0
DA:117,0
DA:119,0
DA:123,0
DA:124,0
DA:125,0
DA:126,0
DA:130,0
DA:131,0
DA:138,0
DA:167,0
DA:172,0
DA:190,0
DA:201,0
DA:208,0
DA:220,0
DA:269,0
DA:284,0
DA:298,0
DA:309,0
DA:312,0
DA:326,0
DA:346,0
LF:64
LH:0
BRDA:57,0,0,0
BRDA:57,0,1,0
BRDA:63,1,0,0
BRDA:63,1,1,0
BRDA:71,2,0,0
BRDA:71,2,1,0
BRDA:78,3,0,0
BRDA:78,3,1,0
BRDA:78,4,0,0
BRDA:78,4,1,0
BRDA:88,5,0,0
BRDA:88,5,1,0
BRDA:100,6,0,0
BRDA:100,6,1,0
BRDA:107,7,0,0
BRDA:107,7,1,0
BRDA:107,8,0,0
BRDA:107,8,1,0
BRDA:110,9,0,0
BRDA:110,9,1,0
BRDA:124,10,0,0
BRDA:124,10,1,0
BRDA:130,11,0,0
BRDA:130,11,1,0
BRDA:143,12,0,0
BRDA:143,12,1,0
BRDA:156,13,0,0
BRDA:156,13,1,0
BRDA:160,14,0,0
BRDA:160,14,1,0
BRDA:166,15,0,0
BRDA:166,15,1,0
BRDA:171,16,0,0
BRDA:171,16,1,0
BRDA:214,17,0,0
BRDA:214,17,1,0
BRDA:240,18,0,0
BRDA:240,18,1,0
BRDA:334,19,0,0
BRDA:334,19,1,0
BRF:40
BRH:0
end_of_record
TN:
SF:src/components/admin/PromptLibrary.tsx
FN:30,(anonymous_0)
FN:40,(anonymous_1)
FN:44,(anonymous_2)
FN:58,(anonymous_3)
FN:71,(anonymous_4)
FN:74,(anonymous_5)
FN:77,(anonymous_6)
FN:87,(anonymous_7)
FN:127,(anonymous_8)
FN:139,(anonymous_9)
FN:185,(anonymous_10)
FN:239,(anonymous_11)
FN:269,(anonymous_12)
FN:277,(anonymous_13)
FN:285,(anonymous_14)
FNF:15
FNH:0
FNDA:0,(anonymous_0)
FNDA:0,(anonymous_1)
FNDA:0,(anonymous_2)
FNDA:0,(anonymous_3)
FNDA:0,(anonymous_4)
FNDA:0,(anonymous_5)
FNDA:0,(anonymous_6)
FNDA:0,(anonymous_7)
FNDA:0,(anonymous_8)
FNDA:0,(anonymous_9)
FNDA:0,(anonymous_10)
FNDA:0,(anonymous_11)
FNDA:0,(anonymous_12)
FNDA:0,(anonymous_13)
FNDA:0,(anonymous_14)
DA:30,0
DA:34,0
DA:35,0
DA:36,0
DA:37,0
DA:38,0
DA:40,0
DA:41,0
DA:44,0
DA:45,0
DA:46,0
DA:47,0
DA:48,0
DA:49,0
DA:50,0
DA:52,0
DA:54,0
DA:58,0
DA:59,0
DA:60,0
DA:63,0
DA:64,0
DA:65,0
DA:67,0
DA:71,0
DA:72,0
DA:74,0
DA:77,0
DA:78,0
DA:79,0
DA:80,0
DA:81,0
DA:82,0
DA:83,0
DA:87,0
DA:88,0
DA:89,0
DA:90,0
DA:91,0
DA:92,0
DA:93,0
DA:97,0
DA:127,0
DA:139,0
DA:186,0
DA:240,0
DA:269,0
DA:277,0
DA:285,0
LF:49
LH:0
BRDA:48,0,0,0
BRDA:48,0,1,0
BRDA:52,1,0,0
BRDA:52,1,1,0
BRDA:59,2,0,0
BRDA:59,2,1,0
BRDA:67,3,0,0
BRDA:67,3,1,0
BRDA:72,4,0,0
BRDA:72,4,1,0
BRDA:72,4,2,0
BRDA:78,5,0,0
BRDA:78,5,1,0
BRDA:78,5,2,0
BRDA:78,5,3,0
BRDA:78,5,4,0
BRDA:88,6,0,0
BRDA:88,6,1,0
BRDA:88,6,2,0
BRDA:88,6,3,0
BRDA:88,6,4,0
BRDA:153,7,0,0
BRDA:153,7,1,0
BRDA:160,8,0,0
BRDA:160,8,1,0
BRDA:167,9,0,0
BRDA:167,9,1,0
BRDA:167,9,2,0
BRDA:169,10,0,0
BRDA:169,10,1,0
BRDA:175,11,0,0
BRDA:175,11,1,0
BRDA:177,12,0,0
BRDA:177,12,1,0
BRDA:209,13,0,0
BRDA:209,13,1,0
BRDA:214,14,0,0
BRDA:214,14,1,0
BRDA:227,15,0,0
BRDA:227,15,1,0
BRDA:237,16,0,0
BRDA:237,16,1,0
BRDA:248,17,0,0
BRDA:248,17,1,0
BRDA:261,18,0,0
BRDA:261,18,1,0
BRF:46
BRH:0
end_of_record
TN:
SF:src/components/admin/PromptManagement.tsx
FN:12,(anonymous_0)
FN:17,(anonymous_1)
FN:22,(anonymous_2)
FN:27,(anonymous_3)
FN:32,(anonymous_4)
FN:37,(anonymous_5)
FN:42,(anonymous_6)
FN:47,(anonymous_7)
FN:64,(anonymous_8)
FN:82,(anonymous_9)
FNF:10
FNH:0
FNDA:0,(anonymous_0)
FNDA:0,(anonymous_1)
FNDA:0,(anonymous_2)
FNDA:0,(anonymous_3)
FNDA:0,(anonymous_4)
FNDA:0,(anonymous_5)
FNDA:0,(anonymous_6)
FNDA:0,(anonymous_7)
FNDA:0,(anonymous_8)
FNDA:0,(anonymous_9)
DA:12,0
DA:13,0
DA:14,0
DA:15,0
DA:17,0
DA:18,0
DA:19,0
DA:22,0
DA:23,0
DA:24,0
DA:27,0
DA:28,0
DA:29,0
DA:32,0
DA:33,0
DA:34,0
DA:37,0
DA:38,0
DA:39,0
DA:42,0
DA:43,0
DA:44,0
DA:47,0
DA:48,0
DA:49,0
DA:50,0
DA:53,0
DA:64,0
DA:82,0
LF:29
LH:0
BRDA:56,0,0,0
BRDA:56,0,1,0
BRDA:75,1,0,0
BRDA:75,1,1,0
BRDA:91,2,0,0
BRDA:91,2,1,0
BRDA:99,3,0,0
BRDA:99,3,1,0
BRDA:106,4,0,0
BRDA:106,4,1,0
BRDA:106,4,2,0
BRF:11
BRH:0
end_of_record
TN:
SF:src/components/admin/PromptUsageChart.tsx
FN:19,(anonymous_0)
FN:24,(anonymous_1)
FN:28,(anonymous_2)
FN:59,(anonymous_3)
FN:62,(anonymous_4)
FN:64,(anonymous_5)
FN:67,(anonymous_6)
FN:172,(anonymous_7)
FNF:8
FNH:0
FNDA:0,(anonymous_0)
FNDA:0,(anonymous_1)
FNDA:0,(anonymous_2)
FNDA:0,(anonymous_3)
FNDA:0,(anonymous_4)
FNDA:0,(anonymous_5)
FNDA:0,(anonymous_6)
FNDA:0,(anonymous_7)
DA:19,0
DA:20,0
DA:21,0
DA:22,0
DA:24,0
DA:25,0
DA:28,0
DA:29,0
DA:30,0
DA:31,0
DA:32,0
DA:33,0
DA:35,0
DA:37,0
DA:41,0
DA:42,0
DA:49,0
DA:50,0
DA:58,0
DA:59,0
DA:60,0
DA:62,0
DA:63,0
DA:64,0
DA:67,0
DA:69,0
DA:173,0
LF:27
LH:0
BRDA:35,0,0,0
BRDA:35,0,1,0
BRDA:41,1,0,0
BRDA:41,1,1,0
BRDA:49,2,0,0
BRDA:49,2,1,0
BRDA:60,3,0,0
BRDA:60,3,1,0
BRDA:62,4,0,0
BRDA:62,4,1,0
BRDA:63,5,0,0
BRDA:63,5,1,0
BRDA:64,6,0,0
BRDA:64,6,1,0
BRDA:67,7,0,0
BRDA:67,7,1,0
BRDA:103,8,0,0
BRDA:103,8,1,0
BRDA:103,9,0,0
BRDA:103,9,1,0
BRDA:166,10,0,0
BRDA:166,10,1,0
BRDA:181,11,0,0
BRDA:181,11,1,0
BRDA:195,12,0,0
BRDA:195,12,1,0
BRDA:200,13,0,0
BRDA:200,13,1,0
BRDA:208,14,0,0
BRDA:208,14,1,0
BRDA:218,15,0,0
BRDA:218,15,1,0
BRF:32
BRH:0
end_of_record
TN:
SF:src/components/admin/PromptVersionHistory.tsx
FN:31,(anonymous_0)
FN:40,(anonymous_1)
FN:44,(anonymous_2)
FN:49,(anonymous_3)
FN:57,(anonymous_4)
FN:66,(anonymous_5)
FN:106,(anonymous_6)
FN:125,(anonymous_7)
FN:166,(anonymous_8)
FN:174,(anonymous_9)
FN:199,(anonymous_10)
FN:228,(anonymous_11)
FN:235,(anonymous_12)
FN:238,(anonymous_13)
FNF:14
FNH:0
FNDA:0,(anonymous_0)
FNDA:0,(anonymous_1)
FNDA:0,(anonymous_2)
FNDA:0,(anonymous_3)
FNDA:0,(anonymous_4)
FNDA:0,(anonymous_5)
FNDA:0,(anonymous_6)
FNDA:0,(anonymous_7)
FNDA:0,(anonymous_8)
FNDA:0,(anonymous_9)
FNDA:0,(anonymous_10)
FNDA:0,(anonymous_11)
FNDA:0,(anonymous_12)
FNDA:0,(anonymous_13)
DA:31,0
DA:35,0
DA:36,0
DA:37,0
DA:38,0
DA:40,0
DA:41,0
DA:44,0
DA:45,0
DA:46,0
DA:47,0
DA:48,0
DA:49,0
DA:51,0
DA:53,0
DA:57,0
DA:58,0
DA:59,0
DA:60,0
DA:62,0
DA:66,0
DA:67,0
DA:76,0
DA:77,0
DA:84,0
DA:106,0
DA:126,0
DA:166,0
DA:174,0
DA:199,0
DA:229,0
DA:235,0
DA:239,0
DA:240,0
LF:34
LH:0
BRDA:51,0,0,0
BRDA:51,0,1,0
BRDA:62,1,0,0
BRDA:62,1,1,0
BRDA:76,2,0,0
BRDA:76,2,1,0
BRDA:105,3,0,0
BRDA:105,3,1,0
BRDA:129,4,0,0
BRDA:129,4,1,0
BRDA:130,5,0,0
BRDA:130,5,1,0
BRDA:136,6,0,0
BRDA:136,6,1,0
BRDA:141,7,0,0
BRDA:141,7,1,0
BRDA:153,8,0,0
BRDA:153,8,1,0
BRDA:170,9,0,0
BRDA:170,9,1,0
BRDA:188,10,0,0
BRDA:188,10,1,0
BRDA:212,11,0,0
BRDA:212,11,1,0
BRDA:220,12,0,0
BRDA:220,12,1,0
BRDA:236,13,0,0
BRDA:236,13,1,0
BRDA:236,13,2,0
BRF:29
BRH:0
end_of_record
TN:
SF:src/components/admin/SemanticSearchTester.tsx
FN:24,(anonymous_0)
FN:34,(anonymous_1)
FN:67,(anonymous_2)
FN:73,(anonymous_3)
FN:98,(anonymous_4)
FN:114,(anonymous_5)
FN:130,(anonymous_6)
FN:142,(anonymous_7)
FN:156,(anonymous_8)
FN:187,(anonymous_9)
FN:200,(anonymous_10)
FN:239,(anonymous_11)
FNF:12
FNH:0
FNDA:0,(anonymous_0)
FNDA:0,(anonymous_1)
FNDA:0,(anonymous_2)
FNDA:0,(anonymous_3)
FNDA:0,(anonymous_4)
FNDA:0,(anonymous_5)
FNDA:0,(anonymous_6)
FNDA:0,(anonymous_7)
FNDA:0,(anonymous_8)
FNDA:0,(anonymous_9)
FNDA:0,(anonymous_10)
FNDA:0,(anonymous_11)
DA:24,0
DA:25,0
DA:26,0
DA:27,0
DA:28,0
DA:29,0
DA:30,0
DA:31,0
DA:32,0
DA:34,0
DA:35,0
DA:36,0
DA:37,0
DA:40,0
DA:41,0
DA:42,0
DA:44,0
DA:50,0
DA:51,0
DA:54,0
DA:55,0
DA:58,0
DA:59,0
DA:61,0
DA:63,0
DA:67,0
DA:68,0
DA:69,0
DA:73,0
DA:74,0
DA:75,0
DA:76,0
DA:77,0
DA:80,0
DA:98,0
DA:114,0
DA:130,0
DA:142,0
DA:156,0
DA:187,0
DA:201,0
DA:240,0
LF:42
LH:0
BRDA:35,0,0,0
BRDA:35,0,1,0
BRDA:50,1,0,0
BRDA:50,1,1,0
BRDA:54,2,0,0
BRDA:54,2,1,0
BRDA:61,3,0,0
BRDA:61,3,1,0
BRDA:68,4,0,0
BRDA:68,4,1,0
BRDA:74,5,0,0
BRDA:74,5,1,0
BRDA:75,6,0,0
BRDA:75,6,1,0
BRDA:76,7,0,0
BRDA:76,7,1,0
BRDA:175,8,0,0
BRDA:175,8,1,0
BRDA:176,9,0,0
BRDA:176,9,1,0
BRDA:179,10,0,0
BRDA:179,10,1,0
BRDA:186,11,0,0
BRDA:186,11,1,0
BRDA:193,12,0,0
BRDA:193,12,1,0
BRDA:217,13,0,0
BRDA:217,13,1,0
BRDA:237,14,0,0
BRDA:237,14,1,0
BRDA:259,15,0,0
BRDA:259,15,1,0
BRDA:259,15,2,0
BRDA:259,15,3,0
BRF:34
BRH:0
end_of_record
TN:
SF:src/components/prompts/PromptPreview.tsx
FN:33,(anonymous_0)
FN:46,(anonymous_1)
FN:170,(anonymous_2)
FNF:3
FNH:0
FNDA:0,(anonymous_0)
FNDA:0,(anonymous_1)
FNDA:0,(anonymous_2)
DA:33,0
DA:44,0
DA:46,0
DA:51,0
DA:52,0
DA:65,0
DA:66,0
DA:82,0
DA:83,0
DA:91,0
DA:92,0
DA:99,0
DA:102,0
DA:103,0
DA:128,0
DA:171,0
LF:16
LH:0
BRDA:35,0,0,0
BRDA:36,1,0,0
BRDA:37,2,0,0
BRDA:51,3,0,0
BRDA:51,3,1,0
BRDA:65,4,0,0
BRDA:65,4,1,0
BRDA:82,5,0,0
BRDA:82,5,1,0
BRDA:91,6,0,0
BRDA:91,6,1,0
BRDA:102,7,0,0
BRDA:102,7,1,0
BRDA:112,8,0,0
BRDA:112,8,1,0
BRDA:139,9,0,0
BRDA:139,9,1,0
BRDA:151,10,0,0
BRDA:151,10,1,0
BRDA:168,11,0,0
BRDA:168,11,1,0
BRDA:168,11,2,0
BRDA:189,12,0,0
BRDA:189,12,1,0
BRDA:193,13,0,0
BRDA:193,13,1,0
BRDA:233,14,0,0
BRDA:233,14,1,0
BRF:28
BRH:0
end_of_record
TN:
SF:src/components/prompts/PromptTemplateSelector.tsx
FN:40,(anonymous_0)
FN:67,(anonymous_1)
FN:77,(anonymous_2)
FN:83,(anonymous_3)
FN:92,(anonymous_4)
FN:93,(anonymous_5)
FN:136,(anonymous_6)
FN:143,(anonymous_7)
FN:154,(anonymous_8)
FN:162,(anonymous_9)
FN:222,(anonymous_10)
FN:265,(anonymous_11)
FN:329,(anonymous_12)
FNF:13
FNH:0
FNDA:0,(anonymous_0)
FNDA:0,(anonymous_1)
FNDA:0,(anonymous_2)
FNDA:0,(anonymous_3)
FNDA:0,(anonymous_4)
FNDA:0,(anonymous_5)
FNDA:0,(anonymous_6)
FNDA:0,(anonymous_7)
FNDA:0,(anonymous_8)
FNDA:0,(anonymous_9)
FNDA:0,(anonymous_10)
FNDA:0,(anonymous_11)
FNDA:0,(anonymous_12)
DA:40,0
DA:49,0
DA:50,0
DA:51,0
DA:52,0
DA:53,0
DA:54,0
DA:55,0
DA:58,0
DA:65,0
DA:67,0
DA:75,0
DA:77,0
DA:83,0
DA:84,0
DA:85,0
DA:87,0
DA:92,0
DA:93,0
DA:95,0
DA:96,0
DA:97,0
DA:101,0
DA:107,0
DA:108,0
DA:109,0
DA:110,0
DA:113,0
DA:114,0
DA:115,0
DA:117,0
DA:123,0
DA:125,0
DA:126,0
DA:128,0
DA:132,0
DA:136,0
DA:137,0
DA:138,0
DA:143,0
DA:144,0
DA:145,0
DA:147,0
DA:148,0
DA:149,0
DA:154,0
DA:155,0
DA:156,0
DA:157,0
DA:162,0
DA:163,0
DA:168,0
DA:172,0
DA:173,0
DA:184,0
DA:185,0
DA:193,0
DA:194,0
DA:202,0
DA:223,0
DA:265,0
DA:329,0
LF:62
LH:0
BRDA:45,0,0,0
BRDA:46,1,0,0
BRDA:47,2,0,0
BRDA:62,3,0,0
BRDA:77,4,0,0
BRDA:77,4,1,0
BRDA:84,5,0,0
BRDA:84,5,1,0
BRDA:95,6,0,0
BRDA:95,6,1,0
BRDA:95,7,0,0
BRDA:95,7,1,0
BRDA:108,8,0,0
BRDA:108,8,1,0
BRDA:125,9,0,0
BRDA:125,9,1,0
BRDA:137,10,0,0
BRDA:137,10,1,0
BRDA:137,11,0,0
BRDA:137,11,1,0
BRDA:137,11,2,0
BRDA:145,12,0,0
BRDA:145,12,1,0
BRDA:148,13,0,0
BRDA:148,13,1,0
BRDA:156,14,0,0
BRDA:156,14,1,0
BRDA:168,15,0,0
BRDA:168,15,1,0
BRDA:172,16,0,0
BRDA:172,16,1,0
BRDA:184,17,0,0
BRDA:184,17,1,0
BRDA:193,18,0,0
BRDA:193,18,1,0
BRDA:212,19,0,0
BRDA:212,19,1,0
BRDA:229,20,0,0
BRDA:229,20,1,0
BRDA:230,21,0,0
BRDA:230,21,1,0
BRDA:230,22,0,0
BRDA:230,22,1,0
BRDA:239,23,0,0
BRDA:239,23,1,0
BRDA:239,23,2,0
BRDA:255,24,0,0
BRDA:255,24,1,0
BRDA:255,24,2,0
BRDA:255,24,3,0
BRDA:263,25,0,0
BRDA:263,25,1,0
BRDA:272,26,0,0
BRDA:272,26,1,0
BRDA:275,27,0,0
BRDA:275,27,1,0
BRDA:280,28,0,0
BRDA:280,28,1,0
BRDA:286,29,0,0
BRDA:286,29,1,0
BRDA:316,30,0,0
BRDA:316,30,1,0
BRDA:316,30,2,0
BRDA:335,31,0,0
BRDA:335,31,1,0
BRDA:353,32,0,0
BRDA:353,32,1,0
BRF:67
BRH:0
end_of_record
TN:
SF:src/components/prompts/TemplateVariablesEditor.tsx
FN:75,(anonymous_0)
FN:91,(anonymous_1)
FN:95,(anonymous_2)
FN:100,(anonymous_3)
FN:110,(anonymous_4)
FN:114,(anonymous_5)
FN:122,(anonymous_6)
FN:138,(anonymous_7)
FN:150,(anonymous_8)
FN:175,(anonymous_9)
FN:188,(anonymous_10)
FN:222,(anonymous_11)
FNF:12
FNH:0
FNDA:0,(anonymous_0)
FNDA:0,(anonymous_1)
FNDA:0,(anonymous_2)
FNDA:0,(anonymous_3)
FNDA:0,(anonymous_4)
FNDA:0,(anonymous_5)
FNDA:0,(anonymous_6)
FNDA:0,(anonymous_7)
FNDA:0,(anonymous_8)
FNDA:0,(anonymous_9)
FNDA:0,(anonymous_10)
FNDA:0,(anonymous_11)
DA:75,0
DA:86,0
DA:87,0
DA:90,0
DA:91,0
DA:95,0
DA:96,0
DA:100,0
DA:101,0
DA:105,0
DA:106,0
DA:110,0
DA:111,0
DA:112,0
DA:114,0
DA:115,0
DA:118,0
DA:122,0
DA:123,0
DA:134,0
DA:138,0
DA:139,0
DA:146,0
DA:150,0
DA:151,0
DA:155,0
DA:156,0
DA:160,0
DA:176,0
DA:177,0
DA:178,0
DA:179,0
DA:181,0
DA:188,0
DA:202,0
DA:203,0
DA:213,0
DA:222,0
LF:38
LH:0
BRDA:79,0,0,0
BRDA:80,1,0,0
BRDA:82,2,0,0
BRDA:83,3,0,0
BRDA:84,4,0,0
BRDA:114,5,0,0
BRDA:114,5,1,0
BRDA:134,6,0,0
BRDA:134,6,1,0
BRDA:155,7,0,0
BRDA:155,7,1,0
BRDA:161,8,0,0
BRDA:161,8,1,0
BRDA:167,9,0,0
BRDA:167,9,1,0
BRDA:173,10,0,0
BRDA:173,10,1,0
BRDA:179,11,0,0
BRDA:179,11,1,0
BRDA:192,12,0,0
BRDA:192,12,1,0
BRDA:202,13,0,0
BRDA:202,13,1,0
BRDA:228,14,0,0
BRDA:228,14,1,0
BRF:25
BRH:0
end_of_record
TN:
SF:src/components/prompts/index.ts
FNF:0
FNH:0
LF:0
LH:0
BRF:0
BRH:0
end_of_record
TN:
SF:src/hooks/useDebounce.ts
FN:18,useDebounce
FN:21,(anonymous_1)
FN:23,(anonymous_2)
FN:28,(anonymous_3)
FNF:4
FNH:0
FNDA:0,useDebounce
FNDA:0,(anonymous_1)
FNDA:0,(anonymous_2)
FNDA:0,(anonymous_3)
DA:19,0
DA:21,0
DA:23,0
DA:24,0
DA:28,0
DA:29,0
DA:33,0
LF:7
LH:0
BRDA:18,0,0,0
BRF:1
BRH:0
end_of_record
TN:
SF:src/services/DocumentService.ts
FN:14,(anonymous_0)
FN:24,(anonymous_1)
FN:34,(anonymous_2)
FN:49,(anonymous_3)
FN:59,(anonymous_4)
FN:68,(anonymous_5)
FN:79,(anonymous_6)
FN:91,(anonymous_7)
FN:101,(anonymous_8)
FN:110,(anonymous_9)
FN:120,(anonymous_10)
FN:129,(anonymous_11)
FN:137,(anonymous_12)
FN:143,(anonymous_13)
FN:162,(anonymous_14)
FN:177,(anonymous_15)
FN:187,(anonymous_16)
FN:196,(anonymous_17)
FN:206,(anonymous_18)
FN:215,(anonymous_19)
FN:225,(anonymous_20)
FN:234,(anonymous_21)
FN:244,(anonymous_22)
FN:281,(anonymous_23)
FNF:24
FNH:0
FNDA:0,(anonymous_0)
FNDA:0,(anonymous_1)
FNDA:0,(anonymous_2)
FNDA:0,(anonymous_3)
FNDA:0,(anonymous_4)
FNDA:0,(anonymous_5)
FNDA:0,(anonymous_6)
FNDA:0,(anonymous_7)
FNDA:0,(anonymous_8)
FNDA:0,(anonymous_9)
FNDA:0,(anonymous_10)
FNDA:0,(anonymous_11)
FNDA:0,(anonymous_12)
FNDA:0,(anonymous_13)
FNDA:0,(anonymous_14)
FNDA:0,(anonymous_15)
FNDA:0,(anonymous_16)
FNDA:0,(anonymous_17)
FNDA:0,(anonymous_18)
FNDA:0,(anonymous_19)
FNDA:0,(anonymous_20)
FNDA:0,(anonymous_21)
FNDA:0,(anonymous_22)
FNDA:0,(anonymous_23)
DA:8,0
DA:15,0
DA:16,0
DA:18,0
DA:23,0
DA:24,0
DA:25,0
DA:28,0
DA:38,0
DA:48,0
DA:49,0
DA:50,0
DA:53,0
DA:60,0
DA:67,0
DA:68,0
DA:69,0
DA:72,0
DA:73,0
DA:80,0
DA:90,0
DA:91,0
DA:92,0
DA:95,0
DA:102,0
DA:109,0
DA:110,0
DA:111,0
DA:114,0
DA:121,0
DA:128,0
DA:129,0
DA:130,0
DA:138,0
DA:142,0
DA:143,0
DA:144,0
DA:148,0
DA:149,0
DA:150,0
DA:151,0
DA:152,0
DA:153,0
DA:154,0
DA:155,0
DA:156,0
DA:169,0
DA:176,0
DA:177,0
DA:178,0
DA:181,0
DA:188,0
DA:195,0
DA:196,0
DA:197,0
DA:200,0
DA:207,0
DA:214,0
DA:215,0
DA:216,0
DA:219,0
DA:226,0
DA:233,0
DA:234,0
DA:235,0
DA:238,0
DA:250,0
DA:252,0
DA:253,0
DA:254,0
DA:256,0
DA:257,0
DA:259,0
DA:260,0
DA:263,0
DA:264,0
DA:266,0
DA:270,0
DA:271,0
DA:275,0
DA:288,0
DA:290,0
DA:291,0
DA:292,0
DA:294,0
DA:295,0
DA:297,0
DA:298,0
DA:301,0
DA:302,0
DA:306,0
LF:91
LH:0
BRDA:8,0,0,0
BRDA:8,0,1,0
BRDA:23,1,0,0
BRDA:23,1,1,0
BRDA:25,2,0,0
BRDA:25,2,1,0
BRDA:36,3,0,0
BRDA:48,4,0,0
BRDA:48,4,1,0
BRDA:50,5,0,0
BRDA:50,5,1,0
BRDA:67,6,0,0
BRDA:67,6,1,0
BRDA:69,7,0,0
BRDA:69,7,1,0
BRDA:73,8,0,0
BRDA:73,8,1,0
BRDA:79,9,0,0
BRDA:90,10,0,0
BRDA:90,10,1,0
BRDA:92,11,0,0
BRDA:92,11,1,0
BRDA:109,12,0,0
BRDA:109,12,1,0
BRDA:111,13,0,0
BRDA:111,13,1,0
BRDA:128,14,0,0
BRDA:128,14,1,0
BRDA:130,15,0,0
BRDA:130,15,1,0
BRDA:142,16,0,0
BRDA:142,16,1,0
BRDA:144,17,0,0
BRDA:144,17,1,0
BRDA:176,18,0,0
BRDA:176,18,1,0
BRDA:178,19,0,0
BRDA:178,19,1,0
BRDA:195,20,0,0
BRDA:195,20,1,0
BRDA:197,21,0,0
BRDA:197,21,1,0
BRDA:214,22,0,0
BRDA:214,22,1,0
BRDA:216,23,0,0
BRDA:216,23,1,0
BRDA:233,24,0,0
BRDA:233,24,1,0
BRDA:235,25,0,0
BRDA:235,25,1,0
BRDA:270,26,0,0
BRDA:270,26,1,0
BRDA:270,27,0,0
BRDA:270,27,1,0
BRDA:270,27,2,0
BRDA:283,28,0,0
BRDA:301,29,0,0
BRDA:301,29,1,0
BRDA:301,30,0,0
BRDA:301,30,1,0
BRDA:301,30,2,0
BRF:61
BRH:0
end_of_record
TN:
SF:src/services/ExamService.ts
FN:17,(anonymous_0)
FN:21,(anonymous_1)
FN:29,(anonymous_2)
FN:32,(anonymous_3)
FN:53,(anonymous_4)
FN:66,(anonymous_5)
FN:79,(anonymous_6)
FN:92,(anonymous_7)
FNF:8
FNH:0
FNDA:0,(anonymous_0)
FNDA:0,(anonymous_1)
FNDA:0,(anonymous_2)
FNDA:0,(anonymous_3)
FNDA:0,(anonymous_4)
FNDA:0,(anonymous_5)
FNDA:0,(anonymous_6)
FNDA:0,(anonymous_7)
DA:4,0
DA:7,0
DA:16,0
DA:18,0
DA:19,0
DA:22,0
DA:23,0
DA:28,0
DA:30,0
DA:33,0
DA:35,0
DA:37,0
DA:38,0
DA:39,0
DA:41,0
DA:44,0
DA:54,0
DA:55,0
DA:56,0
DA:58,0
DA:59,0
DA:67,0
DA:68,0
DA:69,0
DA:71,0
DA:72,0
DA:80,0
DA:81,0
DA:82,0
DA:84,0
DA:85,0
DA:93,0
DA:94,0
DA:95,0
DA:97,0
DA:98,0
LF:36
LH:0
BRDA:4,0,0,0
BRDA:4,0,1,0
BRDA:35,1,0,0
BRDA:35,1,1,0
BRDA:37,2,0,0
BRDA:37,2,1,0
BRDA:37,2,2,0
BRDA:39,3,0,0
BRDA:39,3,1,0
BRF:9
BRH:0
end_of_record
TN:
SF:src/services/RAGService.ts
FN:14,(anonymous_0)
FN:24,(anonymous_1)
FN:34,(anonymous_2)
FN:56,(anonymous_3)
FN:66,(anonymous_4)
FN:75,(anonymous_5)
FN:85,(anonymous_6)
FN:94,(anonymous_7)
FN:104,(anonymous_8)
FN:122,(anonymous_9)
FN:143,(anonymous_10)
FN:159,(anonymous_11)
FN:184,(anonymous_12)
FN:236,(anonymous_13)
FN:240,(anonymous_14)
FN:263,(anonymous_15)
FN:275,(anonymous_16)
FN:285,(anonymous_17)
FN:290,(anonymous_18)
FNF:19
FNH:0
FNDA:0,(anonymous_0)
FNDA:0,(anonymous_1)
FNDA:0,(anonymous_2)
FNDA:0,(anonymous_3)
FNDA:0,(anonymous_4)
FNDA:0,(anonymous_5)
FNDA:0,(anonymous_6)
FNDA:0,(anonymous_7)
FNDA:0,(anonymous_8)
FNDA:0,(anonymous_9)
FNDA:0,(anonymous_10)
FNDA:0,(anonymous_11)
FNDA:0,(anonymous_12)
FNDA:0,(anonymous_13)
FNDA:0,(anonymous_14)
FNDA:0,(anonymous_15)
FNDA:0,(anonymous_16)
FNDA:0,(anonymous_17)
FNDA:0,(anonymous_18)
DA:8,0
DA:15,0
DA:23,0
DA:24,0
DA:25,0
DA:28,0
DA:40,0
DA:47,0
DA:55,0
DA:56,0
DA:57,0
DA:60,0
DA:67,0
DA:74,0
DA:75,0
DA:76,0
DA:79,0
DA:86,0
DA:93,0
DA:94,0
DA:95,0
DA:98,0
DA:112,0
DA:113,0
DA:116,0
DA:122,0
DA:123,0
DA:130,0
DA:136,0
DA:144,0
DA:146,0
DA:147,0
DA:150,0
DA:151,0
DA:154,0
DA:155,0
DA:158,0
DA:159,0
DA:160,0
DA:161,0
DA:164,0
DA:165,0
DA:166,0
DA:169,0
DA:170,0
DA:171,0
DA:174,0
DA:175,0
DA:178,0
DA:194,0
DA:199,0
DA:201,0
DA:202,0
DA:203,0
DA:205,0
DA:206,0
DA:209,0
DA:210,0
DA:211,0
DA:212,0
DA:213,0
DA:217,0
DA:218,0
DA:219,0
DA:220,0
DA:221,0
DA:222,0
DA:225,0
DA:237,0
DA:240,0
DA:264,0
DA:265,0
DA:269,0
DA:270,0
DA:271,0
DA:272,0
DA:274,0
DA:275,0
DA:276,0
DA:278,0
DA:280,0
DA:281,0
DA:282,0
DA:283,0
DA:285,0
DA:286,0
DA:287,0
DA:289,0
DA:290,0
DA:291,0
DA:295,0
DA:296,0
DA:297,0
DA:299,0
DA:300,0
DA:303,0
LF:96
LH:0
BRDA:8,0,0,0
BRDA:8,0,1,0
BRDA:23,1,0,0
BRDA:23,1,1,0
BRDA:25,2,0,0
BRDA:25,2,1,0
BRDA:37,3,0,0
BRDA:38,4,0,0
BRDA:55,5,0,0
BRDA:55,5,1,0
BRDA:57,6,0,0
BRDA:57,6,1,0
BRDA:74,7,0,0
BRDA:74,7,1,0
BRDA:76,8,0,0
BRDA:76,8,1,0
BRDA:93,9,0,0
BRDA:93,9,1,0
BRDA:95,10,0,0
BRDA:95,10,1,0
BRDA:136,11,0,0
BRDA:136,11,1,0
BRDA:136,12,0,0
BRDA:136,12,1,0
BRDA:136,12,2,0
BRDA:146,13,0,0
BRDA:146,13,1,0
BRDA:146,14,0,0
BRDA:146,14,1,0
BRDA:150,15,0,0
BRDA:150,15,1,0
BRDA:150,16,0,0
BRDA:150,16,1,0
BRDA:154,17,0,0
BRDA:154,17,1,0
BRDA:154,18,0,0
BRDA:154,18,1,0
BRDA:160,19,0,0
BRDA:160,19,1,0
BRDA:165,20,0,0
BRDA:165,20,1,0
BRDA:170,21,0,0
BRDA:170,21,1,0
BRDA:174,22,0,0
BRDA:174,22,1,0
BRDA:174,23,0,0
BRDA:174,23,1,0
BRDA:202,24,0,0
BRDA:202,24,1,0
BRDA:205,25,0,0
BRDA:205,25,1,0
BRDA:210,26,0,0
BRDA:210,26,1,0
BRDA:212,27,0,0
BRDA:212,27,1,0
BRDA:217,28,0,0
BRDA:217,28,1,0
BRDA:219,29,0,0
BRDA:219,29,1,0
BRDA:221,30,0,0
BRDA:221,30,1,0
BRDA:221,31,0,0
BRDA:221,31,1,0
BRDA:244,32,0,0
BRDA:244,32,1,0
BRDA:246,33,0,0
BRDA:246,33,1,0
BRDA:263,34,0,0
BRDA:264,35,0,0
BRDA:264,35,1,0
BRDA:289,36,0,0
BRDA:289,36,1,0
BRDA:296,37,0,0
BRDA:296,37,1,0
BRDA:297,38,0,0
BRDA:297,38,1,0
BRF:76
BRH:0
end_of_record
TN:
SF:src/services/ReviewService.ts
FN:26,(anonymous_0)
FN:47,(anonymous_1)
FN:57,(anonymous_2)
FN:69,(anonymous_3)
FN:79,(anonymous_4)
FN:94,(anonymous_5)
FN:104,(anonymous_6)
FN:120,(anonymous_7)
FN:130,(anonymous_8)
FN:146,(anonymous_9)
FN:156,(anonymous_10)
FN:173,(anonymous_11)
FN:183,(anonymous_12)
FN:199,(anonymous_13)
FN:209,(anonymous_14)
FN:221,(anonymous_15)
FN:231,(anonymous_16)
FN:243,(anonymous_17)
FN:262,(anonymous_18)
FN:266,(anonymous_19)
FN:276,(anonymous_20)
FN:281,(anonymous_21)
FNF:22
FNH:0
FNDA:0,(anonymous_0)
FNDA:0,(anonymous_1)
FNDA:0,(anonymous_2)
FNDA:0,(anonymous_3)
FNDA:0,(anonymous_4)
FNDA:0,(anonymous_5)
FNDA:0,(anonymous_6)
FNDA:0,(anonymous_7)
FNDA:0,(anonymous_8)
FNDA:0,(anonymous_9)
FNDA:0,(anonymous_10)
FNDA:0,(anonymous_11)
FNDA:0,(anonymous_12)
FNDA:0,(anonymous_13)
FNDA:0,(anonymous_14)
FNDA:0,(anonymous_15)
FNDA:0,(anonymous_16)
FNDA:0,(anonymous_17)
FNDA:0,(anonymous_18)
FNDA:0,(anonymous_19)
FNDA:0,(anonymous_20)
FNDA:0,(anonymous_21)
DA:20,1
DA:27,0
DA:29,0
DA:30,0
DA:31,0
DA:32,0
DA:33,0
DA:34,0
DA:36,0
DA:46,0
DA:47,0
DA:48,0
DA:51,0
DA:58,0
DA:68,0
DA:69,0
DA:70,0
DA:73,0
DA:82,0
DA:93,0
DA:94,0
DA:95,0
DA:98,0
DA:108,0
DA:119,0
DA:120,0
DA:121,0
DA:124,0
DA:134,0
DA:145,0
DA:146,0
DA:147,0
DA:150,0
DA:161,0
DA:172,0
DA:173,0
DA:174,0
DA:177,0
DA:187,0
DA:198,0
DA:199,0
DA:200,0
DA:203,0
DA:210,0
DA:220,0
DA:221,0
DA:222,0
DA:225,0
DA:232,0
DA:242,0
DA:243,0
DA:244,0
DA:247,0
DA:249,0
DA:266,0
DA:267,0
DA:270,0
DA:281,0
DA:282,0
DA:285,0
LF:60
LH:1
BRDA:20,0,0,1
BRDA:20,0,1,0
BRDA:29,1,0,0
BRDA:29,1,1,0
BRDA:30,2,0,0
BRDA:30,2,1,0
BRDA:31,3,0,0
BRDA:31,3,1,0
BRDA:32,4,0,0
BRDA:32,4,1,0
BRDA:33,5,0,0
BRDA:33,5,1,0
BRDA:34,6,0,0
BRDA:34,6,1,0
BRDA:46,7,0,0
BRDA:46,7,1,0
BRDA:48,8,0,0
BRDA:48,8,1,0
BRDA:68,9,0,0
BRDA:68,9,1,0
BRDA:70,10,0,0
BRDA:70,10,1,0
BRDA:93,11,0,0
BRDA:93,11,1,0
BRDA:95,12,0,0
BRDA:95,12,1,0
BRDA:119,13,0,0
BRDA:119,13,1,0
BRDA:121,14,0,0
BRDA:121,14,1,0
BRDA:145,15,0,0
BRDA:145,15,1,0
BRDA:147,16,0,0
BRDA:147,16,1,0
BRDA:172,17,0,0
BRDA:172,17,1,0
BRDA:174,18,0,0
BRDA:174,18,1,0
BRDA:198,19,0,0
BRDA:198,19,1,0
BRDA:200,20,0,0
BRDA:200,20,1,0
BRDA:220,21,0,0
BRDA:220,21,1,0
BRDA:222,22,0,0
BRDA:222,22,1,0
BRDA:242,23,0,0
BRDA:242,23,1,0
BRDA:244,24,0,0
BRDA:244,24,1,0
BRF:50
BRH:1
end_of_record
TN:
SF:src/types/document.ts
FNF:0
FNH:0
LF:0
LH:0
BRF:0
BRH:0
end_of_record
TN:
SF:src/types/exam.ts
FNF:0
FNH:0
LF:0
LH:0
BRF:0
BRH:0
end_of_record
TN:
SF:src/types/prompt.ts
FN:224,formatPromptMetadata
FN:241,getUseCaseForQuestionType
FN:248,isPromptCompatible
FNF:3
FNH:0
FNDA:0,formatPromptMetadata
FNDA:0,getUseCaseForQuestionType
FNDA:0,isPromptCompatible
DA:225,0
DA:242,0
DA:249,0
DA:250,0
LF:4
LH:0
BRDA:250,0,0,0
BRDA:250,0,1,0
BRF:2
BRH:0
end_of_record
TN:
SF:src/types/review.ts
FNF:0
FNH:0
LF:0
LH:0
BRF:0
BRH:0
end_of_record
